[2026-04-27T09:48:25.231+0000] {local_task_job_runner.py:120} INFO - ::group::Pre task execution logs
[2026-04-27T09:48:25.283+0000] {taskinstance.py:2076} INFO - Dependencies all met for dep_context=non-requeueable deps ti=<TaskInstance: ingest_pipeline.transform_data manual__2026-04-27T09:48:11.708841+00:00 [queued]>
[2026-04-27T09:48:25.302+0000] {taskinstance.py:2076} INFO - Dependencies all met for dep_context=requeueable deps ti=<TaskInstance: ingest_pipeline.transform_data manual__2026-04-27T09:48:11.708841+00:00 [queued]>
[2026-04-27T09:48:25.305+0000] {taskinstance.py:2306} INFO - Starting attempt 1 of 1
[2026-04-27T09:48:25.341+0000] {taskinstance.py:2330} INFO - Executing <Task(PythonOperator): transform_data> on 2026-04-27 09:48:11.708841+00:00
[2026-04-27T09:48:25.353+0000] {standard_task_runner.py:90} INFO - Running: ['***', 'tasks', 'run', 'ingest_pipeline', 'transform_data', 'manual__2026-04-27T09:48:11.708841+00:00', '--job-id', '17', '--raw', '--subdir', 'DAGS_FOLDER/ingest.py', '--cfg-path', '/tmp/tmpd98w4opq']
[2026-04-27T09:48:25.357+0000] {standard_task_runner.py:91} INFO - Job 17: Subtask transform_data
[2026-04-27T09:48:25.361+0000] {logging_mixin.py:188} WARNING - /home/***/.local/lib/python3.12/site-packages/***/task/task_runner/standard_task_runner.py:61 DeprecationWarning: This process (pid=473) is multi-threaded, use of fork() may lead to deadlocks in the child.
[2026-04-27T09:48:25.364+0000] {standard_task_runner.py:63} INFO - Started process 474 to run task
[2026-04-27T09:48:25.465+0000] {task_command.py:426} INFO - Running <TaskInstance: ingest_pipeline.transform_data manual__2026-04-27T09:48:11.708841+00:00 [running]> on host 54d630d5d86b
[2026-04-27T09:48:25.637+0000] {taskinstance.py:2648} INFO - Exporting env vars: AIRFLOW_CTX_DAG_OWNER='***' AIRFLOW_CTX_DAG_ID='ingest_pipeline' AIRFLOW_CTX_TASK_ID='transform_data' AIRFLOW_CTX_EXECUTION_DATE='2026-04-27T09:48:11.708841+00:00' AIRFLOW_CTX_TRY_NUMBER='1' AIRFLOW_CTX_DAG_RUN_ID='manual__2026-04-27T09:48:11.708841+00:00'
[2026-04-27T09:48:25.639+0000] {taskinstance.py:430} INFO - ::endgroup::
[2026-04-27T09:48:32.036+0000] {logging_mixin.py:188} INFO - 09:48:29  Running with dbt=1.7.0
09:48:29  Registered adapter: postgres=1.7.0
09:48:29  Found 2 models, 0 sources, 0 exposures, 0 metrics, 401 macros, 0 groups, 0 semantic models
09:48:29  
09:48:29  Concurrency: 1 threads (target='dev')
09:48:29  
09:48:29  1 of 2 START sql incremental model public.cleaned_users ........................ [RUN]
09:48:30  1 of 2 OK created sql incremental model public.cleaned_users ................... [INSERT 0 9 in 0.28s]
09:48:30  2 of 2 START sql incremental model public.city_summary ......................... [RUN]
09:48:30  2 of 2 OK created sql incremental model public.city_summary .................... [INSERT 0 3 in 0.20s]
09:48:30  
09:48:30  Finished running 2 incremental models in 0 hours 0 minutes and 0.76 seconds (0.76s).
09:48:30  
09:48:30  Completed successfully
09:48:30  
09:48:30  Done. PASS=2 WARN=0 ERROR=0 SKIP=0 TOTAL=2
[2026-04-27T09:48:32.037+0000] {python.py:237} INFO - Done. Returned value was: None
[2026-04-27T09:48:32.039+0000] {taskinstance.py:441} INFO - ::group::Post task execution logs
[2026-04-27T09:48:32.057+0000] {taskinstance.py:1206} INFO - Marking task as SUCCESS. dag_id=ingest_pipeline, task_id=transform_data, run_id=manual__2026-04-27T09:48:11.708841+00:00, execution_date=20260427T094811, start_date=20260427T094825, end_date=20260427T094832
[2026-04-27T09:48:32.083+0000] {local_task_job_runner.py:240} INFO - Task exited with return code 0
[2026-04-27T09:48:32.105+0000] {taskinstance.py:3498} INFO - 0 downstream tasks scheduled from follow-on schedule check
[2026-04-27T09:48:32.110+0000] {local_task_job_runner.py:222} INFO - ::endgroup::
