[2026-04-17T03:50:34.034+0000] {processor.py:161} INFO - Started process (PID=337) to work on /opt/airflow/dags/chaos_generator.py
[2026-04-17T03:50:34.036+0000] {processor.py:830} INFO - Processing file /opt/airflow/dags/chaos_generator.py for tasks to queue
[2026-04-17T03:50:34.039+0000] {logging_mixin.py:188} INFO - [2026-04-17T03:50:34.039+0000] {dagbag.py:545} INFO - Filling up the DagBag from /opt/airflow/dags/chaos_generator.py
[2026-04-17T03:50:34.073+0000] {processor.py:842} WARNING - No viable dags retrieved from /opt/airflow/dags/chaos_generator.py
[2026-04-17T03:50:34.118+0000] {processor.py:183} INFO - Processing /opt/airflow/dags/chaos_generator.py took 0.101 seconds
[2026-04-17T03:51:04.889+0000] {processor.py:161} INFO - Started process (PID=369) to work on /opt/airflow/dags/chaos_generator.py
[2026-04-17T03:51:04.892+0000] {processor.py:830} INFO - Processing file /opt/airflow/dags/chaos_generator.py for tasks to queue
[2026-04-17T03:51:04.896+0000] {logging_mixin.py:188} INFO - [2026-04-17T03:51:04.894+0000] {dagbag.py:545} INFO - Filling up the DagBag from /opt/airflow/dags/chaos_generator.py
[2026-04-17T03:51:04.956+0000] {processor.py:842} WARNING - No viable dags retrieved from /opt/airflow/dags/chaos_generator.py
[2026-04-17T03:51:05.001+0000] {processor.py:183} INFO - Processing /opt/airflow/dags/chaos_generator.py took 0.126 seconds
[2026-04-17T03:51:35.711+0000] {processor.py:161} INFO - Started process (PID=388) to work on /opt/airflow/dags/chaos_generator.py
[2026-04-17T03:51:35.713+0000] {processor.py:830} INFO - Processing file /opt/airflow/dags/chaos_generator.py for tasks to queue
[2026-04-17T03:51:35.718+0000] {logging_mixin.py:188} INFO - [2026-04-17T03:51:35.716+0000] {dagbag.py:545} INFO - Filling up the DagBag from /opt/airflow/dags/chaos_generator.py
[2026-04-17T03:51:35.758+0000] {processor.py:842} WARNING - No viable dags retrieved from /opt/airflow/dags/chaos_generator.py
[2026-04-17T03:51:35.781+0000] {processor.py:183} INFO - Processing /opt/airflow/dags/chaos_generator.py took 0.080 seconds
[2026-04-17T03:52:06.671+0000] {processor.py:161} INFO - Started process (PID=398) to work on /opt/airflow/dags/chaos_generator.py
[2026-04-17T03:52:06.673+0000] {processor.py:830} INFO - Processing file /opt/airflow/dags/chaos_generator.py for tasks to queue
[2026-04-17T03:52:06.676+0000] {logging_mixin.py:188} INFO - [2026-04-17T03:52:06.675+0000] {dagbag.py:545} INFO - Filling up the DagBag from /opt/airflow/dags/chaos_generator.py
[2026-04-17T03:52:06.707+0000] {processor.py:842} WARNING - No viable dags retrieved from /opt/airflow/dags/chaos_generator.py
[2026-04-17T03:52:06.741+0000] {processor.py:183} INFO - Processing /opt/airflow/dags/chaos_generator.py took 0.077 seconds
[2026-04-17T03:52:37.354+0000] {processor.py:161} INFO - Started process (PID=408) to work on /opt/airflow/dags/chaos_generator.py
[2026-04-17T03:52:37.356+0000] {processor.py:830} INFO - Processing file /opt/airflow/dags/chaos_generator.py for tasks to queue
[2026-04-17T03:52:37.361+0000] {logging_mixin.py:188} INFO - [2026-04-17T03:52:37.360+0000] {dagbag.py:545} INFO - Filling up the DagBag from /opt/airflow/dags/chaos_generator.py
[2026-04-17T03:52:37.399+0000] {processor.py:842} WARNING - No viable dags retrieved from /opt/airflow/dags/chaos_generator.py
[2026-04-17T03:52:37.427+0000] {processor.py:183} INFO - Processing /opt/airflow/dags/chaos_generator.py took 0.085 seconds
[2026-04-17T03:53:07.963+0000] {processor.py:161} INFO - Started process (PID=418) to work on /opt/airflow/dags/chaos_generator.py
[2026-04-17T03:53:07.965+0000] {processor.py:830} INFO - Processing file /opt/airflow/dags/chaos_generator.py for tasks to queue
[2026-04-17T03:53:07.968+0000] {logging_mixin.py:188} INFO - [2026-04-17T03:53:07.968+0000] {dagbag.py:545} INFO - Filling up the DagBag from /opt/airflow/dags/chaos_generator.py
[2026-04-17T03:53:08.000+0000] {processor.py:842} WARNING - No viable dags retrieved from /opt/airflow/dags/chaos_generator.py
[2026-04-17T03:53:08.030+0000] {processor.py:183} INFO - Processing /opt/airflow/dags/chaos_generator.py took 0.080 seconds
[2026-04-17T03:53:38.630+0000] {processor.py:161} INFO - Started process (PID=428) to work on /opt/airflow/dags/chaos_generator.py
[2026-04-17T03:53:38.632+0000] {processor.py:830} INFO - Processing file /opt/airflow/dags/chaos_generator.py for tasks to queue
[2026-04-17T03:53:38.639+0000] {logging_mixin.py:188} INFO - [2026-04-17T03:53:38.638+0000] {dagbag.py:545} INFO - Filling up the DagBag from /opt/airflow/dags/chaos_generator.py
[2026-04-17T03:53:38.684+0000] {processor.py:842} WARNING - No viable dags retrieved from /opt/airflow/dags/chaos_generator.py
[2026-04-17T03:53:38.709+0000] {processor.py:183} INFO - Processing /opt/airflow/dags/chaos_generator.py took 0.099 seconds
[2026-04-17T03:54:09.358+0000] {processor.py:161} INFO - Started process (PID=438) to work on /opt/airflow/dags/chaos_generator.py
[2026-04-17T03:54:09.360+0000] {processor.py:830} INFO - Processing file /opt/airflow/dags/chaos_generator.py for tasks to queue
[2026-04-17T03:54:09.362+0000] {logging_mixin.py:188} INFO - [2026-04-17T03:54:09.362+0000] {dagbag.py:545} INFO - Filling up the DagBag from /opt/airflow/dags/chaos_generator.py
[2026-04-17T03:54:09.392+0000] {processor.py:842} WARNING - No viable dags retrieved from /opt/airflow/dags/chaos_generator.py
[2026-04-17T03:54:09.412+0000] {processor.py:183} INFO - Processing /opt/airflow/dags/chaos_generator.py took 0.064 seconds
[2026-04-17T03:54:39.898+0000] {processor.py:161} INFO - Started process (PID=448) to work on /opt/airflow/dags/chaos_generator.py
[2026-04-17T03:54:39.899+0000] {processor.py:830} INFO - Processing file /opt/airflow/dags/chaos_generator.py for tasks to queue
[2026-04-17T03:54:39.907+0000] {logging_mixin.py:188} INFO - [2026-04-17T03:54:39.906+0000] {dagbag.py:545} INFO - Filling up the DagBag from /opt/airflow/dags/chaos_generator.py
[2026-04-17T03:54:39.946+0000] {processor.py:842} WARNING - No viable dags retrieved from /opt/airflow/dags/chaos_generator.py
[2026-04-17T03:54:39.977+0000] {processor.py:183} INFO - Processing /opt/airflow/dags/chaos_generator.py took 0.088 seconds
[2026-04-17T03:55:10.649+0000] {processor.py:161} INFO - Started process (PID=458) to work on /opt/airflow/dags/chaos_generator.py
[2026-04-17T03:55:10.650+0000] {processor.py:830} INFO - Processing file /opt/airflow/dags/chaos_generator.py for tasks to queue
[2026-04-17T03:55:10.652+0000] {logging_mixin.py:188} INFO - [2026-04-17T03:55:10.651+0000] {dagbag.py:545} INFO - Filling up the DagBag from /opt/airflow/dags/chaos_generator.py
[2026-04-17T03:55:10.664+0000] {processor.py:842} WARNING - No viable dags retrieved from /opt/airflow/dags/chaos_generator.py
[2026-04-17T03:55:10.683+0000] {processor.py:183} INFO - Processing /opt/airflow/dags/chaos_generator.py took 0.039 seconds
[2026-04-17T03:55:41.366+0000] {processor.py:161} INFO - Started process (PID=468) to work on /opt/airflow/dags/chaos_generator.py
[2026-04-17T03:55:41.367+0000] {processor.py:830} INFO - Processing file /opt/airflow/dags/chaos_generator.py for tasks to queue
[2026-04-17T03:55:41.369+0000] {logging_mixin.py:188} INFO - [2026-04-17T03:55:41.369+0000] {dagbag.py:545} INFO - Filling up the DagBag from /opt/airflow/dags/chaos_generator.py
[2026-04-17T03:55:41.391+0000] {processor.py:842} WARNING - No viable dags retrieved from /opt/airflow/dags/chaos_generator.py
[2026-04-17T03:55:41.414+0000] {processor.py:183} INFO - Processing /opt/airflow/dags/chaos_generator.py took 0.055 seconds
[2026-04-17T03:56:11.983+0000] {processor.py:161} INFO - Started process (PID=478) to work on /opt/airflow/dags/chaos_generator.py
[2026-04-17T03:56:11.985+0000] {processor.py:830} INFO - Processing file /opt/airflow/dags/chaos_generator.py for tasks to queue
[2026-04-17T03:56:11.988+0000] {logging_mixin.py:188} INFO - [2026-04-17T03:56:11.987+0000] {dagbag.py:545} INFO - Filling up the DagBag from /opt/airflow/dags/chaos_generator.py
[2026-04-17T03:56:12.019+0000] {processor.py:842} WARNING - No viable dags retrieved from /opt/airflow/dags/chaos_generator.py
[2026-04-17T03:56:12.047+0000] {processor.py:183} INFO - Processing /opt/airflow/dags/chaos_generator.py took 0.069 seconds
[2026-04-17T03:56:42.710+0000] {processor.py:161} INFO - Started process (PID=489) to work on /opt/airflow/dags/chaos_generator.py
[2026-04-17T03:56:42.712+0000] {processor.py:830} INFO - Processing file /opt/airflow/dags/chaos_generator.py for tasks to queue
[2026-04-17T03:56:42.715+0000] {logging_mixin.py:188} INFO - [2026-04-17T03:56:42.714+0000] {dagbag.py:545} INFO - Filling up the DagBag from /opt/airflow/dags/chaos_generator.py
[2026-04-17T03:56:42.746+0000] {processor.py:842} WARNING - No viable dags retrieved from /opt/airflow/dags/chaos_generator.py
[2026-04-17T03:56:42.766+0000] {processor.py:183} INFO - Processing /opt/airflow/dags/chaos_generator.py took 0.063 seconds
[2026-04-17T03:57:13.349+0000] {processor.py:161} INFO - Started process (PID=513) to work on /opt/airflow/dags/chaos_generator.py
[2026-04-17T03:57:13.351+0000] {processor.py:830} INFO - Processing file /opt/airflow/dags/chaos_generator.py for tasks to queue
[2026-04-17T03:57:13.353+0000] {logging_mixin.py:188} INFO - [2026-04-17T03:57:13.353+0000] {dagbag.py:545} INFO - Filling up the DagBag from /opt/airflow/dags/chaos_generator.py
[2026-04-17T03:57:13.400+0000] {processor.py:842} WARNING - No viable dags retrieved from /opt/airflow/dags/chaos_generator.py
[2026-04-17T03:57:13.429+0000] {processor.py:183} INFO - Processing /opt/airflow/dags/chaos_generator.py took 0.086 seconds
[2026-04-17T03:57:44.017+0000] {processor.py:161} INFO - Started process (PID=533) to work on /opt/airflow/dags/chaos_generator.py
[2026-04-17T03:57:44.027+0000] {processor.py:830} INFO - Processing file /opt/airflow/dags/chaos_generator.py for tasks to queue
[2026-04-17T03:57:44.034+0000] {logging_mixin.py:188} INFO - [2026-04-17T03:57:44.034+0000] {dagbag.py:545} INFO - Filling up the DagBag from /opt/airflow/dags/chaos_generator.py
[2026-04-17T03:57:44.095+0000] {processor.py:842} WARNING - No viable dags retrieved from /opt/airflow/dags/chaos_generator.py
[2026-04-17T03:57:44.130+0000] {processor.py:183} INFO - Processing /opt/airflow/dags/chaos_generator.py took 0.121 seconds
[2026-04-17T03:58:15.006+0000] {processor.py:161} INFO - Started process (PID=543) to work on /opt/airflow/dags/chaos_generator.py
[2026-04-17T03:58:15.008+0000] {processor.py:830} INFO - Processing file /opt/airflow/dags/chaos_generator.py for tasks to queue
[2026-04-17T03:58:15.013+0000] {logging_mixin.py:188} INFO - [2026-04-17T03:58:15.012+0000] {dagbag.py:545} INFO - Filling up the DagBag from /opt/airflow/dags/chaos_generator.py
[2026-04-17T03:58:15.090+0000] {processor.py:842} WARNING - No viable dags retrieved from /opt/airflow/dags/chaos_generator.py
[2026-04-17T03:58:15.114+0000] {processor.py:183} INFO - Processing /opt/airflow/dags/chaos_generator.py took 0.119 seconds
[2026-04-17T03:58:45.820+0000] {processor.py:161} INFO - Started process (PID=553) to work on /opt/airflow/dags/chaos_generator.py
[2026-04-17T03:58:45.821+0000] {processor.py:830} INFO - Processing file /opt/airflow/dags/chaos_generator.py for tasks to queue
[2026-04-17T03:58:45.824+0000] {logging_mixin.py:188} INFO - [2026-04-17T03:58:45.823+0000] {dagbag.py:545} INFO - Filling up the DagBag from /opt/airflow/dags/chaos_generator.py
[2026-04-17T03:58:45.854+0000] {processor.py:842} WARNING - No viable dags retrieved from /opt/airflow/dags/chaos_generator.py
[2026-04-17T03:58:45.876+0000] {processor.py:183} INFO - Processing /opt/airflow/dags/chaos_generator.py took 0.062 seconds
[2026-04-17T03:59:16.454+0000] {processor.py:161} INFO - Started process (PID=563) to work on /opt/airflow/dags/chaos_generator.py
[2026-04-17T03:59:16.456+0000] {processor.py:830} INFO - Processing file /opt/airflow/dags/chaos_generator.py for tasks to queue
[2026-04-17T03:59:16.459+0000] {logging_mixin.py:188} INFO - [2026-04-17T03:59:16.458+0000] {dagbag.py:545} INFO - Filling up the DagBag from /opt/airflow/dags/chaos_generator.py
[2026-04-17T03:59:16.491+0000] {processor.py:842} WARNING - No viable dags retrieved from /opt/airflow/dags/chaos_generator.py
[2026-04-17T03:59:16.524+0000] {processor.py:183} INFO - Processing /opt/airflow/dags/chaos_generator.py took 0.078 seconds
[2026-04-17T03:59:47.141+0000] {processor.py:161} INFO - Started process (PID=573) to work on /opt/airflow/dags/chaos_generator.py
[2026-04-17T03:59:47.143+0000] {processor.py:830} INFO - Processing file /opt/airflow/dags/chaos_generator.py for tasks to queue
[2026-04-17T03:59:47.146+0000] {logging_mixin.py:188} INFO - [2026-04-17T03:59:47.146+0000] {dagbag.py:545} INFO - Filling up the DagBag from /opt/airflow/dags/chaos_generator.py
[2026-04-17T03:59:47.162+0000] {processor.py:842} WARNING - No viable dags retrieved from /opt/airflow/dags/chaos_generator.py
[2026-04-17T03:59:47.180+0000] {processor.py:183} INFO - Processing /opt/airflow/dags/chaos_generator.py took 0.044 seconds
[2026-04-17T04:00:17.842+0000] {processor.py:161} INFO - Started process (PID=583) to work on /opt/airflow/dags/chaos_generator.py
[2026-04-17T04:00:17.844+0000] {processor.py:830} INFO - Processing file /opt/airflow/dags/chaos_generator.py for tasks to queue
[2026-04-17T04:00:17.849+0000] {logging_mixin.py:188} INFO - [2026-04-17T04:00:17.848+0000] {dagbag.py:545} INFO - Filling up the DagBag from /opt/airflow/dags/chaos_generator.py
[2026-04-17T04:00:17.897+0000] {processor.py:842} WARNING - No viable dags retrieved from /opt/airflow/dags/chaos_generator.py
[2026-04-17T04:00:17.927+0000] {processor.py:183} INFO - Processing /opt/airflow/dags/chaos_generator.py took 0.096 seconds
[2026-04-17T04:00:48.750+0000] {processor.py:161} INFO - Started process (PID=593) to work on /opt/airflow/dags/chaos_generator.py
[2026-04-17T04:00:48.751+0000] {processor.py:830} INFO - Processing file /opt/airflow/dags/chaos_generator.py for tasks to queue
[2026-04-17T04:00:48.753+0000] {logging_mixin.py:188} INFO - [2026-04-17T04:00:48.753+0000] {dagbag.py:545} INFO - Filling up the DagBag from /opt/airflow/dags/chaos_generator.py
[2026-04-17T04:00:48.792+0000] {processor.py:842} WARNING - No viable dags retrieved from /opt/airflow/dags/chaos_generator.py
[2026-04-17T04:00:48.811+0000] {processor.py:183} INFO - Processing /opt/airflow/dags/chaos_generator.py took 0.068 seconds
[2026-04-17T04:01:19.435+0000] {processor.py:161} INFO - Started process (PID=603) to work on /opt/airflow/dags/chaos_generator.py
[2026-04-17T04:01:19.436+0000] {processor.py:830} INFO - Processing file /opt/airflow/dags/chaos_generator.py for tasks to queue
[2026-04-17T04:01:19.440+0000] {logging_mixin.py:188} INFO - [2026-04-17T04:01:19.439+0000] {dagbag.py:545} INFO - Filling up the DagBag from /opt/airflow/dags/chaos_generator.py
[2026-04-17T04:01:19.477+0000] {processor.py:842} WARNING - No viable dags retrieved from /opt/airflow/dags/chaos_generator.py
[2026-04-17T04:01:19.501+0000] {processor.py:183} INFO - Processing /opt/airflow/dags/chaos_generator.py took 0.074 seconds
[2026-04-17T04:01:50.112+0000] {processor.py:161} INFO - Started process (PID=613) to work on /opt/airflow/dags/chaos_generator.py
[2026-04-17T04:01:50.113+0000] {processor.py:830} INFO - Processing file /opt/airflow/dags/chaos_generator.py for tasks to queue
[2026-04-17T04:01:50.115+0000] {logging_mixin.py:188} INFO - [2026-04-17T04:01:50.115+0000] {dagbag.py:545} INFO - Filling up the DagBag from /opt/airflow/dags/chaos_generator.py
[2026-04-17T04:01:50.149+0000] {processor.py:842} WARNING - No viable dags retrieved from /opt/airflow/dags/chaos_generator.py
[2026-04-17T04:01:50.177+0000] {processor.py:183} INFO - Processing /opt/airflow/dags/chaos_generator.py took 0.072 seconds
[2026-04-17T04:02:20.682+0000] {processor.py:161} INFO - Started process (PID=623) to work on /opt/airflow/dags/chaos_generator.py
[2026-04-17T04:02:20.683+0000] {processor.py:830} INFO - Processing file /opt/airflow/dags/chaos_generator.py for tasks to queue
[2026-04-17T04:02:20.686+0000] {logging_mixin.py:188} INFO - [2026-04-17T04:02:20.685+0000] {dagbag.py:545} INFO - Filling up the DagBag from /opt/airflow/dags/chaos_generator.py
[2026-04-17T04:02:20.701+0000] {processor.py:842} WARNING - No viable dags retrieved from /opt/airflow/dags/chaos_generator.py
[2026-04-17T04:02:20.719+0000] {processor.py:183} INFO - Processing /opt/airflow/dags/chaos_generator.py took 0.043 seconds
[2026-04-17T04:02:51.308+0000] {processor.py:161} INFO - Started process (PID=635) to work on /opt/airflow/dags/chaos_generator.py
[2026-04-17T04:02:51.309+0000] {processor.py:830} INFO - Processing file /opt/airflow/dags/chaos_generator.py for tasks to queue
[2026-04-17T04:02:51.313+0000] {logging_mixin.py:188} INFO - [2026-04-17T04:02:51.312+0000] {dagbag.py:545} INFO - Filling up the DagBag from /opt/airflow/dags/chaos_generator.py
[2026-04-17T04:02:51.337+0000] {processor.py:842} WARNING - No viable dags retrieved from /opt/airflow/dags/chaos_generator.py
[2026-04-17T04:02:51.358+0000] {processor.py:183} INFO - Processing /opt/airflow/dags/chaos_generator.py took 0.057 seconds
[2026-04-17T04:03:22.215+0000] {processor.py:161} INFO - Started process (PID=650) to work on /opt/airflow/dags/chaos_generator.py
[2026-04-17T04:03:22.219+0000] {processor.py:830} INFO - Processing file /opt/airflow/dags/chaos_generator.py for tasks to queue
[2026-04-17T04:03:22.224+0000] {logging_mixin.py:188} INFO - [2026-04-17T04:03:22.223+0000] {dagbag.py:545} INFO - Filling up the DagBag from /opt/airflow/dags/chaos_generator.py
[2026-04-17T04:03:22.294+0000] {processor.py:842} WARNING - No viable dags retrieved from /opt/airflow/dags/chaos_generator.py
[2026-04-17T04:03:22.313+0000] {processor.py:183} INFO - Processing /opt/airflow/dags/chaos_generator.py took 0.111 seconds
[2026-04-17T04:03:52.807+0000] {processor.py:161} INFO - Started process (PID=660) to work on /opt/airflow/dags/chaos_generator.py
[2026-04-17T04:03:52.808+0000] {processor.py:830} INFO - Processing file /opt/airflow/dags/chaos_generator.py for tasks to queue
[2026-04-17T04:03:52.811+0000] {logging_mixin.py:188} INFO - [2026-04-17T04:03:52.810+0000] {dagbag.py:545} INFO - Filling up the DagBag from /opt/airflow/dags/chaos_generator.py
[2026-04-17T04:03:52.825+0000] {processor.py:842} WARNING - No viable dags retrieved from /opt/airflow/dags/chaos_generator.py
[2026-04-17T04:03:52.845+0000] {processor.py:183} INFO - Processing /opt/airflow/dags/chaos_generator.py took 0.045 seconds
[2026-04-17T04:04:23.662+0000] {processor.py:161} INFO - Started process (PID=670) to work on /opt/airflow/dags/chaos_generator.py
[2026-04-17T04:04:23.663+0000] {processor.py:830} INFO - Processing file /opt/airflow/dags/chaos_generator.py for tasks to queue
[2026-04-17T04:04:23.667+0000] {logging_mixin.py:188} INFO - [2026-04-17T04:04:23.666+0000] {dagbag.py:545} INFO - Filling up the DagBag from /opt/airflow/dags/chaos_generator.py
[2026-04-17T04:04:23.704+0000] {processor.py:842} WARNING - No viable dags retrieved from /opt/airflow/dags/chaos_generator.py
[2026-04-17T04:04:23.730+0000] {processor.py:183} INFO - Processing /opt/airflow/dags/chaos_generator.py took 0.077 seconds
[2026-04-17T04:04:54.217+0000] {processor.py:161} INFO - Started process (PID=689) to work on /opt/airflow/dags/chaos_generator.py
[2026-04-17T04:04:54.218+0000] {processor.py:830} INFO - Processing file /opt/airflow/dags/chaos_generator.py for tasks to queue
[2026-04-17T04:04:54.221+0000] {logging_mixin.py:188} INFO - [2026-04-17T04:04:54.220+0000] {dagbag.py:545} INFO - Filling up the DagBag from /opt/airflow/dags/chaos_generator.py
[2026-04-17T04:04:54.236+0000] {processor.py:842} WARNING - No viable dags retrieved from /opt/airflow/dags/chaos_generator.py
[2026-04-17T04:04:54.251+0000] {processor.py:183} INFO - Processing /opt/airflow/dags/chaos_generator.py took 0.039 seconds
[2026-04-17T04:05:24.834+0000] {processor.py:161} INFO - Started process (PID=705) to work on /opt/airflow/dags/chaos_generator.py
[2026-04-17T04:05:24.836+0000] {processor.py:830} INFO - Processing file /opt/airflow/dags/chaos_generator.py for tasks to queue
[2026-04-17T04:05:24.841+0000] {logging_mixin.py:188} INFO - [2026-04-17T04:05:24.840+0000] {dagbag.py:545} INFO - Filling up the DagBag from /opt/airflow/dags/chaos_generator.py
[2026-04-17T04:05:24.895+0000] {processor.py:842} WARNING - No viable dags retrieved from /opt/airflow/dags/chaos_generator.py
[2026-04-17T04:05:24.929+0000] {processor.py:183} INFO - Processing /opt/airflow/dags/chaos_generator.py took 0.107 seconds
[2026-04-17T04:05:55.419+0000] {processor.py:161} INFO - Started process (PID=733) to work on /opt/airflow/dags/chaos_generator.py
[2026-04-17T04:05:55.420+0000] {processor.py:830} INFO - Processing file /opt/airflow/dags/chaos_generator.py for tasks to queue
[2026-04-17T04:05:55.422+0000] {logging_mixin.py:188} INFO - [2026-04-17T04:05:55.422+0000] {dagbag.py:545} INFO - Filling up the DagBag from /opt/airflow/dags/chaos_generator.py
[2026-04-17T04:05:55.437+0000] {processor.py:842} WARNING - No viable dags retrieved from /opt/airflow/dags/chaos_generator.py
[2026-04-17T04:05:55.460+0000] {processor.py:183} INFO - Processing /opt/airflow/dags/chaos_generator.py took 0.047 seconds
[2026-04-17T04:06:26.005+0000] {processor.py:161} INFO - Started process (PID=757) to work on /opt/airflow/dags/chaos_generator.py
[2026-04-17T04:06:26.007+0000] {processor.py:830} INFO - Processing file /opt/airflow/dags/chaos_generator.py for tasks to queue
[2026-04-17T04:06:26.010+0000] {logging_mixin.py:188} INFO - [2026-04-17T04:06:26.010+0000] {dagbag.py:545} INFO - Filling up the DagBag from /opt/airflow/dags/chaos_generator.py
[2026-04-17T04:06:26.042+0000] {processor.py:842} WARNING - No viable dags retrieved from /opt/airflow/dags/chaos_generator.py
[2026-04-17T04:06:26.064+0000] {processor.py:183} INFO - Processing /opt/airflow/dags/chaos_generator.py took 0.067 seconds
[2026-04-17T04:08:47.906+0000] {processor.py:161} INFO - Started process (PID=337) to work on /opt/airflow/dags/chaos_generator.py
[2026-04-17T04:08:47.908+0000] {processor.py:830} INFO - Processing file /opt/airflow/dags/chaos_generator.py for tasks to queue
[2026-04-17T04:08:47.911+0000] {logging_mixin.py:188} INFO - [2026-04-17T04:08:47.911+0000] {dagbag.py:545} INFO - Filling up the DagBag from /opt/airflow/dags/chaos_generator.py
[2026-04-17T04:08:47.949+0000] {processor.py:842} WARNING - No viable dags retrieved from /opt/airflow/dags/chaos_generator.py
[2026-04-17T04:08:47.977+0000] {processor.py:183} INFO - Processing /opt/airflow/dags/chaos_generator.py took 0.081 seconds
[2026-04-17T04:09:18.470+0000] {processor.py:161} INFO - Started process (PID=378) to work on /opt/airflow/dags/chaos_generator.py
[2026-04-17T04:09:18.471+0000] {processor.py:830} INFO - Processing file /opt/airflow/dags/chaos_generator.py for tasks to queue
[2026-04-17T04:09:18.473+0000] {logging_mixin.py:188} INFO - [2026-04-17T04:09:18.472+0000] {dagbag.py:545} INFO - Filling up the DagBag from /opt/airflow/dags/chaos_generator.py
[2026-04-17T04:09:18.485+0000] {processor.py:842} WARNING - No viable dags retrieved from /opt/airflow/dags/chaos_generator.py
[2026-04-17T04:09:18.503+0000] {processor.py:183} INFO - Processing /opt/airflow/dags/chaos_generator.py took 0.039 seconds
[2026-04-17T04:09:49.212+0000] {processor.py:161} INFO - Started process (PID=388) to work on /opt/airflow/dags/chaos_generator.py
[2026-04-17T04:09:49.214+0000] {processor.py:830} INFO - Processing file /opt/airflow/dags/chaos_generator.py for tasks to queue
[2026-04-17T04:09:49.216+0000] {logging_mixin.py:188} INFO - [2026-04-17T04:09:49.215+0000] {dagbag.py:545} INFO - Filling up the DagBag from /opt/airflow/dags/chaos_generator.py
[2026-04-17T04:09:49.246+0000] {processor.py:842} WARNING - No viable dags retrieved from /opt/airflow/dags/chaos_generator.py
[2026-04-17T04:09:49.265+0000] {processor.py:183} INFO - Processing /opt/airflow/dags/chaos_generator.py took 0.060 seconds
[2026-04-17T04:10:19.891+0000] {processor.py:161} INFO - Started process (PID=398) to work on /opt/airflow/dags/chaos_generator.py
[2026-04-17T04:10:19.893+0000] {processor.py:830} INFO - Processing file /opt/airflow/dags/chaos_generator.py for tasks to queue
[2026-04-17T04:10:19.896+0000] {logging_mixin.py:188} INFO - [2026-04-17T04:10:19.895+0000] {dagbag.py:545} INFO - Filling up the DagBag from /opt/airflow/dags/chaos_generator.py
[2026-04-17T04:10:19.923+0000] {processor.py:842} WARNING - No viable dags retrieved from /opt/airflow/dags/chaos_generator.py
[2026-04-17T04:10:19.957+0000] {processor.py:183} INFO - Processing /opt/airflow/dags/chaos_generator.py took 0.077 seconds
[2026-04-17T04:10:50.632+0000] {processor.py:161} INFO - Started process (PID=408) to work on /opt/airflow/dags/chaos_generator.py
[2026-04-17T04:10:50.633+0000] {processor.py:830} INFO - Processing file /opt/airflow/dags/chaos_generator.py for tasks to queue
[2026-04-17T04:10:50.635+0000] {logging_mixin.py:188} INFO - [2026-04-17T04:10:50.634+0000] {dagbag.py:545} INFO - Filling up the DagBag from /opt/airflow/dags/chaos_generator.py
[2026-04-17T04:10:50.648+0000] {processor.py:842} WARNING - No viable dags retrieved from /opt/airflow/dags/chaos_generator.py
[2026-04-17T04:10:50.665+0000] {processor.py:183} INFO - Processing /opt/airflow/dags/chaos_generator.py took 0.041 seconds
[2026-04-17T04:11:21.232+0000] {processor.py:161} INFO - Started process (PID=418) to work on /opt/airflow/dags/chaos_generator.py
[2026-04-17T04:11:21.234+0000] {processor.py:830} INFO - Processing file /opt/airflow/dags/chaos_generator.py for tasks to queue
[2026-04-17T04:11:21.237+0000] {logging_mixin.py:188} INFO - [2026-04-17T04:11:21.236+0000] {dagbag.py:545} INFO - Filling up the DagBag from /opt/airflow/dags/chaos_generator.py
[2026-04-17T04:11:21.265+0000] {processor.py:842} WARNING - No viable dags retrieved from /opt/airflow/dags/chaos_generator.py
[2026-04-17T04:11:21.297+0000] {processor.py:183} INFO - Processing /opt/airflow/dags/chaos_generator.py took 0.072 seconds
[2026-04-17T04:11:51.768+0000] {processor.py:161} INFO - Started process (PID=428) to work on /opt/airflow/dags/chaos_generator.py
[2026-04-17T04:11:51.769+0000] {processor.py:830} INFO - Processing file /opt/airflow/dags/chaos_generator.py for tasks to queue
[2026-04-17T04:11:51.772+0000] {logging_mixin.py:188} INFO - [2026-04-17T04:11:51.771+0000] {dagbag.py:545} INFO - Filling up the DagBag from /opt/airflow/dags/chaos_generator.py
[2026-04-17T04:11:51.797+0000] {processor.py:842} WARNING - No viable dags retrieved from /opt/airflow/dags/chaos_generator.py
[2026-04-17T04:11:51.826+0000] {processor.py:183} INFO - Processing /opt/airflow/dags/chaos_generator.py took 0.067 seconds
[2026-04-17T04:12:22.333+0000] {processor.py:161} INFO - Started process (PID=438) to work on /opt/airflow/dags/chaos_generator.py
[2026-04-17T04:12:22.334+0000] {processor.py:830} INFO - Processing file /opt/airflow/dags/chaos_generator.py for tasks to queue
[2026-04-17T04:12:22.338+0000] {logging_mixin.py:188} INFO - [2026-04-17T04:12:22.337+0000] {dagbag.py:545} INFO - Filling up the DagBag from /opt/airflow/dags/chaos_generator.py
[2026-04-17T04:12:22.367+0000] {processor.py:842} WARNING - No viable dags retrieved from /opt/airflow/dags/chaos_generator.py
[2026-04-17T04:12:22.385+0000] {processor.py:183} INFO - Processing /opt/airflow/dags/chaos_generator.py took 0.061 seconds
[2026-04-17T04:12:52.943+0000] {processor.py:161} INFO - Started process (PID=448) to work on /opt/airflow/dags/chaos_generator.py
[2026-04-17T04:12:52.944+0000] {processor.py:830} INFO - Processing file /opt/airflow/dags/chaos_generator.py for tasks to queue
[2026-04-17T04:12:52.947+0000] {logging_mixin.py:188} INFO - [2026-04-17T04:12:52.946+0000] {dagbag.py:545} INFO - Filling up the DagBag from /opt/airflow/dags/chaos_generator.py
[2026-04-17T04:12:52.971+0000] {processor.py:842} WARNING - No viable dags retrieved from /opt/airflow/dags/chaos_generator.py
[2026-04-17T04:12:52.991+0000] {processor.py:183} INFO - Processing /opt/airflow/dags/chaos_generator.py took 0.055 seconds
[2026-04-17T04:13:23.493+0000] {processor.py:161} INFO - Started process (PID=458) to work on /opt/airflow/dags/chaos_generator.py
[2026-04-17T04:13:23.494+0000] {processor.py:830} INFO - Processing file /opt/airflow/dags/chaos_generator.py for tasks to queue
[2026-04-17T04:13:23.496+0000] {logging_mixin.py:188} INFO - [2026-04-17T04:13:23.496+0000] {dagbag.py:545} INFO - Filling up the DagBag from /opt/airflow/dags/chaos_generator.py
[2026-04-17T04:13:23.524+0000] {processor.py:842} WARNING - No viable dags retrieved from /opt/airflow/dags/chaos_generator.py
[2026-04-17T04:13:23.543+0000] {processor.py:183} INFO - Processing /opt/airflow/dags/chaos_generator.py took 0.056 seconds
[2026-04-17T04:13:54.192+0000] {processor.py:161} INFO - Started process (PID=469) to work on /opt/airflow/dags/chaos_generator.py
[2026-04-17T04:13:54.194+0000] {processor.py:830} INFO - Processing file /opt/airflow/dags/chaos_generator.py for tasks to queue
[2026-04-17T04:13:54.196+0000] {logging_mixin.py:188} INFO - [2026-04-17T04:13:54.196+0000] {dagbag.py:545} INFO - Filling up the DagBag from /opt/airflow/dags/chaos_generator.py
[2026-04-17T04:13:54.230+0000] {processor.py:842} WARNING - No viable dags retrieved from /opt/airflow/dags/chaos_generator.py
[2026-04-17T04:13:54.246+0000] {processor.py:183} INFO - Processing /opt/airflow/dags/chaos_generator.py took 0.059 seconds
[2026-04-17T04:14:24.739+0000] {processor.py:161} INFO - Started process (PID=496) to work on /opt/airflow/dags/chaos_generator.py
[2026-04-17T04:14:24.740+0000] {processor.py:830} INFO - Processing file /opt/airflow/dags/chaos_generator.py for tasks to queue
[2026-04-17T04:14:24.742+0000] {logging_mixin.py:188} INFO - [2026-04-17T04:14:24.742+0000] {dagbag.py:545} INFO - Filling up the DagBag from /opt/airflow/dags/chaos_generator.py
[2026-04-17T04:14:24.767+0000] {processor.py:842} WARNING - No viable dags retrieved from /opt/airflow/dags/chaos_generator.py
[2026-04-17T04:14:24.785+0000] {processor.py:183} INFO - Processing /opt/airflow/dags/chaos_generator.py took 0.051 seconds
[2026-04-17T04:14:55.295+0000] {processor.py:161} INFO - Started process (PID=542) to work on /opt/airflow/dags/chaos_generator.py
[2026-04-17T04:14:55.297+0000] {processor.py:830} INFO - Processing file /opt/airflow/dags/chaos_generator.py for tasks to queue
[2026-04-17T04:14:55.301+0000] {logging_mixin.py:188} INFO - [2026-04-17T04:14:55.300+0000] {dagbag.py:545} INFO - Filling up the DagBag from /opt/airflow/dags/chaos_generator.py
[2026-04-17T04:14:55.338+0000] {processor.py:842} WARNING - No viable dags retrieved from /opt/airflow/dags/chaos_generator.py
[2026-04-17T04:14:55.366+0000] {processor.py:183} INFO - Processing /opt/airflow/dags/chaos_generator.py took 0.081 seconds
[2026-04-17T04:15:25.847+0000] {processor.py:161} INFO - Started process (PID=552) to work on /opt/airflow/dags/chaos_generator.py
[2026-04-17T04:15:25.849+0000] {processor.py:830} INFO - Processing file /opt/airflow/dags/chaos_generator.py for tasks to queue
[2026-04-17T04:15:25.851+0000] {logging_mixin.py:188} INFO - [2026-04-17T04:15:25.851+0000] {dagbag.py:545} INFO - Filling up the DagBag from /opt/airflow/dags/chaos_generator.py
[2026-04-17T04:15:25.877+0000] {processor.py:842} WARNING - No viable dags retrieved from /opt/airflow/dags/chaos_generator.py
[2026-04-17T04:15:25.901+0000] {processor.py:183} INFO - Processing /opt/airflow/dags/chaos_generator.py took 0.061 seconds
[2026-04-17T04:15:56.398+0000] {processor.py:161} INFO - Started process (PID=562) to work on /opt/airflow/dags/chaos_generator.py
[2026-04-17T04:15:56.399+0000] {processor.py:830} INFO - Processing file /opt/airflow/dags/chaos_generator.py for tasks to queue
[2026-04-17T04:15:56.402+0000] {logging_mixin.py:188} INFO - [2026-04-17T04:15:56.401+0000] {dagbag.py:545} INFO - Filling up the DagBag from /opt/airflow/dags/chaos_generator.py
[2026-04-17T04:15:56.447+0000] {processor.py:842} WARNING - No viable dags retrieved from /opt/airflow/dags/chaos_generator.py
[2026-04-17T04:15:56.467+0000] {processor.py:183} INFO - Processing /opt/airflow/dags/chaos_generator.py took 0.076 seconds
[2026-04-17T04:16:26.977+0000] {processor.py:161} INFO - Started process (PID=572) to work on /opt/airflow/dags/chaos_generator.py
[2026-04-17T04:16:26.978+0000] {processor.py:830} INFO - Processing file /opt/airflow/dags/chaos_generator.py for tasks to queue
[2026-04-17T04:16:26.981+0000] {logging_mixin.py:188} INFO - [2026-04-17T04:16:26.980+0000] {dagbag.py:545} INFO - Filling up the DagBag from /opt/airflow/dags/chaos_generator.py
[2026-04-17T04:16:27.003+0000] {processor.py:842} WARNING - No viable dags retrieved from /opt/airflow/dags/chaos_generator.py
[2026-04-17T04:16:27.024+0000] {processor.py:183} INFO - Processing /opt/airflow/dags/chaos_generator.py took 0.055 seconds
[2026-04-17T04:16:57.517+0000] {processor.py:161} INFO - Started process (PID=582) to work on /opt/airflow/dags/chaos_generator.py
[2026-04-17T04:16:57.518+0000] {processor.py:830} INFO - Processing file /opt/airflow/dags/chaos_generator.py for tasks to queue
[2026-04-17T04:16:57.521+0000] {logging_mixin.py:188} INFO - [2026-04-17T04:16:57.520+0000] {dagbag.py:545} INFO - Filling up the DagBag from /opt/airflow/dags/chaos_generator.py
[2026-04-17T04:16:57.540+0000] {processor.py:842} WARNING - No viable dags retrieved from /opt/airflow/dags/chaos_generator.py
[2026-04-17T04:16:57.561+0000] {processor.py:183} INFO - Processing /opt/airflow/dags/chaos_generator.py took 0.053 seconds
[2026-04-17T04:17:28.097+0000] {processor.py:161} INFO - Started process (PID=592) to work on /opt/airflow/dags/chaos_generator.py
[2026-04-17T04:17:28.098+0000] {processor.py:830} INFO - Processing file /opt/airflow/dags/chaos_generator.py for tasks to queue
[2026-04-17T04:17:28.100+0000] {logging_mixin.py:188} INFO - [2026-04-17T04:17:28.100+0000] {dagbag.py:545} INFO - Filling up the DagBag from /opt/airflow/dags/chaos_generator.py
[2026-04-17T04:17:28.130+0000] {processor.py:842} WARNING - No viable dags retrieved from /opt/airflow/dags/chaos_generator.py
[2026-04-17T04:17:28.159+0000] {processor.py:183} INFO - Processing /opt/airflow/dags/chaos_generator.py took 0.068 seconds
