[2026-04-17T03:50:34.013+0000] {processor.py:161} INFO - Started process (PID=334) to work on /opt/airflow/dags/ingest.py
[2026-04-17T03:50:34.019+0000] {processor.py:830} INFO - Processing file /opt/airflow/dags/ingest.py for tasks to queue
[2026-04-17T03:50:34.030+0000] {logging_mixin.py:188} INFO - [2026-04-17T03:50:34.030+0000] {dagbag.py:545} INFO - Filling up the DagBag from /opt/airflow/dags/ingest.py
[2026-04-17T03:50:34.093+0000] {processor.py:840} INFO - DAG(s) 'ingest_pipeline' retrieved from /opt/airflow/dags/ingest.py
[2026-04-17T03:50:34.291+0000] {logging_mixin.py:188} INFO - [2026-04-17T03:50:34.291+0000] {override.py:1829} INFO - Created Permission View: can read on DAG:ingest_pipeline
[2026-04-17T03:50:34.306+0000] {logging_mixin.py:188} INFO - [2026-04-17T03:50:34.306+0000] {override.py:1829} INFO - Created Permission View: can edit on DAG:ingest_pipeline
[2026-04-17T03:50:34.318+0000] {logging_mixin.py:188} INFO - [2026-04-17T03:50:34.318+0000] {override.py:1829} INFO - Created Permission View: can delete on DAG:ingest_pipeline
[2026-04-17T03:50:34.320+0000] {logging_mixin.py:188} INFO - [2026-04-17T03:50:34.319+0000] {dag.py:3096} INFO - Sync 1 DAGs
[2026-04-17T03:50:34.340+0000] {logging_mixin.py:188} INFO - [2026-04-17T03:50:34.339+0000] {dag.py:3118} INFO - Creating ORM DAG for ingest_pipeline
[2026-04-17T03:50:34.358+0000] {logging_mixin.py:188} INFO - [2026-04-17T03:50:34.358+0000] {dag.py:3954} INFO - Setting next_dagrun for ingest_pipeline to 2026-04-16 00:00:00+00:00, run_after=2026-04-17 00:00:00+00:00
[2026-04-17T03:50:34.389+0000] {processor.py:183} INFO - Processing /opt/airflow/dags/ingest.py took 0.391 seconds
[2026-04-17T03:51:04.867+0000] {processor.py:161} INFO - Started process (PID=366) to work on /opt/airflow/dags/ingest.py
[2026-04-17T03:51:04.874+0000] {processor.py:830} INFO - Processing file /opt/airflow/dags/ingest.py for tasks to queue
[2026-04-17T03:51:04.879+0000] {logging_mixin.py:188} INFO - [2026-04-17T03:51:04.879+0000] {dagbag.py:545} INFO - Filling up the DagBag from /opt/airflow/dags/ingest.py
[2026-04-17T03:51:04.959+0000] {processor.py:840} INFO - DAG(s) 'ingest_pipeline' retrieved from /opt/airflow/dags/ingest.py
[2026-04-17T03:51:05.037+0000] {logging_mixin.py:188} INFO - [2026-04-17T03:51:05.036+0000] {dag.py:3096} INFO - Sync 1 DAGs
[2026-04-17T03:51:05.091+0000] {logging_mixin.py:188} INFO - [2026-04-17T03:51:05.091+0000] {dag.py:3954} INFO - Setting next_dagrun for ingest_pipeline to 2026-04-16 00:00:00+00:00, run_after=2026-04-17 00:00:00+00:00
[2026-04-17T03:51:05.165+0000] {processor.py:183} INFO - Processing /opt/airflow/dags/ingest.py took 0.317 seconds
[2026-04-17T03:51:35.693+0000] {processor.py:161} INFO - Started process (PID=385) to work on /opt/airflow/dags/ingest.py
[2026-04-17T03:51:35.695+0000] {processor.py:830} INFO - Processing file /opt/airflow/dags/ingest.py for tasks to queue
[2026-04-17T03:51:35.698+0000] {logging_mixin.py:188} INFO - [2026-04-17T03:51:35.698+0000] {dagbag.py:545} INFO - Filling up the DagBag from /opt/airflow/dags/ingest.py
[2026-04-17T03:51:35.755+0000] {processor.py:840} INFO - DAG(s) 'ingest_pipeline' retrieved from /opt/airflow/dags/ingest.py
[2026-04-17T03:51:35.797+0000] {logging_mixin.py:188} INFO - [2026-04-17T03:51:35.796+0000] {dag.py:3096} INFO - Sync 1 DAGs
[2026-04-17T03:51:35.829+0000] {logging_mixin.py:188} INFO - [2026-04-17T03:51:35.828+0000] {dag.py:3954} INFO - Setting next_dagrun for ingest_pipeline to 2026-04-16 00:00:00+00:00, run_after=2026-04-17 00:00:00+00:00
[2026-04-17T03:51:35.867+0000] {processor.py:183} INFO - Processing /opt/airflow/dags/ingest.py took 0.187 seconds
[2026-04-17T03:52:06.664+0000] {processor.py:161} INFO - Started process (PID=395) to work on /opt/airflow/dags/ingest.py
[2026-04-17T03:52:06.666+0000] {processor.py:830} INFO - Processing file /opt/airflow/dags/ingest.py for tasks to queue
[2026-04-17T03:52:06.670+0000] {logging_mixin.py:188} INFO - [2026-04-17T03:52:06.669+0000] {dagbag.py:545} INFO - Filling up the DagBag from /opt/airflow/dags/ingest.py
[2026-04-17T03:52:06.723+0000] {processor.py:840} INFO - DAG(s) 'ingest_pipeline' retrieved from /opt/airflow/dags/ingest.py
[2026-04-17T03:52:06.761+0000] {logging_mixin.py:188} INFO - [2026-04-17T03:52:06.760+0000] {dag.py:3096} INFO - Sync 1 DAGs
[2026-04-17T03:52:06.789+0000] {logging_mixin.py:188} INFO - [2026-04-17T03:52:06.789+0000] {dag.py:3954} INFO - Setting next_dagrun for ingest_pipeline to 2026-04-16 00:00:00+00:00, run_after=2026-04-17 00:00:00+00:00
[2026-04-17T03:52:06.817+0000] {processor.py:183} INFO - Processing /opt/airflow/dags/ingest.py took 0.161 seconds
[2026-04-17T03:52:37.347+0000] {processor.py:161} INFO - Started process (PID=405) to work on /opt/airflow/dags/ingest.py
[2026-04-17T03:52:37.351+0000] {processor.py:830} INFO - Processing file /opt/airflow/dags/ingest.py for tasks to queue
[2026-04-17T03:52:37.356+0000] {logging_mixin.py:188} INFO - [2026-04-17T03:52:37.355+0000] {dagbag.py:545} INFO - Filling up the DagBag from /opt/airflow/dags/ingest.py
[2026-04-17T03:52:37.413+0000] {processor.py:840} INFO - DAG(s) 'ingest_pipeline' retrieved from /opt/airflow/dags/ingest.py
[2026-04-17T03:52:37.448+0000] {logging_mixin.py:188} INFO - [2026-04-17T03:52:37.448+0000] {dag.py:3096} INFO - Sync 1 DAGs
[2026-04-17T03:52:37.472+0000] {logging_mixin.py:188} INFO - [2026-04-17T03:52:37.472+0000] {dag.py:3954} INFO - Setting next_dagrun for ingest_pipeline to 2026-04-16 00:00:00+00:00, run_after=2026-04-17 00:00:00+00:00
[2026-04-17T03:52:37.498+0000] {processor.py:183} INFO - Processing /opt/airflow/dags/ingest.py took 0.171 seconds
[2026-04-17T03:53:07.951+0000] {processor.py:161} INFO - Started process (PID=415) to work on /opt/airflow/dags/ingest.py
[2026-04-17T03:53:07.953+0000] {processor.py:830} INFO - Processing file /opt/airflow/dags/ingest.py for tasks to queue
[2026-04-17T03:53:07.958+0000] {logging_mixin.py:188} INFO - [2026-04-17T03:53:07.957+0000] {dagbag.py:545} INFO - Filling up the DagBag from /opt/airflow/dags/ingest.py
[2026-04-17T03:53:08.009+0000] {processor.py:840} INFO - DAG(s) 'ingest_pipeline' retrieved from /opt/airflow/dags/ingest.py
[2026-04-17T03:53:08.057+0000] {logging_mixin.py:188} INFO - [2026-04-17T03:53:08.057+0000] {dag.py:3096} INFO - Sync 1 DAGs
[2026-04-17T03:53:08.086+0000] {logging_mixin.py:188} INFO - [2026-04-17T03:53:08.086+0000] {dag.py:3954} INFO - Setting next_dagrun for ingest_pipeline to 2026-04-16 00:00:00+00:00, run_after=2026-04-17 00:00:00+00:00
[2026-04-17T03:53:08.119+0000] {processor.py:183} INFO - Processing /opt/airflow/dags/ingest.py took 0.179 seconds
[2026-04-17T03:53:38.630+0000] {processor.py:161} INFO - Started process (PID=425) to work on /opt/airflow/dags/ingest.py
[2026-04-17T03:53:38.632+0000] {processor.py:830} INFO - Processing file /opt/airflow/dags/ingest.py for tasks to queue
[2026-04-17T03:53:38.641+0000] {logging_mixin.py:188} INFO - [2026-04-17T03:53:38.640+0000] {dagbag.py:545} INFO - Filling up the DagBag from /opt/airflow/dags/ingest.py
[2026-04-17T03:53:38.698+0000] {processor.py:840} INFO - DAG(s) 'ingest_pipeline' retrieved from /opt/airflow/dags/ingest.py
[2026-04-17T03:53:38.732+0000] {logging_mixin.py:188} INFO - [2026-04-17T03:53:38.731+0000] {dag.py:3096} INFO - Sync 1 DAGs
[2026-04-17T03:53:38.753+0000] {logging_mixin.py:188} INFO - [2026-04-17T03:53:38.753+0000] {dag.py:3954} INFO - Setting next_dagrun for ingest_pipeline to 2026-04-16 00:00:00+00:00, run_after=2026-04-17 00:00:00+00:00
[2026-04-17T03:53:38.775+0000] {processor.py:183} INFO - Processing /opt/airflow/dags/ingest.py took 0.159 seconds
[2026-04-17T03:54:09.341+0000] {processor.py:161} INFO - Started process (PID=435) to work on /opt/airflow/dags/ingest.py
[2026-04-17T03:54:09.344+0000] {processor.py:830} INFO - Processing file /opt/airflow/dags/ingest.py for tasks to queue
[2026-04-17T03:54:09.346+0000] {logging_mixin.py:188} INFO - [2026-04-17T03:54:09.346+0000] {dagbag.py:545} INFO - Filling up the DagBag from /opt/airflow/dags/ingest.py
[2026-04-17T03:54:09.396+0000] {processor.py:840} INFO - DAG(s) 'ingest_pipeline' retrieved from /opt/airflow/dags/ingest.py
[2026-04-17T03:54:09.427+0000] {logging_mixin.py:188} INFO - [2026-04-17T03:54:09.427+0000] {dag.py:3096} INFO - Sync 1 DAGs
[2026-04-17T03:54:09.448+0000] {logging_mixin.py:188} INFO - [2026-04-17T03:54:09.448+0000] {dag.py:3954} INFO - Setting next_dagrun for ingest_pipeline to 2026-04-16 00:00:00+00:00, run_after=2026-04-17 00:00:00+00:00
[2026-04-17T03:54:09.470+0000] {processor.py:183} INFO - Processing /opt/airflow/dags/ingest.py took 0.139 seconds
[2026-04-17T03:54:39.889+0000] {processor.py:161} INFO - Started process (PID=445) to work on /opt/airflow/dags/ingest.py
[2026-04-17T03:54:39.892+0000] {processor.py:830} INFO - Processing file /opt/airflow/dags/ingest.py for tasks to queue
[2026-04-17T03:54:39.896+0000] {logging_mixin.py:188} INFO - [2026-04-17T03:54:39.896+0000] {dagbag.py:545} INFO - Filling up the DagBag from /opt/airflow/dags/ingest.py
[2026-04-17T03:54:39.965+0000] {processor.py:840} INFO - DAG(s) 'ingest_pipeline' retrieved from /opt/airflow/dags/ingest.py
[2026-04-17T03:54:40.016+0000] {logging_mixin.py:188} INFO - [2026-04-17T03:54:40.016+0000] {dag.py:3096} INFO - Sync 1 DAGs
[2026-04-17T03:54:40.052+0000] {logging_mixin.py:188} INFO - [2026-04-17T03:54:40.052+0000] {dag.py:3954} INFO - Setting next_dagrun for ingest_pipeline to 2026-04-16 00:00:00+00:00, run_after=2026-04-17 00:00:00+00:00
[2026-04-17T03:54:40.082+0000] {processor.py:183} INFO - Processing /opt/airflow/dags/ingest.py took 0.202 seconds
[2026-04-17T03:55:10.640+0000] {processor.py:161} INFO - Started process (PID=455) to work on /opt/airflow/dags/ingest.py
[2026-04-17T03:55:10.641+0000] {processor.py:830} INFO - Processing file /opt/airflow/dags/ingest.py for tasks to queue
[2026-04-17T03:55:10.643+0000] {logging_mixin.py:188} INFO - [2026-04-17T03:55:10.643+0000] {dagbag.py:545} INFO - Filling up the DagBag from /opt/airflow/dags/ingest.py
[2026-04-17T03:55:10.669+0000] {processor.py:840} INFO - DAG(s) 'ingest_pipeline' retrieved from /opt/airflow/dags/ingest.py
[2026-04-17T03:55:10.697+0000] {logging_mixin.py:188} INFO - [2026-04-17T03:55:10.697+0000] {dag.py:3096} INFO - Sync 1 DAGs
[2026-04-17T03:55:10.717+0000] {logging_mixin.py:188} INFO - [2026-04-17T03:55:10.717+0000] {dag.py:3954} INFO - Setting next_dagrun for ingest_pipeline to 2026-04-16 00:00:00+00:00, run_after=2026-04-17 00:00:00+00:00
[2026-04-17T03:55:10.737+0000] {processor.py:183} INFO - Processing /opt/airflow/dags/ingest.py took 0.104 seconds
[2026-04-17T03:55:41.358+0000] {processor.py:161} INFO - Started process (PID=465) to work on /opt/airflow/dags/ingest.py
[2026-04-17T03:55:41.360+0000] {processor.py:830} INFO - Processing file /opt/airflow/dags/ingest.py for tasks to queue
[2026-04-17T03:55:41.362+0000] {logging_mixin.py:188} INFO - [2026-04-17T03:55:41.362+0000] {dagbag.py:545} INFO - Filling up the DagBag from /opt/airflow/dags/ingest.py
[2026-04-17T03:55:41.394+0000] {processor.py:840} INFO - DAG(s) 'ingest_pipeline' retrieved from /opt/airflow/dags/ingest.py
[2026-04-17T03:55:41.430+0000] {logging_mixin.py:188} INFO - [2026-04-17T03:55:41.430+0000] {dag.py:3096} INFO - Sync 1 DAGs
[2026-04-17T03:55:41.457+0000] {logging_mixin.py:188} INFO - [2026-04-17T03:55:41.457+0000] {dag.py:3954} INFO - Setting next_dagrun for ingest_pipeline to 2026-04-16 00:00:00+00:00, run_after=2026-04-17 00:00:00+00:00
[2026-04-17T03:55:41.481+0000] {processor.py:183} INFO - Processing /opt/airflow/dags/ingest.py took 0.129 seconds
[2026-04-17T03:56:11.983+0000] {processor.py:161} INFO - Started process (PID=475) to work on /opt/airflow/dags/ingest.py
[2026-04-17T03:56:11.985+0000] {processor.py:830} INFO - Processing file /opt/airflow/dags/ingest.py for tasks to queue
[2026-04-17T03:56:11.987+0000] {logging_mixin.py:188} INFO - [2026-04-17T03:56:11.987+0000] {dagbag.py:545} INFO - Filling up the DagBag from /opt/airflow/dags/ingest.py
[2026-04-17T03:56:12.032+0000] {processor.py:840} INFO - DAG(s) 'ingest_pipeline' retrieved from /opt/airflow/dags/ingest.py
[2026-04-17T03:56:12.064+0000] {logging_mixin.py:188} INFO - [2026-04-17T03:56:12.064+0000] {dag.py:3096} INFO - Sync 1 DAGs
[2026-04-17T03:56:12.089+0000] {logging_mixin.py:188} INFO - [2026-04-17T03:56:12.089+0000] {dag.py:3954} INFO - Setting next_dagrun for ingest_pipeline to 2026-04-16 00:00:00+00:00, run_after=2026-04-17 00:00:00+00:00
[2026-04-17T03:56:12.115+0000] {processor.py:183} INFO - Processing /opt/airflow/dags/ingest.py took 0.139 seconds
[2026-04-17T03:56:42.699+0000] {processor.py:161} INFO - Started process (PID=486) to work on /opt/airflow/dags/ingest.py
[2026-04-17T03:56:42.702+0000] {processor.py:830} INFO - Processing file /opt/airflow/dags/ingest.py for tasks to queue
[2026-04-17T03:56:42.705+0000] {logging_mixin.py:188} INFO - [2026-04-17T03:56:42.704+0000] {dagbag.py:545} INFO - Filling up the DagBag from /opt/airflow/dags/ingest.py
[2026-04-17T03:56:42.747+0000] {processor.py:840} INFO - DAG(s) 'ingest_pipeline' retrieved from /opt/airflow/dags/ingest.py
[2026-04-17T03:56:42.779+0000] {logging_mixin.py:188} INFO - [2026-04-17T03:56:42.778+0000] {dag.py:3096} INFO - Sync 1 DAGs
[2026-04-17T03:56:42.802+0000] {logging_mixin.py:188} INFO - [2026-04-17T03:56:42.802+0000] {dag.py:3954} INFO - Setting next_dagrun for ingest_pipeline to 2026-04-16 00:00:00+00:00, run_after=2026-04-17 00:00:00+00:00
[2026-04-17T03:56:42.848+0000] {processor.py:183} INFO - Processing /opt/airflow/dags/ingest.py took 0.159 seconds
[2026-04-17T03:57:13.339+0000] {processor.py:161} INFO - Started process (PID=510) to work on /opt/airflow/dags/ingest.py
[2026-04-17T03:57:13.340+0000] {processor.py:830} INFO - Processing file /opt/airflow/dags/ingest.py for tasks to queue
[2026-04-17T03:57:13.344+0000] {logging_mixin.py:188} INFO - [2026-04-17T03:57:13.343+0000] {dagbag.py:545} INFO - Filling up the DagBag from /opt/airflow/dags/ingest.py
[2026-04-17T03:57:13.406+0000] {processor.py:840} INFO - DAG(s) 'ingest_pipeline' retrieved from /opt/airflow/dags/ingest.py
[2026-04-17T03:57:13.461+0000] {logging_mixin.py:188} INFO - [2026-04-17T03:57:13.461+0000] {dag.py:3096} INFO - Sync 1 DAGs
[2026-04-17T03:57:13.495+0000] {logging_mixin.py:188} INFO - [2026-04-17T03:57:13.493+0000] {dag.py:3954} INFO - Setting next_dagrun for ingest_pipeline to 2026-04-17 00:00:00+00:00, run_after=2026-04-18 00:00:00+00:00
[2026-04-17T03:57:13.535+0000] {processor.py:183} INFO - Processing /opt/airflow/dags/ingest.py took 0.203 seconds
[2026-04-17T03:57:43.987+0000] {processor.py:161} INFO - Started process (PID=530) to work on /opt/airflow/dags/ingest.py
[2026-04-17T03:57:43.989+0000] {processor.py:830} INFO - Processing file /opt/airflow/dags/ingest.py for tasks to queue
[2026-04-17T03:57:43.999+0000] {logging_mixin.py:188} INFO - [2026-04-17T03:57:43.999+0000] {dagbag.py:545} INFO - Filling up the DagBag from /opt/airflow/dags/ingest.py
[2026-04-17T03:57:44.104+0000] {processor.py:840} INFO - DAG(s) 'ingest_pipeline' retrieved from /opt/airflow/dags/ingest.py
[2026-04-17T03:57:44.159+0000] {logging_mixin.py:188} INFO - [2026-04-17T03:57:44.159+0000] {dag.py:3096} INFO - Sync 1 DAGs
[2026-04-17T03:57:44.188+0000] {logging_mixin.py:188} INFO - [2026-04-17T03:57:44.188+0000] {dag.py:3954} INFO - Setting next_dagrun for ingest_pipeline to 2026-04-17 00:00:00+00:00, run_after=2026-04-18 00:00:00+00:00
[2026-04-17T03:57:44.217+0000] {processor.py:183} INFO - Processing /opt/airflow/dags/ingest.py took 0.237 seconds
[2026-04-17T03:58:14.945+0000] {processor.py:161} INFO - Started process (PID=540) to work on /opt/airflow/dags/ingest.py
[2026-04-17T03:58:14.947+0000] {processor.py:830} INFO - Processing file /opt/airflow/dags/ingest.py for tasks to queue
[2026-04-17T03:58:14.969+0000] {logging_mixin.py:188} INFO - [2026-04-17T03:58:14.968+0000] {dagbag.py:545} INFO - Filling up the DagBag from /opt/airflow/dags/ingest.py
[2026-04-17T03:58:15.072+0000] {processor.py:840} INFO - DAG(s) 'ingest_pipeline' retrieved from /opt/airflow/dags/ingest.py
[2026-04-17T03:58:15.110+0000] {logging_mixin.py:188} INFO - [2026-04-17T03:58:15.110+0000] {dag.py:3096} INFO - Sync 1 DAGs
[2026-04-17T03:58:15.138+0000] {logging_mixin.py:188} INFO - [2026-04-17T03:58:15.138+0000] {dag.py:3954} INFO - Setting next_dagrun for ingest_pipeline to 2026-04-17 00:00:00+00:00, run_after=2026-04-18 00:00:00+00:00
[2026-04-17T03:58:15.212+0000] {processor.py:183} INFO - Processing /opt/airflow/dags/ingest.py took 0.274 seconds
[2026-04-17T03:58:45.815+0000] {processor.py:161} INFO - Started process (PID=550) to work on /opt/airflow/dags/ingest.py
[2026-04-17T03:58:45.816+0000] {processor.py:830} INFO - Processing file /opt/airflow/dags/ingest.py for tasks to queue
[2026-04-17T03:58:45.819+0000] {logging_mixin.py:188} INFO - [2026-04-17T03:58:45.818+0000] {dagbag.py:545} INFO - Filling up the DagBag from /opt/airflow/dags/ingest.py
[2026-04-17T03:58:45.864+0000] {processor.py:840} INFO - DAG(s) 'ingest_pipeline' retrieved from /opt/airflow/dags/ingest.py
[2026-04-17T03:58:45.899+0000] {logging_mixin.py:188} INFO - [2026-04-17T03:58:45.899+0000] {dag.py:3096} INFO - Sync 1 DAGs
[2026-04-17T03:58:45.928+0000] {logging_mixin.py:188} INFO - [2026-04-17T03:58:45.928+0000] {dag.py:3954} INFO - Setting next_dagrun for ingest_pipeline to 2026-04-17 00:00:00+00:00, run_after=2026-04-18 00:00:00+00:00
[2026-04-17T03:58:45.954+0000] {processor.py:183} INFO - Processing /opt/airflow/dags/ingest.py took 0.148 seconds
[2026-04-17T03:59:16.441+0000] {processor.py:161} INFO - Started process (PID=560) to work on /opt/airflow/dags/ingest.py
[2026-04-17T03:59:16.443+0000] {processor.py:830} INFO - Processing file /opt/airflow/dags/ingest.py for tasks to queue
[2026-04-17T03:59:16.446+0000] {logging_mixin.py:188} INFO - [2026-04-17T03:59:16.446+0000] {dagbag.py:545} INFO - Filling up the DagBag from /opt/airflow/dags/ingest.py
[2026-04-17T03:59:16.488+0000] {processor.py:840} INFO - DAG(s) 'ingest_pipeline' retrieved from /opt/airflow/dags/ingest.py
[2026-04-17T03:59:16.536+0000] {logging_mixin.py:188} INFO - [2026-04-17T03:59:16.536+0000] {dag.py:3096} INFO - Sync 1 DAGs
[2026-04-17T03:59:16.561+0000] {logging_mixin.py:188} INFO - [2026-04-17T03:59:16.561+0000] {dag.py:3954} INFO - Setting next_dagrun for ingest_pipeline to 2026-04-17 00:00:00+00:00, run_after=2026-04-18 00:00:00+00:00
[2026-04-17T03:59:16.585+0000] {processor.py:183} INFO - Processing /opt/airflow/dags/ingest.py took 0.151 seconds
[2026-04-17T03:59:47.141+0000] {processor.py:161} INFO - Started process (PID=570) to work on /opt/airflow/dags/ingest.py
[2026-04-17T03:59:47.143+0000] {processor.py:830} INFO - Processing file /opt/airflow/dags/ingest.py for tasks to queue
[2026-04-17T03:59:47.146+0000] {logging_mixin.py:188} INFO - [2026-04-17T03:59:47.146+0000] {dagbag.py:545} INFO - Filling up the DagBag from /opt/airflow/dags/ingest.py
[2026-04-17T03:59:47.173+0000] {processor.py:840} INFO - DAG(s) 'ingest_pipeline' retrieved from /opt/airflow/dags/ingest.py
[2026-04-17T03:59:47.202+0000] {logging_mixin.py:188} INFO - [2026-04-17T03:59:47.202+0000] {dag.py:3096} INFO - Sync 1 DAGs
[2026-04-17T03:59:47.224+0000] {logging_mixin.py:188} INFO - [2026-04-17T03:59:47.224+0000] {dag.py:3954} INFO - Setting next_dagrun for ingest_pipeline to 2026-04-17 00:00:00+00:00, run_after=2026-04-18 00:00:00+00:00
[2026-04-17T03:59:47.250+0000] {processor.py:183} INFO - Processing /opt/airflow/dags/ingest.py took 0.116 seconds
[2026-04-17T04:00:17.814+0000] {processor.py:161} INFO - Started process (PID=580) to work on /opt/airflow/dags/ingest.py
[2026-04-17T04:00:17.818+0000] {processor.py:830} INFO - Processing file /opt/airflow/dags/ingest.py for tasks to queue
[2026-04-17T04:00:17.822+0000] {logging_mixin.py:188} INFO - [2026-04-17T04:00:17.822+0000] {dagbag.py:545} INFO - Filling up the DagBag from /opt/airflow/dags/ingest.py
[2026-04-17T04:00:17.901+0000] {processor.py:840} INFO - DAG(s) 'ingest_pipeline' retrieved from /opt/airflow/dags/ingest.py
[2026-04-17T04:00:17.944+0000] {logging_mixin.py:188} INFO - [2026-04-17T04:00:17.944+0000] {dag.py:3096} INFO - Sync 1 DAGs
[2026-04-17T04:00:17.988+0000] {logging_mixin.py:188} INFO - [2026-04-17T04:00:17.987+0000] {dag.py:3954} INFO - Setting next_dagrun for ingest_pipeline to 2026-04-17 00:00:00+00:00, run_after=2026-04-18 00:00:00+00:00
[2026-04-17T04:00:18.029+0000] {processor.py:183} INFO - Processing /opt/airflow/dags/ingest.py took 0.225 seconds
[2026-04-17T04:00:48.743+0000] {processor.py:161} INFO - Started process (PID=590) to work on /opt/airflow/dags/ingest.py
[2026-04-17T04:00:48.744+0000] {processor.py:830} INFO - Processing file /opt/airflow/dags/ingest.py for tasks to queue
[2026-04-17T04:00:48.747+0000] {logging_mixin.py:188} INFO - [2026-04-17T04:00:48.746+0000] {dagbag.py:545} INFO - Filling up the DagBag from /opt/airflow/dags/ingest.py
[2026-04-17T04:00:48.801+0000] {processor.py:840} INFO - DAG(s) 'ingest_pipeline' retrieved from /opt/airflow/dags/ingest.py
[2026-04-17T04:00:48.832+0000] {logging_mixin.py:188} INFO - [2026-04-17T04:00:48.832+0000] {dag.py:3096} INFO - Sync 1 DAGs
[2026-04-17T04:00:48.859+0000] {logging_mixin.py:188} INFO - [2026-04-17T04:00:48.859+0000] {dag.py:3954} INFO - Setting next_dagrun for ingest_pipeline to 2026-04-17 00:00:00+00:00, run_after=2026-04-18 00:00:00+00:00
[2026-04-17T04:00:48.886+0000] {processor.py:183} INFO - Processing /opt/airflow/dags/ingest.py took 0.150 seconds
[2026-04-17T04:01:19.421+0000] {processor.py:161} INFO - Started process (PID=600) to work on /opt/airflow/dags/ingest.py
[2026-04-17T04:01:19.423+0000] {processor.py:830} INFO - Processing file /opt/airflow/dags/ingest.py for tasks to queue
[2026-04-17T04:01:19.426+0000] {logging_mixin.py:188} INFO - [2026-04-17T04:01:19.425+0000] {dagbag.py:545} INFO - Filling up the DagBag from /opt/airflow/dags/ingest.py
[2026-04-17T04:01:19.474+0000] {processor.py:840} INFO - DAG(s) 'ingest_pipeline' retrieved from /opt/airflow/dags/ingest.py
[2026-04-17T04:01:19.513+0000] {logging_mixin.py:188} INFO - [2026-04-17T04:01:19.513+0000] {dag.py:3096} INFO - Sync 1 DAGs
[2026-04-17T04:01:19.538+0000] {logging_mixin.py:188} INFO - [2026-04-17T04:01:19.538+0000] {dag.py:3954} INFO - Setting next_dagrun for ingest_pipeline to 2026-04-17 00:00:00+00:00, run_after=2026-04-18 00:00:00+00:00
[2026-04-17T04:01:19.570+0000] {processor.py:183} INFO - Processing /opt/airflow/dags/ingest.py took 0.157 seconds
[2026-04-17T04:01:50.105+0000] {processor.py:161} INFO - Started process (PID=610) to work on /opt/airflow/dags/ingest.py
[2026-04-17T04:01:50.107+0000] {processor.py:830} INFO - Processing file /opt/airflow/dags/ingest.py for tasks to queue
[2026-04-17T04:01:50.111+0000] {logging_mixin.py:188} INFO - [2026-04-17T04:01:50.110+0000] {dagbag.py:545} INFO - Filling up the DagBag from /opt/airflow/dags/ingest.py
[2026-04-17T04:01:50.163+0000] {processor.py:840} INFO - DAG(s) 'ingest_pipeline' retrieved from /opt/airflow/dags/ingest.py
[2026-04-17T04:01:50.199+0000] {logging_mixin.py:188} INFO - [2026-04-17T04:01:50.199+0000] {dag.py:3096} INFO - Sync 1 DAGs
[2026-04-17T04:01:50.223+0000] {logging_mixin.py:188} INFO - [2026-04-17T04:01:50.223+0000] {dag.py:3954} INFO - Setting next_dagrun for ingest_pipeline to 2026-04-17 00:00:00+00:00, run_after=2026-04-18 00:00:00+00:00
[2026-04-17T04:01:50.308+0000] {processor.py:183} INFO - Processing /opt/airflow/dags/ingest.py took 0.213 seconds
[2026-04-17T04:02:20.676+0000] {processor.py:161} INFO - Started process (PID=620) to work on /opt/airflow/dags/ingest.py
[2026-04-17T04:02:20.677+0000] {processor.py:830} INFO - Processing file /opt/airflow/dags/ingest.py for tasks to queue
[2026-04-17T04:02:20.679+0000] {logging_mixin.py:188} INFO - [2026-04-17T04:02:20.679+0000] {dagbag.py:545} INFO - Filling up the DagBag from /opt/airflow/dags/ingest.py
[2026-04-17T04:02:20.705+0000] {processor.py:840} INFO - DAG(s) 'ingest_pipeline' retrieved from /opt/airflow/dags/ingest.py
[2026-04-17T04:02:20.735+0000] {logging_mixin.py:188} INFO - [2026-04-17T04:02:20.735+0000] {dag.py:3096} INFO - Sync 1 DAGs
[2026-04-17T04:02:20.757+0000] {logging_mixin.py:188} INFO - [2026-04-17T04:02:20.757+0000] {dag.py:3954} INFO - Setting next_dagrun for ingest_pipeline to 2026-04-17 00:00:00+00:00, run_after=2026-04-18 00:00:00+00:00
[2026-04-17T04:02:20.781+0000] {processor.py:183} INFO - Processing /opt/airflow/dags/ingest.py took 0.112 seconds
[2026-04-17T04:02:41.134+0000] {processor.py:161} INFO - Started process (PID=630) to work on /opt/airflow/dags/ingest.py
[2026-04-17T04:02:41.136+0000] {processor.py:830} INFO - Processing file /opt/airflow/dags/ingest.py for tasks to queue
[2026-04-17T04:02:41.138+0000] {logging_mixin.py:188} INFO - [2026-04-17T04:02:41.138+0000] {dagbag.py:545} INFO - Filling up the DagBag from /opt/airflow/dags/ingest.py
[2026-04-17T04:02:41.195+0000] {processor.py:840} INFO - DAG(s) 'ingest_pipeline' retrieved from /opt/airflow/dags/ingest.py
[2026-04-17T04:02:41.231+0000] {logging_mixin.py:188} INFO - [2026-04-17T04:02:41.231+0000] {dag.py:3096} INFO - Sync 1 DAGs
[2026-04-17T04:02:41.259+0000] {logging_mixin.py:188} INFO - [2026-04-17T04:02:41.259+0000] {dag.py:3954} INFO - Setting next_dagrun for ingest_pipeline to 2026-04-17 00:00:00+00:00, run_after=2026-04-18 00:00:00+00:00
[2026-04-17T04:02:41.292+0000] {processor.py:183} INFO - Processing /opt/airflow/dags/ingest.py took 0.165 seconds
[2026-04-17T04:03:11.630+0000] {processor.py:161} INFO - Started process (PID=640) to work on /opt/airflow/dags/ingest.py
[2026-04-17T04:03:11.632+0000] {processor.py:830} INFO - Processing file /opt/airflow/dags/ingest.py for tasks to queue
[2026-04-17T04:03:11.634+0000] {logging_mixin.py:188} INFO - [2026-04-17T04:03:11.634+0000] {dagbag.py:545} INFO - Filling up the DagBag from /opt/airflow/dags/ingest.py
[2026-04-17T04:03:11.713+0000] {processor.py:840} INFO - DAG(s) 'ingest_pipeline' retrieved from /opt/airflow/dags/ingest.py
[2026-04-17T04:03:11.753+0000] {logging_mixin.py:188} INFO - [2026-04-17T04:03:11.752+0000] {dag.py:3096} INFO - Sync 1 DAGs
[2026-04-17T04:03:11.777+0000] {logging_mixin.py:188} INFO - [2026-04-17T04:03:11.777+0000] {dag.py:3954} INFO - Setting next_dagrun for ingest_pipeline to 2026-04-17 00:00:00+00:00, run_after=2026-04-18 00:00:00+00:00
[2026-04-17T04:03:11.807+0000] {processor.py:183} INFO - Processing /opt/airflow/dags/ingest.py took 0.184 seconds
[2026-04-17T04:03:20.842+0000] {processor.py:161} INFO - Started process (PID=645) to work on /opt/airflow/dags/ingest.py
[2026-04-17T04:03:20.845+0000] {processor.py:830} INFO - Processing file /opt/airflow/dags/ingest.py for tasks to queue
[2026-04-17T04:03:20.848+0000] {logging_mixin.py:188} INFO - [2026-04-17T04:03:20.847+0000] {dagbag.py:545} INFO - Filling up the DagBag from /opt/airflow/dags/ingest.py
[2026-04-17T04:03:20.918+0000] {processor.py:840} INFO - DAG(s) 'ingest_pipeline' retrieved from /opt/airflow/dags/ingest.py
[2026-04-17T04:03:21.142+0000] {logging_mixin.py:188} INFO - [2026-04-17T04:03:21.141+0000] {dag.py:3096} INFO - Sync 1 DAGs
[2026-04-17T04:03:21.171+0000] {logging_mixin.py:188} INFO - [2026-04-17T04:03:21.170+0000] {dag.py:3954} INFO - Setting next_dagrun for ingest_pipeline to 2026-04-17 00:00:00+00:00, run_after=2026-04-18 00:00:00+00:00
[2026-04-17T04:03:21.205+0000] {processor.py:183} INFO - Processing /opt/airflow/dags/ingest.py took 0.373 seconds
[2026-04-17T04:03:24.373+0000] {processor.py:161} INFO - Started process (PID=655) to work on /opt/airflow/dags/ingest.py
[2026-04-17T04:03:24.375+0000] {processor.py:830} INFO - Processing file /opt/airflow/dags/ingest.py for tasks to queue
[2026-04-17T04:03:24.378+0000] {logging_mixin.py:188} INFO - [2026-04-17T04:03:24.377+0000] {dagbag.py:545} INFO - Filling up the DagBag from /opt/airflow/dags/ingest.py
[2026-04-17T04:03:24.450+0000] {processor.py:840} INFO - DAG(s) 'ingest_pipeline' retrieved from /opt/airflow/dags/ingest.py
[2026-04-17T04:03:24.470+0000] {logging_mixin.py:188} INFO - [2026-04-17T04:03:24.470+0000] {dag.py:3096} INFO - Sync 1 DAGs
[2026-04-17T04:03:24.497+0000] {logging_mixin.py:188} INFO - [2026-04-17T04:03:24.497+0000] {dag.py:3954} INFO - Setting next_dagrun for ingest_pipeline to 2026-04-17 00:00:00+00:00, run_after=2026-04-18 00:00:00+00:00
[2026-04-17T04:03:24.543+0000] {processor.py:183} INFO - Processing /opt/airflow/dags/ingest.py took 0.179 seconds
[2026-04-17T04:03:54.863+0000] {processor.py:161} INFO - Started process (PID=665) to work on /opt/airflow/dags/ingest.py
[2026-04-17T04:03:54.864+0000] {processor.py:830} INFO - Processing file /opt/airflow/dags/ingest.py for tasks to queue
[2026-04-17T04:03:54.867+0000] {logging_mixin.py:188} INFO - [2026-04-17T04:03:54.866+0000] {dagbag.py:545} INFO - Filling up the DagBag from /opt/airflow/dags/ingest.py
[2026-04-17T04:03:54.907+0000] {processor.py:840} INFO - DAG(s) 'ingest_pipeline' retrieved from /opt/airflow/dags/ingest.py
[2026-04-17T04:03:54.963+0000] {logging_mixin.py:188} INFO - [2026-04-17T04:03:54.963+0000] {dag.py:3096} INFO - Sync 1 DAGs
[2026-04-17T04:03:54.995+0000] {logging_mixin.py:188} INFO - [2026-04-17T04:03:54.994+0000] {dag.py:3954} INFO - Setting next_dagrun for ingest_pipeline to 2026-04-17 00:00:00+00:00, run_after=2026-04-18 00:00:00+00:00
[2026-04-17T04:03:55.031+0000] {processor.py:183} INFO - Processing /opt/airflow/dags/ingest.py took 0.175 seconds
[2026-04-17T04:04:25.789+0000] {processor.py:161} INFO - Started process (PID=675) to work on /opt/airflow/dags/ingest.py
[2026-04-17T04:04:25.791+0000] {processor.py:830} INFO - Processing file /opt/airflow/dags/ingest.py for tasks to queue
[2026-04-17T04:04:25.793+0000] {logging_mixin.py:188} INFO - [2026-04-17T04:04:25.793+0000] {dagbag.py:545} INFO - Filling up the DagBag from /opt/airflow/dags/ingest.py
[2026-04-17T04:04:25.846+0000] {processor.py:840} INFO - DAG(s) 'ingest_pipeline' retrieved from /opt/airflow/dags/ingest.py
[2026-04-17T04:04:25.896+0000] {logging_mixin.py:188} INFO - [2026-04-17T04:04:25.896+0000] {dag.py:3096} INFO - Sync 1 DAGs
[2026-04-17T04:04:25.932+0000] {logging_mixin.py:188} INFO - [2026-04-17T04:04:25.931+0000] {dag.py:3954} INFO - Setting next_dagrun for ingest_pipeline to 2026-04-17 00:00:00+00:00, run_after=2026-04-18 00:00:00+00:00
[2026-04-17T04:04:25.965+0000] {processor.py:183} INFO - Processing /opt/airflow/dags/ingest.py took 0.184 seconds
[2026-04-17T04:04:56.316+0000] {processor.py:161} INFO - Started process (PID=694) to work on /opt/airflow/dags/ingest.py
[2026-04-17T04:04:56.319+0000] {processor.py:830} INFO - Processing file /opt/airflow/dags/ingest.py for tasks to queue
[2026-04-17T04:04:56.324+0000] {logging_mixin.py:188} INFO - [2026-04-17T04:04:56.323+0000] {dagbag.py:545} INFO - Filling up the DagBag from /opt/airflow/dags/ingest.py
[2026-04-17T04:04:56.387+0000] {processor.py:840} INFO - DAG(s) 'ingest_pipeline' retrieved from /opt/airflow/dags/ingest.py
[2026-04-17T04:04:56.425+0000] {logging_mixin.py:188} INFO - [2026-04-17T04:04:56.425+0000] {dag.py:3096} INFO - Sync 1 DAGs
[2026-04-17T04:04:56.447+0000] {logging_mixin.py:188} INFO - [2026-04-17T04:04:56.447+0000] {dag.py:3954} INFO - Setting next_dagrun for ingest_pipeline to 2026-04-17 00:00:00+00:00, run_after=2026-04-18 00:00:00+00:00
[2026-04-17T04:04:56.496+0000] {processor.py:183} INFO - Processing /opt/airflow/dags/ingest.py took 0.191 seconds
[2026-04-17T04:05:26.994+0000] {processor.py:161} INFO - Started process (PID=712) to work on /opt/airflow/dags/ingest.py
[2026-04-17T04:05:26.996+0000] {processor.py:830} INFO - Processing file /opt/airflow/dags/ingest.py for tasks to queue
[2026-04-17T04:05:26.999+0000] {logging_mixin.py:188} INFO - [2026-04-17T04:05:26.999+0000] {dagbag.py:545} INFO - Filling up the DagBag from /opt/airflow/dags/ingest.py
[2026-04-17T04:05:27.055+0000] {processor.py:840} INFO - DAG(s) 'ingest_pipeline' retrieved from /opt/airflow/dags/ingest.py
[2026-04-17T04:05:27.096+0000] {logging_mixin.py:188} INFO - [2026-04-17T04:05:27.095+0000] {dag.py:3096} INFO - Sync 1 DAGs
[2026-04-17T04:05:27.121+0000] {logging_mixin.py:188} INFO - [2026-04-17T04:05:27.120+0000] {dag.py:3954} INFO - Setting next_dagrun for ingest_pipeline to 2026-04-17 00:00:00+00:00, run_after=2026-04-18 00:00:00+00:00
[2026-04-17T04:05:27.175+0000] {processor.py:183} INFO - Processing /opt/airflow/dags/ingest.py took 0.190 seconds
[2026-04-17T04:05:57.442+0000] {processor.py:161} INFO - Started process (PID=743) to work on /opt/airflow/dags/ingest.py
[2026-04-17T04:05:57.444+0000] {processor.py:830} INFO - Processing file /opt/airflow/dags/ingest.py for tasks to queue
[2026-04-17T04:05:57.446+0000] {logging_mixin.py:188} INFO - [2026-04-17T04:05:57.446+0000] {dagbag.py:545} INFO - Filling up the DagBag from /opt/airflow/dags/ingest.py
[2026-04-17T04:05:57.469+0000] {processor.py:840} INFO - DAG(s) 'ingest_pipeline' retrieved from /opt/airflow/dags/ingest.py
[2026-04-17T04:05:57.504+0000] {logging_mixin.py:188} INFO - [2026-04-17T04:05:57.504+0000] {dag.py:3096} INFO - Sync 1 DAGs
[2026-04-17T04:05:57.527+0000] {logging_mixin.py:188} INFO - [2026-04-17T04:05:57.527+0000] {dag.py:3954} INFO - Setting next_dagrun for ingest_pipeline to 2026-04-17 00:00:00+00:00, run_after=2026-04-18 00:00:00+00:00
[2026-04-17T04:05:57.549+0000] {processor.py:183} INFO - Processing /opt/airflow/dags/ingest.py took 0.113 seconds
[2026-04-17T04:06:28.062+0000] {processor.py:161} INFO - Started process (PID=762) to work on /opt/airflow/dags/ingest.py
[2026-04-17T04:06:28.064+0000] {processor.py:830} INFO - Processing file /opt/airflow/dags/ingest.py for tasks to queue
[2026-04-17T04:06:28.067+0000] {logging_mixin.py:188} INFO - [2026-04-17T04:06:28.066+0000] {dagbag.py:545} INFO - Filling up the DagBag from /opt/airflow/dags/ingest.py
[2026-04-17T04:06:28.111+0000] {processor.py:840} INFO - DAG(s) 'ingest_pipeline' retrieved from /opt/airflow/dags/ingest.py
[2026-04-17T04:06:28.155+0000] {logging_mixin.py:188} INFO - [2026-04-17T04:06:28.155+0000] {dag.py:3096} INFO - Sync 1 DAGs
[2026-04-17T04:06:28.182+0000] {logging_mixin.py:188} INFO - [2026-04-17T04:06:28.181+0000] {dag.py:3954} INFO - Setting next_dagrun for ingest_pipeline to 2026-04-17 00:00:00+00:00, run_after=2026-04-18 00:00:00+00:00
[2026-04-17T04:06:28.213+0000] {processor.py:183} INFO - Processing /opt/airflow/dags/ingest.py took 0.160 seconds
[2026-04-17T04:08:47.880+0000] {processor.py:161} INFO - Started process (PID=334) to work on /opt/airflow/dags/ingest.py
[2026-04-17T04:08:47.882+0000] {processor.py:830} INFO - Processing file /opt/airflow/dags/ingest.py for tasks to queue
[2026-04-17T04:08:47.885+0000] {logging_mixin.py:188} INFO - [2026-04-17T04:08:47.885+0000] {dagbag.py:545} INFO - Filling up the DagBag from /opt/airflow/dags/ingest.py
[2026-04-17T04:08:47.948+0000] {processor.py:840} INFO - DAG(s) 'ingest_pipeline' retrieved from /opt/airflow/dags/ingest.py
[2026-04-17T04:08:48.108+0000] {logging_mixin.py:188} INFO - [2026-04-17T04:08:48.108+0000] {override.py:1829} INFO - Created Permission View: can delete on DAG:ingest_pipeline
[2026-04-17T04:08:48.121+0000] {logging_mixin.py:188} INFO - [2026-04-17T04:08:48.121+0000] {override.py:1829} INFO - Created Permission View: can edit on DAG:ingest_pipeline
[2026-04-17T04:08:48.130+0000] {logging_mixin.py:188} INFO - [2026-04-17T04:08:48.130+0000] {override.py:1829} INFO - Created Permission View: can read on DAG:ingest_pipeline
[2026-04-17T04:08:48.131+0000] {logging_mixin.py:188} INFO - [2026-04-17T04:08:48.131+0000] {dag.py:3096} INFO - Sync 1 DAGs
[2026-04-17T04:08:48.144+0000] {logging_mixin.py:188} INFO - [2026-04-17T04:08:48.144+0000] {dag.py:3118} INFO - Creating ORM DAG for ingest_pipeline
[2026-04-17T04:08:48.160+0000] {logging_mixin.py:188} INFO - [2026-04-17T04:08:48.160+0000] {dag.py:3954} INFO - Setting next_dagrun for ingest_pipeline to 2026-04-16 00:00:00+00:00, run_after=2026-04-17 00:00:00+00:00
[2026-04-17T04:08:48.193+0000] {processor.py:183} INFO - Processing /opt/airflow/dags/ingest.py took 0.323 seconds
[2026-04-17T04:09:18.462+0000] {processor.py:161} INFO - Started process (PID=375) to work on /opt/airflow/dags/ingest.py
[2026-04-17T04:09:18.463+0000] {processor.py:830} INFO - Processing file /opt/airflow/dags/ingest.py for tasks to queue
[2026-04-17T04:09:18.465+0000] {logging_mixin.py:188} INFO - [2026-04-17T04:09:18.465+0000] {dagbag.py:545} INFO - Filling up the DagBag from /opt/airflow/dags/ingest.py
[2026-04-17T04:09:18.494+0000] {processor.py:840} INFO - DAG(s) 'ingest_pipeline' retrieved from /opt/airflow/dags/ingest.py
[2026-04-17T04:09:18.527+0000] {logging_mixin.py:188} INFO - [2026-04-17T04:09:18.526+0000] {dag.py:3096} INFO - Sync 1 DAGs
[2026-04-17T04:09:18.553+0000] {logging_mixin.py:188} INFO - [2026-04-17T04:09:18.553+0000] {dag.py:3954} INFO - Setting next_dagrun for ingest_pipeline to 2026-04-16 00:00:00+00:00, run_after=2026-04-17 00:00:00+00:00
[2026-04-17T04:09:18.577+0000] {processor.py:183} INFO - Processing /opt/airflow/dags/ingest.py took 0.121 seconds
[2026-04-17T04:09:49.200+0000] {processor.py:161} INFO - Started process (PID=385) to work on /opt/airflow/dags/ingest.py
[2026-04-17T04:09:49.202+0000] {processor.py:830} INFO - Processing file /opt/airflow/dags/ingest.py for tasks to queue
[2026-04-17T04:09:49.206+0000] {logging_mixin.py:188} INFO - [2026-04-17T04:09:49.205+0000] {dagbag.py:545} INFO - Filling up the DagBag from /opt/airflow/dags/ingest.py
[2026-04-17T04:09:49.249+0000] {processor.py:840} INFO - DAG(s) 'ingest_pipeline' retrieved from /opt/airflow/dags/ingest.py
[2026-04-17T04:09:49.281+0000] {logging_mixin.py:188} INFO - [2026-04-17T04:09:49.281+0000] {dag.py:3096} INFO - Sync 1 DAGs
[2026-04-17T04:09:49.306+0000] {logging_mixin.py:188} INFO - [2026-04-17T04:09:49.306+0000] {dag.py:3954} INFO - Setting next_dagrun for ingest_pipeline to 2026-04-16 00:00:00+00:00, run_after=2026-04-17 00:00:00+00:00
[2026-04-17T04:09:49.336+0000] {processor.py:183} INFO - Processing /opt/airflow/dags/ingest.py took 0.145 seconds
[2026-04-17T04:10:19.877+0000] {processor.py:161} INFO - Started process (PID=395) to work on /opt/airflow/dags/ingest.py
[2026-04-17T04:10:19.879+0000] {processor.py:830} INFO - Processing file /opt/airflow/dags/ingest.py for tasks to queue
[2026-04-17T04:10:19.883+0000] {logging_mixin.py:188} INFO - [2026-04-17T04:10:19.882+0000] {dagbag.py:545} INFO - Filling up the DagBag from /opt/airflow/dags/ingest.py
[2026-04-17T04:10:19.929+0000] {processor.py:840} INFO - DAG(s) 'ingest_pipeline' retrieved from /opt/airflow/dags/ingest.py
[2026-04-17T04:10:19.980+0000] {logging_mixin.py:188} INFO - [2026-04-17T04:10:19.980+0000] {dag.py:3096} INFO - Sync 1 DAGs
[2026-04-17T04:10:20.003+0000] {logging_mixin.py:188} INFO - [2026-04-17T04:10:20.003+0000] {dag.py:3954} INFO - Setting next_dagrun for ingest_pipeline to 2026-04-16 00:00:00+00:00, run_after=2026-04-17 00:00:00+00:00
[2026-04-17T04:10:20.027+0000] {processor.py:183} INFO - Processing /opt/airflow/dags/ingest.py took 0.158 seconds
[2026-04-17T04:10:50.624+0000] {processor.py:161} INFO - Started process (PID=405) to work on /opt/airflow/dags/ingest.py
[2026-04-17T04:10:50.625+0000] {processor.py:830} INFO - Processing file /opt/airflow/dags/ingest.py for tasks to queue
[2026-04-17T04:10:50.628+0000] {logging_mixin.py:188} INFO - [2026-04-17T04:10:50.627+0000] {dagbag.py:545} INFO - Filling up the DagBag from /opt/airflow/dags/ingest.py
[2026-04-17T04:10:50.654+0000] {processor.py:840} INFO - DAG(s) 'ingest_pipeline' retrieved from /opt/airflow/dags/ingest.py
[2026-04-17T04:10:50.683+0000] {logging_mixin.py:188} INFO - [2026-04-17T04:10:50.682+0000] {dag.py:3096} INFO - Sync 1 DAGs
[2026-04-17T04:10:50.704+0000] {logging_mixin.py:188} INFO - [2026-04-17T04:10:50.704+0000] {dag.py:3954} INFO - Setting next_dagrun for ingest_pipeline to 2026-04-16 00:00:00+00:00, run_after=2026-04-17 00:00:00+00:00
[2026-04-17T04:10:50.725+0000] {processor.py:183} INFO - Processing /opt/airflow/dags/ingest.py took 0.108 seconds
[2026-04-17T04:11:21.224+0000] {processor.py:161} INFO - Started process (PID=415) to work on /opt/airflow/dags/ingest.py
[2026-04-17T04:11:21.226+0000] {processor.py:830} INFO - Processing file /opt/airflow/dags/ingest.py for tasks to queue
[2026-04-17T04:11:21.229+0000] {logging_mixin.py:188} INFO - [2026-04-17T04:11:21.229+0000] {dagbag.py:545} INFO - Filling up the DagBag from /opt/airflow/dags/ingest.py
[2026-04-17T04:11:21.278+0000] {processor.py:840} INFO - DAG(s) 'ingest_pipeline' retrieved from /opt/airflow/dags/ingest.py
[2026-04-17T04:11:21.321+0000] {logging_mixin.py:188} INFO - [2026-04-17T04:11:21.320+0000] {dag.py:3096} INFO - Sync 1 DAGs
[2026-04-17T04:11:21.349+0000] {logging_mixin.py:188} INFO - [2026-04-17T04:11:21.349+0000] {dag.py:3954} INFO - Setting next_dagrun for ingest_pipeline to 2026-04-16 00:00:00+00:00, run_after=2026-04-17 00:00:00+00:00
[2026-04-17T04:11:21.378+0000] {processor.py:183} INFO - Processing /opt/airflow/dags/ingest.py took 0.163 seconds
[2026-04-17T04:11:51.757+0000] {processor.py:161} INFO - Started process (PID=425) to work on /opt/airflow/dags/ingest.py
[2026-04-17T04:11:51.758+0000] {processor.py:830} INFO - Processing file /opt/airflow/dags/ingest.py for tasks to queue
[2026-04-17T04:11:51.761+0000] {logging_mixin.py:188} INFO - [2026-04-17T04:11:51.760+0000] {dagbag.py:545} INFO - Filling up the DagBag from /opt/airflow/dags/ingest.py
[2026-04-17T04:11:51.804+0000] {processor.py:840} INFO - DAG(s) 'ingest_pipeline' retrieved from /opt/airflow/dags/ingest.py
[2026-04-17T04:11:51.848+0000] {logging_mixin.py:188} INFO - [2026-04-17T04:11:51.848+0000] {dag.py:3096} INFO - Sync 1 DAGs
[2026-04-17T04:11:51.878+0000] {logging_mixin.py:188} INFO - [2026-04-17T04:11:51.878+0000] {dag.py:3954} INFO - Setting next_dagrun for ingest_pipeline to 2026-04-16 00:00:00+00:00, run_after=2026-04-17 00:00:00+00:00
[2026-04-17T04:11:51.908+0000] {processor.py:183} INFO - Processing /opt/airflow/dags/ingest.py took 0.159 seconds
[2026-04-17T04:12:22.320+0000] {processor.py:161} INFO - Started process (PID=435) to work on /opt/airflow/dags/ingest.py
[2026-04-17T04:12:22.322+0000] {processor.py:830} INFO - Processing file /opt/airflow/dags/ingest.py for tasks to queue
[2026-04-17T04:12:22.324+0000] {logging_mixin.py:188} INFO - [2026-04-17T04:12:22.324+0000] {dagbag.py:545} INFO - Filling up the DagBag from /opt/airflow/dags/ingest.py
[2026-04-17T04:12:22.366+0000] {processor.py:840} INFO - DAG(s) 'ingest_pipeline' retrieved from /opt/airflow/dags/ingest.py
[2026-04-17T04:12:22.398+0000] {logging_mixin.py:188} INFO - [2026-04-17T04:12:22.397+0000] {dag.py:3096} INFO - Sync 1 DAGs
[2026-04-17T04:12:22.421+0000] {logging_mixin.py:188} INFO - [2026-04-17T04:12:22.420+0000] {dag.py:3954} INFO - Setting next_dagrun for ingest_pipeline to 2026-04-16 00:00:00+00:00, run_after=2026-04-17 00:00:00+00:00
[2026-04-17T04:12:22.444+0000] {processor.py:183} INFO - Processing /opt/airflow/dags/ingest.py took 0.131 seconds
[2026-04-17T04:12:52.934+0000] {processor.py:161} INFO - Started process (PID=445) to work on /opt/airflow/dags/ingest.py
[2026-04-17T04:12:52.936+0000] {processor.py:830} INFO - Processing file /opt/airflow/dags/ingest.py for tasks to queue
[2026-04-17T04:12:52.938+0000] {logging_mixin.py:188} INFO - [2026-04-17T04:12:52.938+0000] {dagbag.py:545} INFO - Filling up the DagBag from /opt/airflow/dags/ingest.py
[2026-04-17T04:12:52.974+0000] {processor.py:840} INFO - DAG(s) 'ingest_pipeline' retrieved from /opt/airflow/dags/ingest.py
[2026-04-17T04:12:53.010+0000] {logging_mixin.py:188} INFO - [2026-04-17T04:12:53.010+0000] {dag.py:3096} INFO - Sync 1 DAGs
[2026-04-17T04:12:53.032+0000] {logging_mixin.py:188} INFO - [2026-04-17T04:12:53.031+0000] {dag.py:3954} INFO - Setting next_dagrun for ingest_pipeline to 2026-04-16 00:00:00+00:00, run_after=2026-04-17 00:00:00+00:00
[2026-04-17T04:12:53.054+0000] {processor.py:183} INFO - Processing /opt/airflow/dags/ingest.py took 0.127 seconds
[2026-04-17T04:13:23.480+0000] {processor.py:161} INFO - Started process (PID=455) to work on /opt/airflow/dags/ingest.py
[2026-04-17T04:13:23.483+0000] {processor.py:830} INFO - Processing file /opt/airflow/dags/ingest.py for tasks to queue
[2026-04-17T04:13:23.486+0000] {logging_mixin.py:188} INFO - [2026-04-17T04:13:23.486+0000] {dagbag.py:545} INFO - Filling up the DagBag from /opt/airflow/dags/ingest.py
[2026-04-17T04:13:23.523+0000] {processor.py:840} INFO - DAG(s) 'ingest_pipeline' retrieved from /opt/airflow/dags/ingest.py
[2026-04-17T04:13:23.557+0000] {logging_mixin.py:188} INFO - [2026-04-17T04:13:23.556+0000] {dag.py:3096} INFO - Sync 1 DAGs
[2026-04-17T04:13:23.579+0000] {logging_mixin.py:188} INFO - [2026-04-17T04:13:23.579+0000] {dag.py:3954} INFO - Setting next_dagrun for ingest_pipeline to 2026-04-16 00:00:00+00:00, run_after=2026-04-17 00:00:00+00:00
[2026-04-17T04:13:23.603+0000] {processor.py:183} INFO - Processing /opt/airflow/dags/ingest.py took 0.130 seconds
[2026-04-17T04:13:54.183+0000] {processor.py:161} INFO - Started process (PID=466) to work on /opt/airflow/dags/ingest.py
[2026-04-17T04:13:54.184+0000] {processor.py:830} INFO - Processing file /opt/airflow/dags/ingest.py for tasks to queue
[2026-04-17T04:13:54.187+0000] {logging_mixin.py:188} INFO - [2026-04-17T04:13:54.186+0000] {dagbag.py:545} INFO - Filling up the DagBag from /opt/airflow/dags/ingest.py
[2026-04-17T04:13:54.226+0000] {processor.py:840} INFO - DAG(s) 'ingest_pipeline' retrieved from /opt/airflow/dags/ingest.py
[2026-04-17T04:13:54.258+0000] {logging_mixin.py:188} INFO - [2026-04-17T04:13:54.258+0000] {dag.py:3096} INFO - Sync 1 DAGs
[2026-04-17T04:13:54.282+0000] {logging_mixin.py:188} INFO - [2026-04-17T04:13:54.282+0000] {dag.py:3954} INFO - Setting next_dagrun for ingest_pipeline to 2026-04-16 00:00:00+00:00, run_after=2026-04-17 00:00:00+00:00
[2026-04-17T04:13:54.325+0000] {processor.py:183} INFO - Processing /opt/airflow/dags/ingest.py took 0.149 seconds
[2026-04-17T04:14:24.734+0000] {processor.py:161} INFO - Started process (PID=493) to work on /opt/airflow/dags/ingest.py
[2026-04-17T04:14:24.735+0000] {processor.py:830} INFO - Processing file /opt/airflow/dags/ingest.py for tasks to queue
[2026-04-17T04:14:24.737+0000] {logging_mixin.py:188} INFO - [2026-04-17T04:14:24.737+0000] {dagbag.py:545} INFO - Filling up the DagBag from /opt/airflow/dags/ingest.py
[2026-04-17T04:14:24.776+0000] {processor.py:840} INFO - DAG(s) 'ingest_pipeline' retrieved from /opt/airflow/dags/ingest.py
[2026-04-17T04:14:24.805+0000] {logging_mixin.py:188} INFO - [2026-04-17T04:14:24.805+0000] {dag.py:3096} INFO - Sync 1 DAGs
[2026-04-17T04:14:24.828+0000] {logging_mixin.py:188} INFO - [2026-04-17T04:14:24.828+0000] {dag.py:3954} INFO - Setting next_dagrun for ingest_pipeline to 2026-04-17 00:00:00+00:00, run_after=2026-04-18 00:00:00+00:00
[2026-04-17T04:14:24.857+0000] {processor.py:183} INFO - Processing /opt/airflow/dags/ingest.py took 0.129 seconds
[2026-04-17T04:14:55.282+0000] {processor.py:161} INFO - Started process (PID=539) to work on /opt/airflow/dags/ingest.py
[2026-04-17T04:14:55.283+0000] {processor.py:830} INFO - Processing file /opt/airflow/dags/ingest.py for tasks to queue
[2026-04-17T04:14:55.286+0000] {logging_mixin.py:188} INFO - [2026-04-17T04:14:55.286+0000] {dagbag.py:545} INFO - Filling up the DagBag from /opt/airflow/dags/ingest.py
[2026-04-17T04:14:55.339+0000] {processor.py:840} INFO - DAG(s) 'ingest_pipeline' retrieved from /opt/airflow/dags/ingest.py
[2026-04-17T04:14:55.390+0000] {logging_mixin.py:188} INFO - [2026-04-17T04:14:55.389+0000] {dag.py:3096} INFO - Sync 1 DAGs
[2026-04-17T04:14:55.432+0000] {logging_mixin.py:188} INFO - [2026-04-17T04:14:55.432+0000] {dag.py:3954} INFO - Setting next_dagrun for ingest_pipeline to 2026-04-17 00:00:00+00:00, run_after=2026-04-18 00:00:00+00:00
[2026-04-17T04:14:55.479+0000] {processor.py:183} INFO - Processing /opt/airflow/dags/ingest.py took 0.206 seconds
[2026-04-17T04:15:25.837+0000] {processor.py:161} INFO - Started process (PID=549) to work on /opt/airflow/dags/ingest.py
[2026-04-17T04:15:25.840+0000] {processor.py:830} INFO - Processing file /opt/airflow/dags/ingest.py for tasks to queue
[2026-04-17T04:15:25.843+0000] {logging_mixin.py:188} INFO - [2026-04-17T04:15:25.843+0000] {dagbag.py:545} INFO - Filling up the DagBag from /opt/airflow/dags/ingest.py
[2026-04-17T04:15:25.885+0000] {processor.py:840} INFO - DAG(s) 'ingest_pipeline' retrieved from /opt/airflow/dags/ingest.py
[2026-04-17T04:15:25.935+0000] {logging_mixin.py:188} INFO - [2026-04-17T04:15:25.934+0000] {dag.py:3096} INFO - Sync 1 DAGs
[2026-04-17T04:15:25.968+0000] {logging_mixin.py:188} INFO - [2026-04-17T04:15:25.968+0000] {dag.py:3954} INFO - Setting next_dagrun for ingest_pipeline to 2026-04-17 00:00:00+00:00, run_after=2026-04-18 00:00:00+00:00
[2026-04-17T04:15:25.999+0000] {processor.py:183} INFO - Processing /opt/airflow/dags/ingest.py took 0.170 seconds
[2026-04-17T04:15:56.386+0000] {processor.py:161} INFO - Started process (PID=559) to work on /opt/airflow/dags/ingest.py
[2026-04-17T04:15:56.388+0000] {processor.py:830} INFO - Processing file /opt/airflow/dags/ingest.py for tasks to queue
[2026-04-17T04:15:56.391+0000] {logging_mixin.py:188} INFO - [2026-04-17T04:15:56.390+0000] {dagbag.py:545} INFO - Filling up the DagBag from /opt/airflow/dags/ingest.py
[2026-04-17T04:15:56.451+0000] {processor.py:840} INFO - DAG(s) 'ingest_pipeline' retrieved from /opt/airflow/dags/ingest.py
[2026-04-17T04:15:56.490+0000] {logging_mixin.py:188} INFO - [2026-04-17T04:15:56.489+0000] {dag.py:3096} INFO - Sync 1 DAGs
[2026-04-17T04:15:56.531+0000] {logging_mixin.py:188} INFO - [2026-04-17T04:15:56.531+0000] {dag.py:3954} INFO - Setting next_dagrun for ingest_pipeline to 2026-04-17 00:00:00+00:00, run_after=2026-04-18 00:00:00+00:00
[2026-04-17T04:15:56.572+0000] {processor.py:183} INFO - Processing /opt/airflow/dags/ingest.py took 0.195 seconds
[2026-04-17T04:16:26.968+0000] {processor.py:161} INFO - Started process (PID=569) to work on /opt/airflow/dags/ingest.py
[2026-04-17T04:16:26.970+0000] {processor.py:830} INFO - Processing file /opt/airflow/dags/ingest.py for tasks to queue
[2026-04-17T04:16:26.973+0000] {logging_mixin.py:188} INFO - [2026-04-17T04:16:26.973+0000] {dagbag.py:545} INFO - Filling up the DagBag from /opt/airflow/dags/ingest.py
[2026-04-17T04:16:27.011+0000] {processor.py:840} INFO - DAG(s) 'ingest_pipeline' retrieved from /opt/airflow/dags/ingest.py
[2026-04-17T04:16:27.041+0000] {logging_mixin.py:188} INFO - [2026-04-17T04:16:27.041+0000] {dag.py:3096} INFO - Sync 1 DAGs
[2026-04-17T04:16:27.061+0000] {logging_mixin.py:188} INFO - [2026-04-17T04:16:27.061+0000] {dag.py:3954} INFO - Setting next_dagrun for ingest_pipeline to 2026-04-17 00:00:00+00:00, run_after=2026-04-18 00:00:00+00:00
[2026-04-17T04:16:27.088+0000] {processor.py:183} INFO - Processing /opt/airflow/dags/ingest.py took 0.128 seconds
[2026-04-17T04:16:57.510+0000] {processor.py:161} INFO - Started process (PID=579) to work on /opt/airflow/dags/ingest.py
[2026-04-17T04:16:57.512+0000] {processor.py:830} INFO - Processing file /opt/airflow/dags/ingest.py for tasks to queue
[2026-04-17T04:16:57.514+0000] {logging_mixin.py:188} INFO - [2026-04-17T04:16:57.514+0000] {dagbag.py:545} INFO - Filling up the DagBag from /opt/airflow/dags/ingest.py
[2026-04-17T04:16:57.548+0000] {processor.py:840} INFO - DAG(s) 'ingest_pipeline' retrieved from /opt/airflow/dags/ingest.py
[2026-04-17T04:16:57.589+0000] {logging_mixin.py:188} INFO - [2026-04-17T04:16:57.588+0000] {dag.py:3096} INFO - Sync 1 DAGs
[2026-04-17T04:16:57.613+0000] {logging_mixin.py:188} INFO - [2026-04-17T04:16:57.613+0000] {dag.py:3954} INFO - Setting next_dagrun for ingest_pipeline to 2026-04-17 00:00:00+00:00, run_after=2026-04-18 00:00:00+00:00
[2026-04-17T04:16:57.634+0000] {processor.py:183} INFO - Processing /opt/airflow/dags/ingest.py took 0.135 seconds
[2026-04-17T04:17:28.091+0000] {processor.py:161} INFO - Started process (PID=589) to work on /opt/airflow/dags/ingest.py
[2026-04-17T04:17:28.092+0000] {processor.py:830} INFO - Processing file /opt/airflow/dags/ingest.py for tasks to queue
[2026-04-17T04:17:28.096+0000] {logging_mixin.py:188} INFO - [2026-04-17T04:17:28.095+0000] {dagbag.py:545} INFO - Filling up the DagBag from /opt/airflow/dags/ingest.py
[2026-04-17T04:17:28.143+0000] {processor.py:840} INFO - DAG(s) 'ingest_pipeline' retrieved from /opt/airflow/dags/ingest.py
[2026-04-17T04:17:28.179+0000] {logging_mixin.py:188} INFO - [2026-04-17T04:17:28.178+0000] {dag.py:3096} INFO - Sync 1 DAGs
[2026-04-17T04:17:28.202+0000] {logging_mixin.py:188} INFO - [2026-04-17T04:17:28.202+0000] {dag.py:3954} INFO - Setting next_dagrun for ingest_pipeline to 2026-04-17 00:00:00+00:00, run_after=2026-04-18 00:00:00+00:00
[2026-04-17T04:17:28.224+0000] {processor.py:183} INFO - Processing /opt/airflow/dags/ingest.py took 0.141 seconds
[2026-04-17T04:17:58.698+0000] {processor.py:161} INFO - Started process (PID=599) to work on /opt/airflow/dags/ingest.py
[2026-04-17T04:17:58.699+0000] {processor.py:830} INFO - Processing file /opt/airflow/dags/ingest.py for tasks to queue
[2026-04-17T04:17:58.702+0000] {logging_mixin.py:188} INFO - [2026-04-17T04:17:58.701+0000] {dagbag.py:545} INFO - Filling up the DagBag from /opt/airflow/dags/ingest.py
[2026-04-17T04:17:58.744+0000] {processor.py:840} INFO - DAG(s) 'ingest_pipeline' retrieved from /opt/airflow/dags/ingest.py
[2026-04-17T04:17:58.783+0000] {logging_mixin.py:188} INFO - [2026-04-17T04:17:58.782+0000] {dag.py:3096} INFO - Sync 1 DAGs
[2026-04-17T04:17:58.809+0000] {logging_mixin.py:188} INFO - [2026-04-17T04:17:58.809+0000] {dag.py:3954} INFO - Setting next_dagrun for ingest_pipeline to 2026-04-17 00:00:00+00:00, run_after=2026-04-18 00:00:00+00:00
[2026-04-17T04:17:58.837+0000] {processor.py:183} INFO - Processing /opt/airflow/dags/ingest.py took 0.145 seconds
[2026-04-17T04:18:29.263+0000] {processor.py:161} INFO - Started process (PID=609) to work on /opt/airflow/dags/ingest.py
[2026-04-17T04:18:29.265+0000] {processor.py:830} INFO - Processing file /opt/airflow/dags/ingest.py for tasks to queue
[2026-04-17T04:18:29.269+0000] {logging_mixin.py:188} INFO - [2026-04-17T04:18:29.268+0000] {dagbag.py:545} INFO - Filling up the DagBag from /opt/airflow/dags/ingest.py
[2026-04-17T04:18:29.342+0000] {processor.py:840} INFO - DAG(s) 'ingest_pipeline' retrieved from /opt/airflow/dags/ingest.py
[2026-04-17T04:18:29.399+0000] {logging_mixin.py:188} INFO - [2026-04-17T04:18:29.399+0000] {dag.py:3096} INFO - Sync 1 DAGs
[2026-04-17T04:18:29.428+0000] {logging_mixin.py:188} INFO - [2026-04-17T04:18:29.428+0000] {dag.py:3954} INFO - Setting next_dagrun for ingest_pipeline to 2026-04-17 00:00:00+00:00, run_after=2026-04-18 00:00:00+00:00
[2026-04-17T04:18:29.457+0000] {processor.py:183} INFO - Processing /opt/airflow/dags/ingest.py took 0.211 seconds
[2026-04-17T04:18:59.937+0000] {processor.py:161} INFO - Started process (PID=619) to work on /opt/airflow/dags/ingest.py
[2026-04-17T04:18:59.939+0000] {processor.py:830} INFO - Processing file /opt/airflow/dags/ingest.py for tasks to queue
[2026-04-17T04:18:59.945+0000] {logging_mixin.py:188} INFO - [2026-04-17T04:18:59.944+0000] {dagbag.py:545} INFO - Filling up the DagBag from /opt/airflow/dags/ingest.py
[2026-04-17T04:18:59.996+0000] {processor.py:840} INFO - DAG(s) 'ingest_pipeline' retrieved from /opt/airflow/dags/ingest.py
[2026-04-17T04:19:00.047+0000] {logging_mixin.py:188} INFO - [2026-04-17T04:19:00.047+0000] {dag.py:3096} INFO - Sync 1 DAGs
[2026-04-17T04:19:00.086+0000] {logging_mixin.py:188} INFO - [2026-04-17T04:19:00.086+0000] {dag.py:3954} INFO - Setting next_dagrun for ingest_pipeline to 2026-04-17 00:00:00+00:00, run_after=2026-04-18 00:00:00+00:00
[2026-04-17T04:19:00.131+0000] {processor.py:183} INFO - Processing /opt/airflow/dags/ingest.py took 0.202 seconds
[2026-04-17T04:19:30.509+0000] {processor.py:161} INFO - Started process (PID=629) to work on /opt/airflow/dags/ingest.py
[2026-04-17T04:19:30.511+0000] {processor.py:830} INFO - Processing file /opt/airflow/dags/ingest.py for tasks to queue
[2026-04-17T04:19:30.515+0000] {logging_mixin.py:188} INFO - [2026-04-17T04:19:30.514+0000] {dagbag.py:545} INFO - Filling up the DagBag from /opt/airflow/dags/ingest.py
[2026-04-17T04:19:30.557+0000] {processor.py:840} INFO - DAG(s) 'ingest_pipeline' retrieved from /opt/airflow/dags/ingest.py
[2026-04-17T04:19:30.596+0000] {logging_mixin.py:188} INFO - [2026-04-17T04:19:30.596+0000] {dag.py:3096} INFO - Sync 1 DAGs
[2026-04-17T04:19:30.624+0000] {logging_mixin.py:188} INFO - [2026-04-17T04:19:30.624+0000] {dag.py:3954} INFO - Setting next_dagrun for ingest_pipeline to 2026-04-17 00:00:00+00:00, run_after=2026-04-18 00:00:00+00:00
[2026-04-17T04:19:30.653+0000] {processor.py:183} INFO - Processing /opt/airflow/dags/ingest.py took 0.152 seconds
[2026-04-17T04:20:01.062+0000] {processor.py:161} INFO - Started process (PID=639) to work on /opt/airflow/dags/ingest.py
[2026-04-17T04:20:01.064+0000] {processor.py:830} INFO - Processing file /opt/airflow/dags/ingest.py for tasks to queue
[2026-04-17T04:20:01.067+0000] {logging_mixin.py:188} INFO - [2026-04-17T04:20:01.066+0000] {dagbag.py:545} INFO - Filling up the DagBag from /opt/airflow/dags/ingest.py
[2026-04-17T04:20:01.113+0000] {processor.py:840} INFO - DAG(s) 'ingest_pipeline' retrieved from /opt/airflow/dags/ingest.py
[2026-04-17T04:20:01.149+0000] {logging_mixin.py:188} INFO - [2026-04-17T04:20:01.149+0000] {dag.py:3096} INFO - Sync 1 DAGs
[2026-04-17T04:20:01.180+0000] {logging_mixin.py:188} INFO - [2026-04-17T04:20:01.180+0000] {dag.py:3954} INFO - Setting next_dagrun for ingest_pipeline to 2026-04-17 00:00:00+00:00, run_after=2026-04-18 00:00:00+00:00
[2026-04-17T04:20:01.218+0000] {processor.py:183} INFO - Processing /opt/airflow/dags/ingest.py took 0.168 seconds
[2026-04-17T04:20:31.639+0000] {processor.py:161} INFO - Started process (PID=649) to work on /opt/airflow/dags/ingest.py
[2026-04-17T04:20:31.641+0000] {processor.py:830} INFO - Processing file /opt/airflow/dags/ingest.py for tasks to queue
[2026-04-17T04:20:31.644+0000] {logging_mixin.py:188} INFO - [2026-04-17T04:20:31.644+0000] {dagbag.py:545} INFO - Filling up the DagBag from /opt/airflow/dags/ingest.py
[2026-04-17T04:20:31.686+0000] {processor.py:840} INFO - DAG(s) 'ingest_pipeline' retrieved from /opt/airflow/dags/ingest.py
[2026-04-17T04:20:31.730+0000] {logging_mixin.py:188} INFO - [2026-04-17T04:20:31.729+0000] {dag.py:3096} INFO - Sync 1 DAGs
[2026-04-17T04:20:31.761+0000] {logging_mixin.py:188} INFO - [2026-04-17T04:20:31.761+0000] {dag.py:3954} INFO - Setting next_dagrun for ingest_pipeline to 2026-04-17 00:00:00+00:00, run_after=2026-04-18 00:00:00+00:00
[2026-04-17T04:20:31.791+0000] {processor.py:183} INFO - Processing /opt/airflow/dags/ingest.py took 0.164 seconds
[2026-04-17T04:21:02.221+0000] {processor.py:161} INFO - Started process (PID=659) to work on /opt/airflow/dags/ingest.py
[2026-04-17T04:21:02.222+0000] {processor.py:830} INFO - Processing file /opt/airflow/dags/ingest.py for tasks to queue
[2026-04-17T04:21:02.226+0000] {logging_mixin.py:188} INFO - [2026-04-17T04:21:02.225+0000] {dagbag.py:545} INFO - Filling up the DagBag from /opt/airflow/dags/ingest.py
[2026-04-17T04:21:02.278+0000] {processor.py:840} INFO - DAG(s) 'ingest_pipeline' retrieved from /opt/airflow/dags/ingest.py
[2026-04-17T04:21:02.323+0000] {logging_mixin.py:188} INFO - [2026-04-17T04:21:02.323+0000] {dag.py:3096} INFO - Sync 1 DAGs
[2026-04-17T04:21:02.352+0000] {logging_mixin.py:188} INFO - [2026-04-17T04:21:02.351+0000] {dag.py:3954} INFO - Setting next_dagrun for ingest_pipeline to 2026-04-17 00:00:00+00:00, run_after=2026-04-18 00:00:00+00:00
[2026-04-17T04:21:02.378+0000] {processor.py:183} INFO - Processing /opt/airflow/dags/ingest.py took 0.165 seconds
[2026-04-17T04:21:32.679+0000] {processor.py:161} INFO - Started process (PID=669) to work on /opt/airflow/dags/ingest.py
[2026-04-17T04:21:32.681+0000] {processor.py:830} INFO - Processing file /opt/airflow/dags/ingest.py for tasks to queue
[2026-04-17T04:21:32.683+0000] {logging_mixin.py:188} INFO - [2026-04-17T04:21:32.683+0000] {dagbag.py:545} INFO - Filling up the DagBag from /opt/airflow/dags/ingest.py
[2026-04-17T04:21:32.711+0000] {processor.py:840} INFO - DAG(s) 'ingest_pipeline' retrieved from /opt/airflow/dags/ingest.py
[2026-04-17T04:21:32.744+0000] {logging_mixin.py:188} INFO - [2026-04-17T04:21:32.743+0000] {dag.py:3096} INFO - Sync 1 DAGs
[2026-04-17T04:21:32.770+0000] {logging_mixin.py:188} INFO - [2026-04-17T04:21:32.770+0000] {dag.py:3954} INFO - Setting next_dagrun for ingest_pipeline to 2026-04-17 00:00:00+00:00, run_after=2026-04-18 00:00:00+00:00
[2026-04-17T04:21:32.795+0000] {processor.py:183} INFO - Processing /opt/airflow/dags/ingest.py took 0.122 seconds
[2026-04-17T04:22:03.271+0000] {processor.py:161} INFO - Started process (PID=679) to work on /opt/airflow/dags/ingest.py
[2026-04-17T04:22:03.272+0000] {processor.py:830} INFO - Processing file /opt/airflow/dags/ingest.py for tasks to queue
[2026-04-17T04:22:03.274+0000] {logging_mixin.py:188} INFO - [2026-04-17T04:22:03.274+0000] {dagbag.py:545} INFO - Filling up the DagBag from /opt/airflow/dags/ingest.py
[2026-04-17T04:22:03.318+0000] {processor.py:840} INFO - DAG(s) 'ingest_pipeline' retrieved from /opt/airflow/dags/ingest.py
[2026-04-17T04:22:03.349+0000] {logging_mixin.py:188} INFO - [2026-04-17T04:22:03.349+0000] {dag.py:3096} INFO - Sync 1 DAGs
[2026-04-17T04:22:03.371+0000] {logging_mixin.py:188} INFO - [2026-04-17T04:22:03.370+0000] {dag.py:3954} INFO - Setting next_dagrun for ingest_pipeline to 2026-04-17 00:00:00+00:00, run_after=2026-04-18 00:00:00+00:00
[2026-04-17T04:22:03.418+0000] {processor.py:183} INFO - Processing /opt/airflow/dags/ingest.py took 0.155 seconds
[2026-04-17T04:22:33.758+0000] {processor.py:161} INFO - Started process (PID=689) to work on /opt/airflow/dags/ingest.py
[2026-04-17T04:22:33.760+0000] {processor.py:830} INFO - Processing file /opt/airflow/dags/ingest.py for tasks to queue
[2026-04-17T04:22:33.762+0000] {logging_mixin.py:188} INFO - [2026-04-17T04:22:33.762+0000] {dagbag.py:545} INFO - Filling up the DagBag from /opt/airflow/dags/ingest.py
[2026-04-17T04:22:33.798+0000] {processor.py:840} INFO - DAG(s) 'ingest_pipeline' retrieved from /opt/airflow/dags/ingest.py
[2026-04-17T04:22:33.833+0000] {logging_mixin.py:188} INFO - [2026-04-17T04:22:33.833+0000] {dag.py:3096} INFO - Sync 1 DAGs
[2026-04-17T04:22:33.857+0000] {logging_mixin.py:188} INFO - [2026-04-17T04:22:33.856+0000] {dag.py:3954} INFO - Setting next_dagrun for ingest_pipeline to 2026-04-17 00:00:00+00:00, run_after=2026-04-18 00:00:00+00:00
[2026-04-17T04:22:33.884+0000] {processor.py:183} INFO - Processing /opt/airflow/dags/ingest.py took 0.132 seconds
[2026-04-17T04:23:04.273+0000] {processor.py:161} INFO - Started process (PID=699) to work on /opt/airflow/dags/ingest.py
[2026-04-17T04:23:04.275+0000] {processor.py:830} INFO - Processing file /opt/airflow/dags/ingest.py for tasks to queue
[2026-04-17T04:23:04.278+0000] {logging_mixin.py:188} INFO - [2026-04-17T04:23:04.278+0000] {dagbag.py:545} INFO - Filling up the DagBag from /opt/airflow/dags/ingest.py
[2026-04-17T04:23:04.309+0000] {processor.py:840} INFO - DAG(s) 'ingest_pipeline' retrieved from /opt/airflow/dags/ingest.py
[2026-04-17T04:23:04.341+0000] {logging_mixin.py:188} INFO - [2026-04-17T04:23:04.341+0000] {dag.py:3096} INFO - Sync 1 DAGs
[2026-04-17T04:23:04.362+0000] {logging_mixin.py:188} INFO - [2026-04-17T04:23:04.362+0000] {dag.py:3954} INFO - Setting next_dagrun for ingest_pipeline to 2026-04-17 00:00:00+00:00, run_after=2026-04-18 00:00:00+00:00
[2026-04-17T04:23:04.391+0000] {processor.py:183} INFO - Processing /opt/airflow/dags/ingest.py took 0.123 seconds
[2026-04-17T04:23:34.821+0000] {processor.py:161} INFO - Started process (PID=709) to work on /opt/airflow/dags/ingest.py
[2026-04-17T04:23:34.823+0000] {processor.py:830} INFO - Processing file /opt/airflow/dags/ingest.py for tasks to queue
[2026-04-17T04:23:34.826+0000] {logging_mixin.py:188} INFO - [2026-04-17T04:23:34.826+0000] {dagbag.py:545} INFO - Filling up the DagBag from /opt/airflow/dags/ingest.py
[2026-04-17T04:23:34.870+0000] {processor.py:840} INFO - DAG(s) 'ingest_pipeline' retrieved from /opt/airflow/dags/ingest.py
[2026-04-17T04:23:34.912+0000] {logging_mixin.py:188} INFO - [2026-04-17T04:23:34.912+0000] {dag.py:3096} INFO - Sync 1 DAGs
[2026-04-17T04:23:34.941+0000] {logging_mixin.py:188} INFO - [2026-04-17T04:23:34.941+0000] {dag.py:3954} INFO - Setting next_dagrun for ingest_pipeline to 2026-04-17 00:00:00+00:00, run_after=2026-04-18 00:00:00+00:00
[2026-04-17T04:23:34.972+0000] {processor.py:183} INFO - Processing /opt/airflow/dags/ingest.py took 0.161 seconds
[2026-04-17T04:24:05.480+0000] {processor.py:161} INFO - Started process (PID=719) to work on /opt/airflow/dags/ingest.py
[2026-04-17T04:24:05.483+0000] {processor.py:830} INFO - Processing file /opt/airflow/dags/ingest.py for tasks to queue
[2026-04-17T04:24:05.485+0000] {logging_mixin.py:188} INFO - [2026-04-17T04:24:05.484+0000] {dagbag.py:545} INFO - Filling up the DagBag from /opt/airflow/dags/ingest.py
[2026-04-17T04:24:05.514+0000] {processor.py:840} INFO - DAG(s) 'ingest_pipeline' retrieved from /opt/airflow/dags/ingest.py
[2026-04-17T04:24:05.550+0000] {logging_mixin.py:188} INFO - [2026-04-17T04:24:05.550+0000] {dag.py:3096} INFO - Sync 1 DAGs
[2026-04-17T04:24:05.580+0000] {logging_mixin.py:188} INFO - [2026-04-17T04:24:05.579+0000] {dag.py:3954} INFO - Setting next_dagrun for ingest_pipeline to 2026-04-17 00:00:00+00:00, run_after=2026-04-18 00:00:00+00:00
[2026-04-17T04:24:05.611+0000] {processor.py:183} INFO - Processing /opt/airflow/dags/ingest.py took 0.137 seconds
[2026-04-17T04:24:35.978+0000] {processor.py:161} INFO - Started process (PID=729) to work on /opt/airflow/dags/ingest.py
[2026-04-17T04:24:35.979+0000] {processor.py:830} INFO - Processing file /opt/airflow/dags/ingest.py for tasks to queue
[2026-04-17T04:24:35.981+0000] {logging_mixin.py:188} INFO - [2026-04-17T04:24:35.981+0000] {dagbag.py:545} INFO - Filling up the DagBag from /opt/airflow/dags/ingest.py
[2026-04-17T04:24:36.012+0000] {processor.py:840} INFO - DAG(s) 'ingest_pipeline' retrieved from /opt/airflow/dags/ingest.py
[2026-04-17T04:24:36.045+0000] {logging_mixin.py:188} INFO - [2026-04-17T04:24:36.045+0000] {dag.py:3096} INFO - Sync 1 DAGs
[2026-04-17T04:24:36.075+0000] {logging_mixin.py:188} INFO - [2026-04-17T04:24:36.074+0000] {dag.py:3954} INFO - Setting next_dagrun for ingest_pipeline to 2026-04-17 00:00:00+00:00, run_after=2026-04-18 00:00:00+00:00
[2026-04-17T04:24:36.099+0000] {processor.py:183} INFO - Processing /opt/airflow/dags/ingest.py took 0.127 seconds
[2026-04-17T04:25:06.541+0000] {processor.py:161} INFO - Started process (PID=739) to work on /opt/airflow/dags/ingest.py
[2026-04-17T04:25:06.549+0000] {processor.py:830} INFO - Processing file /opt/airflow/dags/ingest.py for tasks to queue
[2026-04-17T04:25:06.561+0000] {logging_mixin.py:188} INFO - [2026-04-17T04:25:06.560+0000] {dagbag.py:545} INFO - Filling up the DagBag from /opt/airflow/dags/ingest.py
[2026-04-17T04:25:06.641+0000] {processor.py:840} INFO - DAG(s) 'ingest_pipeline' retrieved from /opt/airflow/dags/ingest.py
[2026-04-17T04:25:06.708+0000] {logging_mixin.py:188} INFO - [2026-04-17T04:25:06.708+0000] {dag.py:3096} INFO - Sync 1 DAGs
[2026-04-17T04:25:06.734+0000] {logging_mixin.py:188} INFO - [2026-04-17T04:25:06.734+0000] {dag.py:3954} INFO - Setting next_dagrun for ingest_pipeline to 2026-04-17 00:00:00+00:00, run_after=2026-04-18 00:00:00+00:00
[2026-04-17T04:25:06.758+0000] {processor.py:183} INFO - Processing /opt/airflow/dags/ingest.py took 0.264 seconds
[2026-04-17T04:25:37.125+0000] {processor.py:161} INFO - Started process (PID=749) to work on /opt/airflow/dags/ingest.py
[2026-04-17T04:25:37.130+0000] {processor.py:830} INFO - Processing file /opt/airflow/dags/ingest.py for tasks to queue
[2026-04-17T04:25:37.142+0000] {logging_mixin.py:188} INFO - [2026-04-17T04:25:37.140+0000] {dagbag.py:545} INFO - Filling up the DagBag from /opt/airflow/dags/ingest.py
[2026-04-17T04:25:37.214+0000] {processor.py:840} INFO - DAG(s) 'ingest_pipeline' retrieved from /opt/airflow/dags/ingest.py
[2026-04-17T04:25:37.292+0000] {logging_mixin.py:188} INFO - [2026-04-17T04:25:37.292+0000] {dag.py:3096} INFO - Sync 1 DAGs
[2026-04-17T04:25:37.323+0000] {logging_mixin.py:188} INFO - [2026-04-17T04:25:37.322+0000] {dag.py:3954} INFO - Setting next_dagrun for ingest_pipeline to 2026-04-17 00:00:00+00:00, run_after=2026-04-18 00:00:00+00:00
[2026-04-17T04:25:37.354+0000] {processor.py:183} INFO - Processing /opt/airflow/dags/ingest.py took 0.250 seconds
[2026-04-17T04:26:07.884+0000] {processor.py:161} INFO - Started process (PID=759) to work on /opt/airflow/dags/ingest.py
[2026-04-17T04:26:07.885+0000] {processor.py:830} INFO - Processing file /opt/airflow/dags/ingest.py for tasks to queue
[2026-04-17T04:26:07.888+0000] {logging_mixin.py:188} INFO - [2026-04-17T04:26:07.888+0000] {dagbag.py:545} INFO - Filling up the DagBag from /opt/airflow/dags/ingest.py
[2026-04-17T04:26:07.936+0000] {processor.py:840} INFO - DAG(s) 'ingest_pipeline' retrieved from /opt/airflow/dags/ingest.py
[2026-04-17T04:26:07.973+0000] {logging_mixin.py:188} INFO - [2026-04-17T04:26:07.973+0000] {dag.py:3096} INFO - Sync 1 DAGs
[2026-04-17T04:26:07.997+0000] {logging_mixin.py:188} INFO - [2026-04-17T04:26:07.997+0000] {dag.py:3954} INFO - Setting next_dagrun for ingest_pipeline to 2026-04-17 00:00:00+00:00, run_after=2026-04-18 00:00:00+00:00
[2026-04-17T04:26:08.026+0000] {processor.py:183} INFO - Processing /opt/airflow/dags/ingest.py took 0.151 seconds
