[2026-04-27T09:06:09.394+0000] {local_task_job_runner.py:120} INFO - ::group::Pre task execution logs
[2026-04-27T09:06:09.429+0000] {taskinstance.py:2076} INFO - Dependencies all met for dep_context=non-requeueable deps ti=<TaskInstance: ingest_pipeline.transform_data manual__2026-04-27T09:06:05.473345+00:00 [queued]>
[2026-04-27T09:06:09.441+0000] {taskinstance.py:2076} INFO - Dependencies all met for dep_context=requeueable deps ti=<TaskInstance: ingest_pipeline.transform_data manual__2026-04-27T09:06:05.473345+00:00 [queued]>
[2026-04-27T09:06:09.443+0000] {taskinstance.py:2306} INFO - Starting attempt 1 of 1
[2026-04-27T09:06:09.458+0000] {taskinstance.py:2330} INFO - Executing <Task(PythonOperator): transform_data> on 2026-04-27 09:06:05.473345+00:00
[2026-04-27T09:06:09.465+0000] {standard_task_runner.py:90} INFO - Running: ['***', 'tasks', 'run', 'ingest_pipeline', 'transform_data', 'manual__2026-04-27T09:06:05.473345+00:00', '--job-id', '33', '--raw', '--subdir', 'DAGS_FOLDER/ingest.py', '--cfg-path', '/tmp/tmpfn1sc0e0']
[2026-04-27T09:06:09.467+0000] {standard_task_runner.py:91} INFO - Job 33: Subtask transform_data
[2026-04-27T09:06:09.468+0000] {logging_mixin.py:188} WARNING - /home/***/.local/lib/python3.12/site-packages/***/task/task_runner/standard_task_runner.py:61 DeprecationWarning: This process (pid=826) is multi-threaded, use of fork() may lead to deadlocks in the child.
[2026-04-27T09:06:09.469+0000] {standard_task_runner.py:63} INFO - Started process 827 to run task
[2026-04-27T09:06:09.549+0000] {task_command.py:426} INFO - Running <TaskInstance: ingest_pipeline.transform_data manual__2026-04-27T09:06:05.473345+00:00 [running]> on host c170d7ed2ddb
[2026-04-27T09:06:09.656+0000] {taskinstance.py:2648} INFO - Exporting env vars: AIRFLOW_CTX_DAG_OWNER='***' AIRFLOW_CTX_DAG_ID='ingest_pipeline' AIRFLOW_CTX_TASK_ID='transform_data' AIRFLOW_CTX_EXECUTION_DATE='2026-04-27T09:06:05.473345+00:00' AIRFLOW_CTX_TRY_NUMBER='1' AIRFLOW_CTX_DAG_RUN_ID='manual__2026-04-27T09:06:05.473345+00:00'
[2026-04-27T09:06:09.657+0000] {taskinstance.py:430} INFO - ::endgroup::
[2026-04-27T09:06:15.265+0000] {logging_mixin.py:188} INFO - 09:06:12  Running with dbt=1.7.0
09:06:12  Registered adapter: postgres=1.7.0
09:06:12  Found 2 models, 0 sources, 0 exposures, 0 metrics, 401 macros, 0 groups, 0 semantic models
09:06:12  
09:06:13  Concurrency: 1 threads (target='dev')
09:06:13  
09:06:13  1 of 2 START sql incremental model public.cleaned_users ........................ [RUN]
09:06:13  1 of 2 OK created sql incremental model public.cleaned_users ................... [INSERT 0 21 in 0.26s]
09:06:13  2 of 2 START sql incremental model public.city_summary ......................... [RUN]
09:06:13  2 of 2 OK created sql incremental model public.city_summary .................... [INSERT 0 3 in 0.19s]
09:06:13  
09:06:13  Finished running 2 incremental models in 0 hours 0 minutes and 0.69 seconds (0.69s).
09:06:13  
09:06:13  Completed successfully
09:06:13  
09:06:13  Done. PASS=2 WARN=0 ERROR=0 SKIP=0 TOTAL=2
[2026-04-27T09:06:15.266+0000] {python.py:237} INFO - Done. Returned value was: None
[2026-04-27T09:06:15.267+0000] {taskinstance.py:441} INFO - ::group::Post task execution logs
[2026-04-27T09:06:15.277+0000] {taskinstance.py:1206} INFO - Marking task as SUCCESS. dag_id=ingest_pipeline, task_id=transform_data, run_id=manual__2026-04-27T09:06:05.473345+00:00, execution_date=20260427T090605, start_date=20260427T090609, end_date=20260427T090615
[2026-04-27T09:06:15.294+0000] {local_task_job_runner.py:240} INFO - Task exited with return code 0
[2026-04-27T09:06:15.308+0000] {taskinstance.py:3498} INFO - 0 downstream tasks scheduled from follow-on schedule check
[2026-04-27T09:06:15.312+0000] {local_task_job_runner.py:222} INFO - ::endgroup::
