[2026-04-27T09:41:23.393+0000] {local_task_job_runner.py:120} INFO - ::group::Pre task execution logs
[2026-04-27T09:41:23.438+0000] {taskinstance.py:2076} INFO - Dependencies all met for dep_context=non-requeueable deps ti=<TaskInstance: ingest_pipeline.transform_data manual__2026-04-27T09:36:53.700892+00:00 [queued]>
[2026-04-27T09:41:23.451+0000] {taskinstance.py:2076} INFO - Dependencies all met for dep_context=requeueable deps ti=<TaskInstance: ingest_pipeline.transform_data manual__2026-04-27T09:36:53.700892+00:00 [queued]>
[2026-04-27T09:41:23.454+0000] {taskinstance.py:2306} INFO - Starting attempt 1 of 1
[2026-04-27T09:41:23.476+0000] {taskinstance.py:2330} INFO - Executing <Task(PythonOperator): transform_data> on 2026-04-27 09:36:53.700892+00:00
[2026-04-27T09:41:23.486+0000] {logging_mixin.py:188} WARNING - /home/***/.local/lib/python3.12/site-packages/***/task/task_runner/standard_task_runner.py:61 DeprecationWarning: This process (pid=2348) is multi-threaded, use of fork() may lead to deadlocks in the child.
[2026-04-27T09:41:23.489+0000] {standard_task_runner.py:63} INFO - Started process 2351 to run task
[2026-04-27T09:41:23.487+0000] {standard_task_runner.py:90} INFO - Running: ['***', 'tasks', 'run', 'ingest_pipeline', 'transform_data', 'manual__2026-04-27T09:36:53.700892+00:00', '--job-id', '202', '--raw', '--subdir', 'DAGS_FOLDER/ingest.py', '--cfg-path', '/tmp/tmpj96fa4jq']
[2026-04-27T09:41:23.491+0000] {standard_task_runner.py:91} INFO - Job 202: Subtask transform_data
[2026-04-27T09:41:23.572+0000] {task_command.py:426} INFO - Running <TaskInstance: ingest_pipeline.transform_data manual__2026-04-27T09:36:53.700892+00:00 [running]> on host c170d7ed2ddb
[2026-04-27T09:41:23.688+0000] {taskinstance.py:2648} INFO - Exporting env vars: AIRFLOW_CTX_DAG_OWNER='***' AIRFLOW_CTX_DAG_ID='ingest_pipeline' AIRFLOW_CTX_TASK_ID='transform_data' AIRFLOW_CTX_EXECUTION_DATE='2026-04-27T09:36:53.700892+00:00' AIRFLOW_CTX_TRY_NUMBER='1' AIRFLOW_CTX_DAG_RUN_ID='manual__2026-04-27T09:36:53.700892+00:00'
[2026-04-27T09:41:23.691+0000] {taskinstance.py:430} INFO - ::endgroup::
[2026-04-27T09:41:31.053+0000] {logging_mixin.py:188} INFO - 09:41:26  Running with dbt=1.7.0
09:41:27  Registered adapter: postgres=1.7.0
09:41:27  Found 2 models, 0 sources, 0 exposures, 0 metrics, 401 macros, 0 groups, 0 semantic models
09:41:27  
09:41:27  Concurrency: 1 threads (target='dev')
09:41:27  
09:41:27  1 of 2 START sql incremental model public.cleaned_users ........................ [RUN]
09:41:28  1 of 2 OK created sql incremental model public.cleaned_users ................... [INSERT 0 135 in 0.46s]
09:41:28  2 of 2 START sql incremental model public.city_summary ......................... [RUN]
09:41:28  2 of 2 OK created sql incremental model public.city_summary .................... [INSERT 0 3 in 0.22s]
09:41:28  
09:41:28  Finished running 2 incremental models in 0 hours 0 minutes and 1.09 seconds (1.09s).
09:41:28  
09:41:28  Completed successfully
09:41:28  
09:41:28  Done. PASS=2 WARN=0 ERROR=0 SKIP=0 TOTAL=2
[2026-04-27T09:41:31.054+0000] {python.py:237} INFO - Done. Returned value was: None
[2026-04-27T09:41:31.056+0000] {taskinstance.py:441} INFO - ::group::Post task execution logs
[2026-04-27T09:41:31.073+0000] {taskinstance.py:1206} INFO - Marking task as SUCCESS. dag_id=ingest_pipeline, task_id=transform_data, run_id=manual__2026-04-27T09:36:53.700892+00:00, execution_date=20260427T093653, start_date=20260427T094123, end_date=20260427T094131
[2026-04-27T09:41:31.148+0000] {local_task_job_runner.py:240} INFO - Task exited with return code 0
[2026-04-27T09:41:31.176+0000] {taskinstance.py:3498} INFO - 0 downstream tasks scheduled from follow-on schedule check
[2026-04-27T09:41:31.181+0000] {local_task_job_runner.py:222} INFO - ::endgroup::
