[2026-05-02T17:30:06.679+0000] {local_task_job_runner.py:120} INFO - ::group::Pre task execution logs
[2026-05-02T17:30:06.726+0000] {taskinstance.py:2076} INFO - Dependencies all met for dep_context=non-requeueable deps ti=<TaskInstance: ingest_pipeline.transform_data manual__2026-05-02T17:30:05.532899+00:00 [queued]>
[2026-05-02T17:30:06.740+0000] {taskinstance.py:2076} INFO - Dependencies all met for dep_context=requeueable deps ti=<TaskInstance: ingest_pipeline.transform_data manual__2026-05-02T17:30:05.532899+00:00 [queued]>
[2026-05-02T17:30:06.742+0000] {taskinstance.py:2306} INFO - Starting attempt 1 of 1
[2026-05-02T17:30:06.761+0000] {taskinstance.py:2330} INFO - Executing <Task(PythonOperator): transform_data> on 2026-05-02 17:30:05.532899+00:00
[2026-05-02T17:30:06.774+0000] {logging_mixin.py:188} WARNING - /home/***/.local/lib/python3.12/site-packages/***/task/task_runner/standard_task_runner.py:61 DeprecationWarning: This process (pid=731) is multi-threaded, use of fork() may lead to deadlocks in the child.
[2026-05-02T17:30:06.770+0000] {standard_task_runner.py:90} INFO - Running: ['***', 'tasks', 'run', 'ingest_pipeline', 'transform_data', 'manual__2026-05-02T17:30:05.532899+00:00', '--job-id', '20', '--raw', '--subdir', 'DAGS_FOLDER/ingest.py', '--cfg-path', '/tmp/tmp5xro650i']
[2026-05-02T17:30:06.781+0000] {standard_task_runner.py:91} INFO - Job 20: Subtask transform_data
[2026-05-02T17:30:06.780+0000] {standard_task_runner.py:63} INFO - Started process 734 to run task
[2026-05-02T17:30:06.889+0000] {task_command.py:426} INFO - Running <TaskInstance: ingest_pipeline.transform_data manual__2026-05-02T17:30:05.532899+00:00 [running]> on host 5e0a28a878ef
[2026-05-02T17:30:07.018+0000] {taskinstance.py:2648} INFO - Exporting env vars: AIRFLOW_CTX_DAG_OWNER='***' AIRFLOW_CTX_DAG_ID='ingest_pipeline' AIRFLOW_CTX_TASK_ID='transform_data' AIRFLOW_CTX_EXECUTION_DATE='2026-05-02T17:30:05.532899+00:00' AIRFLOW_CTX_TRY_NUMBER='1' AIRFLOW_CTX_DAG_RUN_ID='manual__2026-05-02T17:30:05.532899+00:00'
[2026-05-02T17:30:07.020+0000] {taskinstance.py:430} INFO - ::endgroup::
[2026-05-02T17:30:12.668+0000] {logging_mixin.py:188} INFO - 17:30:09  Running with dbt=1.7.0
17:30:09  Registered adapter: postgres=1.7.0
17:30:10  Found 2 models, 0 sources, 0 exposures, 0 metrics, 401 macros, 0 groups, 0 semantic models
17:30:10  
17:30:10  Concurrency: 1 threads (target='dev')
17:30:10  
17:30:10  1 of 2 START sql incremental model public.cleaned_users ........................ [RUN]
17:30:10  1 of 2 OK created sql incremental model public.cleaned_users ................... [INSERT 0 3 in 0.24s]
17:30:10  2 of 2 START sql incremental model public.city_summary ......................... [RUN]
17:30:10  2 of 2 OK created sql incremental model public.city_summary .................... [INSERT 0 3 in 0.15s]
17:30:10  
17:30:10  Finished running 2 incremental models in 0 hours 0 minutes and 0.68 seconds (0.68s).
17:30:11  
17:30:11  Completed successfully
17:30:11  
17:30:11  Done. PASS=2 WARN=0 ERROR=0 SKIP=0 TOTAL=2
[2026-05-02T17:30:12.669+0000] {python.py:237} INFO - Done. Returned value was: None
[2026-05-02T17:30:12.670+0000] {taskinstance.py:441} INFO - ::group::Post task execution logs
[2026-05-02T17:30:12.682+0000] {taskinstance.py:1206} INFO - Marking task as SUCCESS. dag_id=ingest_pipeline, task_id=transform_data, run_id=manual__2026-05-02T17:30:05.532899+00:00, execution_date=20260502T173005, start_date=20260502T173006, end_date=20260502T173012
[2026-05-02T17:30:12.703+0000] {local_task_job_runner.py:240} INFO - Task exited with return code 0
[2026-05-02T17:30:12.725+0000] {taskinstance.py:3498} INFO - 0 downstream tasks scheduled from follow-on schedule check
[2026-05-02T17:30:12.733+0000] {local_task_job_runner.py:222} INFO - ::endgroup::
