[2026-04-16T13:57:25.306+0000] {processor.py:161} INFO - Started process (PID=337) to work on /opt/airflow/dags/chaos_generator.py
[2026-04-16T13:57:25.308+0000] {processor.py:830} INFO - Processing file /opt/airflow/dags/chaos_generator.py for tasks to queue
[2026-04-16T13:57:25.313+0000] {logging_mixin.py:188} INFO - [2026-04-16T13:57:25.312+0000] {dagbag.py:545} INFO - Filling up the DagBag from /opt/airflow/dags/chaos_generator.py
[2026-04-16T13:57:25.340+0000] {processor.py:842} WARNING - No viable dags retrieved from /opt/airflow/dags/chaos_generator.py
[2026-04-16T13:57:25.372+0000] {processor.py:183} INFO - Processing /opt/airflow/dags/chaos_generator.py took 0.078 seconds
[2026-04-16T13:57:55.847+0000] {processor.py:161} INFO - Started process (PID=378) to work on /opt/airflow/dags/chaos_generator.py
[2026-04-16T13:57:55.848+0000] {processor.py:830} INFO - Processing file /opt/airflow/dags/chaos_generator.py for tasks to queue
[2026-04-16T13:57:55.850+0000] {logging_mixin.py:188} INFO - [2026-04-16T13:57:55.850+0000] {dagbag.py:545} INFO - Filling up the DagBag from /opt/airflow/dags/chaos_generator.py
[2026-04-16T13:57:55.864+0000] {processor.py:842} WARNING - No viable dags retrieved from /opt/airflow/dags/chaos_generator.py
[2026-04-16T13:57:55.883+0000] {processor.py:183} INFO - Processing /opt/airflow/dags/chaos_generator.py took 0.042 seconds
[2026-04-16T13:58:26.409+0000] {processor.py:161} INFO - Started process (PID=388) to work on /opt/airflow/dags/chaos_generator.py
[2026-04-16T13:58:26.411+0000] {processor.py:830} INFO - Processing file /opt/airflow/dags/chaos_generator.py for tasks to queue
[2026-04-16T13:58:26.414+0000] {logging_mixin.py:188} INFO - [2026-04-16T13:58:26.414+0000] {dagbag.py:545} INFO - Filling up the DagBag from /opt/airflow/dags/chaos_generator.py
[2026-04-16T13:58:26.439+0000] {processor.py:842} WARNING - No viable dags retrieved from /opt/airflow/dags/chaos_generator.py
[2026-04-16T13:58:26.457+0000] {processor.py:183} INFO - Processing /opt/airflow/dags/chaos_generator.py took 0.056 seconds
[2026-04-16T13:58:57.050+0000] {processor.py:161} INFO - Started process (PID=398) to work on /opt/airflow/dags/chaos_generator.py
[2026-04-16T13:58:57.050+0000] {processor.py:830} INFO - Processing file /opt/airflow/dags/chaos_generator.py for tasks to queue
[2026-04-16T13:58:57.053+0000] {logging_mixin.py:188} INFO - [2026-04-16T13:58:57.053+0000] {dagbag.py:545} INFO - Filling up the DagBag from /opt/airflow/dags/chaos_generator.py
[2026-04-16T13:58:57.075+0000] {processor.py:842} WARNING - No viable dags retrieved from /opt/airflow/dags/chaos_generator.py
[2026-04-16T13:58:57.093+0000] {processor.py:183} INFO - Processing /opt/airflow/dags/chaos_generator.py took 0.049 seconds
[2026-04-16T13:59:27.689+0000] {processor.py:161} INFO - Started process (PID=408) to work on /opt/airflow/dags/chaos_generator.py
[2026-04-16T13:59:27.691+0000] {processor.py:830} INFO - Processing file /opt/airflow/dags/chaos_generator.py for tasks to queue
[2026-04-16T13:59:27.694+0000] {logging_mixin.py:188} INFO - [2026-04-16T13:59:27.693+0000] {dagbag.py:545} INFO - Filling up the DagBag from /opt/airflow/dags/chaos_generator.py
[2026-04-16T13:59:27.716+0000] {processor.py:842} WARNING - No viable dags retrieved from /opt/airflow/dags/chaos_generator.py
[2026-04-16T13:59:27.733+0000] {processor.py:183} INFO - Processing /opt/airflow/dags/chaos_generator.py took 0.050 seconds
[2026-04-16T13:59:58.276+0000] {processor.py:161} INFO - Started process (PID=418) to work on /opt/airflow/dags/chaos_generator.py
[2026-04-16T13:59:58.277+0000] {processor.py:830} INFO - Processing file /opt/airflow/dags/chaos_generator.py for tasks to queue
[2026-04-16T13:59:58.279+0000] {logging_mixin.py:188} INFO - [2026-04-16T13:59:58.279+0000] {dagbag.py:545} INFO - Filling up the DagBag from /opt/airflow/dags/chaos_generator.py
[2026-04-16T13:59:58.295+0000] {processor.py:842} WARNING - No viable dags retrieved from /opt/airflow/dags/chaos_generator.py
[2026-04-16T13:59:58.312+0000] {processor.py:183} INFO - Processing /opt/airflow/dags/chaos_generator.py took 0.042 seconds
[2026-04-16T14:00:28.817+0000] {processor.py:161} INFO - Started process (PID=428) to work on /opt/airflow/dags/chaos_generator.py
[2026-04-16T14:00:28.818+0000] {processor.py:830} INFO - Processing file /opt/airflow/dags/chaos_generator.py for tasks to queue
[2026-04-16T14:00:28.821+0000] {logging_mixin.py:188} INFO - [2026-04-16T14:00:28.820+0000] {dagbag.py:545} INFO - Filling up the DagBag from /opt/airflow/dags/chaos_generator.py
[2026-04-16T14:00:28.850+0000] {processor.py:842} WARNING - No viable dags retrieved from /opt/airflow/dags/chaos_generator.py
[2026-04-16T14:00:28.882+0000] {processor.py:183} INFO - Processing /opt/airflow/dags/chaos_generator.py took 0.076 seconds
[2026-04-16T14:00:59.530+0000] {processor.py:161} INFO - Started process (PID=438) to work on /opt/airflow/dags/chaos_generator.py
[2026-04-16T14:00:59.532+0000] {processor.py:830} INFO - Processing file /opt/airflow/dags/chaos_generator.py for tasks to queue
[2026-04-16T14:00:59.534+0000] {logging_mixin.py:188} INFO - [2026-04-16T14:00:59.533+0000] {dagbag.py:545} INFO - Filling up the DagBag from /opt/airflow/dags/chaos_generator.py
[2026-04-16T14:00:59.569+0000] {processor.py:842} WARNING - No viable dags retrieved from /opt/airflow/dags/chaos_generator.py
[2026-04-16T14:00:59.588+0000] {processor.py:183} INFO - Processing /opt/airflow/dags/chaos_generator.py took 0.064 seconds
[2026-04-16T14:01:30.155+0000] {processor.py:161} INFO - Started process (PID=449) to work on /opt/airflow/dags/chaos_generator.py
[2026-04-16T14:01:30.156+0000] {processor.py:830} INFO - Processing file /opt/airflow/dags/chaos_generator.py for tasks to queue
[2026-04-16T14:01:30.159+0000] {logging_mixin.py:188} INFO - [2026-04-16T14:01:30.159+0000] {dagbag.py:545} INFO - Filling up the DagBag from /opt/airflow/dags/chaos_generator.py
[2026-04-16T14:01:30.189+0000] {processor.py:842} WARNING - No viable dags retrieved from /opt/airflow/dags/chaos_generator.py
[2026-04-16T14:01:30.210+0000] {processor.py:183} INFO - Processing /opt/airflow/dags/chaos_generator.py took 0.062 seconds
[2026-04-16T14:02:00.648+0000] {processor.py:161} INFO - Started process (PID=459) to work on /opt/airflow/dags/chaos_generator.py
[2026-04-16T14:02:00.650+0000] {processor.py:830} INFO - Processing file /opt/airflow/dags/chaos_generator.py for tasks to queue
[2026-04-16T14:02:00.652+0000] {logging_mixin.py:188} INFO - [2026-04-16T14:02:00.652+0000] {dagbag.py:545} INFO - Filling up the DagBag from /opt/airflow/dags/chaos_generator.py
[2026-04-16T14:02:00.681+0000] {processor.py:842} WARNING - No viable dags retrieved from /opt/airflow/dags/chaos_generator.py
[2026-04-16T14:02:00.697+0000] {processor.py:183} INFO - Processing /opt/airflow/dags/chaos_generator.py took 0.055 seconds
[2026-04-16T14:02:31.271+0000] {processor.py:161} INFO - Started process (PID=482) to work on /opt/airflow/dags/chaos_generator.py
[2026-04-16T14:02:31.274+0000] {processor.py:830} INFO - Processing file /opt/airflow/dags/chaos_generator.py for tasks to queue
[2026-04-16T14:02:31.280+0000] {logging_mixin.py:188} INFO - [2026-04-16T14:02:31.280+0000] {dagbag.py:545} INFO - Filling up the DagBag from /opt/airflow/dags/chaos_generator.py
[2026-04-16T14:02:31.324+0000] {processor.py:842} WARNING - No viable dags retrieved from /opt/airflow/dags/chaos_generator.py
[2026-04-16T14:02:31.348+0000] {processor.py:183} INFO - Processing /opt/airflow/dags/chaos_generator.py took 0.090 seconds
[2026-04-16T14:03:01.809+0000] {processor.py:161} INFO - Started process (PID=518) to work on /opt/airflow/dags/chaos_generator.py
[2026-04-16T14:03:01.812+0000] {processor.py:830} INFO - Processing file /opt/airflow/dags/chaos_generator.py for tasks to queue
[2026-04-16T14:03:01.816+0000] {logging_mixin.py:188} INFO - [2026-04-16T14:03:01.816+0000] {dagbag.py:545} INFO - Filling up the DagBag from /opt/airflow/dags/chaos_generator.py
[2026-04-16T14:03:01.852+0000] {processor.py:842} WARNING - No viable dags retrieved from /opt/airflow/dags/chaos_generator.py
[2026-04-16T14:03:01.882+0000] {processor.py:183} INFO - Processing /opt/airflow/dags/chaos_generator.py took 0.085 seconds
[2026-04-16T14:03:32.433+0000] {processor.py:161} INFO - Started process (PID=532) to work on /opt/airflow/dags/chaos_generator.py
[2026-04-16T14:03:32.435+0000] {processor.py:830} INFO - Processing file /opt/airflow/dags/chaos_generator.py for tasks to queue
[2026-04-16T14:03:32.440+0000] {logging_mixin.py:188} INFO - [2026-04-16T14:03:32.439+0000] {dagbag.py:545} INFO - Filling up the DagBag from /opt/airflow/dags/chaos_generator.py
[2026-04-16T14:03:32.473+0000] {processor.py:842} WARNING - No viable dags retrieved from /opt/airflow/dags/chaos_generator.py
[2026-04-16T14:03:32.501+0000] {processor.py:183} INFO - Processing /opt/airflow/dags/chaos_generator.py took 0.079 seconds
[2026-04-16T14:04:03.067+0000] {processor.py:161} INFO - Started process (PID=548) to work on /opt/airflow/dags/chaos_generator.py
[2026-04-16T14:04:03.068+0000] {processor.py:830} INFO - Processing file /opt/airflow/dags/chaos_generator.py for tasks to queue
[2026-04-16T14:04:03.071+0000] {logging_mixin.py:188} INFO - [2026-04-16T14:04:03.071+0000] {dagbag.py:545} INFO - Filling up the DagBag from /opt/airflow/dags/chaos_generator.py
[2026-04-16T14:04:03.114+0000] {processor.py:842} WARNING - No viable dags retrieved from /opt/airflow/dags/chaos_generator.py
[2026-04-16T14:04:03.137+0000] {processor.py:183} INFO - Processing /opt/airflow/dags/chaos_generator.py took 0.080 seconds
[2026-04-16T14:04:33.617+0000] {processor.py:161} INFO - Started process (PID=558) to work on /opt/airflow/dags/chaos_generator.py
[2026-04-16T14:04:33.619+0000] {processor.py:830} INFO - Processing file /opt/airflow/dags/chaos_generator.py for tasks to queue
[2026-04-16T14:04:33.621+0000] {logging_mixin.py:188} INFO - [2026-04-16T14:04:33.621+0000] {dagbag.py:545} INFO - Filling up the DagBag from /opt/airflow/dags/chaos_generator.py
[2026-04-16T14:04:33.656+0000] {processor.py:842} WARNING - No viable dags retrieved from /opt/airflow/dags/chaos_generator.py
[2026-04-16T14:04:33.676+0000] {processor.py:183} INFO - Processing /opt/airflow/dags/chaos_generator.py took 0.066 seconds
[2026-04-16T14:05:04.367+0000] {processor.py:161} INFO - Started process (PID=568) to work on /opt/airflow/dags/chaos_generator.py
[2026-04-16T14:05:04.372+0000] {processor.py:830} INFO - Processing file /opt/airflow/dags/chaos_generator.py for tasks to queue
[2026-04-16T14:05:04.380+0000] {logging_mixin.py:188} INFO - [2026-04-16T14:05:04.380+0000] {dagbag.py:545} INFO - Filling up the DagBag from /opt/airflow/dags/chaos_generator.py
[2026-04-16T14:05:04.468+0000] {processor.py:842} WARNING - No viable dags retrieved from /opt/airflow/dags/chaos_generator.py
[2026-04-16T14:05:04.493+0000] {processor.py:183} INFO - Processing /opt/airflow/dags/chaos_generator.py took 0.144 seconds
[2026-04-16T14:05:34.970+0000] {processor.py:161} INFO - Started process (PID=578) to work on /opt/airflow/dags/chaos_generator.py
[2026-04-16T14:05:34.972+0000] {processor.py:830} INFO - Processing file /opt/airflow/dags/chaos_generator.py for tasks to queue
[2026-04-16T14:05:34.975+0000] {logging_mixin.py:188} INFO - [2026-04-16T14:05:34.975+0000] {dagbag.py:545} INFO - Filling up the DagBag from /opt/airflow/dags/chaos_generator.py
[2026-04-16T14:05:34.997+0000] {processor.py:842} WARNING - No viable dags retrieved from /opt/airflow/dags/chaos_generator.py
[2026-04-16T14:05:35.019+0000] {processor.py:183} INFO - Processing /opt/airflow/dags/chaos_generator.py took 0.055 seconds
[2026-04-16T14:06:05.620+0000] {processor.py:161} INFO - Started process (PID=588) to work on /opt/airflow/dags/chaos_generator.py
[2026-04-16T14:06:05.622+0000] {processor.py:830} INFO - Processing file /opt/airflow/dags/chaos_generator.py for tasks to queue
[2026-04-16T14:06:05.624+0000] {logging_mixin.py:188} INFO - [2026-04-16T14:06:05.624+0000] {dagbag.py:545} INFO - Filling up the DagBag from /opt/airflow/dags/chaos_generator.py
[2026-04-16T14:06:05.670+0000] {processor.py:842} WARNING - No viable dags retrieved from /opt/airflow/dags/chaos_generator.py
[2026-04-16T14:06:05.691+0000] {processor.py:183} INFO - Processing /opt/airflow/dags/chaos_generator.py took 0.078 seconds
[2026-04-16T14:06:36.422+0000] {processor.py:161} INFO - Started process (PID=598) to work on /opt/airflow/dags/chaos_generator.py
[2026-04-16T14:06:36.423+0000] {processor.py:830} INFO - Processing file /opt/airflow/dags/chaos_generator.py for tasks to queue
[2026-04-16T14:06:36.425+0000] {logging_mixin.py:188} INFO - [2026-04-16T14:06:36.425+0000] {dagbag.py:545} INFO - Filling up the DagBag from /opt/airflow/dags/chaos_generator.py
[2026-04-16T14:06:36.445+0000] {processor.py:842} WARNING - No viable dags retrieved from /opt/airflow/dags/chaos_generator.py
[2026-04-16T14:06:36.468+0000] {processor.py:183} INFO - Processing /opt/airflow/dags/chaos_generator.py took 0.054 seconds
[2026-04-16T14:07:06.930+0000] {processor.py:161} INFO - Started process (PID=608) to work on /opt/airflow/dags/chaos_generator.py
[2026-04-16T14:07:06.932+0000] {processor.py:830} INFO - Processing file /opt/airflow/dags/chaos_generator.py for tasks to queue
[2026-04-16T14:07:06.934+0000] {logging_mixin.py:188} INFO - [2026-04-16T14:07:06.934+0000] {dagbag.py:545} INFO - Filling up the DagBag from /opt/airflow/dags/chaos_generator.py
[2026-04-16T14:07:06.971+0000] {processor.py:842} WARNING - No viable dags retrieved from /opt/airflow/dags/chaos_generator.py
[2026-04-16T14:07:06.999+0000] {processor.py:183} INFO - Processing /opt/airflow/dags/chaos_generator.py took 0.079 seconds
[2026-04-16T14:07:37.588+0000] {processor.py:161} INFO - Started process (PID=618) to work on /opt/airflow/dags/chaos_generator.py
[2026-04-16T14:07:37.591+0000] {processor.py:830} INFO - Processing file /opt/airflow/dags/chaos_generator.py for tasks to queue
[2026-04-16T14:07:37.595+0000] {logging_mixin.py:188} INFO - [2026-04-16T14:07:37.595+0000] {dagbag.py:545} INFO - Filling up the DagBag from /opt/airflow/dags/chaos_generator.py
[2026-04-16T14:07:37.626+0000] {processor.py:842} WARNING - No viable dags retrieved from /opt/airflow/dags/chaos_generator.py
[2026-04-16T14:07:37.646+0000] {processor.py:183} INFO - Processing /opt/airflow/dags/chaos_generator.py took 0.066 seconds
[2026-04-16T14:08:08.106+0000] {processor.py:161} INFO - Started process (PID=628) to work on /opt/airflow/dags/chaos_generator.py
[2026-04-16T14:08:08.108+0000] {processor.py:830} INFO - Processing file /opt/airflow/dags/chaos_generator.py for tasks to queue
[2026-04-16T14:08:08.112+0000] {logging_mixin.py:188} INFO - [2026-04-16T14:08:08.112+0000] {dagbag.py:545} INFO - Filling up the DagBag from /opt/airflow/dags/chaos_generator.py
[2026-04-16T14:08:08.141+0000] {processor.py:842} WARNING - No viable dags retrieved from /opt/airflow/dags/chaos_generator.py
[2026-04-16T14:08:08.162+0000] {processor.py:183} INFO - Processing /opt/airflow/dags/chaos_generator.py took 0.066 seconds
[2026-04-16T14:08:38.651+0000] {processor.py:161} INFO - Started process (PID=638) to work on /opt/airflow/dags/chaos_generator.py
[2026-04-16T14:08:38.652+0000] {processor.py:830} INFO - Processing file /opt/airflow/dags/chaos_generator.py for tasks to queue
[2026-04-16T14:08:38.656+0000] {logging_mixin.py:188} INFO - [2026-04-16T14:08:38.656+0000] {dagbag.py:545} INFO - Filling up the DagBag from /opt/airflow/dags/chaos_generator.py
[2026-04-16T14:08:38.681+0000] {processor.py:842} WARNING - No viable dags retrieved from /opt/airflow/dags/chaos_generator.py
[2026-04-16T14:08:38.708+0000] {processor.py:183} INFO - Processing /opt/airflow/dags/chaos_generator.py took 0.065 seconds
[2026-04-16T14:09:09.280+0000] {processor.py:161} INFO - Started process (PID=648) to work on /opt/airflow/dags/chaos_generator.py
[2026-04-16T14:09:09.282+0000] {processor.py:830} INFO - Processing file /opt/airflow/dags/chaos_generator.py for tasks to queue
[2026-04-16T14:09:09.285+0000] {logging_mixin.py:188} INFO - [2026-04-16T14:09:09.284+0000] {dagbag.py:545} INFO - Filling up the DagBag from /opt/airflow/dags/chaos_generator.py
[2026-04-16T14:09:09.319+0000] {processor.py:842} WARNING - No viable dags retrieved from /opt/airflow/dags/chaos_generator.py
[2026-04-16T14:09:09.342+0000] {processor.py:183} INFO - Processing /opt/airflow/dags/chaos_generator.py took 0.072 seconds
[2026-04-16T14:09:39.777+0000] {processor.py:161} INFO - Started process (PID=658) to work on /opt/airflow/dags/chaos_generator.py
[2026-04-16T14:09:39.779+0000] {processor.py:830} INFO - Processing file /opt/airflow/dags/chaos_generator.py for tasks to queue
[2026-04-16T14:09:39.782+0000] {logging_mixin.py:188} INFO - [2026-04-16T14:09:39.781+0000] {dagbag.py:545} INFO - Filling up the DagBag from /opt/airflow/dags/chaos_generator.py
[2026-04-16T14:09:39.813+0000] {processor.py:842} WARNING - No viable dags retrieved from /opt/airflow/dags/chaos_generator.py
[2026-04-16T14:09:39.838+0000] {processor.py:183} INFO - Processing /opt/airflow/dags/chaos_generator.py took 0.068 seconds
[2026-04-16T14:10:10.291+0000] {processor.py:161} INFO - Started process (PID=668) to work on /opt/airflow/dags/chaos_generator.py
[2026-04-16T14:10:10.294+0000] {processor.py:830} INFO - Processing file /opt/airflow/dags/chaos_generator.py for tasks to queue
[2026-04-16T14:10:10.297+0000] {logging_mixin.py:188} INFO - [2026-04-16T14:10:10.297+0000] {dagbag.py:545} INFO - Filling up the DagBag from /opt/airflow/dags/chaos_generator.py
[2026-04-16T14:10:10.344+0000] {processor.py:842} WARNING - No viable dags retrieved from /opt/airflow/dags/chaos_generator.py
[2026-04-16T14:10:10.368+0000] {processor.py:183} INFO - Processing /opt/airflow/dags/chaos_generator.py took 0.088 seconds
[2026-04-16T14:10:40.879+0000] {processor.py:161} INFO - Started process (PID=678) to work on /opt/airflow/dags/chaos_generator.py
[2026-04-16T14:10:40.880+0000] {processor.py:830} INFO - Processing file /opt/airflow/dags/chaos_generator.py for tasks to queue
[2026-04-16T14:10:40.884+0000] {logging_mixin.py:188} INFO - [2026-04-16T14:10:40.884+0000] {dagbag.py:545} INFO - Filling up the DagBag from /opt/airflow/dags/chaos_generator.py
[2026-04-16T14:10:40.918+0000] {processor.py:842} WARNING - No viable dags retrieved from /opt/airflow/dags/chaos_generator.py
[2026-04-16T14:10:40.939+0000] {processor.py:183} INFO - Processing /opt/airflow/dags/chaos_generator.py took 0.069 seconds
[2026-04-16T14:11:11.449+0000] {processor.py:161} INFO - Started process (PID=688) to work on /opt/airflow/dags/chaos_generator.py
[2026-04-16T14:11:11.453+0000] {processor.py:830} INFO - Processing file /opt/airflow/dags/chaos_generator.py for tasks to queue
[2026-04-16T14:11:11.461+0000] {logging_mixin.py:188} INFO - [2026-04-16T14:11:11.461+0000] {dagbag.py:545} INFO - Filling up the DagBag from /opt/airflow/dags/chaos_generator.py
[2026-04-16T14:11:12.087+0000] {processor.py:842} WARNING - No viable dags retrieved from /opt/airflow/dags/chaos_generator.py
[2026-04-16T14:11:12.112+0000] {processor.py:183} INFO - Processing /opt/airflow/dags/chaos_generator.py took 0.673 seconds
[2026-04-16T14:11:42.651+0000] {processor.py:161} INFO - Started process (PID=698) to work on /opt/airflow/dags/chaos_generator.py
[2026-04-16T14:11:42.652+0000] {processor.py:830} INFO - Processing file /opt/airflow/dags/chaos_generator.py for tasks to queue
[2026-04-16T14:11:42.655+0000] {logging_mixin.py:188} INFO - [2026-04-16T14:11:42.655+0000] {dagbag.py:545} INFO - Filling up the DagBag from /opt/airflow/dags/chaos_generator.py
[2026-04-16T14:11:42.673+0000] {processor.py:842} WARNING - No viable dags retrieved from /opt/airflow/dags/chaos_generator.py
[2026-04-16T14:11:42.691+0000] {processor.py:183} INFO - Processing /opt/airflow/dags/chaos_generator.py took 0.046 seconds
[2026-04-16T14:12:13.143+0000] {processor.py:161} INFO - Started process (PID=708) to work on /opt/airflow/dags/chaos_generator.py
[2026-04-16T14:12:13.144+0000] {processor.py:830} INFO - Processing file /opt/airflow/dags/chaos_generator.py for tasks to queue
[2026-04-16T14:12:13.146+0000] {logging_mixin.py:188} INFO - [2026-04-16T14:12:13.146+0000] {dagbag.py:545} INFO - Filling up the DagBag from /opt/airflow/dags/chaos_generator.py
[2026-04-16T14:12:13.157+0000] {processor.py:842} WARNING - No viable dags retrieved from /opt/airflow/dags/chaos_generator.py
[2026-04-16T14:12:13.174+0000] {processor.py:183} INFO - Processing /opt/airflow/dags/chaos_generator.py took 0.036 seconds
[2026-04-16T14:12:43.845+0000] {processor.py:161} INFO - Started process (PID=718) to work on /opt/airflow/dags/chaos_generator.py
[2026-04-16T14:12:43.848+0000] {processor.py:830} INFO - Processing file /opt/airflow/dags/chaos_generator.py for tasks to queue
[2026-04-16T14:12:43.855+0000] {logging_mixin.py:188} INFO - [2026-04-16T14:12:43.854+0000] {dagbag.py:545} INFO - Filling up the DagBag from /opt/airflow/dags/chaos_generator.py
[2026-04-16T14:12:43.887+0000] {processor.py:842} WARNING - No viable dags retrieved from /opt/airflow/dags/chaos_generator.py
[2026-04-16T14:12:43.923+0000] {processor.py:183} INFO - Processing /opt/airflow/dags/chaos_generator.py took 0.092 seconds
[2026-04-16T14:13:14.430+0000] {processor.py:161} INFO - Started process (PID=728) to work on /opt/airflow/dags/chaos_generator.py
[2026-04-16T14:13:14.432+0000] {processor.py:830} INFO - Processing file /opt/airflow/dags/chaos_generator.py for tasks to queue
[2026-04-16T14:13:14.435+0000] {logging_mixin.py:188} INFO - [2026-04-16T14:13:14.435+0000] {dagbag.py:545} INFO - Filling up the DagBag from /opt/airflow/dags/chaos_generator.py
[2026-04-16T14:13:14.467+0000] {processor.py:842} WARNING - No viable dags retrieved from /opt/airflow/dags/chaos_generator.py
[2026-04-16T14:13:14.487+0000] {processor.py:183} INFO - Processing /opt/airflow/dags/chaos_generator.py took 0.066 seconds
[2026-04-16T14:13:45.096+0000] {processor.py:161} INFO - Started process (PID=738) to work on /opt/airflow/dags/chaos_generator.py
[2026-04-16T14:13:45.098+0000] {processor.py:830} INFO - Processing file /opt/airflow/dags/chaos_generator.py for tasks to queue
[2026-04-16T14:13:45.103+0000] {logging_mixin.py:188} INFO - [2026-04-16T14:13:45.102+0000] {dagbag.py:545} INFO - Filling up the DagBag from /opt/airflow/dags/chaos_generator.py
[2026-04-16T14:13:45.144+0000] {processor.py:842} WARNING - No viable dags retrieved from /opt/airflow/dags/chaos_generator.py
[2026-04-16T14:13:45.170+0000] {processor.py:183} INFO - Processing /opt/airflow/dags/chaos_generator.py took 0.087 seconds
[2026-04-16T14:14:15.682+0000] {processor.py:161} INFO - Started process (PID=748) to work on /opt/airflow/dags/chaos_generator.py
[2026-04-16T14:14:15.683+0000] {processor.py:830} INFO - Processing file /opt/airflow/dags/chaos_generator.py for tasks to queue
[2026-04-16T14:14:15.687+0000] {logging_mixin.py:188} INFO - [2026-04-16T14:14:15.686+0000] {dagbag.py:545} INFO - Filling up the DagBag from /opt/airflow/dags/chaos_generator.py
[2026-04-16T14:14:15.719+0000] {processor.py:842} WARNING - No viable dags retrieved from /opt/airflow/dags/chaos_generator.py
[2026-04-16T14:14:15.748+0000] {processor.py:183} INFO - Processing /opt/airflow/dags/chaos_generator.py took 0.076 seconds
[2026-04-16T14:14:46.278+0000] {processor.py:161} INFO - Started process (PID=758) to work on /opt/airflow/dags/chaos_generator.py
[2026-04-16T14:14:46.280+0000] {processor.py:830} INFO - Processing file /opt/airflow/dags/chaos_generator.py for tasks to queue
[2026-04-16T14:14:46.286+0000] {logging_mixin.py:188} INFO - [2026-04-16T14:14:46.285+0000] {dagbag.py:545} INFO - Filling up the DagBag from /opt/airflow/dags/chaos_generator.py
[2026-04-16T14:14:46.322+0000] {processor.py:842} WARNING - No viable dags retrieved from /opt/airflow/dags/chaos_generator.py
[2026-04-16T14:14:46.352+0000] {processor.py:183} INFO - Processing /opt/airflow/dags/chaos_generator.py took 0.085 seconds
[2026-04-16T14:15:16.985+0000] {processor.py:161} INFO - Started process (PID=768) to work on /opt/airflow/dags/chaos_generator.py
[2026-04-16T14:15:16.987+0000] {processor.py:830} INFO - Processing file /opt/airflow/dags/chaos_generator.py for tasks to queue
[2026-04-16T14:15:16.992+0000] {logging_mixin.py:188} INFO - [2026-04-16T14:15:16.991+0000] {dagbag.py:545} INFO - Filling up the DagBag from /opt/airflow/dags/chaos_generator.py
[2026-04-16T14:15:17.029+0000] {processor.py:842} WARNING - No viable dags retrieved from /opt/airflow/dags/chaos_generator.py
[2026-04-16T14:15:17.050+0000] {processor.py:183} INFO - Processing /opt/airflow/dags/chaos_generator.py took 0.081 seconds
[2026-04-16T14:15:47.783+0000] {processor.py:161} INFO - Started process (PID=778) to work on /opt/airflow/dags/chaos_generator.py
[2026-04-16T14:15:47.787+0000] {processor.py:830} INFO - Processing file /opt/airflow/dags/chaos_generator.py for tasks to queue
[2026-04-16T14:15:47.791+0000] {logging_mixin.py:188} INFO - [2026-04-16T14:15:47.791+0000] {dagbag.py:545} INFO - Filling up the DagBag from /opt/airflow/dags/chaos_generator.py
[2026-04-16T14:15:47.843+0000] {processor.py:842} WARNING - No viable dags retrieved from /opt/airflow/dags/chaos_generator.py
[2026-04-16T14:15:47.872+0000] {processor.py:183} INFO - Processing /opt/airflow/dags/chaos_generator.py took 0.097 seconds
[2026-04-16T14:16:18.422+0000] {processor.py:161} INFO - Started process (PID=788) to work on /opt/airflow/dags/chaos_generator.py
[2026-04-16T14:16:18.424+0000] {processor.py:830} INFO - Processing file /opt/airflow/dags/chaos_generator.py for tasks to queue
[2026-04-16T14:16:18.427+0000] {logging_mixin.py:188} INFO - [2026-04-16T14:16:18.426+0000] {dagbag.py:545} INFO - Filling up the DagBag from /opt/airflow/dags/chaos_generator.py
[2026-04-16T14:16:18.473+0000] {processor.py:842} WARNING - No viable dags retrieved from /opt/airflow/dags/chaos_generator.py
[2026-04-16T14:16:18.512+0000] {processor.py:183} INFO - Processing /opt/airflow/dags/chaos_generator.py took 0.100 seconds
[2026-04-16T14:16:49.139+0000] {processor.py:161} INFO - Started process (PID=798) to work on /opt/airflow/dags/chaos_generator.py
[2026-04-16T14:16:49.159+0000] {processor.py:830} INFO - Processing file /opt/airflow/dags/chaos_generator.py for tasks to queue
[2026-04-16T14:16:49.162+0000] {logging_mixin.py:188} INFO - [2026-04-16T14:16:49.162+0000] {dagbag.py:545} INFO - Filling up the DagBag from /opt/airflow/dags/chaos_generator.py
[2026-04-16T14:16:49.189+0000] {processor.py:842} WARNING - No viable dags retrieved from /opt/airflow/dags/chaos_generator.py
[2026-04-16T14:16:49.207+0000] {processor.py:183} INFO - Processing /opt/airflow/dags/chaos_generator.py took 0.081 seconds
[2026-04-16T14:17:19.687+0000] {processor.py:161} INFO - Started process (PID=808) to work on /opt/airflow/dags/chaos_generator.py
[2026-04-16T14:17:19.689+0000] {processor.py:830} INFO - Processing file /opt/airflow/dags/chaos_generator.py for tasks to queue
[2026-04-16T14:17:19.692+0000] {logging_mixin.py:188} INFO - [2026-04-16T14:17:19.692+0000] {dagbag.py:545} INFO - Filling up the DagBag from /opt/airflow/dags/chaos_generator.py
[2026-04-16T14:17:19.717+0000] {processor.py:842} WARNING - No viable dags retrieved from /opt/airflow/dags/chaos_generator.py
[2026-04-16T14:17:19.743+0000] {processor.py:183} INFO - Processing /opt/airflow/dags/chaos_generator.py took 0.068 seconds
[2026-04-16T14:17:50.277+0000] {processor.py:161} INFO - Started process (PID=818) to work on /opt/airflow/dags/chaos_generator.py
[2026-04-16T14:17:50.278+0000] {processor.py:830} INFO - Processing file /opt/airflow/dags/chaos_generator.py for tasks to queue
[2026-04-16T14:17:50.281+0000] {logging_mixin.py:188} INFO - [2026-04-16T14:17:50.281+0000] {dagbag.py:545} INFO - Filling up the DagBag from /opt/airflow/dags/chaos_generator.py
[2026-04-16T14:17:50.302+0000] {processor.py:842} WARNING - No viable dags retrieved from /opt/airflow/dags/chaos_generator.py
[2026-04-16T14:17:50.332+0000] {processor.py:183} INFO - Processing /opt/airflow/dags/chaos_generator.py took 0.063 seconds
[2026-04-16T14:18:20.874+0000] {processor.py:161} INFO - Started process (PID=828) to work on /opt/airflow/dags/chaos_generator.py
[2026-04-16T14:18:20.876+0000] {processor.py:830} INFO - Processing file /opt/airflow/dags/chaos_generator.py for tasks to queue
[2026-04-16T14:18:20.880+0000] {logging_mixin.py:188} INFO - [2026-04-16T14:18:20.880+0000] {dagbag.py:545} INFO - Filling up the DagBag from /opt/airflow/dags/chaos_generator.py
[2026-04-16T14:18:20.905+0000] {processor.py:842} WARNING - No viable dags retrieved from /opt/airflow/dags/chaos_generator.py
[2026-04-16T14:18:20.926+0000] {processor.py:183} INFO - Processing /opt/airflow/dags/chaos_generator.py took 0.075 seconds
[2026-04-16T14:18:51.541+0000] {processor.py:161} INFO - Started process (PID=838) to work on /opt/airflow/dags/chaos_generator.py
[2026-04-16T14:18:51.543+0000] {processor.py:830} INFO - Processing file /opt/airflow/dags/chaos_generator.py for tasks to queue
[2026-04-16T14:18:51.549+0000] {logging_mixin.py:188} INFO - [2026-04-16T14:18:51.548+0000] {dagbag.py:545} INFO - Filling up the DagBag from /opt/airflow/dags/chaos_generator.py
[2026-04-16T14:18:51.583+0000] {processor.py:842} WARNING - No viable dags retrieved from /opt/airflow/dags/chaos_generator.py
[2026-04-16T14:18:51.610+0000] {processor.py:183} INFO - Processing /opt/airflow/dags/chaos_generator.py took 0.082 seconds
[2026-04-16T14:19:22.132+0000] {processor.py:161} INFO - Started process (PID=848) to work on /opt/airflow/dags/chaos_generator.py
[2026-04-16T14:19:22.133+0000] {processor.py:830} INFO - Processing file /opt/airflow/dags/chaos_generator.py for tasks to queue
[2026-04-16T14:19:22.136+0000] {logging_mixin.py:188} INFO - [2026-04-16T14:19:22.135+0000] {dagbag.py:545} INFO - Filling up the DagBag from /opt/airflow/dags/chaos_generator.py
[2026-04-16T14:19:22.156+0000] {processor.py:842} WARNING - No viable dags retrieved from /opt/airflow/dags/chaos_generator.py
[2026-04-16T14:19:22.171+0000] {processor.py:183} INFO - Processing /opt/airflow/dags/chaos_generator.py took 0.046 seconds
[2026-04-16T14:19:52.942+0000] {processor.py:161} INFO - Started process (PID=858) to work on /opt/airflow/dags/chaos_generator.py
[2026-04-16T14:19:52.945+0000] {processor.py:830} INFO - Processing file /opt/airflow/dags/chaos_generator.py for tasks to queue
[2026-04-16T14:19:52.948+0000] {logging_mixin.py:188} INFO - [2026-04-16T14:19:52.948+0000] {dagbag.py:545} INFO - Filling up the DagBag from /opt/airflow/dags/chaos_generator.py
[2026-04-16T14:19:52.982+0000] {processor.py:842} WARNING - No viable dags retrieved from /opt/airflow/dags/chaos_generator.py
[2026-04-16T14:19:53.020+0000] {processor.py:183} INFO - Processing /opt/airflow/dags/chaos_generator.py took 0.092 seconds
[2026-04-16T14:20:23.588+0000] {processor.py:161} INFO - Started process (PID=868) to work on /opt/airflow/dags/chaos_generator.py
[2026-04-16T14:20:23.590+0000] {processor.py:830} INFO - Processing file /opt/airflow/dags/chaos_generator.py for tasks to queue
[2026-04-16T14:20:23.593+0000] {logging_mixin.py:188} INFO - [2026-04-16T14:20:23.593+0000] {dagbag.py:545} INFO - Filling up the DagBag from /opt/airflow/dags/chaos_generator.py
[2026-04-16T14:20:23.608+0000] {processor.py:842} WARNING - No viable dags retrieved from /opt/airflow/dags/chaos_generator.py
[2026-04-16T14:20:23.634+0000] {processor.py:183} INFO - Processing /opt/airflow/dags/chaos_generator.py took 0.053 seconds
[2026-04-16T14:20:54.150+0000] {processor.py:161} INFO - Started process (PID=878) to work on /opt/airflow/dags/chaos_generator.py
[2026-04-16T14:20:54.151+0000] {processor.py:830} INFO - Processing file /opt/airflow/dags/chaos_generator.py for tasks to queue
[2026-04-16T14:20:54.154+0000] {logging_mixin.py:188} INFO - [2026-04-16T14:20:54.154+0000] {dagbag.py:545} INFO - Filling up the DagBag from /opt/airflow/dags/chaos_generator.py
[2026-04-16T14:20:54.174+0000] {processor.py:842} WARNING - No viable dags retrieved from /opt/airflow/dags/chaos_generator.py
[2026-04-16T14:20:54.199+0000] {processor.py:183} INFO - Processing /opt/airflow/dags/chaos_generator.py took 0.058 seconds
[2026-04-16T14:21:24.731+0000] {processor.py:161} INFO - Started process (PID=888) to work on /opt/airflow/dags/chaos_generator.py
[2026-04-16T14:21:24.732+0000] {processor.py:830} INFO - Processing file /opt/airflow/dags/chaos_generator.py for tasks to queue
[2026-04-16T14:21:24.735+0000] {logging_mixin.py:188} INFO - [2026-04-16T14:21:24.735+0000] {dagbag.py:545} INFO - Filling up the DagBag from /opt/airflow/dags/chaos_generator.py
[2026-04-16T14:21:24.763+0000] {processor.py:842} WARNING - No viable dags retrieved from /opt/airflow/dags/chaos_generator.py
[2026-04-16T14:21:24.796+0000] {processor.py:183} INFO - Processing /opt/airflow/dags/chaos_generator.py took 0.074 seconds
[2026-04-16T14:21:55.387+0000] {processor.py:161} INFO - Started process (PID=898) to work on /opt/airflow/dags/chaos_generator.py
[2026-04-16T14:21:55.389+0000] {processor.py:830} INFO - Processing file /opt/airflow/dags/chaos_generator.py for tasks to queue
[2026-04-16T14:21:55.392+0000] {logging_mixin.py:188} INFO - [2026-04-16T14:21:55.392+0000] {dagbag.py:545} INFO - Filling up the DagBag from /opt/airflow/dags/chaos_generator.py
[2026-04-16T14:21:55.423+0000] {processor.py:842} WARNING - No viable dags retrieved from /opt/airflow/dags/chaos_generator.py
[2026-04-16T14:21:55.447+0000] {processor.py:183} INFO - Processing /opt/airflow/dags/chaos_generator.py took 0.070 seconds
[2026-04-16T14:22:26.119+0000] {processor.py:161} INFO - Started process (PID=908) to work on /opt/airflow/dags/chaos_generator.py
[2026-04-16T14:22:26.121+0000] {processor.py:830} INFO - Processing file /opt/airflow/dags/chaos_generator.py for tasks to queue
[2026-04-16T14:22:26.124+0000] {logging_mixin.py:188} INFO - [2026-04-16T14:22:26.124+0000] {dagbag.py:545} INFO - Filling up the DagBag from /opt/airflow/dags/chaos_generator.py
[2026-04-16T14:22:26.162+0000] {processor.py:842} WARNING - No viable dags retrieved from /opt/airflow/dags/chaos_generator.py
[2026-04-16T14:22:26.180+0000] {processor.py:183} INFO - Processing /opt/airflow/dags/chaos_generator.py took 0.072 seconds
[2026-04-16T14:22:56.748+0000] {processor.py:161} INFO - Started process (PID=918) to work on /opt/airflow/dags/chaos_generator.py
[2026-04-16T14:22:56.750+0000] {processor.py:830} INFO - Processing file /opt/airflow/dags/chaos_generator.py for tasks to queue
[2026-04-16T14:22:56.753+0000] {logging_mixin.py:188} INFO - [2026-04-16T14:22:56.753+0000] {dagbag.py:545} INFO - Filling up the DagBag from /opt/airflow/dags/chaos_generator.py
[2026-04-16T14:22:56.783+0000] {processor.py:842} WARNING - No viable dags retrieved from /opt/airflow/dags/chaos_generator.py
[2026-04-16T14:22:56.810+0000] {processor.py:183} INFO - Processing /opt/airflow/dags/chaos_generator.py took 0.071 seconds
[2026-04-16T14:23:27.452+0000] {processor.py:161} INFO - Started process (PID=928) to work on /opt/airflow/dags/chaos_generator.py
[2026-04-16T14:23:27.454+0000] {processor.py:830} INFO - Processing file /opt/airflow/dags/chaos_generator.py for tasks to queue
[2026-04-16T14:23:27.458+0000] {logging_mixin.py:188} INFO - [2026-04-16T14:23:27.457+0000] {dagbag.py:545} INFO - Filling up the DagBag from /opt/airflow/dags/chaos_generator.py
[2026-04-16T14:23:27.493+0000] {processor.py:842} WARNING - No viable dags retrieved from /opt/airflow/dags/chaos_generator.py
[2026-04-16T14:23:27.527+0000] {processor.py:183} INFO - Processing /opt/airflow/dags/chaos_generator.py took 0.086 seconds
[2026-04-16T14:23:57.957+0000] {processor.py:161} INFO - Started process (PID=938) to work on /opt/airflow/dags/chaos_generator.py
[2026-04-16T14:23:57.959+0000] {processor.py:830} INFO - Processing file /opt/airflow/dags/chaos_generator.py for tasks to queue
[2026-04-16T14:23:57.962+0000] {logging_mixin.py:188} INFO - [2026-04-16T14:23:57.962+0000] {dagbag.py:545} INFO - Filling up the DagBag from /opt/airflow/dags/chaos_generator.py
[2026-04-16T14:23:57.994+0000] {processor.py:842} WARNING - No viable dags retrieved from /opt/airflow/dags/chaos_generator.py
[2026-04-16T14:23:58.021+0000] {processor.py:183} INFO - Processing /opt/airflow/dags/chaos_generator.py took 0.072 seconds
[2026-04-16T14:24:28.558+0000] {processor.py:161} INFO - Started process (PID=948) to work on /opt/airflow/dags/chaos_generator.py
[2026-04-16T14:24:28.559+0000] {processor.py:830} INFO - Processing file /opt/airflow/dags/chaos_generator.py for tasks to queue
[2026-04-16T14:24:28.562+0000] {logging_mixin.py:188} INFO - [2026-04-16T14:24:28.562+0000] {dagbag.py:545} INFO - Filling up the DagBag from /opt/airflow/dags/chaos_generator.py
[2026-04-16T14:24:28.610+0000] {processor.py:842} WARNING - No viable dags retrieved from /opt/airflow/dags/chaos_generator.py
[2026-04-16T14:24:28.629+0000] {processor.py:183} INFO - Processing /opt/airflow/dags/chaos_generator.py took 0.080 seconds
[2026-04-16T14:24:59.164+0000] {processor.py:161} INFO - Started process (PID=958) to work on /opt/airflow/dags/chaos_generator.py
[2026-04-16T14:24:59.166+0000] {processor.py:830} INFO - Processing file /opt/airflow/dags/chaos_generator.py for tasks to queue
[2026-04-16T14:24:59.169+0000] {logging_mixin.py:188} INFO - [2026-04-16T14:24:59.169+0000] {dagbag.py:545} INFO - Filling up the DagBag from /opt/airflow/dags/chaos_generator.py
[2026-04-16T14:24:59.212+0000] {processor.py:842} WARNING - No viable dags retrieved from /opt/airflow/dags/chaos_generator.py
[2026-04-16T14:24:59.234+0000] {processor.py:183} INFO - Processing /opt/airflow/dags/chaos_generator.py took 0.077 seconds
[2026-04-16T14:25:29.629+0000] {processor.py:161} INFO - Started process (PID=968) to work on /opt/airflow/dags/chaos_generator.py
[2026-04-16T14:25:29.631+0000] {processor.py:830} INFO - Processing file /opt/airflow/dags/chaos_generator.py for tasks to queue
[2026-04-16T14:25:29.634+0000] {logging_mixin.py:188} INFO - [2026-04-16T14:25:29.634+0000] {dagbag.py:545} INFO - Filling up the DagBag from /opt/airflow/dags/chaos_generator.py
[2026-04-16T14:25:29.655+0000] {processor.py:842} WARNING - No viable dags retrieved from /opt/airflow/dags/chaos_generator.py
[2026-04-16T14:25:29.675+0000] {processor.py:183} INFO - Processing /opt/airflow/dags/chaos_generator.py took 0.055 seconds
[2026-04-16T14:26:00.188+0000] {processor.py:161} INFO - Started process (PID=978) to work on /opt/airflow/dags/chaos_generator.py
[2026-04-16T14:26:00.190+0000] {processor.py:830} INFO - Processing file /opt/airflow/dags/chaos_generator.py for tasks to queue
[2026-04-16T14:26:00.196+0000] {logging_mixin.py:188} INFO - [2026-04-16T14:26:00.195+0000] {dagbag.py:545} INFO - Filling up the DagBag from /opt/airflow/dags/chaos_generator.py
[2026-04-16T14:26:00.245+0000] {processor.py:842} WARNING - No viable dags retrieved from /opt/airflow/dags/chaos_generator.py
[2026-04-16T14:26:00.290+0000] {processor.py:183} INFO - Processing /opt/airflow/dags/chaos_generator.py took 0.112 seconds
[2026-04-16T14:26:30.732+0000] {processor.py:161} INFO - Started process (PID=988) to work on /opt/airflow/dags/chaos_generator.py
[2026-04-16T14:26:30.734+0000] {processor.py:830} INFO - Processing file /opt/airflow/dags/chaos_generator.py for tasks to queue
[2026-04-16T14:26:30.737+0000] {logging_mixin.py:188} INFO - [2026-04-16T14:26:30.737+0000] {dagbag.py:545} INFO - Filling up the DagBag from /opt/airflow/dags/chaos_generator.py
[2026-04-16T14:26:30.782+0000] {processor.py:842} WARNING - No viable dags retrieved from /opt/airflow/dags/chaos_generator.py
[2026-04-16T14:26:30.805+0000] {processor.py:183} INFO - Processing /opt/airflow/dags/chaos_generator.py took 0.084 seconds
[2026-04-16T14:27:01.328+0000] {processor.py:161} INFO - Started process (PID=998) to work on /opt/airflow/dags/chaos_generator.py
[2026-04-16T14:27:01.331+0000] {processor.py:830} INFO - Processing file /opt/airflow/dags/chaos_generator.py for tasks to queue
[2026-04-16T14:27:01.334+0000] {logging_mixin.py:188} INFO - [2026-04-16T14:27:01.334+0000] {dagbag.py:545} INFO - Filling up the DagBag from /opt/airflow/dags/chaos_generator.py
[2026-04-16T14:27:01.375+0000] {processor.py:842} WARNING - No viable dags retrieved from /opt/airflow/dags/chaos_generator.py
[2026-04-16T14:27:01.398+0000] {processor.py:183} INFO - Processing /opt/airflow/dags/chaos_generator.py took 0.081 seconds
[2026-04-16T14:27:31.946+0000] {processor.py:161} INFO - Started process (PID=1008) to work on /opt/airflow/dags/chaos_generator.py
[2026-04-16T14:27:31.947+0000] {processor.py:830} INFO - Processing file /opt/airflow/dags/chaos_generator.py for tasks to queue
[2026-04-16T14:27:31.952+0000] {logging_mixin.py:188} INFO - [2026-04-16T14:27:31.952+0000] {dagbag.py:545} INFO - Filling up the DagBag from /opt/airflow/dags/chaos_generator.py
[2026-04-16T14:27:31.983+0000] {processor.py:842} WARNING - No viable dags retrieved from /opt/airflow/dags/chaos_generator.py
[2026-04-16T14:27:32.018+0000] {processor.py:183} INFO - Processing /opt/airflow/dags/chaos_generator.py took 0.079 seconds
[2026-04-16T14:28:02.685+0000] {processor.py:161} INFO - Started process (PID=1018) to work on /opt/airflow/dags/chaos_generator.py
[2026-04-16T14:28:02.688+0000] {processor.py:830} INFO - Processing file /opt/airflow/dags/chaos_generator.py for tasks to queue
[2026-04-16T14:28:02.692+0000] {logging_mixin.py:188} INFO - [2026-04-16T14:28:02.692+0000] {dagbag.py:545} INFO - Filling up the DagBag from /opt/airflow/dags/chaos_generator.py
[2026-04-16T14:28:02.725+0000] {processor.py:842} WARNING - No viable dags retrieved from /opt/airflow/dags/chaos_generator.py
[2026-04-16T14:28:02.750+0000] {processor.py:183} INFO - Processing /opt/airflow/dags/chaos_generator.py took 0.076 seconds
[2026-04-16T14:28:33.275+0000] {processor.py:161} INFO - Started process (PID=1028) to work on /opt/airflow/dags/chaos_generator.py
[2026-04-16T14:28:33.277+0000] {processor.py:830} INFO - Processing file /opt/airflow/dags/chaos_generator.py for tasks to queue
[2026-04-16T14:28:33.280+0000] {logging_mixin.py:188} INFO - [2026-04-16T14:28:33.279+0000] {dagbag.py:545} INFO - Filling up the DagBag from /opt/airflow/dags/chaos_generator.py
[2026-04-16T14:28:33.298+0000] {processor.py:842} WARNING - No viable dags retrieved from /opt/airflow/dags/chaos_generator.py
[2026-04-16T14:28:33.316+0000] {processor.py:183} INFO - Processing /opt/airflow/dags/chaos_generator.py took 0.047 seconds
[2026-04-16T14:29:03.894+0000] {processor.py:161} INFO - Started process (PID=1038) to work on /opt/airflow/dags/chaos_generator.py
[2026-04-16T14:29:03.896+0000] {processor.py:830} INFO - Processing file /opt/airflow/dags/chaos_generator.py for tasks to queue
[2026-04-16T14:29:03.900+0000] {logging_mixin.py:188} INFO - [2026-04-16T14:29:03.899+0000] {dagbag.py:545} INFO - Filling up the DagBag from /opt/airflow/dags/chaos_generator.py
[2026-04-16T14:29:03.934+0000] {processor.py:842} WARNING - No viable dags retrieved from /opt/airflow/dags/chaos_generator.py
[2026-04-16T14:29:03.961+0000] {processor.py:183} INFO - Processing /opt/airflow/dags/chaos_generator.py took 0.077 seconds
[2026-04-16T14:29:34.358+0000] {processor.py:161} INFO - Started process (PID=1048) to work on /opt/airflow/dags/chaos_generator.py
[2026-04-16T14:29:34.359+0000] {processor.py:830} INFO - Processing file /opt/airflow/dags/chaos_generator.py for tasks to queue
[2026-04-16T14:29:34.361+0000] {logging_mixin.py:188} INFO - [2026-04-16T14:29:34.361+0000] {dagbag.py:545} INFO - Filling up the DagBag from /opt/airflow/dags/chaos_generator.py
[2026-04-16T14:29:34.374+0000] {processor.py:842} WARNING - No viable dags retrieved from /opt/airflow/dags/chaos_generator.py
[2026-04-16T14:29:34.393+0000] {processor.py:183} INFO - Processing /opt/airflow/dags/chaos_generator.py took 0.040 seconds
[2026-04-16T14:30:04.994+0000] {processor.py:161} INFO - Started process (PID=1058) to work on /opt/airflow/dags/chaos_generator.py
[2026-04-16T14:30:04.997+0000] {processor.py:830} INFO - Processing file /opt/airflow/dags/chaos_generator.py for tasks to queue
[2026-04-16T14:30:05.003+0000] {logging_mixin.py:188} INFO - [2026-04-16T14:30:05.002+0000] {dagbag.py:545} INFO - Filling up the DagBag from /opt/airflow/dags/chaos_generator.py
[2026-04-16T14:30:05.106+0000] {processor.py:842} WARNING - No viable dags retrieved from /opt/airflow/dags/chaos_generator.py
[2026-04-16T14:30:05.141+0000] {processor.py:183} INFO - Processing /opt/airflow/dags/chaos_generator.py took 0.160 seconds
[2026-04-16T14:30:35.656+0000] {processor.py:161} INFO - Started process (PID=1068) to work on /opt/airflow/dags/chaos_generator.py
[2026-04-16T14:30:35.659+0000] {processor.py:830} INFO - Processing file /opt/airflow/dags/chaos_generator.py for tasks to queue
[2026-04-16T14:30:35.664+0000] {logging_mixin.py:188} INFO - [2026-04-16T14:30:35.663+0000] {dagbag.py:545} INFO - Filling up the DagBag from /opt/airflow/dags/chaos_generator.py
[2026-04-16T14:30:35.698+0000] {processor.py:842} WARNING - No viable dags retrieved from /opt/airflow/dags/chaos_generator.py
[2026-04-16T14:30:35.725+0000] {processor.py:183} INFO - Processing /opt/airflow/dags/chaos_generator.py took 0.081 seconds
