[2026-04-17T04:04:40.172+0000] {local_task_job_runner.py:120} INFO - ::group::Pre task execution logs
[2026-04-17T04:04:40.220+0000] {taskinstance.py:2076} INFO - Dependencies all met for dep_context=non-requeueable deps ti=<TaskInstance: ingest_pipeline.transform_data manual__2026-04-17T04:04:36.246597+00:00 [queued]>
[2026-04-17T04:04:40.239+0000] {taskinstance.py:2076} INFO - Dependencies all met for dep_context=requeueable deps ti=<TaskInstance: ingest_pipeline.transform_data manual__2026-04-17T04:04:36.246597+00:00 [queued]>
[2026-04-17T04:04:40.241+0000] {taskinstance.py:2306} INFO - Starting attempt 1 of 1
[2026-04-17T04:04:40.264+0000] {taskinstance.py:2330} INFO - Executing <Task(PythonOperator): transform_data> on 2026-04-17 04:04:36.246597+00:00
[2026-04-17T04:04:40.277+0000] {standard_task_runner.py:90} INFO - Running: ['***', 'tasks', 'run', 'ingest_pipeline', 'transform_data', 'manual__2026-04-17T04:04:36.246597+00:00', '--job-id', '18', '--raw', '--subdir', 'DAGS_FOLDER/ingest.py', '--cfg-path', '/tmp/tmp_v2eljt5']
[2026-04-17T04:04:40.280+0000] {logging_mixin.py:188} WARNING - /home/***/.local/lib/python3.12/site-packages/***/task/task_runner/standard_task_runner.py:61 DeprecationWarning: This process (pid=686) is multi-threaded, use of fork() may lead to deadlocks in the child.
[2026-04-17T04:04:40.280+0000] {standard_task_runner.py:91} INFO - Job 18: Subtask transform_data
[2026-04-17T04:04:40.281+0000] {standard_task_runner.py:63} INFO - Started process 687 to run task
[2026-04-17T04:04:40.362+0000] {task_command.py:426} INFO - Running <TaskInstance: ingest_pipeline.transform_data manual__2026-04-17T04:04:36.246597+00:00 [running]> on host 415e2d7d9f96
[2026-04-17T04:04:40.474+0000] {taskinstance.py:2648} INFO - Exporting env vars: AIRFLOW_CTX_DAG_OWNER='***' AIRFLOW_CTX_DAG_ID='ingest_pipeline' AIRFLOW_CTX_TASK_ID='transform_data' AIRFLOW_CTX_EXECUTION_DATE='2026-04-17T04:04:36.246597+00:00' AIRFLOW_CTX_TRY_NUMBER='1' AIRFLOW_CTX_DAG_RUN_ID='manual__2026-04-17T04:04:36.246597+00:00'
[2026-04-17T04:04:40.476+0000] {taskinstance.py:430} INFO - ::endgroup::
[2026-04-17T04:04:44.864+0000] {taskinstance.py:441} INFO - ::group::Post task execution logs
[2026-04-17T04:04:44.866+0000] {taskinstance.py:2905} ERROR - Task failed with exception
Traceback (most recent call last):
  File "/home/airflow/.local/lib/python3.12/site-packages/airflow/models/taskinstance.py", line 465, in _execute_task
    result = _execute_callable(context=context, **execute_callable_kwargs)
             ^^^^^^^^^^^^^^^^^^^^^^^^^^^^^^^^^^^^^^^^^^^^^^^^^^^^^^^^^^^^^
  File "/home/airflow/.local/lib/python3.12/site-packages/airflow/models/taskinstance.py", line 432, in _execute_callable
    return execute_callable(context=context, **execute_callable_kwargs)
           ^^^^^^^^^^^^^^^^^^^^^^^^^^^^^^^^^^^^^^^^^^^^^^^^^^^^^^^^^^^^
  File "/home/airflow/.local/lib/python3.12/site-packages/airflow/models/baseoperator.py", line 400, in wrapper
    return func(self, *args, **kwargs)
           ^^^^^^^^^^^^^^^^^^^^^^^^^^^
  File "/home/airflow/.local/lib/python3.12/site-packages/airflow/operators/python.py", line 235, in execute
    return_value = self.execute_callable()
                   ^^^^^^^^^^^^^^^^^^^^^^^
  File "/home/airflow/.local/lib/python3.12/site-packages/airflow/operators/python.py", line 252, in execute_callable
    return self.python_callable(*self.op_args, **self.op_kwargs)
           ^^^^^^^^^^^^^^^^^^^^^^^^^^^^^^^^^^^^^^^^^^^^^^^^^^^^^
  File "/opt/airflow/dags/ingest.py", line 79, in run_dbt
    raise Exception(result.stderr)
Exception: Usage: dbt run [OPTIONS]
Try 'dbt run -h' for help.

Error: Invalid value for '--project-dir': Path '/opt/***/dbt_project' does not exist.

[2026-04-17T04:04:44.887+0000] {taskinstance.py:1206} INFO - Marking task as FAILED. dag_id=ingest_pipeline, task_id=transform_data, run_id=manual__2026-04-17T04:04:36.246597+00:00, execution_date=20260417T040436, start_date=20260417T040440, end_date=20260417T040444
[2026-04-17T04:04:44.901+0000] {standard_task_runner.py:110} ERROR - Failed to execute job 18 for task transform_data (Usage: dbt run [OPTIONS]
Try 'dbt run -h' for help.

Error: Invalid value for '--project-dir': Path '/opt/***/dbt_project' does not exist.
; 687)
[2026-04-17T04:04:44.922+0000] {local_task_job_runner.py:240} INFO - Task exited with return code 1
[2026-04-17T04:04:44.953+0000] {taskinstance.py:3498} INFO - 0 downstream tasks scheduled from follow-on schedule check
[2026-04-17T04:04:44.958+0000] {local_task_job_runner.py:222} INFO - ::endgroup::
