[2026-05-02T17:27:46.314+0000] {local_task_job_runner.py:120} INFO - ::group::Pre task execution logs
[2026-05-02T17:27:46.430+0000] {taskinstance.py:2076} INFO - Dependencies all met for dep_context=non-requeueable deps ti=<TaskInstance: ingest_pipeline.transform_data scheduled__2026-05-01T00:00:00+00:00 [queued]>
[2026-05-02T17:27:46.451+0000] {taskinstance.py:2076} INFO - Dependencies all met for dep_context=requeueable deps ti=<TaskInstance: ingest_pipeline.transform_data scheduled__2026-05-01T00:00:00+00:00 [queued]>
[2026-05-02T17:27:46.458+0000] {taskinstance.py:2306} INFO - Starting attempt 1 of 1
[2026-05-02T17:27:46.491+0000] {taskinstance.py:2330} INFO - Executing <Task(PythonOperator): transform_data> on 2026-05-01 00:00:00+00:00
[2026-05-02T17:27:46.525+0000] {logging_mixin.py:188} WARNING - /home/***/.local/lib/python3.12/site-packages/***/task/task_runner/standard_task_runner.py:61 DeprecationWarning: This process (pid=624) is multi-threaded, use of fork() may lead to deadlocks in the child.
[2026-05-02T17:27:46.516+0000] {standard_task_runner.py:90} INFO - Running: ['***', 'tasks', 'run', 'ingest_pipeline', 'transform_data', 'scheduled__2026-05-01T00:00:00+00:00', '--job-id', '4', '--raw', '--subdir', 'DAGS_FOLDER/ingest.py', '--cfg-path', '/tmp/tmp0h8v8v45']
[2026-05-02T17:27:46.527+0000] {standard_task_runner.py:63} INFO - Started process 634 to run task
[2026-05-02T17:27:46.528+0000] {standard_task_runner.py:91} INFO - Job 4: Subtask transform_data
[2026-05-02T17:27:46.668+0000] {task_command.py:426} INFO - Running <TaskInstance: ingest_pipeline.transform_data scheduled__2026-05-01T00:00:00+00:00 [running]> on host 5e0a28a878ef
[2026-05-02T17:27:46.835+0000] {taskinstance.py:2648} INFO - Exporting env vars: AIRFLOW_CTX_DAG_OWNER='***' AIRFLOW_CTX_DAG_ID='ingest_pipeline' AIRFLOW_CTX_TASK_ID='transform_data' AIRFLOW_CTX_EXECUTION_DATE='2026-05-01T00:00:00+00:00' AIRFLOW_CTX_TRY_NUMBER='1' AIRFLOW_CTX_DAG_RUN_ID='scheduled__2026-05-01T00:00:00+00:00'
[2026-05-02T17:27:46.836+0000] {taskinstance.py:430} INFO - ::endgroup::
[2026-05-02T17:27:55.779+0000] {logging_mixin.py:188} INFO - 17:27:51  Running with dbt=1.7.0
17:27:52  Registered adapter: postgres=1.7.0
17:27:52  Found 2 models, 0 sources, 0 exposures, 0 metrics, 401 macros, 0 groups, 0 semantic models
17:27:52  
17:27:52  Concurrency: 1 threads (target='dev')
17:27:52  
17:27:52  1 of 2 START sql incremental model public.cleaned_users ........................ [RUN]
17:27:52  1 of 2 OK created sql incremental model public.cleaned_users ................... [SELECT 0 in 0.21s]
17:27:52  2 of 2 START sql incremental model public.city_summary ......................... [RUN]
17:27:53  2 of 2 OK created sql incremental model public.city_summary .................... [SELECT 0 in 0.16s]
17:27:53  
17:27:53  Finished running 2 incremental models in 0 hours 0 minutes and 0.62 seconds (0.62s).
17:27:53  
17:27:53  Completed successfully
17:27:53  
17:27:53  Done. PASS=2 WARN=0 ERROR=0 SKIP=0 TOTAL=2
[2026-05-02T17:27:55.805+0000] {python.py:237} INFO - Done. Returned value was: None
[2026-05-02T17:27:55.817+0000] {taskinstance.py:441} INFO - ::group::Post task execution logs
[2026-05-02T17:27:55.836+0000] {taskinstance.py:1206} INFO - Marking task as SUCCESS. dag_id=ingest_pipeline, task_id=transform_data, run_id=scheduled__2026-05-01T00:00:00+00:00, execution_date=20260501T000000, start_date=20260502T172746, end_date=20260502T172755
[2026-05-02T17:27:55.858+0000] {local_task_job_runner.py:240} INFO - Task exited with return code 0
[2026-05-02T17:27:55.878+0000] {taskinstance.py:3498} INFO - 0 downstream tasks scheduled from follow-on schedule check
[2026-05-02T17:27:55.887+0000] {local_task_job_runner.py:222} INFO - ::endgroup::
