[2026-04-17T04:14:33.898+0000] {local_task_job_runner.py:120} INFO - ::group::Pre task execution logs
[2026-04-17T04:14:33.945+0000] {taskinstance.py:2076} INFO - Dependencies all met for dep_context=non-requeueable deps ti=<TaskInstance: ingest_pipeline.transform_data manual__2026-04-17T04:14:28.102247+00:00 [queued]>
[2026-04-17T04:14:33.958+0000] {taskinstance.py:2076} INFO - Dependencies all met for dep_context=requeueable deps ti=<TaskInstance: ingest_pipeline.transform_data manual__2026-04-17T04:14:28.102247+00:00 [queued]>
[2026-04-17T04:14:33.959+0000] {taskinstance.py:2306} INFO - Starting attempt 1 of 1
[2026-04-17T04:14:33.982+0000] {taskinstance.py:2330} INFO - Executing <Task(PythonOperator): transform_data> on 2026-04-17 04:14:28.102247+00:00
[2026-04-17T04:14:33.991+0000] {standard_task_runner.py:90} INFO - Running: ['***', 'tasks', 'run', 'ingest_pipeline', 'transform_data', 'manual__2026-04-17T04:14:28.102247+00:00', '--job-id', '14', '--raw', '--subdir', 'DAGS_FOLDER/ingest.py', '--cfg-path', '/tmp/tmpxxzf892r']
[2026-04-17T04:14:33.993+0000] {logging_mixin.py:188} WARNING - /home/***/.local/lib/python3.12/site-packages/***/task/task_runner/standard_task_runner.py:61 DeprecationWarning: This process (pid=509) is multi-threaded, use of fork() may lead to deadlocks in the child.
[2026-04-17T04:14:33.994+0000] {standard_task_runner.py:91} INFO - Job 14: Subtask transform_data
[2026-04-17T04:14:33.994+0000] {standard_task_runner.py:63} INFO - Started process 510 to run task
[2026-04-17T04:14:34.088+0000] {task_command.py:426} INFO - Running <TaskInstance: ingest_pipeline.transform_data manual__2026-04-17T04:14:28.102247+00:00 [running]> on host 0048acd06470
[2026-04-17T04:14:34.221+0000] {taskinstance.py:2648} INFO - Exporting env vars: AIRFLOW_CTX_DAG_OWNER='***' AIRFLOW_CTX_DAG_ID='ingest_pipeline' AIRFLOW_CTX_TASK_ID='transform_data' AIRFLOW_CTX_EXECUTION_DATE='2026-04-17T04:14:28.102247+00:00' AIRFLOW_CTX_TRY_NUMBER='1' AIRFLOW_CTX_DAG_RUN_ID='manual__2026-04-17T04:14:28.102247+00:00'
[2026-04-17T04:14:34.222+0000] {taskinstance.py:430} INFO - ::endgroup::
[2026-04-17T04:14:46.193+0000] {logging_mixin.py:188} INFO - 04:14:37  Running with dbt=1.7.0
04:14:38  Registered adapter: postgres=1.7.0
04:14:38  Unable to do partial parsing because saved manifest not found. Starting full parse.
04:14:39  Found 2 models, 0 sources, 0 exposures, 0 metrics, 401 macros, 0 groups, 0 semantic models
04:14:39  
04:14:39  Concurrency: 1 threads (target='dev')
04:14:39  
04:14:39  1 of 2 START sql table model public.cleaned_users .............................. [RUN]
04:14:40  1 of 2 OK created sql table model public.cleaned_users ......................... [SELECT 3 in 0.34s]
04:14:40  2 of 2 START sql table model public.city_summary ............................... [RUN]
04:14:40  2 of 2 OK created sql table model public.city_summary .......................... [SELECT 3 in 0.18s]
04:14:40  
04:14:40  Finished running 2 table models in 0 hours 0 minutes and 0.82 seconds (0.82s).
04:14:40  
04:14:40  Completed successfully
04:14:40  
04:14:40  Done. PASS=2 WARN=0 ERROR=0 SKIP=0 TOTAL=2
[2026-04-17T04:14:46.195+0000] {python.py:237} INFO - Done. Returned value was: None
[2026-04-17T04:14:46.196+0000] {taskinstance.py:441} INFO - ::group::Post task execution logs
[2026-04-17T04:14:46.211+0000] {taskinstance.py:1206} INFO - Marking task as SUCCESS. dag_id=ingest_pipeline, task_id=transform_data, run_id=manual__2026-04-17T04:14:28.102247+00:00, execution_date=20260417T041428, start_date=20260417T041433, end_date=20260417T041446
[2026-04-17T04:14:46.242+0000] {local_task_job_runner.py:240} INFO - Task exited with return code 0
[2026-04-17T04:14:46.262+0000] {taskinstance.py:3498} INFO - 0 downstream tasks scheduled from follow-on schedule check
[2026-04-17T04:14:46.267+0000] {local_task_job_runner.py:222} INFO - ::endgroup::
