[2026-04-19T13:14:16.814+0000] {local_task_job_runner.py:120} INFO - ::group::Pre task execution logs
[2026-04-19T13:14:16.844+0000] {taskinstance.py:2076} INFO - Dependencies all met for dep_context=non-requeueable deps ti=<TaskInstance: ingest_pipeline.transform_data manual__2026-04-19T13:14:12.885933+00:00 [queued]>
[2026-04-19T13:14:16.852+0000] {taskinstance.py:2076} INFO - Dependencies all met for dep_context=requeueable deps ti=<TaskInstance: ingest_pipeline.transform_data manual__2026-04-19T13:14:12.885933+00:00 [queued]>
[2026-04-19T13:14:16.853+0000] {taskinstance.py:2306} INFO - Starting attempt 1 of 1
[2026-04-19T13:14:16.867+0000] {taskinstance.py:2330} INFO - Executing <Task(PythonOperator): transform_data> on 2026-04-19 13:14:12.885933+00:00
[2026-04-19T13:14:16.875+0000] {logging_mixin.py:188} WARNING - /home/***/.local/lib/python3.12/site-packages/***/task/task_runner/standard_task_runner.py:61 DeprecationWarning: This process (pid=644) is multi-threaded, use of fork() may lead to deadlocks in the child.
[2026-04-19T13:14:16.874+0000] {standard_task_runner.py:90} INFO - Running: ['***', 'tasks', 'run', 'ingest_pipeline', 'transform_data', 'manual__2026-04-19T13:14:12.885933+00:00', '--job-id', '36', '--raw', '--subdir', 'DAGS_FOLDER/ingest.py', '--cfg-path', '/tmp/tmphw7y8v76']
[2026-04-19T13:14:16.876+0000] {standard_task_runner.py:63} INFO - Started process 645 to run task
[2026-04-19T13:14:16.877+0000] {standard_task_runner.py:91} INFO - Job 36: Subtask transform_data
[2026-04-19T13:14:16.946+0000] {task_command.py:426} INFO - Running <TaskInstance: ingest_pipeline.transform_data manual__2026-04-19T13:14:12.885933+00:00 [running]> on host 76edd8a7db59
[2026-04-19T13:14:17.035+0000] {taskinstance.py:2648} INFO - Exporting env vars: AIRFLOW_CTX_DAG_OWNER='***' AIRFLOW_CTX_DAG_ID='ingest_pipeline' AIRFLOW_CTX_TASK_ID='transform_data' AIRFLOW_CTX_EXECUTION_DATE='2026-04-19T13:14:12.885933+00:00' AIRFLOW_CTX_TRY_NUMBER='1' AIRFLOW_CTX_DAG_RUN_ID='manual__2026-04-19T13:14:12.885933+00:00'
[2026-04-19T13:14:17.036+0000] {taskinstance.py:430} INFO - ::endgroup::
[2026-04-19T13:14:22.933+0000] {logging_mixin.py:188} INFO - 13:14:19  Running with dbt=1.7.0
13:14:20  Registered adapter: postgres=1.7.0
13:14:20  Found 2 models, 0 sources, 0 exposures, 0 metrics, 401 macros, 0 groups, 0 semantic models
13:14:20  
13:14:20  Concurrency: 1 threads (target='dev')
13:14:20  
13:14:20  1 of 2 START sql incremental model public.cleaned_users ........................ [RUN]
13:14:20  1 of 2 OK created sql incremental model public.cleaned_users ................... [INSERT 0 9 in 0.31s]
13:14:20  2 of 2 START sql incremental model public.city_summary ......................... [RUN]
13:14:21  2 of 2 OK created sql incremental model public.city_summary .................... [INSERT 0 3 in 0.24s]
13:14:21  
13:14:21  Finished running 2 incremental models in 0 hours 0 minutes and 0.86 seconds (0.86s).
13:14:21  
13:14:21  Completed successfully
13:14:21  
13:14:21  Done. PASS=2 WARN=0 ERROR=0 SKIP=0 TOTAL=2
[2026-04-19T13:14:22.934+0000] {python.py:237} INFO - Done. Returned value was: None
[2026-04-19T13:14:22.935+0000] {taskinstance.py:441} INFO - ::group::Post task execution logs
[2026-04-19T13:14:22.946+0000] {taskinstance.py:1206} INFO - Marking task as SUCCESS. dag_id=ingest_pipeline, task_id=transform_data, run_id=manual__2026-04-19T13:14:12.885933+00:00, execution_date=20260419T131412, start_date=20260419T131416, end_date=20260419T131422
[2026-04-19T13:14:22.994+0000] {local_task_job_runner.py:240} INFO - Task exited with return code 0
[2026-04-19T13:14:23.024+0000] {taskinstance.py:3498} INFO - 0 downstream tasks scheduled from follow-on schedule check
[2026-04-19T13:14:23.029+0000] {local_task_job_runner.py:222} INFO - ::endgroup::
