[2026-04-11T11:35:35.827+0000] {local_task_job_runner.py:120} INFO - ::group::Pre task execution logs
[2026-04-11T11:35:35.871+0000] {taskinstance.py:2076} INFO - Dependencies all met for dep_context=non-requeueable deps ti=<TaskInstance: ingest_pipeline.ingest_data manual__2026-04-11T11:35:32.888821+00:00 [queued]>
[2026-04-11T11:35:35.883+0000] {taskinstance.py:2076} INFO - Dependencies all met for dep_context=requeueable deps ti=<TaskInstance: ingest_pipeline.ingest_data manual__2026-04-11T11:35:32.888821+00:00 [queued]>
[2026-04-11T11:35:35.885+0000] {taskinstance.py:2306} INFO - Starting attempt 1 of 1
[2026-04-11T11:35:35.910+0000] {taskinstance.py:2330} INFO - Executing <Task(PythonOperator): ingest_data> on 2026-04-11 11:35:32.888821+00:00
[2026-04-11T11:35:35.924+0000] {standard_task_runner.py:90} INFO - Running: ['***', 'tasks', 'run', 'ingest_pipeline', 'ingest_data', 'manual__2026-04-11T11:35:32.888821+00:00', '--job-id', '6', '--raw', '--subdir', 'DAGS_FOLDER/ingest.py', '--cfg-path', '/tmp/tmpnb1wab1g']
[2026-04-11T11:35:35.928+0000] {logging_mixin.py:188} WARNING - /home/***/.local/lib/python3.12/site-packages/***/task/task_runner/standard_task_runner.py:61 DeprecationWarning: This process (pid=297) is multi-threaded, use of fork() may lead to deadlocks in the child.
[2026-04-11T11:35:35.930+0000] {standard_task_runner.py:91} INFO - Job 6: Subtask ingest_data
[2026-04-11T11:35:35.931+0000] {standard_task_runner.py:63} INFO - Started process 300 to run task
[2026-04-11T11:35:36.024+0000] {task_command.py:426} INFO - Running <TaskInstance: ingest_pipeline.ingest_data manual__2026-04-11T11:35:32.888821+00:00 [running]> on host 2472c3e4cf34
[2026-04-11T11:35:36.147+0000] {taskinstance.py:2648} INFO - Exporting env vars: AIRFLOW_CTX_DAG_OWNER='***' AIRFLOW_CTX_DAG_ID='ingest_pipeline' AIRFLOW_CTX_TASK_ID='ingest_data' AIRFLOW_CTX_EXECUTION_DATE='2026-04-11T11:35:32.888821+00:00' AIRFLOW_CTX_TRY_NUMBER='1' AIRFLOW_CTX_DAG_RUN_ID='manual__2026-04-11T11:35:32.888821+00:00'
[2026-04-11T11:35:36.149+0000] {taskinstance.py:430} INFO - ::endgroup::
[2026-04-11T11:35:36.169+0000] {taskinstance.py:441} INFO - ::group::Post task execution logs
[2026-04-11T11:35:36.171+0000] {taskinstance.py:2905} ERROR - Task failed with exception
Traceback (most recent call last):
  File "/home/airflow/.local/lib/python3.12/site-packages/airflow/models/taskinstance.py", line 465, in _execute_task
    result = _execute_callable(context=context, **execute_callable_kwargs)
             ^^^^^^^^^^^^^^^^^^^^^^^^^^^^^^^^^^^^^^^^^^^^^^^^^^^^^^^^^^^^^
  File "/home/airflow/.local/lib/python3.12/site-packages/airflow/models/taskinstance.py", line 432, in _execute_callable
    return execute_callable(context=context, **execute_callable_kwargs)
           ^^^^^^^^^^^^^^^^^^^^^^^^^^^^^^^^^^^^^^^^^^^^^^^^^^^^^^^^^^^^
  File "/home/airflow/.local/lib/python3.12/site-packages/airflow/models/baseoperator.py", line 400, in wrapper
    return func(self, *args, **kwargs)
           ^^^^^^^^^^^^^^^^^^^^^^^^^^^
  File "/home/airflow/.local/lib/python3.12/site-packages/airflow/operators/python.py", line 235, in execute
    return_value = self.execute_callable()
                   ^^^^^^^^^^^^^^^^^^^^^^^
  File "/home/airflow/.local/lib/python3.12/site-packages/airflow/operators/python.py", line 252, in execute_callable
    return self.python_callable(*self.op_args, **self.op_kwargs)
           ^^^^^^^^^^^^^^^^^^^^^^^^^^^^^^^^^^^^^^^^^^^^^^^^^^^^^
  File "/opt/airflow/dags/ingest.py", line 23, in ingest
    raise ValueError(f"Schema drift detected! Got: {headers}")
ValueError: Schema drift detected! Got: ['name|age|city|unknown_column']
[2026-04-11T11:35:36.191+0000] {taskinstance.py:1206} INFO - Marking task as FAILED. dag_id=ingest_pipeline, task_id=ingest_data, run_id=manual__2026-04-11T11:35:32.888821+00:00, execution_date=20260411T113532, start_date=20260411T113535, end_date=20260411T113536
[2026-04-11T11:35:36.209+0000] {standard_task_runner.py:110} ERROR - Failed to execute job 6 for task ingest_data (Schema drift detected! Got: ['name|age|city|unknown_column']; 300)
[2026-04-11T11:35:36.227+0000] {local_task_job_runner.py:240} INFO - Task exited with return code 1
[2026-04-11T11:35:36.247+0000] {taskinstance.py:3498} INFO - 0 downstream tasks scheduled from follow-on schedule check
[2026-04-11T11:35:36.252+0000] {local_task_job_runner.py:222} INFO - ::endgroup::
