[2026-04-27T08:52:39.074+0000] {local_task_job_runner.py:120} INFO - ::group::Pre task execution logs
[2026-04-27T08:52:39.103+0000] {taskinstance.py:2076} INFO - Dependencies all met for dep_context=non-requeueable deps ti=<TaskInstance: ingest_pipeline.ingest_data scheduled__2026-04-26T00:00:00+00:00 [queued]>
[2026-04-27T08:52:39.114+0000] {taskinstance.py:2076} INFO - Dependencies all met for dep_context=requeueable deps ti=<TaskInstance: ingest_pipeline.ingest_data scheduled__2026-04-26T00:00:00+00:00 [queued]>
[2026-04-27T08:52:39.116+0000] {taskinstance.py:2306} INFO - Starting attempt 1 of 1
[2026-04-27T08:52:39.138+0000] {taskinstance.py:2330} INFO - Executing <Task(PythonOperator): ingest_data> on 2026-04-26 00:00:00+00:00
[2026-04-27T08:52:39.152+0000] {standard_task_runner.py:90} INFO - Running: ['***', 'tasks', 'run', 'ingest_pipeline', 'ingest_data', 'scheduled__2026-04-26T00:00:00+00:00', '--job-id', '8', '--raw', '--subdir', 'DAGS_FOLDER/ingest.py', '--cfg-path', '/tmp/tmplxvodcjy']
[2026-04-27T08:52:39.157+0000] {logging_mixin.py:188} WARNING - /home/***/.local/lib/python3.12/site-packages/***/task/task_runner/standard_task_runner.py:61 DeprecationWarning: This process (pid=415) is multi-threaded, use of fork() may lead to deadlocks in the child.
[2026-04-27T08:52:39.158+0000] {standard_task_runner.py:91} INFO - Job 8: Subtask ingest_data
[2026-04-27T08:52:39.159+0000] {standard_task_runner.py:63} INFO - Started process 417 to run task
[2026-04-27T08:52:39.260+0000] {task_command.py:426} INFO - Running <TaskInstance: ingest_pipeline.ingest_data scheduled__2026-04-26T00:00:00+00:00 [running]> on host c170d7ed2ddb
[2026-04-27T08:52:39.418+0000] {taskinstance.py:2648} INFO - Exporting env vars: AIRFLOW_CTX_DAG_OWNER='***' AIRFLOW_CTX_DAG_ID='ingest_pipeline' AIRFLOW_CTX_TASK_ID='ingest_data' AIRFLOW_CTX_EXECUTION_DATE='2026-04-26T00:00:00+00:00' AIRFLOW_CTX_TRY_NUMBER='1' AIRFLOW_CTX_DAG_RUN_ID='scheduled__2026-04-26T00:00:00+00:00'
[2026-04-27T08:52:39.420+0000] {taskinstance.py:430} INFO - ::endgroup::
[2026-04-27T08:52:39.474+0000] {logging_mixin.py:188} INFO - Saved 3 rows to PostgreSQL!
[2026-04-27T08:52:39.475+0000] {python.py:237} INFO - Done. Returned value was: None
[2026-04-27T08:52:39.477+0000] {taskinstance.py:441} INFO - ::group::Post task execution logs
[2026-04-27T08:52:39.500+0000] {taskinstance.py:1206} INFO - Marking task as SUCCESS. dag_id=ingest_pipeline, task_id=ingest_data, run_id=scheduled__2026-04-26T00:00:00+00:00, execution_date=20260426T000000, start_date=20260427T085239, end_date=20260427T085239
[2026-04-27T08:52:39.533+0000] {local_task_job_runner.py:240} INFO - Task exited with return code 0
[2026-04-27T08:52:39.568+0000] {taskinstance.py:3498} INFO - 1 downstream tasks scheduled from follow-on schedule check
[2026-04-27T08:52:39.574+0000] {local_task_job_runner.py:222} INFO - ::endgroup::
[2026-04-27T09:48:08.598+0000] {local_task_job_runner.py:120} INFO - ::group::Pre task execution logs
[2026-04-27T09:48:08.661+0000] {taskinstance.py:2076} INFO - Dependencies all met for dep_context=non-requeueable deps ti=<TaskInstance: ingest_pipeline.ingest_data scheduled__2026-04-26T00:00:00+00:00 [queued]>
[2026-04-27T09:48:08.677+0000] {taskinstance.py:2076} INFO - Dependencies all met for dep_context=requeueable deps ti=<TaskInstance: ingest_pipeline.ingest_data scheduled__2026-04-26T00:00:00+00:00 [queued]>
[2026-04-27T09:48:08.678+0000] {taskinstance.py:2306} INFO - Starting attempt 1 of 1
[2026-04-27T09:48:08.706+0000] {taskinstance.py:2330} INFO - Executing <Task(PythonOperator): ingest_data> on 2026-04-26 00:00:00+00:00
[2026-04-27T09:48:08.719+0000] {standard_task_runner.py:90} INFO - Running: ['***', 'tasks', 'run', 'ingest_pipeline', 'ingest_data', 'scheduled__2026-04-26T00:00:00+00:00', '--job-id', '7', '--raw', '--subdir', 'DAGS_FOLDER/ingest.py', '--cfg-path', '/tmp/tmpnu2omu56']
[2026-04-27T09:48:08.726+0000] {standard_task_runner.py:91} INFO - Job 7: Subtask ingest_data
[2026-04-27T09:48:08.726+0000] {logging_mixin.py:188} WARNING - /home/***/.local/lib/python3.12/site-packages/***/task/task_runner/standard_task_runner.py:61 DeprecationWarning: This process (pid=437) is multi-threaded, use of fork() may lead to deadlocks in the child.
[2026-04-27T09:48:08.728+0000] {standard_task_runner.py:63} INFO - Started process 438 to run task
[2026-04-27T09:48:08.866+0000] {task_command.py:426} INFO - Running <TaskInstance: ingest_pipeline.ingest_data scheduled__2026-04-26T00:00:00+00:00 [running]> on host 54d630d5d86b
[2026-04-27T09:48:08.983+0000] {taskinstance.py:2648} INFO - Exporting env vars: AIRFLOW_CTX_DAG_OWNER='***' AIRFLOW_CTX_DAG_ID='ingest_pipeline' AIRFLOW_CTX_TASK_ID='ingest_data' AIRFLOW_CTX_EXECUTION_DATE='2026-04-26T00:00:00+00:00' AIRFLOW_CTX_TRY_NUMBER='1' AIRFLOW_CTX_DAG_RUN_ID='scheduled__2026-04-26T00:00:00+00:00'
[2026-04-27T09:48:08.985+0000] {taskinstance.py:430} INFO - ::endgroup::
[2026-04-27T09:48:09.068+0000] {logging_mixin.py:188} INFO - Saved 0 rows to PostgreSQL!
[2026-04-27T09:48:09.069+0000] {python.py:237} INFO - Done. Returned value was: None
[2026-04-27T09:48:09.070+0000] {taskinstance.py:441} INFO - ::group::Post task execution logs
[2026-04-27T09:48:09.084+0000] {taskinstance.py:1206} INFO - Marking task as SUCCESS. dag_id=ingest_pipeline, task_id=ingest_data, run_id=scheduled__2026-04-26T00:00:00+00:00, execution_date=20260426T000000, start_date=20260427T094808, end_date=20260427T094809
[2026-04-27T09:48:09.107+0000] {local_task_job_runner.py:240} INFO - Task exited with return code 0
[2026-04-27T09:48:09.136+0000] {taskinstance.py:3498} INFO - 1 downstream tasks scheduled from follow-on schedule check
[2026-04-27T09:48:09.141+0000] {local_task_job_runner.py:222} INFO - ::endgroup::
