[2026-04-19T13:12:15.038+0000] {local_task_job_runner.py:120} INFO - ::group::Pre task execution logs
[2026-04-19T13:12:15.067+0000] {taskinstance.py:2076} INFO - Dependencies all met for dep_context=non-requeueable deps ti=<TaskInstance: ingest_pipeline.transform_data manual__2026-04-19T13:12:10.852295+00:00 [queued]>
[2026-04-19T13:12:15.075+0000] {taskinstance.py:2076} INFO - Dependencies all met for dep_context=requeueable deps ti=<TaskInstance: ingest_pipeline.transform_data manual__2026-04-19T13:12:10.852295+00:00 [queued]>
[2026-04-19T13:12:15.077+0000] {taskinstance.py:2306} INFO - Starting attempt 1 of 1
[2026-04-19T13:12:15.091+0000] {taskinstance.py:2330} INFO - Executing <Task(PythonOperator): transform_data> on 2026-04-19 13:12:10.852295+00:00
[2026-04-19T13:12:15.097+0000] {standard_task_runner.py:90} INFO - Running: ['***', 'tasks', 'run', 'ingest_pipeline', 'transform_data', 'manual__2026-04-19T13:12:10.852295+00:00', '--job-id', '12', '--raw', '--subdir', 'DAGS_FOLDER/ingest.py', '--cfg-path', '/tmp/tmpe9q3_fhk']
[2026-04-19T13:12:15.100+0000] {logging_mixin.py:188} WARNING - /home/***/.local/lib/python3.12/site-packages/***/task/task_runner/standard_task_runner.py:61 DeprecationWarning: This process (pid=540) is multi-threaded, use of fork() may lead to deadlocks in the child.
[2026-04-19T13:12:15.100+0000] {standard_task_runner.py:91} INFO - Job 12: Subtask transform_data
[2026-04-19T13:12:15.101+0000] {standard_task_runner.py:63} INFO - Started process 541 to run task
[2026-04-19T13:12:15.165+0000] {task_command.py:426} INFO - Running <TaskInstance: ingest_pipeline.transform_data manual__2026-04-19T13:12:10.852295+00:00 [running]> on host 76edd8a7db59
[2026-04-19T13:12:15.252+0000] {taskinstance.py:2648} INFO - Exporting env vars: AIRFLOW_CTX_DAG_OWNER='***' AIRFLOW_CTX_DAG_ID='ingest_pipeline' AIRFLOW_CTX_TASK_ID='transform_data' AIRFLOW_CTX_EXECUTION_DATE='2026-04-19T13:12:10.852295+00:00' AIRFLOW_CTX_TRY_NUMBER='1' AIRFLOW_CTX_DAG_RUN_ID='manual__2026-04-19T13:12:10.852295+00:00'
[2026-04-19T13:12:15.253+0000] {taskinstance.py:430} INFO - ::endgroup::
[2026-04-19T13:12:21.265+0000] {logging_mixin.py:188} INFO - 13:12:18  Running with dbt=1.7.0
13:12:18  Registered adapter: postgres=1.7.0
13:12:18  Found 2 models, 0 sources, 0 exposures, 0 metrics, 401 macros, 0 groups, 0 semantic models
13:12:18  
13:12:19  Concurrency: 1 threads (target='dev')
13:12:19  
13:12:19  1 of 2 START sql incremental model public.cleaned_users ........................ [RUN]
13:12:19  1 of 2 OK created sql incremental model public.cleaned_users ................... [SELECT 3 in 0.18s]
13:12:19  2 of 2 START sql incremental model public.city_summary ......................... [RUN]
13:12:19  2 of 2 OK created sql incremental model public.city_summary .................... [SELECT 3 in 0.23s]
13:12:19  
13:12:19  Finished running 2 incremental models in 0 hours 0 minutes and 0.80 seconds (0.80s).
13:12:19  
13:12:19  Completed successfully
13:12:19  
13:12:19  Done. PASS=2 WARN=0 ERROR=0 SKIP=0 TOTAL=2
[2026-04-19T13:12:21.266+0000] {python.py:237} INFO - Done. Returned value was: None
[2026-04-19T13:12:21.268+0000] {taskinstance.py:441} INFO - ::group::Post task execution logs
[2026-04-19T13:12:21.281+0000] {taskinstance.py:1206} INFO - Marking task as SUCCESS. dag_id=ingest_pipeline, task_id=transform_data, run_id=manual__2026-04-19T13:12:10.852295+00:00, execution_date=20260419T131210, start_date=20260419T131215, end_date=20260419T131221
[2026-04-19T13:12:21.336+0000] {local_task_job_runner.py:240} INFO - Task exited with return code 0
[2026-04-19T13:12:21.364+0000] {taskinstance.py:3498} INFO - 0 downstream tasks scheduled from follow-on schedule check
[2026-04-19T13:12:21.369+0000] {local_task_job_runner.py:222} INFO - ::endgroup::
