[2026-04-27T09:18:48.963+0000] {local_task_job_runner.py:120} INFO - ::group::Pre task execution logs
[2026-04-27T09:18:48.998+0000] {taskinstance.py:2076} INFO - Dependencies all met for dep_context=non-requeueable deps ti=<TaskInstance: ingest_pipeline.ingest_data manual__2026-04-27T09:18:45.398495+00:00 [queued]>
[2026-04-27T09:18:49.008+0000] {taskinstance.py:2076} INFO - Dependencies all met for dep_context=requeueable deps ti=<TaskInstance: ingest_pipeline.ingest_data manual__2026-04-27T09:18:45.398495+00:00 [queued]>
[2026-04-27T09:18:49.009+0000] {taskinstance.py:2306} INFO - Starting attempt 1 of 1
[2026-04-27T09:18:49.024+0000] {taskinstance.py:2330} INFO - Executing <Task(PythonOperator): ingest_data> on 2026-04-27 09:18:45.398495+00:00
[2026-04-27T09:18:49.033+0000] {logging_mixin.py:188} WARNING - /home/***/.local/lib/python3.12/site-packages/***/task/task_runner/standard_task_runner.py:61 DeprecationWarning: This process (pid=1273) is multi-threaded, use of fork() may lead to deadlocks in the child.
[2026-04-27T09:18:49.033+0000] {standard_task_runner.py:90} INFO - Running: ['***', 'tasks', 'run', 'ingest_pipeline', 'ingest_data', 'manual__2026-04-27T09:18:45.398495+00:00', '--job-id', '78', '--raw', '--subdir', 'DAGS_FOLDER/ingest.py', '--cfg-path', '/tmp/tmpnukxzn_a']
[2026-04-27T09:18:49.035+0000] {standard_task_runner.py:63} INFO - Started process 1280 to run task
[2026-04-27T09:18:49.036+0000] {standard_task_runner.py:91} INFO - Job 78: Subtask ingest_data
[2026-04-27T09:18:49.113+0000] {task_command.py:426} INFO - Running <TaskInstance: ingest_pipeline.ingest_data manual__2026-04-27T09:18:45.398495+00:00 [running]> on host c170d7ed2ddb
[2026-04-27T09:18:49.211+0000] {taskinstance.py:2648} INFO - Exporting env vars: AIRFLOW_CTX_DAG_OWNER='***' AIRFLOW_CTX_DAG_ID='ingest_pipeline' AIRFLOW_CTX_TASK_ID='ingest_data' AIRFLOW_CTX_EXECUTION_DATE='2026-04-27T09:18:45.398495+00:00' AIRFLOW_CTX_TRY_NUMBER='1' AIRFLOW_CTX_DAG_RUN_ID='manual__2026-04-27T09:18:45.398495+00:00'
[2026-04-27T09:18:49.212+0000] {taskinstance.py:430} INFO - ::endgroup::
[2026-04-27T09:18:49.241+0000] {taskinstance.py:441} INFO - ::group::Post task execution logs
[2026-04-27T09:18:49.242+0000] {taskinstance.py:2905} ERROR - Task failed with exception
Traceback (most recent call last):
  File "/home/airflow/.local/lib/python3.12/site-packages/airflow/models/taskinstance.py", line 465, in _execute_task
    result = _execute_callable(context=context, **execute_callable_kwargs)
             ^^^^^^^^^^^^^^^^^^^^^^^^^^^^^^^^^^^^^^^^^^^^^^^^^^^^^^^^^^^^^
  File "/home/airflow/.local/lib/python3.12/site-packages/airflow/models/taskinstance.py", line 432, in _execute_callable
    return execute_callable(context=context, **execute_callable_kwargs)
           ^^^^^^^^^^^^^^^^^^^^^^^^^^^^^^^^^^^^^^^^^^^^^^^^^^^^^^^^^^^^
  File "/home/airflow/.local/lib/python3.12/site-packages/airflow/models/baseoperator.py", line 400, in wrapper
    return func(self, *args, **kwargs)
           ^^^^^^^^^^^^^^^^^^^^^^^^^^^
  File "/home/airflow/.local/lib/python3.12/site-packages/airflow/operators/python.py", line 235, in execute
    return_value = self.execute_callable()
                   ^^^^^^^^^^^^^^^^^^^^^^^
  File "/home/airflow/.local/lib/python3.12/site-packages/airflow/operators/python.py", line 252, in execute_callable
    return self.python_callable(*self.op_args, **self.op_kwargs)
           ^^^^^^^^^^^^^^^^^^^^^^^^^^^^^^^^^^^^^^^^^^^^^^^^^^^^^
  File "/opt/airflow/dags/ingest.py", line 114, in ingest
    raise e
  File "/opt/airflow/dags/ingest.py", line 100, in ingest
    (row[0], int(row[1]), row[2])
                 ~~~^^^
IndexError: list index out of range
[2026-04-27T09:18:49.265+0000] {taskinstance.py:1206} INFO - Marking task as FAILED. dag_id=ingest_pipeline, task_id=ingest_data, run_id=manual__2026-04-27T09:18:45.398495+00:00, execution_date=20260427T091845, start_date=20260427T091848, end_date=20260427T091849
[2026-04-27T09:18:49.280+0000] {standard_task_runner.py:110} ERROR - Failed to execute job 78 for task ingest_data (list index out of range; 1280)
[2026-04-27T09:18:49.287+0000] {local_task_job_runner.py:240} INFO - Task exited with return code 1
[2026-04-27T09:18:49.310+0000] {taskinstance.py:3498} INFO - 0 downstream tasks scheduled from follow-on schedule check
[2026-04-27T09:18:49.317+0000] {local_task_job_runner.py:222} INFO - ::endgroup::
