[2026-04-17T03:56:45.663+0000] {local_task_job_runner.py:120} INFO - ::group::Pre task execution logs
[2026-04-17T03:56:45.707+0000] {taskinstance.py:2076} INFO - Dependencies all met for dep_context=non-requeueable deps ti=<TaskInstance: ingest_pipeline.generate_data scheduled__2026-04-16T00:00:00+00:00 [queued]>
[2026-04-17T03:56:45.726+0000] {taskinstance.py:2076} INFO - Dependencies all met for dep_context=requeueable deps ti=<TaskInstance: ingest_pipeline.generate_data scheduled__2026-04-16T00:00:00+00:00 [queued]>
[2026-04-17T03:56:45.727+0000] {taskinstance.py:2306} INFO - Starting attempt 1 of 1
[2026-04-17T03:56:45.763+0000] {taskinstance.py:2330} INFO - Executing <Task(PythonOperator): generate_data> on 2026-04-16 00:00:00+00:00
[2026-04-17T03:56:45.780+0000] {logging_mixin.py:188} WARNING - /home/***/.local/lib/python3.12/site-packages/***/task/task_runner/standard_task_runner.py:61 DeprecationWarning: This process (pid=497) is multi-threaded, use of fork() may lead to deadlocks in the child.
[2026-04-17T03:56:45.777+0000] {standard_task_runner.py:90} INFO - Running: ['***', 'tasks', 'run', 'ingest_pipeline', 'generate_data', 'scheduled__2026-04-16T00:00:00+00:00', '--job-id', '3', '--raw', '--subdir', 'DAGS_FOLDER/ingest.py', '--cfg-path', '/tmp/tmpbea8naji']
[2026-04-17T03:56:45.781+0000] {standard_task_runner.py:63} INFO - Started process 499 to run task
[2026-04-17T03:56:45.782+0000] {standard_task_runner.py:91} INFO - Job 3: Subtask generate_data
[2026-04-17T03:56:45.914+0000] {task_command.py:426} INFO - Running <TaskInstance: ingest_pipeline.generate_data scheduled__2026-04-16T00:00:00+00:00 [running]> on host 415e2d7d9f96
[2026-04-17T03:56:46.063+0000] {taskinstance.py:2648} INFO - Exporting env vars: AIRFLOW_CTX_DAG_OWNER='***' AIRFLOW_CTX_DAG_ID='ingest_pipeline' AIRFLOW_CTX_TASK_ID='generate_data' AIRFLOW_CTX_EXECUTION_DATE='2026-04-16T00:00:00+00:00' AIRFLOW_CTX_TRY_NUMBER='1' AIRFLOW_CTX_DAG_RUN_ID='scheduled__2026-04-16T00:00:00+00:00'
[2026-04-17T03:56:46.064+0000] {taskinstance.py:430} INFO - ::endgroup::
[2026-04-17T03:56:46.121+0000] {logging_mixin.py:188} INFO - Data written. Chaos mode: True
[2026-04-17T03:56:46.122+0000] {python.py:237} INFO - Done. Returned value was: None
[2026-04-17T03:56:46.125+0000] {taskinstance.py:441} INFO - ::group::Post task execution logs
[2026-04-17T03:56:46.135+0000] {taskinstance.py:1206} INFO - Marking task as SUCCESS. dag_id=ingest_pipeline, task_id=generate_data, run_id=scheduled__2026-04-16T00:00:00+00:00, execution_date=20260416T000000, start_date=20260417T035645, end_date=20260417T035646
[2026-04-17T03:56:46.162+0000] {local_task_job_runner.py:240} INFO - Task exited with return code 0
[2026-04-17T03:56:46.191+0000] {taskinstance.py:3498} INFO - 1 downstream tasks scheduled from follow-on schedule check
[2026-04-17T03:56:46.199+0000] {local_task_job_runner.py:222} INFO - ::endgroup::
[2026-04-17T04:14:02.382+0000] {local_task_job_runner.py:120} INFO - ::group::Pre task execution logs
[2026-04-17T04:14:02.444+0000] {taskinstance.py:2076} INFO - Dependencies all met for dep_context=non-requeueable deps ti=<TaskInstance: ingest_pipeline.generate_data scheduled__2026-04-16T00:00:00+00:00 [queued]>
[2026-04-17T04:14:02.455+0000] {taskinstance.py:2076} INFO - Dependencies all met for dep_context=requeueable deps ti=<TaskInstance: ingest_pipeline.generate_data scheduled__2026-04-16T00:00:00+00:00 [queued]>
[2026-04-17T04:14:02.456+0000] {taskinstance.py:2306} INFO - Starting attempt 1 of 1
[2026-04-17T04:14:02.483+0000] {taskinstance.py:2330} INFO - Executing <Task(PythonOperator): generate_data> on 2026-04-16 00:00:00+00:00
[2026-04-17T04:14:02.494+0000] {standard_task_runner.py:90} INFO - Running: ['***', 'tasks', 'run', 'ingest_pipeline', 'generate_data', 'scheduled__2026-04-16T00:00:00+00:00', '--job-id', '4', '--raw', '--subdir', 'DAGS_FOLDER/ingest.py', '--cfg-path', '/tmp/tmprk3twubu']
[2026-04-17T04:14:02.498+0000] {logging_mixin.py:188} WARNING - /home/***/.local/lib/python3.12/site-packages/***/task/task_runner/standard_task_runner.py:61 DeprecationWarning: This process (pid=478) is multi-threaded, use of fork() may lead to deadlocks in the child.
[2026-04-17T04:14:02.499+0000] {standard_task_runner.py:91} INFO - Job 4: Subtask generate_data
[2026-04-17T04:14:02.500+0000] {standard_task_runner.py:63} INFO - Started process 479 to run task
[2026-04-17T04:14:02.609+0000] {task_command.py:426} INFO - Running <TaskInstance: ingest_pipeline.generate_data scheduled__2026-04-16T00:00:00+00:00 [running]> on host 0048acd06470
[2026-04-17T04:14:02.716+0000] {taskinstance.py:2648} INFO - Exporting env vars: AIRFLOW_CTX_DAG_OWNER='***' AIRFLOW_CTX_DAG_ID='ingest_pipeline' AIRFLOW_CTX_TASK_ID='generate_data' AIRFLOW_CTX_EXECUTION_DATE='2026-04-16T00:00:00+00:00' AIRFLOW_CTX_TRY_NUMBER='1' AIRFLOW_CTX_DAG_RUN_ID='scheduled__2026-04-16T00:00:00+00:00'
[2026-04-17T04:14:02.717+0000] {taskinstance.py:430} INFO - ::endgroup::
[2026-04-17T04:14:02.771+0000] {logging_mixin.py:188} INFO - Data written. Chaos mode: True
[2026-04-17T04:14:02.773+0000] {python.py:237} INFO - Done. Returned value was: None
[2026-04-17T04:14:02.776+0000] {taskinstance.py:441} INFO - ::group::Post task execution logs
[2026-04-17T04:14:02.786+0000] {taskinstance.py:1206} INFO - Marking task as SUCCESS. dag_id=ingest_pipeline, task_id=generate_data, run_id=scheduled__2026-04-16T00:00:00+00:00, execution_date=20260416T000000, start_date=20260417T041402, end_date=20260417T041402
[2026-04-17T04:14:02.836+0000] {local_task_job_runner.py:240} INFO - Task exited with return code 0
[2026-04-17T04:14:02.865+0000] {taskinstance.py:3498} INFO - 1 downstream tasks scheduled from follow-on schedule check
[2026-04-17T04:14:02.871+0000] {local_task_job_runner.py:222} INFO - ::endgroup::
