[2026-05-02T17:16:39.558+0000] {processor.py:161} INFO - Started process (PID=338) to work on /opt/airflow/dags/chaos_generator.py
[2026-05-02T17:16:39.559+0000] {processor.py:830} INFO - Processing file /opt/airflow/dags/chaos_generator.py for tasks to queue
[2026-05-02T17:16:39.562+0000] {logging_mixin.py:188} INFO - [2026-05-02T17:16:39.561+0000] {dagbag.py:545} INFO - Filling up the DagBag from /opt/airflow/dags/chaos_generator.py
[2026-05-02T17:16:39.591+0000] {processor.py:842} WARNING - No viable dags retrieved from /opt/airflow/dags/chaos_generator.py
[2026-05-02T17:16:39.606+0000] {processor.py:183} INFO - Processing /opt/airflow/dags/chaos_generator.py took 0.054 seconds
[2026-05-02T17:17:10.033+0000] {processor.py:161} INFO - Started process (PID=379) to work on /opt/airflow/dags/chaos_generator.py
[2026-05-02T17:17:10.034+0000] {processor.py:830} INFO - Processing file /opt/airflow/dags/chaos_generator.py for tasks to queue
[2026-05-02T17:17:10.036+0000] {logging_mixin.py:188} INFO - [2026-05-02T17:17:10.036+0000] {dagbag.py:545} INFO - Filling up the DagBag from /opt/airflow/dags/chaos_generator.py
[2026-05-02T17:17:10.047+0000] {processor.py:842} WARNING - No viable dags retrieved from /opt/airflow/dags/chaos_generator.py
[2026-05-02T17:17:10.064+0000] {processor.py:183} INFO - Processing /opt/airflow/dags/chaos_generator.py took 0.038 seconds
[2026-05-02T17:17:40.552+0000] {processor.py:161} INFO - Started process (PID=389) to work on /opt/airflow/dags/chaos_generator.py
[2026-05-02T17:17:40.554+0000] {processor.py:830} INFO - Processing file /opt/airflow/dags/chaos_generator.py for tasks to queue
[2026-05-02T17:17:40.557+0000] {logging_mixin.py:188} INFO - [2026-05-02T17:17:40.557+0000] {dagbag.py:545} INFO - Filling up the DagBag from /opt/airflow/dags/chaos_generator.py
[2026-05-02T17:17:40.571+0000] {processor.py:842} WARNING - No viable dags retrieved from /opt/airflow/dags/chaos_generator.py
[2026-05-02T17:17:40.587+0000] {processor.py:183} INFO - Processing /opt/airflow/dags/chaos_generator.py took 0.040 seconds
[2026-05-02T17:18:11.037+0000] {processor.py:161} INFO - Started process (PID=399) to work on /opt/airflow/dags/chaos_generator.py
[2026-05-02T17:18:11.038+0000] {processor.py:830} INFO - Processing file /opt/airflow/dags/chaos_generator.py for tasks to queue
[2026-05-02T17:18:11.040+0000] {logging_mixin.py:188} INFO - [2026-05-02T17:18:11.040+0000] {dagbag.py:545} INFO - Filling up the DagBag from /opt/airflow/dags/chaos_generator.py
[2026-05-02T17:18:11.052+0000] {processor.py:842} WARNING - No viable dags retrieved from /opt/airflow/dags/chaos_generator.py
[2026-05-02T17:18:11.068+0000] {processor.py:183} INFO - Processing /opt/airflow/dags/chaos_generator.py took 0.037 seconds
[2026-05-02T17:18:41.531+0000] {processor.py:161} INFO - Started process (PID=409) to work on /opt/airflow/dags/chaos_generator.py
[2026-05-02T17:18:41.532+0000] {processor.py:830} INFO - Processing file /opt/airflow/dags/chaos_generator.py for tasks to queue
[2026-05-02T17:18:41.536+0000] {logging_mixin.py:188} INFO - [2026-05-02T17:18:41.536+0000] {dagbag.py:545} INFO - Filling up the DagBag from /opt/airflow/dags/chaos_generator.py
[2026-05-02T17:18:41.554+0000] {processor.py:842} WARNING - No viable dags retrieved from /opt/airflow/dags/chaos_generator.py
[2026-05-02T17:18:41.568+0000] {processor.py:183} INFO - Processing /opt/airflow/dags/chaos_generator.py took 0.044 seconds
[2026-05-02T17:19:12.083+0000] {processor.py:161} INFO - Started process (PID=419) to work on /opt/airflow/dags/chaos_generator.py
[2026-05-02T17:19:12.084+0000] {processor.py:830} INFO - Processing file /opt/airflow/dags/chaos_generator.py for tasks to queue
[2026-05-02T17:19:12.086+0000] {logging_mixin.py:188} INFO - [2026-05-02T17:19:12.086+0000] {dagbag.py:545} INFO - Filling up the DagBag from /opt/airflow/dags/chaos_generator.py
[2026-05-02T17:19:12.099+0000] {processor.py:842} WARNING - No viable dags retrieved from /opt/airflow/dags/chaos_generator.py
[2026-05-02T17:19:12.116+0000] {processor.py:183} INFO - Processing /opt/airflow/dags/chaos_generator.py took 0.039 seconds
[2026-05-02T17:19:42.659+0000] {processor.py:161} INFO - Started process (PID=429) to work on /opt/airflow/dags/chaos_generator.py
[2026-05-02T17:19:42.660+0000] {processor.py:830} INFO - Processing file /opt/airflow/dags/chaos_generator.py for tasks to queue
[2026-05-02T17:19:42.663+0000] {logging_mixin.py:188} INFO - [2026-05-02T17:19:42.662+0000] {dagbag.py:545} INFO - Filling up the DagBag from /opt/airflow/dags/chaos_generator.py
[2026-05-02T17:19:42.686+0000] {processor.py:842} WARNING - No viable dags retrieved from /opt/airflow/dags/chaos_generator.py
[2026-05-02T17:19:42.703+0000] {processor.py:183} INFO - Processing /opt/airflow/dags/chaos_generator.py took 0.052 seconds
[2026-05-02T17:20:13.073+0000] {processor.py:161} INFO - Started process (PID=439) to work on /opt/airflow/dags/chaos_generator.py
[2026-05-02T17:20:13.074+0000] {processor.py:830} INFO - Processing file /opt/airflow/dags/chaos_generator.py for tasks to queue
[2026-05-02T17:20:13.077+0000] {logging_mixin.py:188} INFO - [2026-05-02T17:20:13.077+0000] {dagbag.py:545} INFO - Filling up the DagBag from /opt/airflow/dags/chaos_generator.py
[2026-05-02T17:20:13.100+0000] {processor.py:842} WARNING - No viable dags retrieved from /opt/airflow/dags/chaos_generator.py
[2026-05-02T17:20:13.119+0000] {processor.py:183} INFO - Processing /opt/airflow/dags/chaos_generator.py took 0.053 seconds
[2026-05-02T17:20:43.582+0000] {processor.py:161} INFO - Started process (PID=449) to work on /opt/airflow/dags/chaos_generator.py
[2026-05-02T17:20:43.583+0000] {processor.py:830} INFO - Processing file /opt/airflow/dags/chaos_generator.py for tasks to queue
[2026-05-02T17:20:43.587+0000] {logging_mixin.py:188} INFO - [2026-05-02T17:20:43.586+0000] {dagbag.py:545} INFO - Filling up the DagBag from /opt/airflow/dags/chaos_generator.py
[2026-05-02T17:20:43.610+0000] {processor.py:842} WARNING - No viable dags retrieved from /opt/airflow/dags/chaos_generator.py
[2026-05-02T17:20:43.632+0000] {processor.py:183} INFO - Processing /opt/airflow/dags/chaos_generator.py took 0.057 seconds
[2026-05-02T17:21:14.205+0000] {processor.py:161} INFO - Started process (PID=459) to work on /opt/airflow/dags/chaos_generator.py
[2026-05-02T17:21:14.206+0000] {processor.py:830} INFO - Processing file /opt/airflow/dags/chaos_generator.py for tasks to queue
[2026-05-02T17:21:14.209+0000] {logging_mixin.py:188} INFO - [2026-05-02T17:21:14.209+0000] {dagbag.py:545} INFO - Filling up the DagBag from /opt/airflow/dags/chaos_generator.py
[2026-05-02T17:21:14.239+0000] {processor.py:842} WARNING - No viable dags retrieved from /opt/airflow/dags/chaos_generator.py
[2026-05-02T17:21:14.260+0000] {processor.py:183} INFO - Processing /opt/airflow/dags/chaos_generator.py took 0.061 seconds
[2026-05-02T17:21:44.897+0000] {processor.py:161} INFO - Started process (PID=469) to work on /opt/airflow/dags/chaos_generator.py
[2026-05-02T17:21:44.898+0000] {processor.py:830} INFO - Processing file /opt/airflow/dags/chaos_generator.py for tasks to queue
[2026-05-02T17:21:44.902+0000] {logging_mixin.py:188} INFO - [2026-05-02T17:21:44.901+0000] {dagbag.py:545} INFO - Filling up the DagBag from /opt/airflow/dags/chaos_generator.py
[2026-05-02T17:21:44.935+0000] {processor.py:842} WARNING - No viable dags retrieved from /opt/airflow/dags/chaos_generator.py
[2026-05-02T17:21:44.955+0000] {processor.py:183} INFO - Processing /opt/airflow/dags/chaos_generator.py took 0.064 seconds
[2026-05-02T17:22:15.434+0000] {processor.py:161} INFO - Started process (PID=479) to work on /opt/airflow/dags/chaos_generator.py
[2026-05-02T17:22:15.435+0000] {processor.py:830} INFO - Processing file /opt/airflow/dags/chaos_generator.py for tasks to queue
[2026-05-02T17:22:15.437+0000] {logging_mixin.py:188} INFO - [2026-05-02T17:22:15.437+0000] {dagbag.py:545} INFO - Filling up the DagBag from /opt/airflow/dags/chaos_generator.py
[2026-05-02T17:22:15.454+0000] {processor.py:842} WARNING - No viable dags retrieved from /opt/airflow/dags/chaos_generator.py
[2026-05-02T17:22:15.472+0000] {processor.py:183} INFO - Processing /opt/airflow/dags/chaos_generator.py took 0.044 seconds
[2026-05-02T17:22:45.872+0000] {processor.py:161} INFO - Started process (PID=489) to work on /opt/airflow/dags/chaos_generator.py
[2026-05-02T17:22:45.873+0000] {processor.py:830} INFO - Processing file /opt/airflow/dags/chaos_generator.py for tasks to queue
[2026-05-02T17:22:45.875+0000] {logging_mixin.py:188} INFO - [2026-05-02T17:22:45.875+0000] {dagbag.py:545} INFO - Filling up the DagBag from /opt/airflow/dags/chaos_generator.py
[2026-05-02T17:22:45.899+0000] {processor.py:842} WARNING - No viable dags retrieved from /opt/airflow/dags/chaos_generator.py
[2026-05-02T17:22:45.918+0000] {processor.py:183} INFO - Processing /opt/airflow/dags/chaos_generator.py took 0.052 seconds
[2026-05-02T17:23:16.359+0000] {processor.py:161} INFO - Started process (PID=499) to work on /opt/airflow/dags/chaos_generator.py
[2026-05-02T17:23:16.360+0000] {processor.py:830} INFO - Processing file /opt/airflow/dags/chaos_generator.py for tasks to queue
[2026-05-02T17:23:16.362+0000] {logging_mixin.py:188} INFO - [2026-05-02T17:23:16.361+0000] {dagbag.py:545} INFO - Filling up the DagBag from /opt/airflow/dags/chaos_generator.py
[2026-05-02T17:23:16.374+0000] {processor.py:842} WARNING - No viable dags retrieved from /opt/airflow/dags/chaos_generator.py
[2026-05-02T17:23:16.390+0000] {processor.py:183} INFO - Processing /opt/airflow/dags/chaos_generator.py took 0.035 seconds
[2026-05-02T17:23:46.902+0000] {processor.py:161} INFO - Started process (PID=509) to work on /opt/airflow/dags/chaos_generator.py
[2026-05-02T17:23:46.903+0000] {processor.py:830} INFO - Processing file /opt/airflow/dags/chaos_generator.py for tasks to queue
[2026-05-02T17:23:46.905+0000] {logging_mixin.py:188} INFO - [2026-05-02T17:23:46.905+0000] {dagbag.py:545} INFO - Filling up the DagBag from /opt/airflow/dags/chaos_generator.py
[2026-05-02T17:23:46.917+0000] {processor.py:842} WARNING - No viable dags retrieved from /opt/airflow/dags/chaos_generator.py
[2026-05-02T17:23:46.932+0000] {processor.py:183} INFO - Processing /opt/airflow/dags/chaos_generator.py took 0.034 seconds
[2026-05-02T17:24:17.425+0000] {processor.py:161} INFO - Started process (PID=519) to work on /opt/airflow/dags/chaos_generator.py
[2026-05-02T17:24:17.426+0000] {processor.py:830} INFO - Processing file /opt/airflow/dags/chaos_generator.py for tasks to queue
[2026-05-02T17:24:17.428+0000] {logging_mixin.py:188} INFO - [2026-05-02T17:24:17.428+0000] {dagbag.py:545} INFO - Filling up the DagBag from /opt/airflow/dags/chaos_generator.py
[2026-05-02T17:24:17.457+0000] {processor.py:842} WARNING - No viable dags retrieved from /opt/airflow/dags/chaos_generator.py
[2026-05-02T17:24:17.477+0000] {processor.py:183} INFO - Processing /opt/airflow/dags/chaos_generator.py took 0.058 seconds
[2026-05-02T17:24:47.947+0000] {processor.py:161} INFO - Started process (PID=530) to work on /opt/airflow/dags/chaos_generator.py
[2026-05-02T17:24:47.950+0000] {processor.py:830} INFO - Processing file /opt/airflow/dags/chaos_generator.py for tasks to queue
[2026-05-02T17:24:47.962+0000] {logging_mixin.py:188} INFO - [2026-05-02T17:24:47.958+0000] {dagbag.py:545} INFO - Filling up the DagBag from /opt/airflow/dags/chaos_generator.py
[2026-05-02T17:24:48.004+0000] {processor.py:842} WARNING - No viable dags retrieved from /opt/airflow/dags/chaos_generator.py
[2026-05-02T17:24:48.055+0000] {processor.py:183} INFO - Processing /opt/airflow/dags/chaos_generator.py took 0.126 seconds
[2026-05-02T17:25:18.490+0000] {processor.py:161} INFO - Started process (PID=540) to work on /opt/airflow/dags/chaos_generator.py
[2026-05-02T17:25:18.491+0000] {processor.py:830} INFO - Processing file /opt/airflow/dags/chaos_generator.py for tasks to queue
[2026-05-02T17:25:18.493+0000] {logging_mixin.py:188} INFO - [2026-05-02T17:25:18.493+0000] {dagbag.py:545} INFO - Filling up the DagBag from /opt/airflow/dags/chaos_generator.py
[2026-05-02T17:25:18.507+0000] {processor.py:842} WARNING - No viable dags retrieved from /opt/airflow/dags/chaos_generator.py
[2026-05-02T17:25:18.530+0000] {processor.py:183} INFO - Processing /opt/airflow/dags/chaos_generator.py took 0.046 seconds
[2026-05-02T17:25:49.133+0000] {processor.py:161} INFO - Started process (PID=558) to work on /opt/airflow/dags/chaos_generator.py
[2026-05-02T17:25:49.134+0000] {processor.py:830} INFO - Processing file /opt/airflow/dags/chaos_generator.py for tasks to queue
[2026-05-02T17:25:49.136+0000] {logging_mixin.py:188} INFO - [2026-05-02T17:25:49.136+0000] {dagbag.py:545} INFO - Filling up the DagBag from /opt/airflow/dags/chaos_generator.py
[2026-05-02T17:25:49.156+0000] {processor.py:842} WARNING - No viable dags retrieved from /opt/airflow/dags/chaos_generator.py
[2026-05-02T17:25:49.172+0000] {processor.py:183} INFO - Processing /opt/airflow/dags/chaos_generator.py took 0.046 seconds
[2026-05-02T17:26:19.866+0000] {processor.py:161} INFO - Started process (PID=573) to work on /opt/airflow/dags/chaos_generator.py
[2026-05-02T17:26:19.867+0000] {processor.py:830} INFO - Processing file /opt/airflow/dags/chaos_generator.py for tasks to queue
[2026-05-02T17:26:19.870+0000] {logging_mixin.py:188} INFO - [2026-05-02T17:26:19.869+0000] {dagbag.py:545} INFO - Filling up the DagBag from /opt/airflow/dags/chaos_generator.py
[2026-05-02T17:26:19.900+0000] {processor.py:842} WARNING - No viable dags retrieved from /opt/airflow/dags/chaos_generator.py
[2026-05-02T17:26:19.920+0000] {processor.py:183} INFO - Processing /opt/airflow/dags/chaos_generator.py took 0.061 seconds
[2026-05-02T17:26:50.688+0000] {processor.py:161} INFO - Started process (PID=594) to work on /opt/airflow/dags/chaos_generator.py
[2026-05-02T17:26:50.689+0000] {processor.py:830} INFO - Processing file /opt/airflow/dags/chaos_generator.py for tasks to queue
[2026-05-02T17:26:50.691+0000] {logging_mixin.py:188} INFO - [2026-05-02T17:26:50.691+0000] {dagbag.py:545} INFO - Filling up the DagBag from /opt/airflow/dags/chaos_generator.py
[2026-05-02T17:26:50.706+0000] {processor.py:842} WARNING - No viable dags retrieved from /opt/airflow/dags/chaos_generator.py
[2026-05-02T17:26:50.721+0000] {processor.py:183} INFO - Processing /opt/airflow/dags/chaos_generator.py took 0.038 seconds
[2026-05-02T17:27:21.201+0000] {processor.py:161} INFO - Started process (PID=604) to work on /opt/airflow/dags/chaos_generator.py
[2026-05-02T17:27:21.203+0000] {processor.py:830} INFO - Processing file /opt/airflow/dags/chaos_generator.py for tasks to queue
[2026-05-02T17:27:21.205+0000] {logging_mixin.py:188} INFO - [2026-05-02T17:27:21.205+0000] {dagbag.py:545} INFO - Filling up the DagBag from /opt/airflow/dags/chaos_generator.py
[2026-05-02T17:27:21.233+0000] {processor.py:842} WARNING - No viable dags retrieved from /opt/airflow/dags/chaos_generator.py
[2026-05-02T17:27:21.248+0000] {processor.py:183} INFO - Processing /opt/airflow/dags/chaos_generator.py took 0.053 seconds
[2026-05-02T17:27:51.766+0000] {processor.py:161} INFO - Started process (PID=639) to work on /opt/airflow/dags/chaos_generator.py
[2026-05-02T17:27:51.767+0000] {processor.py:830} INFO - Processing file /opt/airflow/dags/chaos_generator.py for tasks to queue
[2026-05-02T17:27:51.769+0000] {logging_mixin.py:188} INFO - [2026-05-02T17:27:51.769+0000] {dagbag.py:545} INFO - Filling up the DagBag from /opt/airflow/dags/chaos_generator.py
[2026-05-02T17:27:51.784+0000] {processor.py:842} WARNING - No viable dags retrieved from /opt/airflow/dags/chaos_generator.py
[2026-05-02T17:27:51.799+0000] {processor.py:183} INFO - Processing /opt/airflow/dags/chaos_generator.py took 0.039 seconds
[2026-05-02T17:28:21.986+0000] {processor.py:161} INFO - Started process (PID=668) to work on /opt/airflow/dags/chaos_generator.py
[2026-05-02T17:28:21.987+0000] {processor.py:830} INFO - Processing file /opt/airflow/dags/chaos_generator.py for tasks to queue
[2026-05-02T17:28:21.989+0000] {logging_mixin.py:188} INFO - [2026-05-02T17:28:21.989+0000] {dagbag.py:545} INFO - Filling up the DagBag from /opt/airflow/dags/chaos_generator.py
[2026-05-02T17:28:22.003+0000] {processor.py:842} WARNING - No viable dags retrieved from /opt/airflow/dags/chaos_generator.py
[2026-05-02T17:28:22.016+0000] {processor.py:183} INFO - Processing /opt/airflow/dags/chaos_generator.py took 0.036 seconds
[2026-05-02T17:28:52.640+0000] {processor.py:161} INFO - Started process (PID=681) to work on /opt/airflow/dags/chaos_generator.py
[2026-05-02T17:28:52.642+0000] {processor.py:830} INFO - Processing file /opt/airflow/dags/chaos_generator.py for tasks to queue
[2026-05-02T17:28:52.644+0000] {logging_mixin.py:188} INFO - [2026-05-02T17:28:52.644+0000] {dagbag.py:545} INFO - Filling up the DagBag from /opt/airflow/dags/chaos_generator.py
[2026-05-02T17:28:52.683+0000] {processor.py:842} WARNING - No viable dags retrieved from /opt/airflow/dags/chaos_generator.py
[2026-05-02T17:28:52.708+0000] {processor.py:183} INFO - Processing /opt/airflow/dags/chaos_generator.py took 0.077 seconds
[2026-05-02T17:29:23.430+0000] {processor.py:161} INFO - Started process (PID=699) to work on /opt/airflow/dags/chaos_generator.py
[2026-05-02T17:29:23.432+0000] {processor.py:830} INFO - Processing file /opt/airflow/dags/chaos_generator.py for tasks to queue
[2026-05-02T17:29:23.435+0000] {logging_mixin.py:188} INFO - [2026-05-02T17:29:23.435+0000] {dagbag.py:545} INFO - Filling up the DagBag from /opt/airflow/dags/chaos_generator.py
[2026-05-02T17:29:23.453+0000] {processor.py:842} WARNING - No viable dags retrieved from /opt/airflow/dags/chaos_generator.py
[2026-05-02T17:29:23.468+0000] {processor.py:183} INFO - Processing /opt/airflow/dags/chaos_generator.py took 0.043 seconds
[2026-05-02T17:29:53.920+0000] {processor.py:161} INFO - Started process (PID=725) to work on /opt/airflow/dags/chaos_generator.py
[2026-05-02T17:29:53.924+0000] {processor.py:830} INFO - Processing file /opt/airflow/dags/chaos_generator.py for tasks to queue
[2026-05-02T17:29:53.930+0000] {logging_mixin.py:188} INFO - [2026-05-02T17:29:53.929+0000] {dagbag.py:545} INFO - Filling up the DagBag from /opt/airflow/dags/chaos_generator.py
[2026-05-02T17:29:53.962+0000] {processor.py:842} WARNING - No viable dags retrieved from /opt/airflow/dags/chaos_generator.py
[2026-05-02T17:29:53.997+0000] {processor.py:183} INFO - Processing /opt/airflow/dags/chaos_generator.py took 0.088 seconds
[2026-05-02T17:30:24.494+0000] {processor.py:161} INFO - Started process (PID=751) to work on /opt/airflow/dags/chaos_generator.py
[2026-05-02T17:30:24.496+0000] {processor.py:830} INFO - Processing file /opt/airflow/dags/chaos_generator.py for tasks to queue
[2026-05-02T17:30:24.499+0000] {logging_mixin.py:188} INFO - [2026-05-02T17:30:24.498+0000] {dagbag.py:545} INFO - Filling up the DagBag from /opt/airflow/dags/chaos_generator.py
[2026-05-02T17:30:24.517+0000] {processor.py:842} WARNING - No viable dags retrieved from /opt/airflow/dags/chaos_generator.py
[2026-05-02T17:30:24.533+0000] {processor.py:183} INFO - Processing /opt/airflow/dags/chaos_generator.py took 0.045 seconds
[2026-05-02T17:30:55.003+0000] {processor.py:161} INFO - Started process (PID=761) to work on /opt/airflow/dags/chaos_generator.py
[2026-05-02T17:30:55.004+0000] {processor.py:830} INFO - Processing file /opt/airflow/dags/chaos_generator.py for tasks to queue
[2026-05-02T17:30:55.007+0000] {logging_mixin.py:188} INFO - [2026-05-02T17:30:55.007+0000] {dagbag.py:545} INFO - Filling up the DagBag from /opt/airflow/dags/chaos_generator.py
[2026-05-02T17:30:55.043+0000] {processor.py:842} WARNING - No viable dags retrieved from /opt/airflow/dags/chaos_generator.py
[2026-05-02T17:30:55.063+0000] {processor.py:183} INFO - Processing /opt/airflow/dags/chaos_generator.py took 0.067 seconds
[2026-05-02T17:31:25.633+0000] {processor.py:161} INFO - Started process (PID=771) to work on /opt/airflow/dags/chaos_generator.py
[2026-05-02T17:31:25.635+0000] {processor.py:830} INFO - Processing file /opt/airflow/dags/chaos_generator.py for tasks to queue
[2026-05-02T17:31:25.638+0000] {logging_mixin.py:188} INFO - [2026-05-02T17:31:25.638+0000] {dagbag.py:545} INFO - Filling up the DagBag from /opt/airflow/dags/chaos_generator.py
[2026-05-02T17:31:25.704+0000] {processor.py:842} WARNING - No viable dags retrieved from /opt/airflow/dags/chaos_generator.py
[2026-05-02T17:31:25.723+0000] {processor.py:183} INFO - Processing /opt/airflow/dags/chaos_generator.py took 0.096 seconds
[2026-05-02T17:31:56.297+0000] {processor.py:161} INFO - Started process (PID=781) to work on /opt/airflow/dags/chaos_generator.py
[2026-05-02T17:31:56.299+0000] {processor.py:830} INFO - Processing file /opt/airflow/dags/chaos_generator.py for tasks to queue
[2026-05-02T17:31:56.302+0000] {logging_mixin.py:188} INFO - [2026-05-02T17:31:56.301+0000] {dagbag.py:545} INFO - Filling up the DagBag from /opt/airflow/dags/chaos_generator.py
[2026-05-02T17:31:56.335+0000] {processor.py:842} WARNING - No viable dags retrieved from /opt/airflow/dags/chaos_generator.py
[2026-05-02T17:31:56.355+0000] {processor.py:183} INFO - Processing /opt/airflow/dags/chaos_generator.py took 0.066 seconds
[2026-05-02T17:32:26.846+0000] {processor.py:161} INFO - Started process (PID=791) to work on /opt/airflow/dags/chaos_generator.py
[2026-05-02T17:32:26.848+0000] {processor.py:830} INFO - Processing file /opt/airflow/dags/chaos_generator.py for tasks to queue
[2026-05-02T17:32:26.851+0000] {logging_mixin.py:188} INFO - [2026-05-02T17:32:26.851+0000] {dagbag.py:545} INFO - Filling up the DagBag from /opt/airflow/dags/chaos_generator.py
[2026-05-02T17:32:26.877+0000] {processor.py:842} WARNING - No viable dags retrieved from /opt/airflow/dags/chaos_generator.py
[2026-05-02T17:32:26.898+0000] {processor.py:183} INFO - Processing /opt/airflow/dags/chaos_generator.py took 0.059 seconds
[2026-05-02T17:32:57.336+0000] {processor.py:161} INFO - Started process (PID=801) to work on /opt/airflow/dags/chaos_generator.py
[2026-05-02T17:32:57.338+0000] {processor.py:830} INFO - Processing file /opt/airflow/dags/chaos_generator.py for tasks to queue
[2026-05-02T17:32:57.342+0000] {logging_mixin.py:188} INFO - [2026-05-02T17:32:57.342+0000] {dagbag.py:545} INFO - Filling up the DagBag from /opt/airflow/dags/chaos_generator.py
[2026-05-02T17:32:57.368+0000] {processor.py:842} WARNING - No viable dags retrieved from /opt/airflow/dags/chaos_generator.py
[2026-05-02T17:32:57.383+0000] {processor.py:183} INFO - Processing /opt/airflow/dags/chaos_generator.py took 0.055 seconds
[2026-05-02T17:33:27.913+0000] {processor.py:161} INFO - Started process (PID=811) to work on /opt/airflow/dags/chaos_generator.py
[2026-05-02T17:33:27.915+0000] {processor.py:830} INFO - Processing file /opt/airflow/dags/chaos_generator.py for tasks to queue
[2026-05-02T17:33:27.919+0000] {logging_mixin.py:188} INFO - [2026-05-02T17:33:27.919+0000] {dagbag.py:545} INFO - Filling up the DagBag from /opt/airflow/dags/chaos_generator.py
[2026-05-02T17:33:27.938+0000] {processor.py:842} WARNING - No viable dags retrieved from /opt/airflow/dags/chaos_generator.py
[2026-05-02T17:33:27.978+0000] {processor.py:183} INFO - Processing /opt/airflow/dags/chaos_generator.py took 0.073 seconds
[2026-05-02T17:33:58.477+0000] {processor.py:161} INFO - Started process (PID=821) to work on /opt/airflow/dags/chaos_generator.py
[2026-05-02T17:33:58.479+0000] {processor.py:830} INFO - Processing file /opt/airflow/dags/chaos_generator.py for tasks to queue
[2026-05-02T17:33:58.482+0000] {logging_mixin.py:188} INFO - [2026-05-02T17:33:58.481+0000] {dagbag.py:545} INFO - Filling up the DagBag from /opt/airflow/dags/chaos_generator.py
[2026-05-02T17:33:58.495+0000] {processor.py:842} WARNING - No viable dags retrieved from /opt/airflow/dags/chaos_generator.py
[2026-05-02T17:33:58.511+0000] {processor.py:183} INFO - Processing /opt/airflow/dags/chaos_generator.py took 0.042 seconds
[2026-05-02T17:34:28.949+0000] {processor.py:161} INFO - Started process (PID=831) to work on /opt/airflow/dags/chaos_generator.py
[2026-05-02T17:34:28.950+0000] {processor.py:830} INFO - Processing file /opt/airflow/dags/chaos_generator.py for tasks to queue
[2026-05-02T17:34:28.953+0000] {logging_mixin.py:188} INFO - [2026-05-02T17:34:28.953+0000] {dagbag.py:545} INFO - Filling up the DagBag from /opt/airflow/dags/chaos_generator.py
[2026-05-02T17:34:28.967+0000] {processor.py:842} WARNING - No viable dags retrieved from /opt/airflow/dags/chaos_generator.py
[2026-05-02T17:34:28.986+0000] {processor.py:183} INFO - Processing /opt/airflow/dags/chaos_generator.py took 0.044 seconds
[2026-05-02T17:34:59.518+0000] {processor.py:161} INFO - Started process (PID=841) to work on /opt/airflow/dags/chaos_generator.py
[2026-05-02T17:34:59.521+0000] {processor.py:830} INFO - Processing file /opt/airflow/dags/chaos_generator.py for tasks to queue
[2026-05-02T17:34:59.525+0000] {logging_mixin.py:188} INFO - [2026-05-02T17:34:59.524+0000] {dagbag.py:545} INFO - Filling up the DagBag from /opt/airflow/dags/chaos_generator.py
[2026-05-02T17:34:59.573+0000] {processor.py:842} WARNING - No viable dags retrieved from /opt/airflow/dags/chaos_generator.py
[2026-05-02T17:34:59.608+0000] {processor.py:183} INFO - Processing /opt/airflow/dags/chaos_generator.py took 0.104 seconds
[2026-05-02T17:35:30.119+0000] {processor.py:161} INFO - Started process (PID=851) to work on /opt/airflow/dags/chaos_generator.py
[2026-05-02T17:35:30.120+0000] {processor.py:830} INFO - Processing file /opt/airflow/dags/chaos_generator.py for tasks to queue
[2026-05-02T17:35:30.123+0000] {logging_mixin.py:188} INFO - [2026-05-02T17:35:30.123+0000] {dagbag.py:545} INFO - Filling up the DagBag from /opt/airflow/dags/chaos_generator.py
[2026-05-02T17:35:30.138+0000] {processor.py:842} WARNING - No viable dags retrieved from /opt/airflow/dags/chaos_generator.py
[2026-05-02T17:35:30.157+0000] {processor.py:183} INFO - Processing /opt/airflow/dags/chaos_generator.py took 0.043 seconds
[2026-05-02T17:36:00.667+0000] {processor.py:161} INFO - Started process (PID=861) to work on /opt/airflow/dags/chaos_generator.py
[2026-05-02T17:36:00.670+0000] {processor.py:830} INFO - Processing file /opt/airflow/dags/chaos_generator.py for tasks to queue
[2026-05-02T17:36:00.673+0000] {logging_mixin.py:188} INFO - [2026-05-02T17:36:00.673+0000] {dagbag.py:545} INFO - Filling up the DagBag from /opt/airflow/dags/chaos_generator.py
[2026-05-02T17:36:00.727+0000] {processor.py:842} WARNING - No viable dags retrieved from /opt/airflow/dags/chaos_generator.py
[2026-05-02T17:36:00.756+0000] {processor.py:183} INFO - Processing /opt/airflow/dags/chaos_generator.py took 0.099 seconds
[2026-05-02T17:36:31.195+0000] {processor.py:161} INFO - Started process (PID=871) to work on /opt/airflow/dags/chaos_generator.py
[2026-05-02T17:36:31.197+0000] {processor.py:830} INFO - Processing file /opt/airflow/dags/chaos_generator.py for tasks to queue
[2026-05-02T17:36:31.201+0000] {logging_mixin.py:188} INFO - [2026-05-02T17:36:31.200+0000] {dagbag.py:545} INFO - Filling up the DagBag from /opt/airflow/dags/chaos_generator.py
[2026-05-02T17:36:31.240+0000] {processor.py:842} WARNING - No viable dags retrieved from /opt/airflow/dags/chaos_generator.py
[2026-05-02T17:36:31.274+0000] {processor.py:183} INFO - Processing /opt/airflow/dags/chaos_generator.py took 0.089 seconds
[2026-05-02T17:37:01.811+0000] {processor.py:161} INFO - Started process (PID=881) to work on /opt/airflow/dags/chaos_generator.py
[2026-05-02T17:37:01.814+0000] {processor.py:830} INFO - Processing file /opt/airflow/dags/chaos_generator.py for tasks to queue
[2026-05-02T17:37:01.817+0000] {logging_mixin.py:188} INFO - [2026-05-02T17:37:01.816+0000] {dagbag.py:545} INFO - Filling up the DagBag from /opt/airflow/dags/chaos_generator.py
[2026-05-02T17:37:01.858+0000] {processor.py:842} WARNING - No viable dags retrieved from /opt/airflow/dags/chaos_generator.py
[2026-05-02T17:37:01.878+0000] {processor.py:183} INFO - Processing /opt/airflow/dags/chaos_generator.py took 0.072 seconds
[2026-05-02T17:37:32.405+0000] {processor.py:161} INFO - Started process (PID=891) to work on /opt/airflow/dags/chaos_generator.py
[2026-05-02T17:37:32.409+0000] {processor.py:830} INFO - Processing file /opt/airflow/dags/chaos_generator.py for tasks to queue
[2026-05-02T17:37:32.414+0000] {logging_mixin.py:188} INFO - [2026-05-02T17:37:32.413+0000] {dagbag.py:545} INFO - Filling up the DagBag from /opt/airflow/dags/chaos_generator.py
[2026-05-02T17:37:32.517+0000] {processor.py:842} WARNING - No viable dags retrieved from /opt/airflow/dags/chaos_generator.py
[2026-05-02T17:37:32.539+0000] {processor.py:183} INFO - Processing /opt/airflow/dags/chaos_generator.py took 0.143 seconds
[2026-05-02T17:38:02.994+0000] {processor.py:161} INFO - Started process (PID=901) to work on /opt/airflow/dags/chaos_generator.py
[2026-05-02T17:38:02.995+0000] {processor.py:830} INFO - Processing file /opt/airflow/dags/chaos_generator.py for tasks to queue
[2026-05-02T17:38:02.999+0000] {logging_mixin.py:188} INFO - [2026-05-02T17:38:02.998+0000] {dagbag.py:545} INFO - Filling up the DagBag from /opt/airflow/dags/chaos_generator.py
[2026-05-02T17:38:03.037+0000] {processor.py:842} WARNING - No viable dags retrieved from /opt/airflow/dags/chaos_generator.py
[2026-05-02T17:38:03.055+0000] {processor.py:183} INFO - Processing /opt/airflow/dags/chaos_generator.py took 0.069 seconds
