[2026-05-02T17:16:39.551+0000] {processor.py:161} INFO - Started process (PID=335) to work on /opt/airflow/dags/ingest.py
[2026-05-02T17:16:39.552+0000] {processor.py:830} INFO - Processing file /opt/airflow/dags/ingest.py for tasks to queue
[2026-05-02T17:16:39.555+0000] {logging_mixin.py:188} INFO - [2026-05-02T17:16:39.554+0000] {dagbag.py:545} INFO - Filling up the DagBag from /opt/airflow/dags/ingest.py
[2026-05-02T17:16:39.593+0000] {logging_mixin.py:188} INFO - [2026-05-02T17:16:39.592+0000] {dagbag.py:355} ERROR - Failed to import: /opt/airflow/dags/ingest.py
Traceback (most recent call last):
  File "/home/airflow/.local/lib/python3.12/site-packages/airflow/models/dagbag.py", line 351, in parse
    loader.exec_module(new_module)
  File "<frozen importlib._bootstrap_external>", line 991, in exec_module
  File "<frozen importlib._bootstrap_external>", line 1129, in get_code
  File "<frozen importlib._bootstrap_external>", line 1059, in source_to_code
  File "<frozen importlib._bootstrap>", line 488, in _call_with_frames_removed
  File "/opt/airflow/dags/ingest.py", line 141
    generate_task = PythonOperator(task_id="generate_data", python_callaer
                                  ^
SyntaxError: '(' was never closed
[2026-05-02T17:16:39.594+0000] {processor.py:842} WARNING - No viable dags retrieved from /opt/airflow/dags/ingest.py
[2026-05-02T17:16:39.617+0000] {processor.py:183} INFO - Processing /opt/airflow/dags/ingest.py took 0.074 seconds
[2026-05-02T17:17:10.030+0000] {processor.py:161} INFO - Started process (PID=376) to work on /opt/airflow/dags/ingest.py
[2026-05-02T17:17:10.032+0000] {processor.py:830} INFO - Processing file /opt/airflow/dags/ingest.py for tasks to queue
[2026-05-02T17:17:10.034+0000] {logging_mixin.py:188} INFO - [2026-05-02T17:17:10.034+0000] {dagbag.py:545} INFO - Filling up the DagBag from /opt/airflow/dags/ingest.py
[2026-05-02T17:17:10.054+0000] {logging_mixin.py:188} INFO - [2026-05-02T17:17:10.053+0000] {dagbag.py:355} ERROR - Failed to import: /opt/airflow/dags/ingest.py
Traceback (most recent call last):
  File "/home/airflow/.local/lib/python3.12/site-packages/airflow/models/dagbag.py", line 351, in parse
    loader.exec_module(new_module)
  File "<frozen importlib._bootstrap_external>", line 991, in exec_module
  File "<frozen importlib._bootstrap_external>", line 1129, in get_code
  File "<frozen importlib._bootstrap_external>", line 1059, in source_to_code
  File "<frozen importlib._bootstrap>", line 488, in _call_with_frames_removed
  File "/opt/airflow/dags/ingest.py", line 141
    generate_task = PythonOperator(task_id="generate_data", python_callaer
                                  ^
SyntaxError: '(' was never closed
[2026-05-02T17:17:10.055+0000] {processor.py:842} WARNING - No viable dags retrieved from /opt/airflow/dags/ingest.py
[2026-05-02T17:17:10.080+0000] {processor.py:183} INFO - Processing /opt/airflow/dags/ingest.py took 0.056 seconds
[2026-05-02T17:17:40.552+0000] {processor.py:161} INFO - Started process (PID=386) to work on /opt/airflow/dags/ingest.py
[2026-05-02T17:17:40.555+0000] {processor.py:830} INFO - Processing file /opt/airflow/dags/ingest.py for tasks to queue
[2026-05-02T17:17:40.557+0000] {logging_mixin.py:188} INFO - [2026-05-02T17:17:40.557+0000] {dagbag.py:545} INFO - Filling up the DagBag from /opt/airflow/dags/ingest.py
[2026-05-02T17:17:40.576+0000] {logging_mixin.py:188} INFO - [2026-05-02T17:17:40.574+0000] {dagbag.py:355} ERROR - Failed to import: /opt/airflow/dags/ingest.py
Traceback (most recent call last):
  File "/home/airflow/.local/lib/python3.12/site-packages/airflow/models/dagbag.py", line 351, in parse
    loader.exec_module(new_module)
  File "<frozen importlib._bootstrap_external>", line 991, in exec_module
  File "<frozen importlib._bootstrap_external>", line 1129, in get_code
  File "<frozen importlib._bootstrap_external>", line 1059, in source_to_code
  File "<frozen importlib._bootstrap>", line 488, in _call_with_frames_removed
  File "/opt/airflow/dags/ingest.py", line 141
    generate_task = PythonOperator(task_id="generate_data", python_callaer
                                  ^
SyntaxError: '(' was never closed
[2026-05-02T17:17:40.577+0000] {processor.py:842} WARNING - No viable dags retrieved from /opt/airflow/dags/ingest.py
[2026-05-02T17:17:40.612+0000] {processor.py:183} INFO - Processing /opt/airflow/dags/ingest.py took 0.067 seconds
[2026-05-02T17:18:11.033+0000] {processor.py:161} INFO - Started process (PID=396) to work on /opt/airflow/dags/ingest.py
[2026-05-02T17:18:11.034+0000] {processor.py:830} INFO - Processing file /opt/airflow/dags/ingest.py for tasks to queue
[2026-05-02T17:18:11.037+0000] {logging_mixin.py:188} INFO - [2026-05-02T17:18:11.037+0000] {dagbag.py:545} INFO - Filling up the DagBag from /opt/airflow/dags/ingest.py
[2026-05-02T17:18:11.056+0000] {logging_mixin.py:188} INFO - [2026-05-02T17:18:11.055+0000] {dagbag.py:355} ERROR - Failed to import: /opt/airflow/dags/ingest.py
Traceback (most recent call last):
  File "/home/airflow/.local/lib/python3.12/site-packages/airflow/models/dagbag.py", line 351, in parse
    loader.exec_module(new_module)
  File "<frozen importlib._bootstrap_external>", line 991, in exec_module
  File "<frozen importlib._bootstrap_external>", line 1129, in get_code
  File "<frozen importlib._bootstrap_external>", line 1059, in source_to_code
  File "<frozen importlib._bootstrap>", line 488, in _call_with_frames_removed
  File "/opt/airflow/dags/ingest.py", line 141
    generate_task = PythonOperator(task_id="generate_data", python_callaer
                                  ^
SyntaxError: '(' was never closed
[2026-05-02T17:18:11.057+0000] {processor.py:842} WARNING - No viable dags retrieved from /opt/airflow/dags/ingest.py
[2026-05-02T17:18:11.079+0000] {processor.py:183} INFO - Processing /opt/airflow/dags/ingest.py took 0.053 seconds
[2026-05-02T17:18:41.523+0000] {processor.py:161} INFO - Started process (PID=406) to work on /opt/airflow/dags/ingest.py
[2026-05-02T17:18:41.524+0000] {processor.py:830} INFO - Processing file /opt/airflow/dags/ingest.py for tasks to queue
[2026-05-02T17:18:41.527+0000] {logging_mixin.py:188} INFO - [2026-05-02T17:18:41.527+0000] {dagbag.py:545} INFO - Filling up the DagBag from /opt/airflow/dags/ingest.py
[2026-05-02T17:18:41.558+0000] {logging_mixin.py:188} INFO - [2026-05-02T17:18:41.557+0000] {dagbag.py:355} ERROR - Failed to import: /opt/airflow/dags/ingest.py
Traceback (most recent call last):
  File "/home/airflow/.local/lib/python3.12/site-packages/airflow/models/dagbag.py", line 351, in parse
    loader.exec_module(new_module)
  File "<frozen importlib._bootstrap_external>", line 991, in exec_module
  File "<frozen importlib._bootstrap_external>", line 1129, in get_code
  File "<frozen importlib._bootstrap_external>", line 1059, in source_to_code
  File "<frozen importlib._bootstrap>", line 488, in _call_with_frames_removed
  File "/opt/airflow/dags/ingest.py", line 141
    generate_task = PythonOperator(task_id="generate_data", python_callaer
                                  ^
SyntaxError: '(' was never closed
[2026-05-02T17:18:41.559+0000] {processor.py:842} WARNING - No viable dags retrieved from /opt/airflow/dags/ingest.py
[2026-05-02T17:18:41.593+0000] {processor.py:183} INFO - Processing /opt/airflow/dags/ingest.py took 0.077 seconds
[2026-05-02T17:19:12.077+0000] {processor.py:161} INFO - Started process (PID=416) to work on /opt/airflow/dags/ingest.py
[2026-05-02T17:19:12.078+0000] {processor.py:830} INFO - Processing file /opt/airflow/dags/ingest.py for tasks to queue
[2026-05-02T17:19:12.081+0000] {logging_mixin.py:188} INFO - [2026-05-02T17:19:12.081+0000] {dagbag.py:545} INFO - Filling up the DagBag from /opt/airflow/dags/ingest.py
[2026-05-02T17:19:12.101+0000] {logging_mixin.py:188} INFO - [2026-05-02T17:19:12.100+0000] {dagbag.py:355} ERROR - Failed to import: /opt/airflow/dags/ingest.py
Traceback (most recent call last):
  File "/home/airflow/.local/lib/python3.12/site-packages/airflow/models/dagbag.py", line 351, in parse
    loader.exec_module(new_module)
  File "<frozen importlib._bootstrap_external>", line 991, in exec_module
  File "<frozen importlib._bootstrap_external>", line 1129, in get_code
  File "<frozen importlib._bootstrap_external>", line 1059, in source_to_code
  File "<frozen importlib._bootstrap>", line 488, in _call_with_frames_removed
  File "/opt/airflow/dags/ingest.py", line 141
    generate_task = PythonOperator(task_id="generate_data", python_callaer
                                  ^
SyntaxError: '(' was never closed
[2026-05-02T17:19:12.102+0000] {processor.py:842} WARNING - No viable dags retrieved from /opt/airflow/dags/ingest.py
[2026-05-02T17:19:12.124+0000] {processor.py:183} INFO - Processing /opt/airflow/dags/ingest.py took 0.055 seconds
[2026-05-02T17:19:42.623+0000] {processor.py:161} INFO - Started process (PID=426) to work on /opt/airflow/dags/ingest.py
[2026-05-02T17:19:42.636+0000] {processor.py:830} INFO - Processing file /opt/airflow/dags/ingest.py for tasks to queue
[2026-05-02T17:19:42.644+0000] {logging_mixin.py:188} INFO - [2026-05-02T17:19:42.644+0000] {dagbag.py:545} INFO - Filling up the DagBag from /opt/airflow/dags/ingest.py
[2026-05-02T17:19:42.680+0000] {logging_mixin.py:188} INFO - [2026-05-02T17:19:42.679+0000] {dagbag.py:355} ERROR - Failed to import: /opt/airflow/dags/ingest.py
Traceback (most recent call last):
  File "/home/airflow/.local/lib/python3.12/site-packages/airflow/models/dagbag.py", line 351, in parse
    loader.exec_module(new_module)
  File "<frozen importlib._bootstrap_external>", line 991, in exec_module
  File "<frozen importlib._bootstrap_external>", line 1129, in get_code
  File "<frozen importlib._bootstrap_external>", line 1059, in source_to_code
  File "<frozen importlib._bootstrap>", line 488, in _call_with_frames_removed
  File "/opt/airflow/dags/ingest.py", line 141
    generate_task = PythonOperator(task_id="generate_data", python_callaer
                                  ^
SyntaxError: '(' was never closed
[2026-05-02T17:19:42.681+0000] {processor.py:842} WARNING - No viable dags retrieved from /opt/airflow/dags/ingest.py
[2026-05-02T17:19:42.708+0000] {processor.py:183} INFO - Processing /opt/airflow/dags/ingest.py took 0.096 seconds
[2026-05-02T17:20:13.062+0000] {processor.py:161} INFO - Started process (PID=436) to work on /opt/airflow/dags/ingest.py
[2026-05-02T17:20:13.064+0000] {processor.py:830} INFO - Processing file /opt/airflow/dags/ingest.py for tasks to queue
[2026-05-02T17:20:13.066+0000] {logging_mixin.py:188} INFO - [2026-05-02T17:20:13.066+0000] {dagbag.py:545} INFO - Filling up the DagBag from /opt/airflow/dags/ingest.py
[2026-05-02T17:20:13.103+0000] {logging_mixin.py:188} INFO - [2026-05-02T17:20:13.101+0000] {dagbag.py:355} ERROR - Failed to import: /opt/airflow/dags/ingest.py
Traceback (most recent call last):
  File "/home/airflow/.local/lib/python3.12/site-packages/airflow/models/dagbag.py", line 351, in parse
    loader.exec_module(new_module)
  File "<frozen importlib._bootstrap_external>", line 991, in exec_module
  File "<frozen importlib._bootstrap_external>", line 1129, in get_code
  File "<frozen importlib._bootstrap_external>", line 1059, in source_to_code
  File "<frozen importlib._bootstrap>", line 488, in _call_with_frames_removed
  File "/opt/airflow/dags/ingest.py", line 141
    generate_task = PythonOperator(task_id="generate_data", python_callaer
                                  ^
SyntaxError: '(' was never closed
[2026-05-02T17:20:13.104+0000] {processor.py:842} WARNING - No viable dags retrieved from /opt/airflow/dags/ingest.py
[2026-05-02T17:20:13.129+0000] {processor.py:183} INFO - Processing /opt/airflow/dags/ingest.py took 0.073 seconds
[2026-05-02T17:20:43.574+0000] {processor.py:161} INFO - Started process (PID=446) to work on /opt/airflow/dags/ingest.py
[2026-05-02T17:20:43.576+0000] {processor.py:830} INFO - Processing file /opt/airflow/dags/ingest.py for tasks to queue
[2026-05-02T17:20:43.580+0000] {logging_mixin.py:188} INFO - [2026-05-02T17:20:43.580+0000] {dagbag.py:545} INFO - Filling up the DagBag from /opt/airflow/dags/ingest.py
[2026-05-02T17:20:43.614+0000] {logging_mixin.py:188} INFO - [2026-05-02T17:20:43.612+0000] {dagbag.py:355} ERROR - Failed to import: /opt/airflow/dags/ingest.py
Traceback (most recent call last):
  File "/home/airflow/.local/lib/python3.12/site-packages/airflow/models/dagbag.py", line 351, in parse
    loader.exec_module(new_module)
  File "<frozen importlib._bootstrap_external>", line 991, in exec_module
  File "<frozen importlib._bootstrap_external>", line 1129, in get_code
  File "<frozen importlib._bootstrap_external>", line 1059, in source_to_code
  File "<frozen importlib._bootstrap>", line 488, in _call_with_frames_removed
  File "/opt/airflow/dags/ingest.py", line 141
    generate_task = PythonOperator(task_id="generate_data", python_callaer
                                  ^
SyntaxError: '(' was never closed
[2026-05-02T17:20:43.615+0000] {processor.py:842} WARNING - No viable dags retrieved from /opt/airflow/dags/ingest.py
[2026-05-02T17:20:43.663+0000] {processor.py:183} INFO - Processing /opt/airflow/dags/ingest.py took 0.096 seconds
[2026-05-02T17:21:14.196+0000] {processor.py:161} INFO - Started process (PID=456) to work on /opt/airflow/dags/ingest.py
[2026-05-02T17:21:14.198+0000] {processor.py:830} INFO - Processing file /opt/airflow/dags/ingest.py for tasks to queue
[2026-05-02T17:21:14.201+0000] {logging_mixin.py:188} INFO - [2026-05-02T17:21:14.201+0000] {dagbag.py:545} INFO - Filling up the DagBag from /opt/airflow/dags/ingest.py
[2026-05-02T17:21:14.245+0000] {logging_mixin.py:188} INFO - [2026-05-02T17:21:14.243+0000] {dagbag.py:355} ERROR - Failed to import: /opt/airflow/dags/ingest.py
Traceback (most recent call last):
  File "/home/airflow/.local/lib/python3.12/site-packages/airflow/models/dagbag.py", line 351, in parse
    loader.exec_module(new_module)
  File "<frozen importlib._bootstrap_external>", line 991, in exec_module
  File "<frozen importlib._bootstrap_external>", line 1129, in get_code
  File "<frozen importlib._bootstrap_external>", line 1059, in source_to_code
  File "<frozen importlib._bootstrap>", line 488, in _call_with_frames_removed
  File "/opt/airflow/dags/ingest.py", line 141
    generate_task = PythonOperator(task_id="generate_data", python_callaer
                                  ^
SyntaxError: '(' was never closed
[2026-05-02T17:21:14.247+0000] {processor.py:842} WARNING - No viable dags retrieved from /opt/airflow/dags/ingest.py
[2026-05-02T17:21:14.299+0000] {processor.py:183} INFO - Processing /opt/airflow/dags/ingest.py took 0.110 seconds
[2026-05-02T17:21:44.894+0000] {processor.py:161} INFO - Started process (PID=466) to work on /opt/airflow/dags/ingest.py
[2026-05-02T17:21:44.895+0000] {processor.py:830} INFO - Processing file /opt/airflow/dags/ingest.py for tasks to queue
[2026-05-02T17:21:44.898+0000] {logging_mixin.py:188} INFO - [2026-05-02T17:21:44.898+0000] {dagbag.py:545} INFO - Filling up the DagBag from /opt/airflow/dags/ingest.py
[2026-05-02T17:21:44.947+0000] {logging_mixin.py:188} INFO - [2026-05-02T17:21:44.946+0000] {dagbag.py:355} ERROR - Failed to import: /opt/airflow/dags/ingest.py
Traceback (most recent call last):
  File "/home/airflow/.local/lib/python3.12/site-packages/airflow/models/dagbag.py", line 351, in parse
    loader.exec_module(new_module)
  File "<frozen importlib._bootstrap_external>", line 991, in exec_module
  File "<frozen importlib._bootstrap_external>", line 1129, in get_code
  File "<frozen importlib._bootstrap_external>", line 1059, in source_to_code
  File "<frozen importlib._bootstrap>", line 488, in _call_with_frames_removed
  File "/opt/airflow/dags/ingest.py", line 141
    generate_task = PythonOperator(task_id="generate_data", python_callaer
                                  ^
SyntaxError: '(' was never closed
[2026-05-02T17:21:44.948+0000] {processor.py:842} WARNING - No viable dags retrieved from /opt/airflow/dags/ingest.py
[2026-05-02T17:21:44.987+0000] {processor.py:183} INFO - Processing /opt/airflow/dags/ingest.py took 0.102 seconds
[2026-05-02T17:22:15.429+0000] {processor.py:161} INFO - Started process (PID=476) to work on /opt/airflow/dags/ingest.py
[2026-05-02T17:22:15.430+0000] {processor.py:830} INFO - Processing file /opt/airflow/dags/ingest.py for tasks to queue
[2026-05-02T17:22:15.432+0000] {logging_mixin.py:188} INFO - [2026-05-02T17:22:15.432+0000] {dagbag.py:545} INFO - Filling up the DagBag from /opt/airflow/dags/ingest.py
[2026-05-02T17:22:15.459+0000] {logging_mixin.py:188} INFO - [2026-05-02T17:22:15.458+0000] {dagbag.py:355} ERROR - Failed to import: /opt/airflow/dags/ingest.py
Traceback (most recent call last):
  File "/home/airflow/.local/lib/python3.12/site-packages/airflow/models/dagbag.py", line 351, in parse
    loader.exec_module(new_module)
  File "<frozen importlib._bootstrap_external>", line 991, in exec_module
  File "<frozen importlib._bootstrap_external>", line 1129, in get_code
  File "<frozen importlib._bootstrap_external>", line 1059, in source_to_code
  File "<frozen importlib._bootstrap>", line 488, in _call_with_frames_removed
  File "/opt/airflow/dags/ingest.py", line 141
    generate_task = PythonOperator(task_id="generate_data", python_callaer
                                  ^
SyntaxError: '(' was never closed
[2026-05-02T17:22:15.460+0000] {processor.py:842} WARNING - No viable dags retrieved from /opt/airflow/dags/ingest.py
[2026-05-02T17:22:15.483+0000] {processor.py:183} INFO - Processing /opt/airflow/dags/ingest.py took 0.060 seconds
[2026-05-02T17:22:45.862+0000] {processor.py:161} INFO - Started process (PID=486) to work on /opt/airflow/dags/ingest.py
[2026-05-02T17:22:45.864+0000] {processor.py:830} INFO - Processing file /opt/airflow/dags/ingest.py for tasks to queue
[2026-05-02T17:22:45.867+0000] {logging_mixin.py:188} INFO - [2026-05-02T17:22:45.866+0000] {dagbag.py:545} INFO - Filling up the DagBag from /opt/airflow/dags/ingest.py
[2026-05-02T17:22:45.901+0000] {logging_mixin.py:188} INFO - [2026-05-02T17:22:45.900+0000] {dagbag.py:355} ERROR - Failed to import: /opt/airflow/dags/ingest.py
Traceback (most recent call last):
  File "/home/airflow/.local/lib/python3.12/site-packages/airflow/models/dagbag.py", line 351, in parse
    loader.exec_module(new_module)
  File "<frozen importlib._bootstrap_external>", line 991, in exec_module
  File "<frozen importlib._bootstrap_external>", line 1129, in get_code
  File "<frozen importlib._bootstrap_external>", line 1059, in source_to_code
  File "<frozen importlib._bootstrap>", line 488, in _call_with_frames_removed
  File "/opt/airflow/dags/ingest.py", line 141
    generate_task = PythonOperator(task_id="generate_data", python_callaer
                                  ^
SyntaxError: '(' was never closed
[2026-05-02T17:22:45.902+0000] {processor.py:842} WARNING - No viable dags retrieved from /opt/airflow/dags/ingest.py
[2026-05-02T17:22:45.928+0000] {processor.py:183} INFO - Processing /opt/airflow/dags/ingest.py took 0.073 seconds
[2026-05-02T17:23:16.352+0000] {processor.py:161} INFO - Started process (PID=496) to work on /opt/airflow/dags/ingest.py
[2026-05-02T17:23:16.353+0000] {processor.py:830} INFO - Processing file /opt/airflow/dags/ingest.py for tasks to queue
[2026-05-02T17:23:16.355+0000] {logging_mixin.py:188} INFO - [2026-05-02T17:23:16.355+0000] {dagbag.py:545} INFO - Filling up the DagBag from /opt/airflow/dags/ingest.py
[2026-05-02T17:23:16.374+0000] {logging_mixin.py:188} INFO - [2026-05-02T17:23:16.373+0000] {dagbag.py:355} ERROR - Failed to import: /opt/airflow/dags/ingest.py
Traceback (most recent call last):
  File "/home/airflow/.local/lib/python3.12/site-packages/airflow/models/dagbag.py", line 351, in parse
    loader.exec_module(new_module)
  File "<frozen importlib._bootstrap_external>", line 991, in exec_module
  File "<frozen importlib._bootstrap_external>", line 1129, in get_code
  File "<frozen importlib._bootstrap_external>", line 1059, in source_to_code
  File "<frozen importlib._bootstrap>", line 488, in _call_with_frames_removed
  File "/opt/airflow/dags/ingest.py", line 141
    generate_task = PythonOperator(task_id="generate_data", python_callaer
                                  ^
SyntaxError: '(' was never closed
[2026-05-02T17:23:16.375+0000] {processor.py:842} WARNING - No viable dags retrieved from /opt/airflow/dags/ingest.py
[2026-05-02T17:23:16.411+0000] {processor.py:183} INFO - Processing /opt/airflow/dags/ingest.py took 0.064 seconds
[2026-05-02T17:23:46.901+0000] {processor.py:161} INFO - Started process (PID=506) to work on /opt/airflow/dags/ingest.py
[2026-05-02T17:23:46.902+0000] {processor.py:830} INFO - Processing file /opt/airflow/dags/ingest.py for tasks to queue
[2026-05-02T17:23:46.904+0000] {logging_mixin.py:188} INFO - [2026-05-02T17:23:46.904+0000] {dagbag.py:545} INFO - Filling up the DagBag from /opt/airflow/dags/ingest.py
[2026-05-02T17:23:46.923+0000] {logging_mixin.py:188} INFO - [2026-05-02T17:23:46.922+0000] {dagbag.py:355} ERROR - Failed to import: /opt/airflow/dags/ingest.py
Traceback (most recent call last):
  File "/home/airflow/.local/lib/python3.12/site-packages/airflow/models/dagbag.py", line 351, in parse
    loader.exec_module(new_module)
  File "<frozen importlib._bootstrap_external>", line 991, in exec_module
  File "<frozen importlib._bootstrap_external>", line 1129, in get_code
  File "<frozen importlib._bootstrap_external>", line 1059, in source_to_code
  File "<frozen importlib._bootstrap>", line 488, in _call_with_frames_removed
  File "/opt/airflow/dags/ingest.py", line 141
    generate_task = PythonOperator(task_id="generate_data", python_callaer
                                  ^
SyntaxError: '(' was never closed
[2026-05-02T17:23:46.923+0000] {processor.py:842} WARNING - No viable dags retrieved from /opt/airflow/dags/ingest.py
[2026-05-02T17:23:46.944+0000] {processor.py:183} INFO - Processing /opt/airflow/dags/ingest.py took 0.049 seconds
[2026-05-02T17:24:17.418+0000] {processor.py:161} INFO - Started process (PID=516) to work on /opt/airflow/dags/ingest.py
[2026-05-02T17:24:17.420+0000] {processor.py:830} INFO - Processing file /opt/airflow/dags/ingest.py for tasks to queue
[2026-05-02T17:24:17.422+0000] {logging_mixin.py:188} INFO - [2026-05-02T17:24:17.422+0000] {dagbag.py:545} INFO - Filling up the DagBag from /opt/airflow/dags/ingest.py
[2026-05-02T17:24:17.460+0000] {logging_mixin.py:188} INFO - [2026-05-02T17:24:17.458+0000] {dagbag.py:355} ERROR - Failed to import: /opt/airflow/dags/ingest.py
Traceback (most recent call last):
  File "/home/airflow/.local/lib/python3.12/site-packages/airflow/models/dagbag.py", line 351, in parse
    loader.exec_module(new_module)
  File "<frozen importlib._bootstrap_external>", line 991, in exec_module
  File "<frozen importlib._bootstrap_external>", line 1129, in get_code
  File "<frozen importlib._bootstrap_external>", line 1059, in source_to_code
  File "<frozen importlib._bootstrap>", line 488, in _call_with_frames_removed
  File "/opt/airflow/dags/ingest.py", line 141
    generate_task = PythonOperator(task_id="generate_data", python_callaer
                                  ^
SyntaxError: '(' was never closed
[2026-05-02T17:24:17.461+0000] {processor.py:842} WARNING - No viable dags retrieved from /opt/airflow/dags/ingest.py
[2026-05-02T17:24:17.503+0000] {processor.py:183} INFO - Processing /opt/airflow/dags/ingest.py took 0.093 seconds
[2026-05-02T17:24:47.933+0000] {processor.py:161} INFO - Started process (PID=527) to work on /opt/airflow/dags/ingest.py
[2026-05-02T17:24:47.940+0000] {processor.py:830} INFO - Processing file /opt/airflow/dags/ingest.py for tasks to queue
[2026-05-02T17:24:47.946+0000] {logging_mixin.py:188} INFO - [2026-05-02T17:24:47.944+0000] {dagbag.py:545} INFO - Filling up the DagBag from /opt/airflow/dags/ingest.py
[2026-05-02T17:24:48.016+0000] {logging_mixin.py:188} INFO - [2026-05-02T17:24:48.012+0000] {dagbag.py:355} ERROR - Failed to import: /opt/airflow/dags/ingest.py
Traceback (most recent call last):
  File "/home/airflow/.local/lib/python3.12/site-packages/airflow/models/dagbag.py", line 351, in parse
    loader.exec_module(new_module)
  File "<frozen importlib._bootstrap_external>", line 991, in exec_module
  File "<frozen importlib._bootstrap_external>", line 1129, in get_code
  File "<frozen importlib._bootstrap_external>", line 1059, in source_to_code
  File "<frozen importlib._bootstrap>", line 488, in _call_with_frames_removed
  File "/opt/airflow/dags/ingest.py", line 141
    generate_task = PythonOperator(task_id="generate_data", python_callaer
                                  ^
SyntaxError: '(' was never closed
[2026-05-02T17:24:48.020+0000] {processor.py:842} WARNING - No viable dags retrieved from /opt/airflow/dags/ingest.py
[2026-05-02T17:24:48.088+0000] {processor.py:183} INFO - Processing /opt/airflow/dags/ingest.py took 0.175 seconds
[2026-05-02T17:25:18.484+0000] {processor.py:161} INFO - Started process (PID=537) to work on /opt/airflow/dags/ingest.py
[2026-05-02T17:25:18.486+0000] {processor.py:830} INFO - Processing file /opt/airflow/dags/ingest.py for tasks to queue
[2026-05-02T17:25:18.488+0000] {logging_mixin.py:188} INFO - [2026-05-02T17:25:18.488+0000] {dagbag.py:545} INFO - Filling up the DagBag from /opt/airflow/dags/ingest.py
[2026-05-02T17:25:18.511+0000] {logging_mixin.py:188} INFO - [2026-05-02T17:25:18.509+0000] {dagbag.py:355} ERROR - Failed to import: /opt/airflow/dags/ingest.py
Traceback (most recent call last):
  File "/home/airflow/.local/lib/python3.12/site-packages/airflow/models/dagbag.py", line 351, in parse
    loader.exec_module(new_module)
  File "<frozen importlib._bootstrap_external>", line 991, in exec_module
  File "<frozen importlib._bootstrap_external>", line 1129, in get_code
  File "<frozen importlib._bootstrap_external>", line 1059, in source_to_code
  File "<frozen importlib._bootstrap>", line 488, in _call_with_frames_removed
  File "/opt/airflow/dags/ingest.py", line 141
    generate_task = PythonOperator(task_id="generate_data", python_callaer
                                  ^
SyntaxError: '(' was never closed
[2026-05-02T17:25:18.520+0000] {processor.py:842} WARNING - No viable dags retrieved from /opt/airflow/dags/ingest.py
[2026-05-02T17:25:18.551+0000] {processor.py:183} INFO - Processing /opt/airflow/dags/ingest.py took 0.074 seconds
[2026-05-02T17:25:37.941+0000] {processor.py:161} INFO - Started process (PID=553) to work on /opt/airflow/dags/ingest.py
[2026-05-02T17:25:37.942+0000] {processor.py:830} INFO - Processing file /opt/airflow/dags/ingest.py for tasks to queue
[2026-05-02T17:25:37.945+0000] {logging_mixin.py:188} INFO - [2026-05-02T17:25:37.945+0000] {dagbag.py:545} INFO - Filling up the DagBag from /opt/airflow/dags/ingest.py
[2026-05-02T17:25:37.973+0000] {logging_mixin.py:188} INFO - [2026-05-02T17:25:37.972+0000] {dagbag.py:355} ERROR - Failed to import: /opt/airflow/dags/ingest.py
Traceback (most recent call last):
  File "/home/airflow/.local/lib/python3.12/site-packages/airflow/models/dagbag.py", line 351, in parse
    loader.exec_module(new_module)
  File "<frozen importlib._bootstrap_external>", line 991, in exec_module
  File "<frozen importlib._bootstrap_external>", line 1129, in get_code
  File "<frozen importlib._bootstrap_external>", line 1059, in source_to_code
  File "<frozen importlib._bootstrap>", line 488, in _call_with_frames_removed
  File "/opt/airflow/dags/ingest.py", line 141
    generate_task = PythonOperator(task_id="generate_data", python_callaer)
                                                                          ^
SyntaxError: positional argument follows keyword argument
[2026-05-02T17:25:37.974+0000] {processor.py:842} WARNING - No viable dags retrieved from /opt/airflow/dags/ingest.py
[2026-05-02T17:25:38.000+0000] {processor.py:183} INFO - Processing /opt/airflow/dags/ingest.py took 0.066 seconds
[2026-05-02T17:25:51.257+0000] {processor.py:161} INFO - Started process (PID=563) to work on /opt/airflow/dags/ingest.py
[2026-05-02T17:25:51.259+0000] {processor.py:830} INFO - Processing file /opt/airflow/dags/ingest.py for tasks to queue
[2026-05-02T17:25:51.262+0000] {logging_mixin.py:188} INFO - [2026-05-02T17:25:51.261+0000] {dagbag.py:545} INFO - Filling up the DagBag from /opt/airflow/dags/ingest.py
[2026-05-02T17:25:51.284+0000] {logging_mixin.py:188} INFO - [2026-05-02T17:25:51.282+0000] {dagbag.py:355} ERROR - Failed to import: /opt/airflow/dags/ingest.py
Traceback (most recent call last):
  File "/home/airflow/.local/lib/python3.12/site-packages/airflow/models/dagbag.py", line 351, in parse
    loader.exec_module(new_module)
  File "<frozen importlib._bootstrap_external>", line 991, in exec_module
  File "<frozen importlib._bootstrap_external>", line 1129, in get_code
  File "<frozen importlib._bootstrap_external>", line 1059, in source_to_code
  File "<frozen importlib._bootstrap>", line 488, in _call_with_frames_removed
  File "/opt/airflow/dags/ingest.py", line 141
    generate_task = PythonOperator(task_id="generate_data", python_callaer
                                  ^
SyntaxError: '(' was never closed
[2026-05-02T17:25:51.285+0000] {processor.py:842} WARNING - No viable dags retrieved from /opt/airflow/dags/ingest.py
[2026-05-02T17:25:51.348+0000] {processor.py:183} INFO - Processing /opt/airflow/dags/ingest.py took 0.102 seconds
[2026-05-02T17:25:56.472+0000] {processor.py:161} INFO - Started process (PID=568) to work on /opt/airflow/dags/ingest.py
[2026-05-02T17:25:56.473+0000] {processor.py:830} INFO - Processing file /opt/airflow/dags/ingest.py for tasks to queue
[2026-05-02T17:25:56.476+0000] {logging_mixin.py:188} INFO - [2026-05-02T17:25:56.475+0000] {dagbag.py:545} INFO - Filling up the DagBag from /opt/airflow/dags/ingest.py
[2026-05-02T17:25:56.519+0000] {logging_mixin.py:188} INFO - [2026-05-02T17:25:56.518+0000] {dagbag.py:355} ERROR - Failed to import: /opt/airflow/dags/ingest.py
Traceback (most recent call last):
  File "/home/airflow/.local/lib/python3.12/site-packages/airflow/models/dagbag.py", line 351, in parse
    loader.exec_module(new_module)
  File "<frozen importlib._bootstrap_external>", line 991, in exec_module
  File "<frozen importlib._bootstrap_external>", line 1129, in get_code
  File "<frozen importlib._bootstrap_external>", line 1059, in source_to_code
  File "<frozen importlib._bootstrap>", line 488, in _call_with_frames_removed
  File "/opt/airflow/dags/ingest.py", line 141
    generate_task = PythonOperator(task_id="generate_data", python_callaer)
                                                                          ^
SyntaxError: positional argument follows keyword argument
[2026-05-02T17:25:56.521+0000] {processor.py:842} WARNING - No viable dags retrieved from /opt/airflow/dags/ingest.py
[2026-05-02T17:25:56.545+0000] {processor.py:183} INFO - Processing /opt/airflow/dags/ingest.py took 0.078 seconds
[2026-05-02T17:26:22.006+0000] {processor.py:161} INFO - Started process (PID=578) to work on /opt/airflow/dags/ingest.py
[2026-05-02T17:26:22.008+0000] {processor.py:830} INFO - Processing file /opt/airflow/dags/ingest.py for tasks to queue
[2026-05-02T17:26:22.012+0000] {logging_mixin.py:188} INFO - [2026-05-02T17:26:22.011+0000] {dagbag.py:545} INFO - Filling up the DagBag from /opt/airflow/dags/ingest.py
[2026-05-02T17:26:22.090+0000] {logging_mixin.py:188} INFO - [2026-05-02T17:26:22.076+0000] {dagbag.py:355} ERROR - Failed to import: /opt/airflow/dags/ingest.py
Traceback (most recent call last):
  File "/home/airflow/.local/lib/python3.12/site-packages/airflow/models/dagbag.py", line 351, in parse
    loader.exec_module(new_module)
  File "<frozen importlib._bootstrap_external>", line 995, in exec_module
  File "<frozen importlib._bootstrap>", line 488, in _call_with_frames_removed
  File "/opt/airflow/dags/ingest.py", line 143, in <module>
    python_callable=python_callaer
                    ^^^^^^^^^^^^^^
NameError: name 'python_callaer' is not defined
[2026-05-02T17:26:22.096+0000] {processor.py:842} WARNING - No viable dags retrieved from /opt/airflow/dags/ingest.py
[2026-05-02T17:26:22.121+0000] {processor.py:183} INFO - Processing /opt/airflow/dags/ingest.py took 0.123 seconds
[2026-05-02T17:26:25.212+0000] {processor.py:161} INFO - Started process (PID=583) to work on /opt/airflow/dags/ingest.py
[2026-05-02T17:26:25.213+0000] {processor.py:830} INFO - Processing file /opt/airflow/dags/ingest.py for tasks to queue
[2026-05-02T17:26:25.215+0000] {logging_mixin.py:188} INFO - [2026-05-02T17:26:25.215+0000] {dagbag.py:545} INFO - Filling up the DagBag from /opt/airflow/dags/ingest.py
[2026-05-02T17:26:25.307+0000] {logging_mixin.py:188} INFO - [2026-05-02T17:26:25.289+0000] {dagbag.py:355} ERROR - Failed to import: /opt/airflow/dags/ingest.py
Traceback (most recent call last):
  File "/home/airflow/.local/lib/python3.12/site-packages/airflow/models/dagbag.py", line 351, in parse
    loader.exec_module(new_module)
  File "<frozen importlib._bootstrap_external>", line 995, in exec_module
  File "<frozen importlib._bootstrap>", line 488, in _call_with_frames_removed
  File "/opt/airflow/dags/ingest.py", line 143, in <module>
    python_callable=python_callaer
                    ^^^^^^^^^^^^^^
NameError: name 'python_callaer' is not defined
[2026-05-02T17:26:25.317+0000] {processor.py:842} WARNING - No viable dags retrieved from /opt/airflow/dags/ingest.py
[2026-05-02T17:26:25.358+0000] {processor.py:183} INFO - Processing /opt/airflow/dags/ingest.py took 0.153 seconds
[2026-05-02T17:26:55.900+0000] {processor.py:161} INFO - Started process (PID=599) to work on /opt/airflow/dags/ingest.py
[2026-05-02T17:26:55.902+0000] {processor.py:830} INFO - Processing file /opt/airflow/dags/ingest.py for tasks to queue
[2026-05-02T17:26:55.906+0000] {logging_mixin.py:188} INFO - [2026-05-02T17:26:55.905+0000] {dagbag.py:545} INFO - Filling up the DagBag from /opt/airflow/dags/ingest.py
[2026-05-02T17:26:55.968+0000] {logging_mixin.py:188} INFO - [2026-05-02T17:26:55.942+0000] {dagbag.py:355} ERROR - Failed to import: /opt/airflow/dags/ingest.py
Traceback (most recent call last):
  File "/home/airflow/.local/lib/python3.12/site-packages/airflow/models/dagbag.py", line 351, in parse
    loader.exec_module(new_module)
  File "<frozen importlib._bootstrap_external>", line 995, in exec_module
  File "<frozen importlib._bootstrap>", line 488, in _call_with_frames_removed
  File "/opt/airflow/dags/ingest.py", line 143, in <module>
    python_callable=python_callaer
                    ^^^^^^^^^^^^^^
NameError: name 'python_callaer' is not defined
[2026-05-02T17:26:55.983+0000] {processor.py:842} WARNING - No viable dags retrieved from /opt/airflow/dags/ingest.py
[2026-05-02T17:26:56.020+0000] {processor.py:183} INFO - Processing /opt/airflow/dags/ingest.py took 0.127 seconds
[2026-05-02T17:27:26.331+0000] {processor.py:161} INFO - Started process (PID=609) to work on /opt/airflow/dags/ingest.py
[2026-05-02T17:27:26.335+0000] {processor.py:830} INFO - Processing file /opt/airflow/dags/ingest.py for tasks to queue
[2026-05-02T17:27:26.341+0000] {logging_mixin.py:188} INFO - [2026-05-02T17:27:26.340+0000] {dagbag.py:545} INFO - Filling up the DagBag from /opt/airflow/dags/ingest.py
[2026-05-02T17:27:26.406+0000] {logging_mixin.py:188} INFO - [2026-05-02T17:27:26.391+0000] {dagbag.py:355} ERROR - Failed to import: /opt/airflow/dags/ingest.py
Traceback (most recent call last):
  File "/home/airflow/.local/lib/python3.12/site-packages/airflow/models/dagbag.py", line 351, in parse
    loader.exec_module(new_module)
  File "<frozen importlib._bootstrap_external>", line 995, in exec_module
  File "<frozen importlib._bootstrap>", line 488, in _call_with_frames_removed
  File "/opt/airflow/dags/ingest.py", line 143, in <module>
    python_callable=python_callaer
                    ^^^^^^^^^^^^^^
NameError: name 'python_callaer' is not defined
[2026-05-02T17:27:26.413+0000] {processor.py:842} WARNING - No viable dags retrieved from /opt/airflow/dags/ingest.py
[2026-05-02T17:27:26.457+0000] {processor.py:183} INFO - Processing /opt/airflow/dags/ingest.py took 0.171 seconds
[2026-05-02T17:27:38.588+0000] {processor.py:161} INFO - Started process (PID=614) to work on /opt/airflow/dags/ingest.py
[2026-05-02T17:27:38.591+0000] {processor.py:830} INFO - Processing file /opt/airflow/dags/ingest.py for tasks to queue
[2026-05-02T17:27:38.594+0000] {logging_mixin.py:188} INFO - [2026-05-02T17:27:38.593+0000] {dagbag.py:545} INFO - Filling up the DagBag from /opt/airflow/dags/ingest.py
[2026-05-02T17:27:38.651+0000] {processor.py:840} INFO - DAG(s) 'ingest_pipeline' retrieved from /opt/airflow/dags/ingest.py
[2026-05-02T17:27:38.964+0000] {logging_mixin.py:188} INFO - [2026-05-02T17:27:38.961+0000] {override.py:1829} INFO - Created Permission View: can edit on DAG:ingest_pipeline
[2026-05-02T17:27:38.986+0000] {logging_mixin.py:188} INFO - [2026-05-02T17:27:38.986+0000] {override.py:1829} INFO - Created Permission View: can delete on DAG:ingest_pipeline
[2026-05-02T17:27:38.999+0000] {logging_mixin.py:188} INFO - [2026-05-02T17:27:38.999+0000] {override.py:1829} INFO - Created Permission View: can read on DAG:ingest_pipeline
[2026-05-02T17:27:39.001+0000] {logging_mixin.py:188} INFO - [2026-05-02T17:27:39.001+0000] {dag.py:3096} INFO - Sync 1 DAGs
[2026-05-02T17:27:39.018+0000] {logging_mixin.py:188} INFO - [2026-05-02T17:27:39.018+0000] {dag.py:3118} INFO - Creating ORM DAG for ingest_pipeline
[2026-05-02T17:27:39.032+0000] {logging_mixin.py:188} INFO - [2026-05-02T17:27:39.032+0000] {dag.py:3954} INFO - Setting next_dagrun for ingest_pipeline to 2026-05-01 00:00:00+00:00, run_after=2026-05-02 00:00:00+00:00
[2026-05-02T17:27:39.068+0000] {processor.py:183} INFO - Processing /opt/airflow/dags/ingest.py took 0.487 seconds
[2026-05-02T17:28:09.126+0000] {processor.py:161} INFO - Started process (PID=656) to work on /opt/airflow/dags/ingest.py
[2026-05-02T17:28:09.129+0000] {processor.py:830} INFO - Processing file /opt/airflow/dags/ingest.py for tasks to queue
[2026-05-02T17:28:09.131+0000] {logging_mixin.py:188} INFO - [2026-05-02T17:28:09.131+0000] {dagbag.py:545} INFO - Filling up the DagBag from /opt/airflow/dags/ingest.py
[2026-05-02T17:28:09.168+0000] {processor.py:840} INFO - DAG(s) 'ingest_pipeline' retrieved from /opt/airflow/dags/ingest.py
[2026-05-02T17:28:09.200+0000] {logging_mixin.py:188} INFO - [2026-05-02T17:28:09.199+0000] {dag.py:3096} INFO - Sync 1 DAGs
[2026-05-02T17:28:09.226+0000] {logging_mixin.py:188} INFO - [2026-05-02T17:28:09.225+0000] {dag.py:3954} INFO - Setting next_dagrun for ingest_pipeline to 2026-05-02 00:00:00+00:00, run_after=2026-05-03 00:00:00+00:00
[2026-05-02T17:28:09.263+0000] {processor.py:183} INFO - Processing /opt/airflow/dags/ingest.py took 0.144 seconds
[2026-05-02T17:28:11.383+0000] {processor.py:161} INFO - Started process (PID=661) to work on /opt/airflow/dags/ingest.py
[2026-05-02T17:28:11.386+0000] {processor.py:830} INFO - Processing file /opt/airflow/dags/ingest.py for tasks to queue
[2026-05-02T17:28:11.389+0000] {logging_mixin.py:188} INFO - [2026-05-02T17:28:11.388+0000] {dagbag.py:545} INFO - Filling up the DagBag from /opt/airflow/dags/ingest.py
[2026-05-02T17:28:11.444+0000] {processor.py:840} INFO - DAG(s) 'ingest_pipeline' retrieved from /opt/airflow/dags/ingest.py
[2026-05-02T17:28:11.577+0000] {logging_mixin.py:188} INFO - [2026-05-02T17:28:11.577+0000] {dag.py:3096} INFO - Sync 1 DAGs
[2026-05-02T17:28:11.614+0000] {logging_mixin.py:188} INFO - [2026-05-02T17:28:11.614+0000] {dag.py:3954} INFO - Setting next_dagrun for ingest_pipeline to 2026-05-02 00:00:00+00:00, run_after=2026-05-03 00:00:00+00:00
[2026-05-02T17:28:11.658+0000] {processor.py:183} INFO - Processing /opt/airflow/dags/ingest.py took 0.283 seconds
[2026-05-02T17:28:31.191+0000] {processor.py:161} INFO - Started process (PID=673) to work on /opt/airflow/dags/ingest.py
[2026-05-02T17:28:31.193+0000] {processor.py:830} INFO - Processing file /opt/airflow/dags/ingest.py for tasks to queue
[2026-05-02T17:28:31.196+0000] {logging_mixin.py:188} INFO - [2026-05-02T17:28:31.196+0000] {dagbag.py:545} INFO - Filling up the DagBag from /opt/airflow/dags/ingest.py
[2026-05-02T17:28:31.277+0000] {processor.py:840} INFO - DAG(s) 'ingest_pipeline' retrieved from /opt/airflow/dags/ingest.py
[2026-05-02T17:28:31.297+0000] {logging_mixin.py:188} INFO - [2026-05-02T17:28:31.297+0000] {dag.py:3096} INFO - Sync 1 DAGs
[2026-05-02T17:28:31.336+0000] {logging_mixin.py:188} INFO - [2026-05-02T17:28:31.336+0000] {dag.py:3954} INFO - Setting next_dagrun for ingest_pipeline to 2026-05-02 00:00:00+00:00, run_after=2026-05-03 00:00:00+00:00
[2026-05-02T17:28:31.409+0000] {processor.py:183} INFO - Processing /opt/airflow/dags/ingest.py took 0.230 seconds
[2026-05-02T17:29:01.879+0000] {processor.py:161} INFO - Started process (PID=689) to work on /opt/airflow/dags/ingest.py
[2026-05-02T17:29:01.881+0000] {processor.py:830} INFO - Processing file /opt/airflow/dags/ingest.py for tasks to queue
[2026-05-02T17:29:01.884+0000] {logging_mixin.py:188} INFO - [2026-05-02T17:29:01.884+0000] {dagbag.py:545} INFO - Filling up the DagBag from /opt/airflow/dags/ingest.py
[2026-05-02T17:29:01.953+0000] {processor.py:840} INFO - DAG(s) 'ingest_pipeline' retrieved from /opt/airflow/dags/ingest.py
[2026-05-02T17:29:02.076+0000] {logging_mixin.py:188} INFO - [2026-05-02T17:29:02.076+0000] {dag.py:3096} INFO - Sync 1 DAGs
[2026-05-02T17:29:02.096+0000] {logging_mixin.py:188} INFO - [2026-05-02T17:29:02.095+0000] {dag.py:3954} INFO - Setting next_dagrun for ingest_pipeline to 2026-05-02 00:00:00+00:00, run_after=2026-05-03 00:00:00+00:00
[2026-05-02T17:29:02.120+0000] {processor.py:183} INFO - Processing /opt/airflow/dags/ingest.py took 0.252 seconds
[2026-05-02T17:29:13.110+0000] {processor.py:161} INFO - Started process (PID=694) to work on /opt/airflow/dags/ingest.py
[2026-05-02T17:29:13.112+0000] {processor.py:830} INFO - Processing file /opt/airflow/dags/ingest.py for tasks to queue
[2026-05-02T17:29:13.115+0000] {logging_mixin.py:188} INFO - [2026-05-02T17:29:13.114+0000] {dagbag.py:545} INFO - Filling up the DagBag from /opt/airflow/dags/ingest.py
[2026-05-02T17:29:13.203+0000] {processor.py:840} INFO - DAG(s) 'ingest_pipeline' retrieved from /opt/airflow/dags/ingest.py
[2026-05-02T17:29:13.229+0000] {logging_mixin.py:188} INFO - [2026-05-02T17:29:13.228+0000] {dag.py:3096} INFO - Sync 1 DAGs
[2026-05-02T17:29:13.259+0000] {logging_mixin.py:188} INFO - [2026-05-02T17:29:13.259+0000] {dag.py:3954} INFO - Setting next_dagrun for ingest_pipeline to 2026-05-02 00:00:00+00:00, run_after=2026-05-03 00:00:00+00:00
[2026-05-02T17:29:13.299+0000] {processor.py:183} INFO - Processing /opt/airflow/dags/ingest.py took 0.203 seconds
[2026-05-02T17:29:43.768+0000] {processor.py:161} INFO - Started process (PID=713) to work on /opt/airflow/dags/ingest.py
[2026-05-02T17:29:43.769+0000] {processor.py:830} INFO - Processing file /opt/airflow/dags/ingest.py for tasks to queue
[2026-05-02T17:29:43.771+0000] {logging_mixin.py:188} INFO - [2026-05-02T17:29:43.771+0000] {dagbag.py:545} INFO - Filling up the DagBag from /opt/airflow/dags/ingest.py
[2026-05-02T17:29:43.801+0000] {processor.py:840} INFO - DAG(s) 'ingest_pipeline' retrieved from /opt/airflow/dags/ingest.py
[2026-05-02T17:29:43.831+0000] {logging_mixin.py:188} INFO - [2026-05-02T17:29:43.831+0000] {dag.py:3096} INFO - Sync 1 DAGs
[2026-05-02T17:29:43.853+0000] {logging_mixin.py:188} INFO - [2026-05-02T17:29:43.853+0000] {dag.py:3954} INFO - Setting next_dagrun for ingest_pipeline to 2026-05-02 00:00:00+00:00, run_after=2026-05-03 00:00:00+00:00
[2026-05-02T17:29:43.885+0000] {processor.py:183} INFO - Processing /opt/airflow/dags/ingest.py took 0.122 seconds
[2026-05-02T17:30:14.333+0000] {processor.py:161} INFO - Started process (PID=746) to work on /opt/airflow/dags/ingest.py
[2026-05-02T17:30:14.336+0000] {processor.py:830} INFO - Processing file /opt/airflow/dags/ingest.py for tasks to queue
[2026-05-02T17:30:14.338+0000] {logging_mixin.py:188} INFO - [2026-05-02T17:30:14.338+0000] {dagbag.py:545} INFO - Filling up the DagBag from /opt/airflow/dags/ingest.py
[2026-05-02T17:30:14.372+0000] {processor.py:840} INFO - DAG(s) 'ingest_pipeline' retrieved from /opt/airflow/dags/ingest.py
[2026-05-02T17:30:14.401+0000] {logging_mixin.py:188} INFO - [2026-05-02T17:30:14.401+0000] {dag.py:3096} INFO - Sync 1 DAGs
[2026-05-02T17:30:14.423+0000] {logging_mixin.py:188} INFO - [2026-05-02T17:30:14.423+0000] {dag.py:3954} INFO - Setting next_dagrun for ingest_pipeline to 2026-05-02 00:00:00+00:00, run_after=2026-05-03 00:00:00+00:00
[2026-05-02T17:30:14.468+0000] {processor.py:183} INFO - Processing /opt/airflow/dags/ingest.py took 0.143 seconds
[2026-05-02T17:30:44.830+0000] {processor.py:161} INFO - Started process (PID=756) to work on /opt/airflow/dags/ingest.py
[2026-05-02T17:30:44.832+0000] {processor.py:830} INFO - Processing file /opt/airflow/dags/ingest.py for tasks to queue
[2026-05-02T17:30:44.835+0000] {logging_mixin.py:188} INFO - [2026-05-02T17:30:44.835+0000] {dagbag.py:545} INFO - Filling up the DagBag from /opt/airflow/dags/ingest.py
[2026-05-02T17:30:44.897+0000] {processor.py:840} INFO - DAG(s) 'ingest_pipeline' retrieved from /opt/airflow/dags/ingest.py
[2026-05-02T17:30:44.937+0000] {logging_mixin.py:188} INFO - [2026-05-02T17:30:44.936+0000] {dag.py:3096} INFO - Sync 1 DAGs
[2026-05-02T17:30:44.970+0000] {logging_mixin.py:188} INFO - [2026-05-02T17:30:44.970+0000] {dag.py:3954} INFO - Setting next_dagrun for ingest_pipeline to 2026-05-02 00:00:00+00:00, run_after=2026-05-03 00:00:00+00:00
[2026-05-02T17:30:44.998+0000] {processor.py:183} INFO - Processing /opt/airflow/dags/ingest.py took 0.176 seconds
[2026-05-02T17:31:15.304+0000] {processor.py:161} INFO - Started process (PID=766) to work on /opt/airflow/dags/ingest.py
[2026-05-02T17:31:15.306+0000] {processor.py:830} INFO - Processing file /opt/airflow/dags/ingest.py for tasks to queue
[2026-05-02T17:31:15.309+0000] {logging_mixin.py:188} INFO - [2026-05-02T17:31:15.309+0000] {dagbag.py:545} INFO - Filling up the DagBag from /opt/airflow/dags/ingest.py
[2026-05-02T17:31:15.357+0000] {processor.py:840} INFO - DAG(s) 'ingest_pipeline' retrieved from /opt/airflow/dags/ingest.py
[2026-05-02T17:31:15.393+0000] {logging_mixin.py:188} INFO - [2026-05-02T17:31:15.393+0000] {dag.py:3096} INFO - Sync 1 DAGs
[2026-05-02T17:31:15.417+0000] {logging_mixin.py:188} INFO - [2026-05-02T17:31:15.417+0000] {dag.py:3954} INFO - Setting next_dagrun for ingest_pipeline to 2026-05-02 00:00:00+00:00, run_after=2026-05-03 00:00:00+00:00
[2026-05-02T17:31:15.465+0000] {processor.py:183} INFO - Processing /opt/airflow/dags/ingest.py took 0.169 seconds
[2026-05-02T17:31:46.088+0000] {processor.py:161} INFO - Started process (PID=776) to work on /opt/airflow/dags/ingest.py
[2026-05-02T17:31:46.089+0000] {processor.py:830} INFO - Processing file /opt/airflow/dags/ingest.py for tasks to queue
[2026-05-02T17:31:46.092+0000] {logging_mixin.py:188} INFO - [2026-05-02T17:31:46.092+0000] {dagbag.py:545} INFO - Filling up the DagBag from /opt/airflow/dags/ingest.py
[2026-05-02T17:31:46.116+0000] {processor.py:840} INFO - DAG(s) 'ingest_pipeline' retrieved from /opt/airflow/dags/ingest.py
[2026-05-02T17:31:46.160+0000] {logging_mixin.py:188} INFO - [2026-05-02T17:31:46.160+0000] {dag.py:3096} INFO - Sync 1 DAGs
[2026-05-02T17:31:46.206+0000] {logging_mixin.py:188} INFO - [2026-05-02T17:31:46.205+0000] {dag.py:3954} INFO - Setting next_dagrun for ingest_pipeline to 2026-05-02 00:00:00+00:00, run_after=2026-05-03 00:00:00+00:00
[2026-05-02T17:31:46.245+0000] {processor.py:183} INFO - Processing /opt/airflow/dags/ingest.py took 0.163 seconds
[2026-05-02T17:32:16.598+0000] {processor.py:161} INFO - Started process (PID=786) to work on /opt/airflow/dags/ingest.py
[2026-05-02T17:32:16.613+0000] {processor.py:830} INFO - Processing file /opt/airflow/dags/ingest.py for tasks to queue
[2026-05-02T17:32:16.616+0000] {logging_mixin.py:188} INFO - [2026-05-02T17:32:16.615+0000] {dagbag.py:545} INFO - Filling up the DagBag from /opt/airflow/dags/ingest.py
[2026-05-02T17:32:16.738+0000] {processor.py:840} INFO - DAG(s) 'ingest_pipeline' retrieved from /opt/airflow/dags/ingest.py
[2026-05-02T17:32:16.785+0000] {logging_mixin.py:188} INFO - [2026-05-02T17:32:16.785+0000] {dag.py:3096} INFO - Sync 1 DAGs
[2026-05-02T17:32:16.811+0000] {logging_mixin.py:188} INFO - [2026-05-02T17:32:16.810+0000] {dag.py:3954} INFO - Setting next_dagrun for ingest_pipeline to 2026-05-02 00:00:00+00:00, run_after=2026-05-03 00:00:00+00:00
[2026-05-02T17:32:16.838+0000] {processor.py:183} INFO - Processing /opt/airflow/dags/ingest.py took 0.250 seconds
[2026-05-02T17:32:47.156+0000] {processor.py:161} INFO - Started process (PID=796) to work on /opt/airflow/dags/ingest.py
[2026-05-02T17:32:47.157+0000] {processor.py:830} INFO - Processing file /opt/airflow/dags/ingest.py for tasks to queue
[2026-05-02T17:32:47.159+0000] {logging_mixin.py:188} INFO - [2026-05-02T17:32:47.159+0000] {dagbag.py:545} INFO - Filling up the DagBag from /opt/airflow/dags/ingest.py
[2026-05-02T17:32:47.186+0000] {processor.py:840} INFO - DAG(s) 'ingest_pipeline' retrieved from /opt/airflow/dags/ingest.py
[2026-05-02T17:32:47.229+0000] {logging_mixin.py:188} INFO - [2026-05-02T17:32:47.229+0000] {dag.py:3096} INFO - Sync 1 DAGs
[2026-05-02T17:32:47.258+0000] {logging_mixin.py:188} INFO - [2026-05-02T17:32:47.258+0000] {dag.py:3954} INFO - Setting next_dagrun for ingest_pipeline to 2026-05-02 00:00:00+00:00, run_after=2026-05-03 00:00:00+00:00
[2026-05-02T17:32:47.285+0000] {processor.py:183} INFO - Processing /opt/airflow/dags/ingest.py took 0.135 seconds
[2026-05-02T17:33:17.790+0000] {processor.py:161} INFO - Started process (PID=806) to work on /opt/airflow/dags/ingest.py
[2026-05-02T17:33:17.793+0000] {processor.py:830} INFO - Processing file /opt/airflow/dags/ingest.py for tasks to queue
[2026-05-02T17:33:17.798+0000] {logging_mixin.py:188} INFO - [2026-05-02T17:33:17.798+0000] {dagbag.py:545} INFO - Filling up the DagBag from /opt/airflow/dags/ingest.py
[2026-05-02T17:33:17.909+0000] {processor.py:840} INFO - DAG(s) 'ingest_pipeline' retrieved from /opt/airflow/dags/ingest.py
[2026-05-02T17:33:17.948+0000] {logging_mixin.py:188} INFO - [2026-05-02T17:33:17.948+0000] {dag.py:3096} INFO - Sync 1 DAGs
[2026-05-02T17:33:17.976+0000] {logging_mixin.py:188} INFO - [2026-05-02T17:33:17.976+0000] {dag.py:3954} INFO - Setting next_dagrun for ingest_pipeline to 2026-05-02 00:00:00+00:00, run_after=2026-05-03 00:00:00+00:00
[2026-05-02T17:33:18.032+0000] {processor.py:183} INFO - Processing /opt/airflow/dags/ingest.py took 0.254 seconds
[2026-05-02T17:33:48.314+0000] {processor.py:161} INFO - Started process (PID=816) to work on /opt/airflow/dags/ingest.py
[2026-05-02T17:33:48.316+0000] {processor.py:830} INFO - Processing file /opt/airflow/dags/ingest.py for tasks to queue
[2026-05-02T17:33:48.319+0000] {logging_mixin.py:188} INFO - [2026-05-02T17:33:48.319+0000] {dagbag.py:545} INFO - Filling up the DagBag from /opt/airflow/dags/ingest.py
[2026-05-02T17:33:48.355+0000] {processor.py:840} INFO - DAG(s) 'ingest_pipeline' retrieved from /opt/airflow/dags/ingest.py
[2026-05-02T17:33:48.386+0000] {logging_mixin.py:188} INFO - [2026-05-02T17:33:48.386+0000] {dag.py:3096} INFO - Sync 1 DAGs
[2026-05-02T17:33:48.409+0000] {logging_mixin.py:188} INFO - [2026-05-02T17:33:48.409+0000] {dag.py:3954} INFO - Setting next_dagrun for ingest_pipeline to 2026-05-02 00:00:00+00:00, run_after=2026-05-03 00:00:00+00:00
[2026-05-02T17:33:48.444+0000] {processor.py:183} INFO - Processing /opt/airflow/dags/ingest.py took 0.139 seconds
[2026-05-02T17:34:18.757+0000] {processor.py:161} INFO - Started process (PID=826) to work on /opt/airflow/dags/ingest.py
[2026-05-02T17:34:18.758+0000] {processor.py:830} INFO - Processing file /opt/airflow/dags/ingest.py for tasks to queue
[2026-05-02T17:34:18.761+0000] {logging_mixin.py:188} INFO - [2026-05-02T17:34:18.761+0000] {dagbag.py:545} INFO - Filling up the DagBag from /opt/airflow/dags/ingest.py
[2026-05-02T17:34:18.802+0000] {processor.py:840} INFO - DAG(s) 'ingest_pipeline' retrieved from /opt/airflow/dags/ingest.py
[2026-05-02T17:34:18.831+0000] {logging_mixin.py:188} INFO - [2026-05-02T17:34:18.831+0000] {dag.py:3096} INFO - Sync 1 DAGs
[2026-05-02T17:34:18.854+0000] {logging_mixin.py:188} INFO - [2026-05-02T17:34:18.854+0000] {dag.py:3954} INFO - Setting next_dagrun for ingest_pipeline to 2026-05-02 00:00:00+00:00, run_after=2026-05-03 00:00:00+00:00
[2026-05-02T17:34:18.876+0000] {processor.py:183} INFO - Processing /opt/airflow/dags/ingest.py took 0.128 seconds
[2026-05-02T17:34:49.300+0000] {processor.py:161} INFO - Started process (PID=836) to work on /opt/airflow/dags/ingest.py
[2026-05-02T17:34:49.302+0000] {processor.py:830} INFO - Processing file /opt/airflow/dags/ingest.py for tasks to queue
[2026-05-02T17:34:49.305+0000] {logging_mixin.py:188} INFO - [2026-05-02T17:34:49.304+0000] {dagbag.py:545} INFO - Filling up the DagBag from /opt/airflow/dags/ingest.py
[2026-05-02T17:34:49.341+0000] {processor.py:840} INFO - DAG(s) 'ingest_pipeline' retrieved from /opt/airflow/dags/ingest.py
[2026-05-02T17:34:49.382+0000] {logging_mixin.py:188} INFO - [2026-05-02T17:34:49.381+0000] {dag.py:3096} INFO - Sync 1 DAGs
[2026-05-02T17:34:49.408+0000] {logging_mixin.py:188} INFO - [2026-05-02T17:34:49.408+0000] {dag.py:3954} INFO - Setting next_dagrun for ingest_pipeline to 2026-05-02 00:00:00+00:00, run_after=2026-05-03 00:00:00+00:00
[2026-05-02T17:34:49.437+0000] {processor.py:183} INFO - Processing /opt/airflow/dags/ingest.py took 0.145 seconds
[2026-05-02T17:35:19.895+0000] {processor.py:161} INFO - Started process (PID=846) to work on /opt/airflow/dags/ingest.py
[2026-05-02T17:35:19.896+0000] {processor.py:830} INFO - Processing file /opt/airflow/dags/ingest.py for tasks to queue
[2026-05-02T17:35:19.899+0000] {logging_mixin.py:188} INFO - [2026-05-02T17:35:19.898+0000] {dagbag.py:545} INFO - Filling up the DagBag from /opt/airflow/dags/ingest.py
[2026-05-02T17:35:19.927+0000] {processor.py:840} INFO - DAG(s) 'ingest_pipeline' retrieved from /opt/airflow/dags/ingest.py
[2026-05-02T17:35:19.965+0000] {logging_mixin.py:188} INFO - [2026-05-02T17:35:19.964+0000] {dag.py:3096} INFO - Sync 1 DAGs
[2026-05-02T17:35:19.989+0000] {logging_mixin.py:188} INFO - [2026-05-02T17:35:19.989+0000] {dag.py:3954} INFO - Setting next_dagrun for ingest_pipeline to 2026-05-02 00:00:00+00:00, run_after=2026-05-03 00:00:00+00:00
[2026-05-02T17:35:20.011+0000] {processor.py:183} INFO - Processing /opt/airflow/dags/ingest.py took 0.123 seconds
[2026-05-02T17:35:50.453+0000] {processor.py:161} INFO - Started process (PID=856) to work on /opt/airflow/dags/ingest.py
[2026-05-02T17:35:50.455+0000] {processor.py:830} INFO - Processing file /opt/airflow/dags/ingest.py for tasks to queue
[2026-05-02T17:35:50.458+0000] {logging_mixin.py:188} INFO - [2026-05-02T17:35:50.458+0000] {dagbag.py:545} INFO - Filling up the DagBag from /opt/airflow/dags/ingest.py
[2026-05-02T17:35:50.484+0000] {processor.py:840} INFO - DAG(s) 'ingest_pipeline' retrieved from /opt/airflow/dags/ingest.py
[2026-05-02T17:35:50.515+0000] {logging_mixin.py:188} INFO - [2026-05-02T17:35:50.515+0000] {dag.py:3096} INFO - Sync 1 DAGs
[2026-05-02T17:35:50.541+0000] {logging_mixin.py:188} INFO - [2026-05-02T17:35:50.541+0000] {dag.py:3954} INFO - Setting next_dagrun for ingest_pipeline to 2026-05-02 00:00:00+00:00, run_after=2026-05-03 00:00:00+00:00
[2026-05-02T17:35:50.575+0000] {processor.py:183} INFO - Processing /opt/airflow/dags/ingest.py took 0.134 seconds
[2026-05-02T17:36:21.047+0000] {processor.py:161} INFO - Started process (PID=866) to work on /opt/airflow/dags/ingest.py
[2026-05-02T17:36:21.049+0000] {processor.py:830} INFO - Processing file /opt/airflow/dags/ingest.py for tasks to queue
[2026-05-02T17:36:21.051+0000] {logging_mixin.py:188} INFO - [2026-05-02T17:36:21.051+0000] {dagbag.py:545} INFO - Filling up the DagBag from /opt/airflow/dags/ingest.py
[2026-05-02T17:36:21.084+0000] {processor.py:840} INFO - DAG(s) 'ingest_pipeline' retrieved from /opt/airflow/dags/ingest.py
[2026-05-02T17:36:21.120+0000] {logging_mixin.py:188} INFO - [2026-05-02T17:36:21.119+0000] {dag.py:3096} INFO - Sync 1 DAGs
[2026-05-02T17:36:21.143+0000] {logging_mixin.py:188} INFO - [2026-05-02T17:36:21.143+0000] {dag.py:3954} INFO - Setting next_dagrun for ingest_pipeline to 2026-05-02 00:00:00+00:00, run_after=2026-05-03 00:00:00+00:00
[2026-05-02T17:36:21.170+0000] {processor.py:183} INFO - Processing /opt/airflow/dags/ingest.py took 0.127 seconds
[2026-05-02T17:36:51.622+0000] {processor.py:161} INFO - Started process (PID=876) to work on /opt/airflow/dags/ingest.py
[2026-05-02T17:36:51.624+0000] {processor.py:830} INFO - Processing file /opt/airflow/dags/ingest.py for tasks to queue
[2026-05-02T17:36:51.626+0000] {logging_mixin.py:188} INFO - [2026-05-02T17:36:51.626+0000] {dagbag.py:545} INFO - Filling up the DagBag from /opt/airflow/dags/ingest.py
[2026-05-02T17:36:51.657+0000] {processor.py:840} INFO - DAG(s) 'ingest_pipeline' retrieved from /opt/airflow/dags/ingest.py
[2026-05-02T17:36:51.689+0000] {logging_mixin.py:188} INFO - [2026-05-02T17:36:51.689+0000] {dag.py:3096} INFO - Sync 1 DAGs
[2026-05-02T17:36:51.712+0000] {logging_mixin.py:188} INFO - [2026-05-02T17:36:51.712+0000] {dag.py:3954} INFO - Setting next_dagrun for ingest_pipeline to 2026-05-02 00:00:00+00:00, run_after=2026-05-03 00:00:00+00:00
[2026-05-02T17:36:51.735+0000] {processor.py:183} INFO - Processing /opt/airflow/dags/ingest.py took 0.119 seconds
[2026-05-02T17:37:22.233+0000] {processor.py:161} INFO - Started process (PID=886) to work on /opt/airflow/dags/ingest.py
[2026-05-02T17:37:22.235+0000] {processor.py:830} INFO - Processing file /opt/airflow/dags/ingest.py for tasks to queue
[2026-05-02T17:37:22.238+0000] {logging_mixin.py:188} INFO - [2026-05-02T17:37:22.238+0000] {dagbag.py:545} INFO - Filling up the DagBag from /opt/airflow/dags/ingest.py
[2026-05-02T17:37:22.309+0000] {processor.py:840} INFO - DAG(s) 'ingest_pipeline' retrieved from /opt/airflow/dags/ingest.py
[2026-05-02T17:37:22.345+0000] {logging_mixin.py:188} INFO - [2026-05-02T17:37:22.345+0000] {dag.py:3096} INFO - Sync 1 DAGs
[2026-05-02T17:37:22.368+0000] {logging_mixin.py:188} INFO - [2026-05-02T17:37:22.368+0000] {dag.py:3954} INFO - Setting next_dagrun for ingest_pipeline to 2026-05-02 00:00:00+00:00, run_after=2026-05-03 00:00:00+00:00
[2026-05-02T17:37:22.406+0000] {processor.py:183} INFO - Processing /opt/airflow/dags/ingest.py took 0.183 seconds
[2026-05-02T17:37:52.711+0000] {processor.py:161} INFO - Started process (PID=896) to work on /opt/airflow/dags/ingest.py
[2026-05-02T17:37:52.712+0000] {processor.py:830} INFO - Processing file /opt/airflow/dags/ingest.py for tasks to queue
[2026-05-02T17:37:52.716+0000] {logging_mixin.py:188} INFO - [2026-05-02T17:37:52.715+0000] {dagbag.py:545} INFO - Filling up the DagBag from /opt/airflow/dags/ingest.py
[2026-05-02T17:37:52.800+0000] {processor.py:840} INFO - DAG(s) 'ingest_pipeline' retrieved from /opt/airflow/dags/ingest.py
[2026-05-02T17:37:52.842+0000] {logging_mixin.py:188} INFO - [2026-05-02T17:37:52.841+0000] {dag.py:3096} INFO - Sync 1 DAGs
[2026-05-02T17:37:52.869+0000] {logging_mixin.py:188} INFO - [2026-05-02T17:37:52.869+0000] {dag.py:3954} INFO - Setting next_dagrun for ingest_pipeline to 2026-05-02 00:00:00+00:00, run_after=2026-05-03 00:00:00+00:00
[2026-05-02T17:37:52.901+0000] {processor.py:183} INFO - Processing /opt/airflow/dags/ingest.py took 0.199 seconds
[2026-05-02T17:38:23.352+0000] {processor.py:161} INFO - Started process (PID=906) to work on /opt/airflow/dags/ingest.py
[2026-05-02T17:38:23.353+0000] {processor.py:830} INFO - Processing file /opt/airflow/dags/ingest.py for tasks to queue
[2026-05-02T17:38:23.356+0000] {logging_mixin.py:188} INFO - [2026-05-02T17:38:23.355+0000] {dagbag.py:545} INFO - Filling up the DagBag from /opt/airflow/dags/ingest.py
[2026-05-02T17:38:23.388+0000] {processor.py:840} INFO - DAG(s) 'ingest_pipeline' retrieved from /opt/airflow/dags/ingest.py
[2026-05-02T17:38:23.422+0000] {logging_mixin.py:188} INFO - [2026-05-02T17:38:23.422+0000] {dag.py:3096} INFO - Sync 1 DAGs
[2026-05-02T17:38:23.445+0000] {logging_mixin.py:188} INFO - [2026-05-02T17:38:23.445+0000] {dag.py:3954} INFO - Setting next_dagrun for ingest_pipeline to 2026-05-02 00:00:00+00:00, run_after=2026-05-03 00:00:00+00:00
[2026-05-02T17:38:23.469+0000] {processor.py:183} INFO - Processing /opt/airflow/dags/ingest.py took 0.123 seconds
