[2026-05-02T17:29:43.250+0000] {local_task_job_runner.py:120} INFO - ::group::Pre task execution logs
[2026-05-02T17:29:43.289+0000] {taskinstance.py:2076} INFO - Dependencies all met for dep_context=non-requeueable deps ti=<TaskInstance: ingest_pipeline.transform_data manual__2026-05-02T17:29:41.935165+00:00 [queued]>
[2026-05-02T17:29:43.303+0000] {taskinstance.py:2076} INFO - Dependencies all met for dep_context=requeueable deps ti=<TaskInstance: ingest_pipeline.transform_data manual__2026-05-02T17:29:41.935165+00:00 [queued]>
[2026-05-02T17:29:43.305+0000] {taskinstance.py:2306} INFO - Starting attempt 1 of 1
[2026-05-02T17:29:43.324+0000] {taskinstance.py:2330} INFO - Executing <Task(PythonOperator): transform_data> on 2026-05-02 17:29:41.935165+00:00
[2026-05-02T17:29:43.331+0000] {standard_task_runner.py:90} INFO - Running: ['***', 'tasks', 'run', 'ingest_pipeline', 'transform_data', 'manual__2026-05-02T17:29:41.935165+00:00', '--job-id', '15', '--raw', '--subdir', 'DAGS_FOLDER/ingest.py', '--cfg-path', '/tmp/tmpp6t0kcf2']
[2026-05-02T17:29:43.336+0000] {standard_task_runner.py:91} INFO - Job 15: Subtask transform_data
[2026-05-02T17:29:43.337+0000] {logging_mixin.py:188} WARNING - /home/***/.local/lib/python3.12/site-packages/***/task/task_runner/standard_task_runner.py:61 DeprecationWarning: This process (pid=706) is multi-threaded, use of fork() may lead to deadlocks in the child.
[2026-05-02T17:29:43.338+0000] {standard_task_runner.py:63} INFO - Started process 708 to run task
[2026-05-02T17:29:43.425+0000] {task_command.py:426} INFO - Running <TaskInstance: ingest_pipeline.transform_data manual__2026-05-02T17:29:41.935165+00:00 [running]> on host 5e0a28a878ef
[2026-05-02T17:29:43.518+0000] {taskinstance.py:2648} INFO - Exporting env vars: AIRFLOW_CTX_DAG_OWNER='***' AIRFLOW_CTX_DAG_ID='ingest_pipeline' AIRFLOW_CTX_TASK_ID='transform_data' AIRFLOW_CTX_EXECUTION_DATE='2026-05-02T17:29:41.935165+00:00' AIRFLOW_CTX_TRY_NUMBER='1' AIRFLOW_CTX_DAG_RUN_ID='manual__2026-05-02T17:29:41.935165+00:00'
[2026-05-02T17:29:43.520+0000] {taskinstance.py:430} INFO - ::endgroup::
[2026-05-02T17:29:50.431+0000] {logging_mixin.py:188} INFO - 17:29:46  Running with dbt=1.7.0
17:29:46  Registered adapter: postgres=1.7.0
17:29:46  Found 2 models, 0 sources, 0 exposures, 0 metrics, 401 macros, 0 groups, 0 semantic models
17:29:46  
17:29:47  Concurrency: 1 threads (target='dev')
17:29:47  
17:29:47  1 of 2 START sql incremental model public.cleaned_users ........................ [RUN]
17:29:47  1 of 2 OK created sql incremental model public.cleaned_users ................... [INSERT 0 0 in 0.28s]
17:29:47  2 of 2 START sql incremental model public.city_summary ......................... [RUN]
17:29:47  2 of 2 OK created sql incremental model public.city_summary .................... [INSERT 0 0 in 0.16s]
17:29:47  
17:29:47  Finished running 2 incremental models in 0 hours 0 minutes and 0.67 seconds (0.67s).
17:29:47  
17:29:47  Completed successfully
17:29:47  
17:29:47  Done. PASS=2 WARN=0 ERROR=0 SKIP=0 TOTAL=2
[2026-05-02T17:29:50.432+0000] {python.py:237} INFO - Done. Returned value was: None
[2026-05-02T17:29:50.433+0000] {taskinstance.py:441} INFO - ::group::Post task execution logs
[2026-05-02T17:29:50.451+0000] {taskinstance.py:1206} INFO - Marking task as SUCCESS. dag_id=ingest_pipeline, task_id=transform_data, run_id=manual__2026-05-02T17:29:41.935165+00:00, execution_date=20260502T172941, start_date=20260502T172943, end_date=20260502T172950
[2026-05-02T17:29:50.483+0000] {local_task_job_runner.py:240} INFO - Task exited with return code 0
[2026-05-02T17:29:50.512+0000] {taskinstance.py:3498} INFO - 0 downstream tasks scheduled from follow-on schedule check
[2026-05-02T17:29:50.553+0000] {local_task_job_runner.py:222} INFO - ::endgroup::
