[2026-04-25T11:52:11.638+0000] {local_task_job_runner.py:120} INFO - ::group::Pre task execution logs
[2026-04-25T11:52:11.673+0000] {taskinstance.py:2076} INFO - Dependencies all met for dep_context=non-requeueable deps ti=<TaskInstance: ingest_pipeline.transform_data manual__2026-04-25T11:52:07.359997+00:00 [queued]>
[2026-04-25T11:52:11.688+0000] {taskinstance.py:2076} INFO - Dependencies all met for dep_context=requeueable deps ti=<TaskInstance: ingest_pipeline.transform_data manual__2026-04-25T11:52:07.359997+00:00 [queued]>
[2026-04-25T11:52:11.691+0000] {taskinstance.py:2306} INFO - Starting attempt 1 of 1
[2026-04-25T11:52:11.706+0000] {taskinstance.py:2330} INFO - Executing <Task(PythonOperator): transform_data> on 2026-04-25 11:52:07.359997+00:00
[2026-04-25T11:52:11.713+0000] {standard_task_runner.py:90} INFO - Running: ['***', 'tasks', 'run', 'ingest_pipeline', 'transform_data', 'manual__2026-04-25T11:52:07.359997+00:00', '--job-id', '18', '--raw', '--subdir', 'DAGS_FOLDER/ingest.py', '--cfg-path', '/tmp/tmphwky4n6n']
[2026-04-25T11:52:11.716+0000] {logging_mixin.py:188} WARNING - /home/***/.local/lib/python3.12/site-packages/***/task/task_runner/standard_task_runner.py:61 DeprecationWarning: This process (pid=928) is multi-threaded, use of fork() may lead to deadlocks in the child.
[2026-04-25T11:52:11.716+0000] {standard_task_runner.py:91} INFO - Job 18: Subtask transform_data
[2026-04-25T11:52:11.717+0000] {standard_task_runner.py:63} INFO - Started process 929 to run task
[2026-04-25T11:52:11.787+0000] {task_command.py:426} INFO - Running <TaskInstance: ingest_pipeline.transform_data manual__2026-04-25T11:52:07.359997+00:00 [running]> on host 5fbfc026ae34
[2026-04-25T11:52:11.894+0000] {taskinstance.py:2648} INFO - Exporting env vars: AIRFLOW_CTX_DAG_OWNER='***' AIRFLOW_CTX_DAG_ID='ingest_pipeline' AIRFLOW_CTX_TASK_ID='transform_data' AIRFLOW_CTX_EXECUTION_DATE='2026-04-25T11:52:07.359997+00:00' AIRFLOW_CTX_TRY_NUMBER='1' AIRFLOW_CTX_DAG_RUN_ID='manual__2026-04-25T11:52:07.359997+00:00'
[2026-04-25T11:52:11.895+0000] {taskinstance.py:430} INFO - ::endgroup::
[2026-04-25T11:52:18.981+0000] {logging_mixin.py:188} INFO - 11:52:16  Running with dbt=1.7.0
11:52:16  Registered adapter: postgres=1.7.0
11:52:16  Found 2 models, 0 sources, 0 exposures, 0 metrics, 401 macros, 0 groups, 0 semantic models
11:52:16  
11:52:17  Concurrency: 1 threads (target='dev')
11:52:17  
11:52:17  1 of 2 START sql incremental model public.cleaned_users ........................ [RUN]
11:52:17  1 of 2 OK created sql incremental model public.cleaned_users ................... [INSERT 0 6 in 0.30s]
11:52:17  2 of 2 START sql incremental model public.city_summary ......................... [RUN]
11:52:17  2 of 2 OK created sql incremental model public.city_summary .................... [INSERT 0 3 in 0.11s]
11:52:17  
11:52:17  Finished running 2 incremental models in 0 hours 0 minutes and 0.67 seconds (0.67s).
11:52:17  
11:52:17  Completed successfully
11:52:17  
11:52:17  Done. PASS=2 WARN=0 ERROR=0 SKIP=0 TOTAL=2
[2026-04-25T11:52:18.982+0000] {python.py:237} INFO - Done. Returned value was: None
[2026-04-25T11:52:18.983+0000] {taskinstance.py:441} INFO - ::group::Post task execution logs
[2026-04-25T11:52:18.999+0000] {taskinstance.py:1206} INFO - Marking task as SUCCESS. dag_id=ingest_pipeline, task_id=transform_data, run_id=manual__2026-04-25T11:52:07.359997+00:00, execution_date=20260425T115207, start_date=20260425T115211, end_date=20260425T115218
[2026-04-25T11:52:19.014+0000] {local_task_job_runner.py:240} INFO - Task exited with return code 0
[2026-04-25T11:52:19.028+0000] {taskinstance.py:3498} INFO - 0 downstream tasks scheduled from follow-on schedule check
[2026-04-25T11:52:19.032+0000] {local_task_job_runner.py:222} INFO - ::endgroup::
