[2026-04-27T09:29:30.440+0000] {local_task_job_runner.py:120} INFO - ::group::Pre task execution logs
[2026-04-27T09:29:30.509+0000] {taskinstance.py:2076} INFO - Dependencies all met for dep_context=non-requeueable deps ti=<TaskInstance: ingest_pipeline.transform_data manual__2026-04-27T09:29:25.420979+00:00 [queued]>
[2026-04-27T09:29:30.533+0000] {taskinstance.py:2076} INFO - Dependencies all met for dep_context=requeueable deps ti=<TaskInstance: ingest_pipeline.transform_data manual__2026-04-27T09:29:25.420979+00:00 [queued]>
[2026-04-27T09:29:30.535+0000] {taskinstance.py:2306} INFO - Starting attempt 1 of 1
[2026-04-27T09:29:30.569+0000] {taskinstance.py:2330} INFO - Executing <Task(PythonOperator): transform_data> on 2026-04-27 09:29:25.420979+00:00
[2026-04-27T09:29:30.587+0000] {logging_mixin.py:188} WARNING - /home/***/.local/lib/python3.12/site-packages/***/task/task_runner/standard_task_runner.py:61 DeprecationWarning: This process (pid=1763) is multi-threaded, use of fork() may lead to deadlocks in the child.
[2026-04-27T09:29:30.589+0000] {standard_task_runner.py:63} INFO - Started process 1766 to run task
[2026-04-27T09:29:30.586+0000] {standard_task_runner.py:90} INFO - Running: ['***', 'tasks', 'run', 'ingest_pipeline', 'transform_data', 'manual__2026-04-27T09:29:25.420979+00:00', '--job-id', '130', '--raw', '--subdir', 'DAGS_FOLDER/ingest.py', '--cfg-path', '/tmp/tmpqy_mz5bk']
[2026-04-27T09:29:30.592+0000] {standard_task_runner.py:91} INFO - Job 130: Subtask transform_data
[2026-04-27T09:29:30.729+0000] {task_command.py:426} INFO - Running <TaskInstance: ingest_pipeline.transform_data manual__2026-04-27T09:29:25.420979+00:00 [running]> on host c170d7ed2ddb
[2026-04-27T09:29:30.945+0000] {taskinstance.py:2648} INFO - Exporting env vars: AIRFLOW_CTX_DAG_OWNER='***' AIRFLOW_CTX_DAG_ID='ingest_pipeline' AIRFLOW_CTX_TASK_ID='transform_data' AIRFLOW_CTX_EXECUTION_DATE='2026-04-27T09:29:25.420979+00:00' AIRFLOW_CTX_TRY_NUMBER='1' AIRFLOW_CTX_DAG_RUN_ID='manual__2026-04-27T09:29:25.420979+00:00'
[2026-04-27T09:29:30.948+0000] {taskinstance.py:430} INFO - ::endgroup::
[2026-04-27T09:29:38.236+0000] {logging_mixin.py:188} INFO - 09:29:35  Running with dbt=1.7.0
09:29:35  Registered adapter: postgres=1.7.0
09:29:35  Found 2 models, 0 sources, 0 exposures, 0 metrics, 401 macros, 0 groups, 0 semantic models
09:29:35  
09:29:35  Concurrency: 1 threads (target='dev')
09:29:35  
09:29:35  1 of 2 START sql incremental model public.cleaned_users ........................ [RUN]
09:29:36  1 of 2 OK created sql incremental model public.cleaned_users ................... [INSERT 0 93 in 0.27s]
09:29:36  2 of 2 START sql incremental model public.city_summary ......................... [RUN]
09:29:36  2 of 2 OK created sql incremental model public.city_summary .................... [INSERT 0 3 in 0.17s]
09:29:36  
09:29:36  Finished running 2 incremental models in 0 hours 0 minutes and 0.69 seconds (0.69s).
09:29:36  
09:29:36  Completed successfully
09:29:36  
09:29:36  Done. PASS=2 WARN=0 ERROR=0 SKIP=0 TOTAL=2
[2026-04-27T09:29:38.237+0000] {python.py:237} INFO - Done. Returned value was: None
[2026-04-27T09:29:38.237+0000] {taskinstance.py:441} INFO - ::group::Post task execution logs
[2026-04-27T09:29:38.247+0000] {taskinstance.py:1206} INFO - Marking task as SUCCESS. dag_id=ingest_pipeline, task_id=transform_data, run_id=manual__2026-04-27T09:29:25.420979+00:00, execution_date=20260427T092925, start_date=20260427T092930, end_date=20260427T092938
[2026-04-27T09:29:38.264+0000] {local_task_job_runner.py:240} INFO - Task exited with return code 0
[2026-04-27T09:29:38.280+0000] {taskinstance.py:3498} INFO - 0 downstream tasks scheduled from follow-on schedule check
[2026-04-27T09:29:38.285+0000] {local_task_job_runner.py:222} INFO - ::endgroup::
