[2026-04-27T08:52:40.280+0000] {local_task_job_runner.py:120} INFO - ::group::Pre task execution logs
[2026-04-27T08:52:40.311+0000] {taskinstance.py:2076} INFO - Dependencies all met for dep_context=non-requeueable deps ti=<TaskInstance: ingest_pipeline.transform_data scheduled__2026-04-26T00:00:00+00:00 [queued]>
[2026-04-27T08:52:40.320+0000] {taskinstance.py:2076} INFO - Dependencies all met for dep_context=requeueable deps ti=<TaskInstance: ingest_pipeline.transform_data scheduled__2026-04-26T00:00:00+00:00 [queued]>
[2026-04-27T08:52:40.323+0000] {taskinstance.py:2306} INFO - Starting attempt 1 of 1
[2026-04-27T08:52:40.343+0000] {taskinstance.py:2330} INFO - Executing <Task(PythonOperator): transform_data> on 2026-04-26 00:00:00+00:00
[2026-04-27T08:52:40.356+0000] {standard_task_runner.py:90} INFO - Running: ['***', 'tasks', 'run', 'ingest_pipeline', 'transform_data', 'scheduled__2026-04-26T00:00:00+00:00', '--job-id', '9', '--raw', '--subdir', 'DAGS_FOLDER/ingest.py', '--cfg-path', '/tmp/tmpbdyvm2cr']
[2026-04-27T08:52:40.363+0000] {standard_task_runner.py:91} INFO - Job 9: Subtask transform_data
[2026-04-27T08:52:40.362+0000] {logging_mixin.py:188} WARNING - /home/***/.local/lib/python3.12/site-packages/***/task/task_runner/standard_task_runner.py:61 DeprecationWarning: This process (pid=419) is multi-threaded, use of fork() may lead to deadlocks in the child.
[2026-04-27T08:52:40.366+0000] {standard_task_runner.py:63} INFO - Started process 420 to run task
[2026-04-27T08:52:40.443+0000] {task_command.py:426} INFO - Running <TaskInstance: ingest_pipeline.transform_data scheduled__2026-04-26T00:00:00+00:00 [running]> on host c170d7ed2ddb
[2026-04-27T08:52:40.556+0000] {taskinstance.py:2648} INFO - Exporting env vars: AIRFLOW_CTX_DAG_OWNER='***' AIRFLOW_CTX_DAG_ID='ingest_pipeline' AIRFLOW_CTX_TASK_ID='transform_data' AIRFLOW_CTX_EXECUTION_DATE='2026-04-26T00:00:00+00:00' AIRFLOW_CTX_TRY_NUMBER='1' AIRFLOW_CTX_DAG_RUN_ID='scheduled__2026-04-26T00:00:00+00:00'
[2026-04-27T08:52:40.557+0000] {taskinstance.py:430} INFO - ::endgroup::
[2026-04-27T08:52:48.138+0000] {logging_mixin.py:188} INFO - 08:52:44  Running with dbt=1.7.0
08:52:44  Registered adapter: postgres=1.7.0
08:52:44  Found 2 models, 0 sources, 0 exposures, 0 metrics, 401 macros, 0 groups, 0 semantic models
08:52:44  
08:52:45  Concurrency: 1 threads (target='dev')
08:52:45  
08:52:45  1 of 2 START sql incremental model public.cleaned_users ........................ [RUN]
08:52:45  1 of 2 OK created sql incremental model public.cleaned_users ................... [SELECT 3 in 0.28s]
08:52:45  2 of 2 START sql incremental model public.city_summary ......................... [RUN]
08:52:45  2 of 2 OK created sql incremental model public.city_summary .................... [SELECT 3 in 0.20s]
08:52:45  
08:52:45  Finished running 2 incremental models in 0 hours 0 minutes and 0.78 seconds (0.78s).
08:52:45  
08:52:45  Completed successfully
08:52:45  
08:52:45  Done. PASS=2 WARN=0 ERROR=0 SKIP=0 TOTAL=2
[2026-04-27T08:52:48.139+0000] {python.py:237} INFO - Done. Returned value was: None
[2026-04-27T08:52:48.140+0000] {taskinstance.py:441} INFO - ::group::Post task execution logs
[2026-04-27T08:52:48.151+0000] {taskinstance.py:1206} INFO - Marking task as SUCCESS. dag_id=ingest_pipeline, task_id=transform_data, run_id=scheduled__2026-04-26T00:00:00+00:00, execution_date=20260426T000000, start_date=20260427T085240, end_date=20260427T085248
[2026-04-27T08:52:48.177+0000] {local_task_job_runner.py:240} INFO - Task exited with return code 0
[2026-04-27T08:52:48.193+0000] {taskinstance.py:3498} INFO - 0 downstream tasks scheduled from follow-on schedule check
[2026-04-27T08:52:48.198+0000] {local_task_job_runner.py:222} INFO - ::endgroup::
[2026-04-27T09:48:09.717+0000] {local_task_job_runner.py:120} INFO - ::group::Pre task execution logs
[2026-04-27T09:48:09.787+0000] {taskinstance.py:2076} INFO - Dependencies all met for dep_context=non-requeueable deps ti=<TaskInstance: ingest_pipeline.transform_data scheduled__2026-04-26T00:00:00+00:00 [queued]>
[2026-04-27T09:48:09.809+0000] {taskinstance.py:2076} INFO - Dependencies all met for dep_context=requeueable deps ti=<TaskInstance: ingest_pipeline.transform_data scheduled__2026-04-26T00:00:00+00:00 [queued]>
[2026-04-27T09:48:09.814+0000] {taskinstance.py:2306} INFO - Starting attempt 1 of 1
[2026-04-27T09:48:09.858+0000] {taskinstance.py:2330} INFO - Executing <Task(PythonOperator): transform_data> on 2026-04-26 00:00:00+00:00
[2026-04-27T09:48:09.877+0000] {standard_task_runner.py:90} INFO - Running: ['***', 'tasks', 'run', 'ingest_pipeline', 'transform_data', 'scheduled__2026-04-26T00:00:00+00:00', '--job-id', '10', '--raw', '--subdir', 'DAGS_FOLDER/ingest.py', '--cfg-path', '/tmp/tmpxd9vf694']
[2026-04-27T09:48:09.885+0000] {standard_task_runner.py:91} INFO - Job 10: Subtask transform_data
[2026-04-27T09:48:09.885+0000] {logging_mixin.py:188} WARNING - /home/***/.local/lib/python3.12/site-packages/***/task/task_runner/standard_task_runner.py:61 DeprecationWarning: This process (pid=442) is multi-threaded, use of fork() may lead to deadlocks in the child.
[2026-04-27T09:48:09.889+0000] {standard_task_runner.py:63} INFO - Started process 445 to run task
[2026-04-27T09:48:10.084+0000] {task_command.py:426} INFO - Running <TaskInstance: ingest_pipeline.transform_data scheduled__2026-04-26T00:00:00+00:00 [running]> on host 54d630d5d86b
[2026-04-27T09:48:10.267+0000] {taskinstance.py:2648} INFO - Exporting env vars: AIRFLOW_CTX_DAG_OWNER='***' AIRFLOW_CTX_DAG_ID='ingest_pipeline' AIRFLOW_CTX_TASK_ID='transform_data' AIRFLOW_CTX_EXECUTION_DATE='2026-04-26T00:00:00+00:00' AIRFLOW_CTX_TRY_NUMBER='1' AIRFLOW_CTX_DAG_RUN_ID='scheduled__2026-04-26T00:00:00+00:00'
[2026-04-27T09:48:10.269+0000] {taskinstance.py:430} INFO - ::endgroup::
[2026-04-27T09:48:19.589+0000] {logging_mixin.py:188} INFO - 09:48:15  Running with dbt=1.7.0
09:48:15  Registered adapter: postgres=1.7.0
09:48:15  Found 2 models, 0 sources, 0 exposures, 0 metrics, 401 macros, 0 groups, 0 semantic models
09:48:15  
09:48:16  Concurrency: 1 threads (target='dev')
09:48:16  
09:48:16  1 of 2 START sql incremental model public.cleaned_users ........................ [RUN]
09:48:16  1 of 2 OK created sql incremental model public.cleaned_users ................... [SELECT 0 in 0.31s]
09:48:16  2 of 2 START sql incremental model public.city_summary ......................... [RUN]
09:48:16  2 of 2 OK created sql incremental model public.city_summary .................... [SELECT 0 in 0.16s]
09:48:16  
09:48:16  Finished running 2 incremental models in 0 hours 0 minutes and 0.78 seconds (0.78s).
09:48:16  
09:48:16  Completed successfully
09:48:16  
09:48:16  Done. PASS=2 WARN=0 ERROR=0 SKIP=0 TOTAL=2
[2026-04-27T09:48:19.591+0000] {python.py:237} INFO - Done. Returned value was: None
[2026-04-27T09:48:19.593+0000] {taskinstance.py:441} INFO - ::group::Post task execution logs
[2026-04-27T09:48:19.616+0000] {taskinstance.py:1206} INFO - Marking task as SUCCESS. dag_id=ingest_pipeline, task_id=transform_data, run_id=scheduled__2026-04-26T00:00:00+00:00, execution_date=20260426T000000, start_date=20260427T094809, end_date=20260427T094819
[2026-04-27T09:48:19.653+0000] {local_task_job_runner.py:240} INFO - Task exited with return code 0
[2026-04-27T09:48:19.683+0000] {taskinstance.py:3498} INFO - 0 downstream tasks scheduled from follow-on schedule check
[2026-04-27T09:48:19.689+0000] {local_task_job_runner.py:222} INFO - ::endgroup::
