[2026-05-11T10:34:59.263+0000] {processor.py:161} INFO - Started process (PID=337) to work on /opt/airflow/dags/chaos_generator.py
[2026-05-11T10:34:59.265+0000] {processor.py:830} INFO - Processing file /opt/airflow/dags/chaos_generator.py for tasks to queue
[2026-05-11T10:34:59.268+0000] {logging_mixin.py:188} INFO - [2026-05-11T10:34:59.268+0000] {dagbag.py:545} INFO - Filling up the DagBag from /opt/airflow/dags/chaos_generator.py
[2026-05-11T10:34:59.302+0000] {processor.py:842} WARNING - No viable dags retrieved from /opt/airflow/dags/chaos_generator.py
[2026-05-11T10:34:59.324+0000] {processor.py:183} INFO - Processing /opt/airflow/dags/chaos_generator.py took 0.068 seconds
[2026-05-11T10:35:30.134+0000] {processor.py:161} INFO - Started process (PID=378) to work on /opt/airflow/dags/chaos_generator.py
[2026-05-11T10:35:30.139+0000] {processor.py:830} INFO - Processing file /opt/airflow/dags/chaos_generator.py for tasks to queue
[2026-05-11T10:35:30.149+0000] {logging_mixin.py:188} INFO - [2026-05-11T10:35:30.148+0000] {dagbag.py:545} INFO - Filling up the DagBag from /opt/airflow/dags/chaos_generator.py
[2026-05-11T10:35:30.246+0000] {processor.py:842} WARNING - No viable dags retrieved from /opt/airflow/dags/chaos_generator.py
[2026-05-11T10:35:30.303+0000] {processor.py:183} INFO - Processing /opt/airflow/dags/chaos_generator.py took 0.189 seconds
[2026-05-11T10:36:00.839+0000] {processor.py:161} INFO - Started process (PID=388) to work on /opt/airflow/dags/chaos_generator.py
[2026-05-11T10:36:00.840+0000] {processor.py:830} INFO - Processing file /opt/airflow/dags/chaos_generator.py for tasks to queue
[2026-05-11T10:36:00.842+0000] {logging_mixin.py:188} INFO - [2026-05-11T10:36:00.842+0000] {dagbag.py:545} INFO - Filling up the DagBag from /opt/airflow/dags/chaos_generator.py
[2026-05-11T10:36:00.857+0000] {processor.py:842} WARNING - No viable dags retrieved from /opt/airflow/dags/chaos_generator.py
[2026-05-11T10:36:00.875+0000] {processor.py:183} INFO - Processing /opt/airflow/dags/chaos_generator.py took 0.043 seconds
[2026-05-11T10:36:31.521+0000] {processor.py:161} INFO - Started process (PID=398) to work on /opt/airflow/dags/chaos_generator.py
[2026-05-11T10:36:31.522+0000] {processor.py:830} INFO - Processing file /opt/airflow/dags/chaos_generator.py for tasks to queue
[2026-05-11T10:36:31.524+0000] {logging_mixin.py:188} INFO - [2026-05-11T10:36:31.524+0000] {dagbag.py:545} INFO - Filling up the DagBag from /opt/airflow/dags/chaos_generator.py
[2026-05-11T10:36:31.539+0000] {processor.py:842} WARNING - No viable dags retrieved from /opt/airflow/dags/chaos_generator.py
[2026-05-11T10:36:31.574+0000] {processor.py:183} INFO - Processing /opt/airflow/dags/chaos_generator.py took 0.060 seconds
[2026-05-11T10:37:02.178+0000] {processor.py:161} INFO - Started process (PID=408) to work on /opt/airflow/dags/chaos_generator.py
[2026-05-11T10:37:02.179+0000] {processor.py:830} INFO - Processing file /opt/airflow/dags/chaos_generator.py for tasks to queue
[2026-05-11T10:37:02.182+0000] {logging_mixin.py:188} INFO - [2026-05-11T10:37:02.182+0000] {dagbag.py:545} INFO - Filling up the DagBag from /opt/airflow/dags/chaos_generator.py
[2026-05-11T10:37:02.215+0000] {processor.py:842} WARNING - No viable dags retrieved from /opt/airflow/dags/chaos_generator.py
[2026-05-11T10:37:02.234+0000] {processor.py:183} INFO - Processing /opt/airflow/dags/chaos_generator.py took 0.062 seconds
[2026-05-11T10:37:32.857+0000] {processor.py:161} INFO - Started process (PID=418) to work on /opt/airflow/dags/chaos_generator.py
[2026-05-11T10:37:32.859+0000] {processor.py:830} INFO - Processing file /opt/airflow/dags/chaos_generator.py for tasks to queue
[2026-05-11T10:37:32.864+0000] {logging_mixin.py:188} INFO - [2026-05-11T10:37:32.864+0000] {dagbag.py:545} INFO - Filling up the DagBag from /opt/airflow/dags/chaos_generator.py
[2026-05-11T10:37:32.903+0000] {processor.py:842} WARNING - No viable dags retrieved from /opt/airflow/dags/chaos_generator.py
[2026-05-11T10:37:32.924+0000] {processor.py:183} INFO - Processing /opt/airflow/dags/chaos_generator.py took 0.074 seconds
[2026-05-11T10:38:03.574+0000] {processor.py:161} INFO - Started process (PID=429) to work on /opt/airflow/dags/chaos_generator.py
[2026-05-11T10:38:03.575+0000] {processor.py:830} INFO - Processing file /opt/airflow/dags/chaos_generator.py for tasks to queue
[2026-05-11T10:38:03.577+0000] {logging_mixin.py:188} INFO - [2026-05-11T10:38:03.576+0000] {dagbag.py:545} INFO - Filling up the DagBag from /opt/airflow/dags/chaos_generator.py
[2026-05-11T10:38:03.592+0000] {processor.py:842} WARNING - No viable dags retrieved from /opt/airflow/dags/chaos_generator.py
[2026-05-11T10:38:03.606+0000] {processor.py:183} INFO - Processing /opt/airflow/dags/chaos_generator.py took 0.038 seconds
[2026-05-11T10:38:34.085+0000] {processor.py:161} INFO - Started process (PID=439) to work on /opt/airflow/dags/chaos_generator.py
[2026-05-11T10:38:34.086+0000] {processor.py:830} INFO - Processing file /opt/airflow/dags/chaos_generator.py for tasks to queue
[2026-05-11T10:38:34.089+0000] {logging_mixin.py:188} INFO - [2026-05-11T10:38:34.089+0000] {dagbag.py:545} INFO - Filling up the DagBag from /opt/airflow/dags/chaos_generator.py
[2026-05-11T10:38:34.105+0000] {processor.py:842} WARNING - No viable dags retrieved from /opt/airflow/dags/chaos_generator.py
[2026-05-11T10:38:34.123+0000] {processor.py:183} INFO - Processing /opt/airflow/dags/chaos_generator.py took 0.045 seconds
[2026-05-11T10:39:04.620+0000] {processor.py:161} INFO - Started process (PID=449) to work on /opt/airflow/dags/chaos_generator.py
[2026-05-11T10:39:04.621+0000] {processor.py:830} INFO - Processing file /opt/airflow/dags/chaos_generator.py for tasks to queue
[2026-05-11T10:39:04.624+0000] {logging_mixin.py:188} INFO - [2026-05-11T10:39:04.624+0000] {dagbag.py:545} INFO - Filling up the DagBag from /opt/airflow/dags/chaos_generator.py
[2026-05-11T10:39:04.650+0000] {processor.py:842} WARNING - No viable dags retrieved from /opt/airflow/dags/chaos_generator.py
[2026-05-11T10:39:04.677+0000] {processor.py:183} INFO - Processing /opt/airflow/dags/chaos_generator.py took 0.065 seconds
[2026-05-11T10:39:35.207+0000] {processor.py:161} INFO - Started process (PID=459) to work on /opt/airflow/dags/chaos_generator.py
[2026-05-11T10:39:35.208+0000] {processor.py:830} INFO - Processing file /opt/airflow/dags/chaos_generator.py for tasks to queue
[2026-05-11T10:39:35.211+0000] {logging_mixin.py:188} INFO - [2026-05-11T10:39:35.210+0000] {dagbag.py:545} INFO - Filling up the DagBag from /opt/airflow/dags/chaos_generator.py
[2026-05-11T10:39:35.241+0000] {processor.py:842} WARNING - No viable dags retrieved from /opt/airflow/dags/chaos_generator.py
[2026-05-11T10:39:35.261+0000] {processor.py:183} INFO - Processing /opt/airflow/dags/chaos_generator.py took 0.061 seconds
[2026-05-11T10:40:05.900+0000] {processor.py:161} INFO - Started process (PID=469) to work on /opt/airflow/dags/chaos_generator.py
[2026-05-11T10:40:05.900+0000] {processor.py:830} INFO - Processing file /opt/airflow/dags/chaos_generator.py for tasks to queue
[2026-05-11T10:40:05.903+0000] {logging_mixin.py:188} INFO - [2026-05-11T10:40:05.902+0000] {dagbag.py:545} INFO - Filling up the DagBag from /opt/airflow/dags/chaos_generator.py
[2026-05-11T10:40:05.937+0000] {processor.py:842} WARNING - No viable dags retrieved from /opt/airflow/dags/chaos_generator.py
[2026-05-11T10:40:05.955+0000] {processor.py:183} INFO - Processing /opt/airflow/dags/chaos_generator.py took 0.062 seconds
[2026-05-11T10:40:36.461+0000] {processor.py:161} INFO - Started process (PID=479) to work on /opt/airflow/dags/chaos_generator.py
[2026-05-11T10:40:36.462+0000] {processor.py:830} INFO - Processing file /opt/airflow/dags/chaos_generator.py for tasks to queue
[2026-05-11T10:40:36.465+0000] {logging_mixin.py:188} INFO - [2026-05-11T10:40:36.464+0000] {dagbag.py:545} INFO - Filling up the DagBag from /opt/airflow/dags/chaos_generator.py
[2026-05-11T10:40:36.492+0000] {processor.py:842} WARNING - No viable dags retrieved from /opt/airflow/dags/chaos_generator.py
[2026-05-11T10:40:36.519+0000] {processor.py:183} INFO - Processing /opt/airflow/dags/chaos_generator.py took 0.065 seconds
[2026-05-11T10:41:07.035+0000] {processor.py:161} INFO - Started process (PID=489) to work on /opt/airflow/dags/chaos_generator.py
[2026-05-11T10:41:07.036+0000] {processor.py:830} INFO - Processing file /opt/airflow/dags/chaos_generator.py for tasks to queue
[2026-05-11T10:41:07.039+0000] {logging_mixin.py:188} INFO - [2026-05-11T10:41:07.039+0000] {dagbag.py:545} INFO - Filling up the DagBag from /opt/airflow/dags/chaos_generator.py
[2026-05-11T10:41:07.067+0000] {processor.py:842} WARNING - No viable dags retrieved from /opt/airflow/dags/chaos_generator.py
[2026-05-11T10:41:07.097+0000] {processor.py:183} INFO - Processing /opt/airflow/dags/chaos_generator.py took 0.070 seconds
[2026-05-11T10:41:37.561+0000] {processor.py:161} INFO - Started process (PID=499) to work on /opt/airflow/dags/chaos_generator.py
[2026-05-11T10:41:37.563+0000] {processor.py:830} INFO - Processing file /opt/airflow/dags/chaos_generator.py for tasks to queue
[2026-05-11T10:41:37.565+0000] {logging_mixin.py:188} INFO - [2026-05-11T10:41:37.564+0000] {dagbag.py:545} INFO - Filling up the DagBag from /opt/airflow/dags/chaos_generator.py
[2026-05-11T10:41:37.590+0000] {processor.py:842} WARNING - No viable dags retrieved from /opt/airflow/dags/chaos_generator.py
[2026-05-11T10:41:37.608+0000] {processor.py:183} INFO - Processing /opt/airflow/dags/chaos_generator.py took 0.053 seconds
[2026-05-11T10:42:08.085+0000] {processor.py:161} INFO - Started process (PID=509) to work on /opt/airflow/dags/chaos_generator.py
[2026-05-11T10:42:08.086+0000] {processor.py:830} INFO - Processing file /opt/airflow/dags/chaos_generator.py for tasks to queue
[2026-05-11T10:42:08.089+0000] {logging_mixin.py:188} INFO - [2026-05-11T10:42:08.089+0000] {dagbag.py:545} INFO - Filling up the DagBag from /opt/airflow/dags/chaos_generator.py
[2026-05-11T10:42:08.111+0000] {processor.py:842} WARNING - No viable dags retrieved from /opt/airflow/dags/chaos_generator.py
[2026-05-11T10:42:08.133+0000] {processor.py:183} INFO - Processing /opt/airflow/dags/chaos_generator.py took 0.057 seconds
[2026-05-11T10:42:38.577+0000] {processor.py:161} INFO - Started process (PID=519) to work on /opt/airflow/dags/chaos_generator.py
[2026-05-11T10:42:38.579+0000] {processor.py:830} INFO - Processing file /opt/airflow/dags/chaos_generator.py for tasks to queue
[2026-05-11T10:42:38.581+0000] {logging_mixin.py:188} INFO - [2026-05-11T10:42:38.580+0000] {dagbag.py:545} INFO - Filling up the DagBag from /opt/airflow/dags/chaos_generator.py
[2026-05-11T10:42:38.608+0000] {processor.py:842} WARNING - No viable dags retrieved from /opt/airflow/dags/chaos_generator.py
[2026-05-11T10:42:38.627+0000] {processor.py:183} INFO - Processing /opt/airflow/dags/chaos_generator.py took 0.056 seconds
[2026-05-11T10:43:09.116+0000] {processor.py:161} INFO - Started process (PID=529) to work on /opt/airflow/dags/chaos_generator.py
[2026-05-11T10:43:09.117+0000] {processor.py:830} INFO - Processing file /opt/airflow/dags/chaos_generator.py for tasks to queue
[2026-05-11T10:43:09.120+0000] {logging_mixin.py:188} INFO - [2026-05-11T10:43:09.119+0000] {dagbag.py:545} INFO - Filling up the DagBag from /opt/airflow/dags/chaos_generator.py
[2026-05-11T10:43:09.139+0000] {processor.py:842} WARNING - No viable dags retrieved from /opt/airflow/dags/chaos_generator.py
[2026-05-11T10:43:09.157+0000] {processor.py:183} INFO - Processing /opt/airflow/dags/chaos_generator.py took 0.049 seconds
[2026-05-11T10:45:10.152+0000] {processor.py:161} INFO - Started process (PID=339) to work on /opt/airflow/dags/chaos_generator.py
[2026-05-11T10:45:10.154+0000] {processor.py:830} INFO - Processing file /opt/airflow/dags/chaos_generator.py for tasks to queue
[2026-05-11T10:45:10.157+0000] {logging_mixin.py:188} INFO - [2026-05-11T10:45:10.157+0000] {dagbag.py:545} INFO - Filling up the DagBag from /opt/airflow/dags/chaos_generator.py
[2026-05-11T10:45:10.182+0000] {processor.py:842} WARNING - No viable dags retrieved from /opt/airflow/dags/chaos_generator.py
[2026-05-11T10:45:10.203+0000] {processor.py:183} INFO - Processing /opt/airflow/dags/chaos_generator.py took 0.056 seconds
[2026-05-11T10:45:40.730+0000] {processor.py:161} INFO - Started process (PID=380) to work on /opt/airflow/dags/chaos_generator.py
[2026-05-11T10:45:40.731+0000] {processor.py:830} INFO - Processing file /opt/airflow/dags/chaos_generator.py for tasks to queue
[2026-05-11T10:45:40.734+0000] {logging_mixin.py:188} INFO - [2026-05-11T10:45:40.733+0000] {dagbag.py:545} INFO - Filling up the DagBag from /opt/airflow/dags/chaos_generator.py
[2026-05-11T10:45:40.765+0000] {processor.py:842} WARNING - No viable dags retrieved from /opt/airflow/dags/chaos_generator.py
[2026-05-11T10:45:40.785+0000] {processor.py:183} INFO - Processing /opt/airflow/dags/chaos_generator.py took 0.061 seconds
[2026-05-11T10:46:11.487+0000] {processor.py:161} INFO - Started process (PID=391) to work on /opt/airflow/dags/chaos_generator.py
[2026-05-11T10:46:11.488+0000] {processor.py:830} INFO - Processing file /opt/airflow/dags/chaos_generator.py for tasks to queue
[2026-05-11T10:46:11.490+0000] {logging_mixin.py:188} INFO - [2026-05-11T10:46:11.490+0000] {dagbag.py:545} INFO - Filling up the DagBag from /opt/airflow/dags/chaos_generator.py
[2026-05-11T10:46:11.505+0000] {processor.py:842} WARNING - No viable dags retrieved from /opt/airflow/dags/chaos_generator.py
[2026-05-11T10:46:11.525+0000] {processor.py:183} INFO - Processing /opt/airflow/dags/chaos_generator.py took 0.043 seconds
[2026-05-11T10:46:42.047+0000] {processor.py:161} INFO - Started process (PID=401) to work on /opt/airflow/dags/chaos_generator.py
[2026-05-11T10:46:42.048+0000] {processor.py:830} INFO - Processing file /opt/airflow/dags/chaos_generator.py for tasks to queue
[2026-05-11T10:46:42.051+0000] {logging_mixin.py:188} INFO - [2026-05-11T10:46:42.051+0000] {dagbag.py:545} INFO - Filling up the DagBag from /opt/airflow/dags/chaos_generator.py
[2026-05-11T10:46:42.070+0000] {processor.py:842} WARNING - No viable dags retrieved from /opt/airflow/dags/chaos_generator.py
[2026-05-11T10:46:42.091+0000] {processor.py:183} INFO - Processing /opt/airflow/dags/chaos_generator.py took 0.052 seconds
[2026-05-11T10:47:12.583+0000] {processor.py:161} INFO - Started process (PID=423) to work on /opt/airflow/dags/chaos_generator.py
[2026-05-11T10:47:12.584+0000] {processor.py:830} INFO - Processing file /opt/airflow/dags/chaos_generator.py for tasks to queue
[2026-05-11T10:47:12.586+0000] {logging_mixin.py:188} INFO - [2026-05-11T10:47:12.586+0000] {dagbag.py:545} INFO - Filling up the DagBag from /opt/airflow/dags/chaos_generator.py
[2026-05-11T10:47:12.617+0000] {processor.py:842} WARNING - No viable dags retrieved from /opt/airflow/dags/chaos_generator.py
[2026-05-11T10:47:12.636+0000] {processor.py:183} INFO - Processing /opt/airflow/dags/chaos_generator.py took 0.059 seconds
[2026-05-11T10:47:43.235+0000] {processor.py:161} INFO - Started process (PID=439) to work on /opt/airflow/dags/chaos_generator.py
[2026-05-11T10:47:43.236+0000] {processor.py:830} INFO - Processing file /opt/airflow/dags/chaos_generator.py for tasks to queue
[2026-05-11T10:47:43.238+0000] {logging_mixin.py:188} INFO - [2026-05-11T10:47:43.237+0000] {dagbag.py:545} INFO - Filling up the DagBag from /opt/airflow/dags/chaos_generator.py
[2026-05-11T10:47:43.254+0000] {processor.py:842} WARNING - No viable dags retrieved from /opt/airflow/dags/chaos_generator.py
[2026-05-11T10:47:43.273+0000] {processor.py:183} INFO - Processing /opt/airflow/dags/chaos_generator.py took 0.044 seconds
[2026-05-11T10:48:13.752+0000] {processor.py:161} INFO - Started process (PID=449) to work on /opt/airflow/dags/chaos_generator.py
[2026-05-11T10:48:13.756+0000] {processor.py:830} INFO - Processing file /opt/airflow/dags/chaos_generator.py for tasks to queue
[2026-05-11T10:48:13.759+0000] {logging_mixin.py:188} INFO - [2026-05-11T10:48:13.758+0000] {dagbag.py:545} INFO - Filling up the DagBag from /opt/airflow/dags/chaos_generator.py
[2026-05-11T10:48:13.789+0000] {processor.py:842} WARNING - No viable dags retrieved from /opt/airflow/dags/chaos_generator.py
[2026-05-11T10:48:13.806+0000] {processor.py:183} INFO - Processing /opt/airflow/dags/chaos_generator.py took 0.060 seconds
[2026-05-11T10:50:18.236+0000] {processor.py:161} INFO - Started process (PID=344) to work on /opt/airflow/dags/chaos_generator.py
[2026-05-11T10:50:18.238+0000] {processor.py:830} INFO - Processing file /opt/airflow/dags/chaos_generator.py for tasks to queue
[2026-05-11T10:50:18.240+0000] {logging_mixin.py:188} INFO - [2026-05-11T10:50:18.239+0000] {dagbag.py:545} INFO - Filling up the DagBag from /opt/airflow/dags/chaos_generator.py
[2026-05-11T10:50:18.269+0000] {processor.py:842} WARNING - No viable dags retrieved from /opt/airflow/dags/chaos_generator.py
[2026-05-11T10:50:18.287+0000] {processor.py:183} INFO - Processing /opt/airflow/dags/chaos_generator.py took 0.057 seconds
[2026-05-11T10:50:48.696+0000] {processor.py:161} INFO - Started process (PID=385) to work on /opt/airflow/dags/chaos_generator.py
[2026-05-11T10:50:48.697+0000] {processor.py:830} INFO - Processing file /opt/airflow/dags/chaos_generator.py for tasks to queue
[2026-05-11T10:50:48.699+0000] {logging_mixin.py:188} INFO - [2026-05-11T10:50:48.699+0000] {dagbag.py:545} INFO - Filling up the DagBag from /opt/airflow/dags/chaos_generator.py
[2026-05-11T10:50:48.729+0000] {processor.py:842} WARNING - No viable dags retrieved from /opt/airflow/dags/chaos_generator.py
[2026-05-11T10:50:48.750+0000] {processor.py:183} INFO - Processing /opt/airflow/dags/chaos_generator.py took 0.063 seconds
[2026-05-11T10:51:19.258+0000] {processor.py:161} INFO - Started process (PID=396) to work on /opt/airflow/dags/chaos_generator.py
[2026-05-11T10:51:19.259+0000] {processor.py:830} INFO - Processing file /opt/airflow/dags/chaos_generator.py for tasks to queue
[2026-05-11T10:51:19.262+0000] {logging_mixin.py:188} INFO - [2026-05-11T10:51:19.262+0000] {dagbag.py:545} INFO - Filling up the DagBag from /opt/airflow/dags/chaos_generator.py
[2026-05-11T10:51:19.279+0000] {processor.py:842} WARNING - No viable dags retrieved from /opt/airflow/dags/chaos_generator.py
[2026-05-11T10:51:19.299+0000] {processor.py:183} INFO - Processing /opt/airflow/dags/chaos_generator.py took 0.048 seconds
[2026-05-11T10:51:49.803+0000] {processor.py:161} INFO - Started process (PID=418) to work on /opt/airflow/dags/chaos_generator.py
[2026-05-11T10:51:49.804+0000] {processor.py:830} INFO - Processing file /opt/airflow/dags/chaos_generator.py for tasks to queue
[2026-05-11T10:51:49.806+0000] {logging_mixin.py:188} INFO - [2026-05-11T10:51:49.806+0000] {dagbag.py:545} INFO - Filling up the DagBag from /opt/airflow/dags/chaos_generator.py
[2026-05-11T10:51:49.829+0000] {processor.py:842} WARNING - No viable dags retrieved from /opt/airflow/dags/chaos_generator.py
[2026-05-11T10:51:49.848+0000] {processor.py:183} INFO - Processing /opt/airflow/dags/chaos_generator.py took 0.051 seconds
[2026-05-11T10:52:20.381+0000] {processor.py:161} INFO - Started process (PID=428) to work on /opt/airflow/dags/chaos_generator.py
[2026-05-11T10:52:20.382+0000] {processor.py:830} INFO - Processing file /opt/airflow/dags/chaos_generator.py for tasks to queue
[2026-05-11T10:52:20.384+0000] {logging_mixin.py:188} INFO - [2026-05-11T10:52:20.384+0000] {dagbag.py:545} INFO - Filling up the DagBag from /opt/airflow/dags/chaos_generator.py
[2026-05-11T10:52:20.400+0000] {processor.py:842} WARNING - No viable dags retrieved from /opt/airflow/dags/chaos_generator.py
[2026-05-11T10:52:20.419+0000] {processor.py:183} INFO - Processing /opt/airflow/dags/chaos_generator.py took 0.045 seconds
[2026-05-11T10:52:50.992+0000] {processor.py:161} INFO - Started process (PID=450) to work on /opt/airflow/dags/chaos_generator.py
[2026-05-11T10:52:50.994+0000] {processor.py:830} INFO - Processing file /opt/airflow/dags/chaos_generator.py for tasks to queue
[2026-05-11T10:52:50.997+0000] {logging_mixin.py:188} INFO - [2026-05-11T10:52:50.997+0000] {dagbag.py:545} INFO - Filling up the DagBag from /opt/airflow/dags/chaos_generator.py
[2026-05-11T10:52:51.039+0000] {processor.py:842} WARNING - No viable dags retrieved from /opt/airflow/dags/chaos_generator.py
[2026-05-11T10:52:51.059+0000] {processor.py:183} INFO - Processing /opt/airflow/dags/chaos_generator.py took 0.074 seconds
[2026-05-11T10:53:21.518+0000] {processor.py:161} INFO - Started process (PID=488) to work on /opt/airflow/dags/chaos_generator.py
[2026-05-11T10:53:21.520+0000] {processor.py:830} INFO - Processing file /opt/airflow/dags/chaos_generator.py for tasks to queue
[2026-05-11T10:53:21.525+0000] {logging_mixin.py:188} INFO - [2026-05-11T10:53:21.524+0000] {dagbag.py:545} INFO - Filling up the DagBag from /opt/airflow/dags/chaos_generator.py
[2026-05-11T10:53:21.552+0000] {processor.py:842} WARNING - No viable dags retrieved from /opt/airflow/dags/chaos_generator.py
[2026-05-11T10:53:21.587+0000] {processor.py:183} INFO - Processing /opt/airflow/dags/chaos_generator.py took 0.085 seconds
[2026-05-11T10:53:51.987+0000] {processor.py:161} INFO - Started process (PID=498) to work on /opt/airflow/dags/chaos_generator.py
[2026-05-11T10:53:51.988+0000] {processor.py:830} INFO - Processing file /opt/airflow/dags/chaos_generator.py for tasks to queue
[2026-05-11T10:53:51.990+0000] {logging_mixin.py:188} INFO - [2026-05-11T10:53:51.989+0000] {dagbag.py:545} INFO - Filling up the DagBag from /opt/airflow/dags/chaos_generator.py
[2026-05-11T10:53:52.009+0000] {processor.py:842} WARNING - No viable dags retrieved from /opt/airflow/dags/chaos_generator.py
[2026-05-11T10:53:52.031+0000] {processor.py:183} INFO - Processing /opt/airflow/dags/chaos_generator.py took 0.053 seconds
