[2026-04-27T08:52:36.977+0000] {local_task_job_runner.py:120} INFO - ::group::Pre task execution logs
[2026-04-27T08:52:37.035+0000] {taskinstance.py:2076} INFO - Dependencies all met for dep_context=non-requeueable deps ti=<TaskInstance: ingest_pipeline.generate_data scheduled__2026-04-26T00:00:00+00:00 [queued]>
[2026-04-27T08:52:37.047+0000] {taskinstance.py:2076} INFO - Dependencies all met for dep_context=requeueable deps ti=<TaskInstance: ingest_pipeline.generate_data scheduled__2026-04-26T00:00:00+00:00 [queued]>
[2026-04-27T08:52:37.049+0000] {taskinstance.py:2306} INFO - Starting attempt 1 of 1
[2026-04-27T08:52:37.071+0000] {taskinstance.py:2330} INFO - Executing <Task(PythonOperator): generate_data> on 2026-04-26 00:00:00+00:00
[2026-04-27T08:52:37.082+0000] {standard_task_runner.py:90} INFO - Running: ['***', 'tasks', 'run', 'ingest_pipeline', 'generate_data', 'scheduled__2026-04-26T00:00:00+00:00', '--job-id', '4', '--raw', '--subdir', 'DAGS_FOLDER/ingest.py', '--cfg-path', '/tmp/tmp1u5ivswk']
[2026-04-27T08:52:37.084+0000] {logging_mixin.py:188} WARNING - /home/***/.local/lib/python3.12/site-packages/***/task/task_runner/standard_task_runner.py:61 DeprecationWarning: This process (pid=407) is multi-threaded, use of fork() may lead to deadlocks in the child.
[2026-04-27T08:52:37.086+0000] {standard_task_runner.py:91} INFO - Job 4: Subtask generate_data
[2026-04-27T08:52:37.087+0000] {standard_task_runner.py:63} INFO - Started process 409 to run task
[2026-04-27T08:52:37.190+0000] {task_command.py:426} INFO - Running <TaskInstance: ingest_pipeline.generate_data scheduled__2026-04-26T00:00:00+00:00 [running]> on host c170d7ed2ddb
[2026-04-27T08:52:37.301+0000] {taskinstance.py:2648} INFO - Exporting env vars: AIRFLOW_CTX_DAG_OWNER='***' AIRFLOW_CTX_DAG_ID='ingest_pipeline' AIRFLOW_CTX_TASK_ID='generate_data' AIRFLOW_CTX_EXECUTION_DATE='2026-04-26T00:00:00+00:00' AIRFLOW_CTX_TRY_NUMBER='1' AIRFLOW_CTX_DAG_RUN_ID='scheduled__2026-04-26T00:00:00+00:00'
[2026-04-27T08:52:37.302+0000] {taskinstance.py:430} INFO - ::endgroup::
[2026-04-27T08:52:37.363+0000] {logging_mixin.py:188} INFO - Data written. Chaos mode: False
[2026-04-27T08:52:37.365+0000] {python.py:237} INFO - Done. Returned value was: None
[2026-04-27T08:52:37.368+0000] {taskinstance.py:441} INFO - ::group::Post task execution logs
[2026-04-27T08:52:37.383+0000] {taskinstance.py:1206} INFO - Marking task as SUCCESS. dag_id=ingest_pipeline, task_id=generate_data, run_id=scheduled__2026-04-26T00:00:00+00:00, execution_date=20260426T000000, start_date=20260427T085237, end_date=20260427T085237
[2026-04-27T08:52:37.406+0000] {local_task_job_runner.py:240} INFO - Task exited with return code 0
[2026-04-27T08:52:37.436+0000] {taskinstance.py:3498} INFO - 1 downstream tasks scheduled from follow-on schedule check
[2026-04-27T08:52:37.442+0000] {local_task_job_runner.py:222} INFO - ::endgroup::
[2026-04-27T09:48:05.928+0000] {local_task_job_runner.py:120} INFO - ::group::Pre task execution logs
[2026-04-27T09:48:05.966+0000] {taskinstance.py:2076} INFO - Dependencies all met for dep_context=non-requeueable deps ti=<TaskInstance: ingest_pipeline.generate_data scheduled__2026-04-26T00:00:00+00:00 [queued]>
[2026-04-27T09:48:05.975+0000] {taskinstance.py:2076} INFO - Dependencies all met for dep_context=requeueable deps ti=<TaskInstance: ingest_pipeline.generate_data scheduled__2026-04-26T00:00:00+00:00 [queued]>
[2026-04-27T09:48:05.977+0000] {taskinstance.py:2306} INFO - Starting attempt 1 of 1
[2026-04-27T09:48:05.995+0000] {taskinstance.py:2330} INFO - Executing <Task(PythonOperator): generate_data> on 2026-04-26 00:00:00+00:00
[2026-04-27T09:48:06.007+0000] {standard_task_runner.py:90} INFO - Running: ['***', 'tasks', 'run', 'ingest_pipeline', 'generate_data', 'scheduled__2026-04-26T00:00:00+00:00', '--job-id', '3', '--raw', '--subdir', 'DAGS_FOLDER/ingest.py', '--cfg-path', '/tmp/tmpfol84tt6']
[2026-04-27T09:48:06.010+0000] {logging_mixin.py:188} WARNING - /home/***/.local/lib/python3.12/site-packages/***/task/task_runner/standard_task_runner.py:61 DeprecationWarning: This process (pid=427) is multi-threaded, use of fork() may lead to deadlocks in the child.
[2026-04-27T09:48:06.012+0000] {standard_task_runner.py:91} INFO - Job 3: Subtask generate_data
[2026-04-27T09:48:06.012+0000] {standard_task_runner.py:63} INFO - Started process 429 to run task
[2026-04-27T09:48:06.116+0000] {task_command.py:426} INFO - Running <TaskInstance: ingest_pipeline.generate_data scheduled__2026-04-26T00:00:00+00:00 [running]> on host 54d630d5d86b
[2026-04-27T09:48:06.256+0000] {taskinstance.py:2648} INFO - Exporting env vars: AIRFLOW_CTX_DAG_OWNER='***' AIRFLOW_CTX_DAG_ID='ingest_pipeline' AIRFLOW_CTX_TASK_ID='generate_data' AIRFLOW_CTX_EXECUTION_DATE='2026-04-26T00:00:00+00:00' AIRFLOW_CTX_TRY_NUMBER='1' AIRFLOW_CTX_DAG_RUN_ID='scheduled__2026-04-26T00:00:00+00:00'
[2026-04-27T09:48:06.258+0000] {taskinstance.py:430} INFO - ::endgroup::
[2026-04-27T09:48:06.326+0000] {logging_mixin.py:188} INFO - Data written. Chaos mode: False
[2026-04-27T09:48:06.327+0000] {python.py:237} INFO - Done. Returned value was: None
[2026-04-27T09:48:06.328+0000] {taskinstance.py:441} INFO - ::group::Post task execution logs
[2026-04-27T09:48:06.340+0000] {taskinstance.py:1206} INFO - Marking task as SUCCESS. dag_id=ingest_pipeline, task_id=generate_data, run_id=scheduled__2026-04-26T00:00:00+00:00, execution_date=20260426T000000, start_date=20260427T094805, end_date=20260427T094806
[2026-04-27T09:48:06.361+0000] {local_task_job_runner.py:240} INFO - Task exited with return code 0
[2026-04-27T09:48:06.392+0000] {taskinstance.py:3498} INFO - 1 downstream tasks scheduled from follow-on schedule check
[2026-04-27T09:48:06.397+0000] {local_task_job_runner.py:222} INFO - ::endgroup::
