[2026-04-27T09:18:44.008+0000] {local_task_job_runner.py:120} INFO - ::group::Pre task execution logs
[2026-04-27T09:18:44.056+0000] {taskinstance.py:2076} INFO - Dependencies all met for dep_context=non-requeueable deps ti=<TaskInstance: ingest_pipeline.transform_data manual__2026-04-27T09:18:39.375170+00:00 [queued]>
[2026-04-27T09:18:44.073+0000] {taskinstance.py:2076} INFO - Dependencies all met for dep_context=requeueable deps ti=<TaskInstance: ingest_pipeline.transform_data manual__2026-04-27T09:18:39.375170+00:00 [queued]>
[2026-04-27T09:18:44.075+0000] {taskinstance.py:2306} INFO - Starting attempt 1 of 1
[2026-04-27T09:18:44.092+0000] {taskinstance.py:2330} INFO - Executing <Task(PythonOperator): transform_data> on 2026-04-27 09:18:39.375170+00:00
[2026-04-27T09:18:44.102+0000] {logging_mixin.py:188} WARNING - /home/***/.local/lib/python3.12/site-packages/***/task/task_runner/standard_task_runner.py:61 DeprecationWarning: This process (pid=1247) is multi-threaded, use of fork() may lead to deadlocks in the child.
[2026-04-27T09:18:44.104+0000] {standard_task_runner.py:63} INFO - Started process 1249 to run task
[2026-04-27T09:18:44.103+0000] {standard_task_runner.py:90} INFO - Running: ['***', 'tasks', 'run', 'ingest_pipeline', 'transform_data', 'manual__2026-04-27T09:18:39.375170+00:00', '--job-id', '67', '--raw', '--subdir', 'DAGS_FOLDER/ingest.py', '--cfg-path', '/tmp/tmp5uu31tr2']
[2026-04-27T09:18:44.106+0000] {standard_task_runner.py:91} INFO - Job 67: Subtask transform_data
[2026-04-27T09:18:44.214+0000] {task_command.py:426} INFO - Running <TaskInstance: ingest_pipeline.transform_data manual__2026-04-27T09:18:39.375170+00:00 [running]> on host c170d7ed2ddb
[2026-04-27T09:18:44.340+0000] {taskinstance.py:2648} INFO - Exporting env vars: AIRFLOW_CTX_DAG_OWNER='***' AIRFLOW_CTX_DAG_ID='ingest_pipeline' AIRFLOW_CTX_TASK_ID='transform_data' AIRFLOW_CTX_EXECUTION_DATE='2026-04-27T09:18:39.375170+00:00' AIRFLOW_CTX_TRY_NUMBER='1' AIRFLOW_CTX_DAG_RUN_ID='manual__2026-04-27T09:18:39.375170+00:00'
[2026-04-27T09:18:44.342+0000] {taskinstance.py:430} INFO - ::endgroup::
[2026-04-27T09:18:51.465+0000] {logging_mixin.py:188} INFO - 09:18:47  Running with dbt=1.7.0
09:18:48  Registered adapter: postgres=1.7.0
09:18:48  Found 2 models, 0 sources, 0 exposures, 0 metrics, 401 macros, 0 groups, 0 semantic models
09:18:48  
09:18:48  Concurrency: 1 threads (target='dev')
09:18:48  
09:18:48  1 of 2 START sql incremental model public.cleaned_users ........................ [RUN]
09:18:49  1 of 2 OK created sql incremental model public.cleaned_users ................... [INSERT 0 45 in 0.26s]
09:18:49  2 of 2 START sql incremental model public.city_summary ......................... [RUN]
09:18:49  2 of 2 OK created sql incremental model public.city_summary .................... [INSERT 0 3 in 0.16s]
09:18:49  
09:18:49  Finished running 2 incremental models in 0 hours 0 minutes and 0.68 seconds (0.68s).
09:18:49  
09:18:49  Completed successfully
09:18:49  
09:18:49  Done. PASS=2 WARN=0 ERROR=0 SKIP=0 TOTAL=2
[2026-04-27T09:18:51.468+0000] {python.py:237} INFO - Done. Returned value was: None
[2026-04-27T09:18:51.469+0000] {taskinstance.py:441} INFO - ::group::Post task execution logs
[2026-04-27T09:18:51.490+0000] {taskinstance.py:1206} INFO - Marking task as SUCCESS. dag_id=ingest_pipeline, task_id=transform_data, run_id=manual__2026-04-27T09:18:39.375170+00:00, execution_date=20260427T091839, start_date=20260427T091844, end_date=20260427T091851
[2026-04-27T09:18:51.519+0000] {local_task_job_runner.py:240} INFO - Task exited with return code 0
[2026-04-27T09:18:51.552+0000] {taskinstance.py:3498} INFO - 0 downstream tasks scheduled from follow-on schedule check
[2026-04-27T09:18:51.558+0000] {local_task_job_runner.py:222} INFO - ::endgroup::
