[2026-04-27T09:18:46.324+0000] {local_task_job_runner.py:120} INFO - ::group::Pre task execution logs
[2026-04-27T09:18:46.359+0000] {taskinstance.py:2076} INFO - Dependencies all met for dep_context=non-requeueable deps ti=<TaskInstance: ingest_pipeline.transform_data manual__2026-04-27T09:18:41.701572+00:00 [queued]>
[2026-04-27T09:18:46.371+0000] {taskinstance.py:2076} INFO - Dependencies all met for dep_context=requeueable deps ti=<TaskInstance: ingest_pipeline.transform_data manual__2026-04-27T09:18:41.701572+00:00 [queued]>
[2026-04-27T09:18:46.373+0000] {taskinstance.py:2306} INFO - Starting attempt 1 of 1
[2026-04-27T09:18:46.389+0000] {taskinstance.py:2330} INFO - Executing <Task(PythonOperator): transform_data> on 2026-04-27 09:18:41.701572+00:00
[2026-04-27T09:18:46.399+0000] {logging_mixin.py:188} WARNING - /home/***/.local/lib/python3.12/site-packages/***/task/task_runner/standard_task_runner.py:61 DeprecationWarning: This process (pid=1258) is multi-threaded, use of fork() may lead to deadlocks in the child.
[2026-04-27T09:18:46.399+0000] {standard_task_runner.py:90} INFO - Running: ['***', 'tasks', 'run', 'ingest_pipeline', 'transform_data', 'manual__2026-04-27T09:18:41.701572+00:00', '--job-id', '73', '--raw', '--subdir', 'DAGS_FOLDER/ingest.py', '--cfg-path', '/tmp/tmpq_208uk8']
[2026-04-27T09:18:46.401+0000] {standard_task_runner.py:63} INFO - Started process 1260 to run task
[2026-04-27T09:18:46.402+0000] {standard_task_runner.py:91} INFO - Job 73: Subtask transform_data
[2026-04-27T09:18:46.507+0000] {task_command.py:426} INFO - Running <TaskInstance: ingest_pipeline.transform_data manual__2026-04-27T09:18:41.701572+00:00 [running]> on host c170d7ed2ddb
[2026-04-27T09:18:46.623+0000] {taskinstance.py:2648} INFO - Exporting env vars: AIRFLOW_CTX_DAG_OWNER='***' AIRFLOW_CTX_DAG_ID='ingest_pipeline' AIRFLOW_CTX_TASK_ID='transform_data' AIRFLOW_CTX_EXECUTION_DATE='2026-04-27T09:18:41.701572+00:00' AIRFLOW_CTX_TRY_NUMBER='1' AIRFLOW_CTX_DAG_RUN_ID='manual__2026-04-27T09:18:41.701572+00:00'
[2026-04-27T09:18:46.625+0000] {taskinstance.py:430} INFO - ::endgroup::
[2026-04-27T09:18:53.660+0000] {logging_mixin.py:188} INFO - 09:18:50  Running with dbt=1.7.0
09:18:50  Registered adapter: postgres=1.7.0
09:18:50  Found 2 models, 0 sources, 0 exposures, 0 metrics, 401 macros, 0 groups, 0 semantic models
09:18:50  
09:18:51  Concurrency: 1 threads (target='dev')
09:18:51  
09:18:51  1 of 2 START sql incremental model public.cleaned_users ........................ [RUN]
09:18:51  1 of 2 OK created sql incremental model public.cleaned_users ................... [INSERT 0 45 in 0.38s]
09:18:51  2 of 2 START sql incremental model public.city_summary ......................... [RUN]
09:18:51  2 of 2 OK created sql incremental model public.city_summary .................... [INSERT 0 3 in 0.21s]
09:18:51  
09:18:51  Finished running 2 incremental models in 0 hours 0 minutes and 0.94 seconds (0.94s).
09:18:52  
09:18:52  Completed successfully
09:18:52  
09:18:52  Done. PASS=2 WARN=0 ERROR=0 SKIP=0 TOTAL=2
[2026-04-27T09:18:53.661+0000] {python.py:237} INFO - Done. Returned value was: None
[2026-04-27T09:18:53.663+0000] {taskinstance.py:441} INFO - ::group::Post task execution logs
[2026-04-27T09:18:53.676+0000] {taskinstance.py:1206} INFO - Marking task as SUCCESS. dag_id=ingest_pipeline, task_id=transform_data, run_id=manual__2026-04-27T09:18:41.701572+00:00, execution_date=20260427T091841, start_date=20260427T091846, end_date=20260427T091853
[2026-04-27T09:18:53.699+0000] {local_task_job_runner.py:240} INFO - Task exited with return code 0
[2026-04-27T09:18:53.718+0000] {taskinstance.py:3498} INFO - 0 downstream tasks scheduled from follow-on schedule check
[2026-04-27T09:18:53.726+0000] {local_task_job_runner.py:222} INFO - ::endgroup::
