[2026-04-10T11:37:10.240+0000] {manager.py:470} INFO - Processing files using up to 2 processes at a time 
[2026-04-10T11:37:10.242+0000] {manager.py:471} INFO - Process each file at most once every 30 seconds
[2026-04-10T11:37:10.243+0000] {manager.py:472} INFO - Checking for new files in /opt/airflow/dags every 300 seconds
[2026-04-10T11:37:10.244+0000] {manager.py:737} INFO - Searching for files in /opt/airflow/dags
[2026-04-10T11:37:10.250+0000] {manager.py:740} INFO - There are 0 files in /opt/airflow/dags
[2026-04-10T11:42:11.063+0000] {manager.py:737} INFO - Searching for files in /opt/airflow/dags
[2026-04-10T11:42:11.127+0000] {manager.py:740} INFO - There are 1 files in /opt/airflow/dags
[2026-04-10T11:42:12.219+0000] {manager.py:878} INFO - 
================================================================================
DAG File Processing Stats

File Path                    PID    Runtime      # DAGs    # Errors  Last Runtime    Last Run
---------------------------  -----  ---------  --------  ----------  --------------  -------------------
/opt/airflow/dags/ingest.py                           1           0  0.31s           2026-04-10T11:42:11
================================================================================
[2026-04-10T11:42:42.809+0000] {manager.py:878} INFO - 
================================================================================
DAG File Processing Stats

File Path                    PID    Runtime      # DAGs    # Errors  Last Runtime    Last Run
---------------------------  -----  ---------  --------  ----------  --------------  -------------------
/opt/airflow/dags/ingest.py                           1           0  0.16s           2026-04-10T11:42:41
================================================================================
[2026-04-10T11:43:13.246+0000] {manager.py:878} INFO - 
================================================================================
DAG File Processing Stats

File Path                    PID    Runtime      # DAGs    # Errors  Last Runtime    Last Run
---------------------------  -----  ---------  --------  ----------  --------------  -------------------
/opt/airflow/dags/ingest.py                           1           0  0.21s           2026-04-10T11:43:12
================================================================================
[2026-04-10T11:43:43.706+0000] {manager.py:878} INFO - 
================================================================================
DAG File Processing Stats

File Path                    PID    Runtime      # DAGs    # Errors  Last Runtime    Last Run
---------------------------  -----  ---------  --------  ----------  --------------  -------------------
/opt/airflow/dags/ingest.py                           1           0  0.18s           2026-04-10T11:43:42
================================================================================
[2026-04-10T11:44:14.125+0000] {manager.py:878} INFO - 
================================================================================
DAG File Processing Stats

File Path                    PID    Runtime      # DAGs    # Errors  Last Runtime    Last Run
---------------------------  -----  ---------  --------  ----------  --------------  -------------------
/opt/airflow/dags/ingest.py                           1           0  0.23s           2026-04-10T11:44:13
================================================================================
[2026-04-10T11:44:44.467+0000] {manager.py:878} INFO - 
================================================================================
DAG File Processing Stats

File Path                    PID    Runtime      # DAGs    # Errors  Last Runtime    Last Run
---------------------------  -----  ---------  --------  ----------  --------------  -------------------
/opt/airflow/dags/ingest.py                           1           0  0.28s           2026-04-10T11:44:43
================================================================================
[2026-04-10T11:45:14.828+0000] {manager.py:878} INFO - 
================================================================================
DAG File Processing Stats

File Path                    PID    Runtime      # DAGs    # Errors  Last Runtime    Last Run
---------------------------  -----  ---------  --------  ----------  --------------  -------------------
/opt/airflow/dags/ingest.py                           1           0  0.17s           2026-04-10T11:45:13
================================================================================
[2026-04-10T11:45:45.343+0000] {manager.py:878} INFO - 
================================================================================
DAG File Processing Stats

File Path                    PID    Runtime      # DAGs    # Errors  Last Runtime    Last Run
---------------------------  -----  ---------  --------  ----------  --------------  -------------------
/opt/airflow/dags/ingest.py                           1           0  0.21s           2026-04-10T11:45:44
================================================================================
[2026-04-10T11:46:15.696+0000] {manager.py:878} INFO - 
================================================================================
DAG File Processing Stats

File Path                    PID    Runtime      # DAGs    # Errors  Last Runtime    Last Run
---------------------------  -----  ---------  --------  ----------  --------------  -------------------
/opt/airflow/dags/ingest.py                           1           0  0.14s           2026-04-10T11:46:14
================================================================================
[2026-04-10T11:46:46.123+0000] {manager.py:878} INFO - 
================================================================================
DAG File Processing Stats

File Path                    PID    Runtime      # DAGs    # Errors  Last Runtime    Last Run
---------------------------  -----  ---------  --------  ----------  --------------  -------------------
/opt/airflow/dags/ingest.py                           1           0  0.14s           2026-04-10T11:46:45
================================================================================
[2026-04-10T11:47:11.375+0000] {manager.py:737} INFO - Searching for files in /opt/airflow/dags
[2026-04-10T11:47:11.542+0000] {manager.py:740} INFO - There are 1 files in /opt/airflow/dags
[2026-04-10T11:47:16.735+0000] {manager.py:878} INFO - 
================================================================================
DAG File Processing Stats

File Path                    PID    Runtime      # DAGs    # Errors  Last Runtime    Last Run
---------------------------  -----  ---------  --------  ----------  --------------  -------------------
/opt/airflow/dags/ingest.py                           1           0  0.23s           2026-04-10T11:47:15
================================================================================
[2026-04-10T11:47:47.332+0000] {manager.py:878} INFO - 
================================================================================
DAG File Processing Stats

File Path                    PID    Runtime      # DAGs    # Errors  Last Runtime    Last Run
---------------------------  -----  ---------  --------  ----------  --------------  -------------------
/opt/airflow/dags/ingest.py                           1           0  0.39s           2026-04-10T11:47:46
================================================================================
[2026-04-10T11:48:17.851+0000] {manager.py:878} INFO - 
================================================================================
DAG File Processing Stats

File Path                    PID    Runtime      # DAGs    # Errors  Last Runtime    Last Run
---------------------------  -----  ---------  --------  ----------  --------------  -------------------
/opt/airflow/dags/ingest.py                           1           0  0.16s           2026-04-10T11:48:16
================================================================================
[2026-04-10T11:48:48.241+0000] {manager.py:878} INFO - 
================================================================================
DAG File Processing Stats

File Path                    PID    Runtime      # DAGs    # Errors  Last Runtime    Last Run
---------------------------  -----  ---------  --------  ----------  --------------  -------------------
/opt/airflow/dags/ingest.py                           1           0  0.17s           2026-04-10T11:48:47
================================================================================
[2026-04-10T11:49:18.671+0000] {manager.py:878} INFO - 
================================================================================
DAG File Processing Stats

File Path                    PID    Runtime      # DAGs    # Errors  Last Runtime    Last Run
---------------------------  -----  ---------  --------  ----------  --------------  -------------------
/opt/airflow/dags/ingest.py                           1           0  0.17s           2026-04-10T11:49:17
================================================================================
[2026-04-11T11:15:31.822+0000] {manager.py:470} INFO - Processing files using up to 2 processes at a time 
[2026-04-11T11:15:31.824+0000] {manager.py:471} INFO - Process each file at most once every 30 seconds
[2026-04-11T11:15:31.826+0000] {manager.py:472} INFO - Checking for new files in /opt/airflow/dags every 300 seconds
[2026-04-11T11:15:31.828+0000] {manager.py:737} INFO - Searching for files in /opt/airflow/dags
[2026-04-11T11:15:31.914+0000] {manager.py:740} INFO - There are 1 files in /opt/airflow/dags
[2026-04-11T11:15:32.021+0000] {manager.py:878} INFO - 
================================================================================
DAG File Processing Stats

File Path                      PID  Runtime      # DAGs    # Errors  Last Runtime    Last Run
---------------------------  -----  ---------  --------  ----------  --------------  ----------
/opt/airflow/dags/ingest.py    226  0.04s             0           0
================================================================================
[2026-04-11T11:16:02.321+0000] {manager.py:878} INFO - 
================================================================================
DAG File Processing Stats

File Path                      PID  Runtime      # DAGs    # Errors  Last Runtime    Last Run
---------------------------  -----  ---------  --------  ----------  --------------  -------------------
/opt/airflow/dags/ingest.py    262  0.01s             1           0  0.28s           2026-04-11T11:15:32
================================================================================
[2026-04-11T11:16:32.866+0000] {manager.py:878} INFO - 
================================================================================
DAG File Processing Stats

File Path                      PID  Runtime      # DAGs    # Errors  Last Runtime    Last Run
---------------------------  -----  ---------  --------  ----------  --------------  -------------------
/opt/airflow/dags/ingest.py    267  0.01s             1           0  0.22s           2026-04-11T11:16:02
================================================================================
[2026-04-11T11:17:03.238+0000] {manager.py:878} INFO - 
================================================================================
DAG File Processing Stats

File Path                      PID  Runtime      # DAGs    # Errors  Last Runtime    Last Run
---------------------------  -----  ---------  --------  ----------  --------------  -------------------
/opt/airflow/dags/ingest.py    273  0.00s             1           0  0.16s           2026-04-11T11:16:33
================================================================================
[2026-04-11T11:17:33.789+0000] {manager.py:878} INFO - 
================================================================================
DAG File Processing Stats

File Path                      PID  Runtime      # DAGs    # Errors  Last Runtime    Last Run
---------------------------  -----  ---------  --------  ----------  --------------  -------------------
/opt/airflow/dags/ingest.py    279  0.01s             1           0  0.23s           2026-04-11T11:17:03
================================================================================
[2026-04-11T11:18:04.127+0000] {manager.py:878} INFO - 
================================================================================
DAG File Processing Stats

File Path                      PID  Runtime      # DAGs    # Errors  Last Runtime    Last Run
---------------------------  -----  ---------  --------  ----------  --------------  -------------------
/opt/airflow/dags/ingest.py    284  0.01s             1           0  0.26s           2026-04-11T11:17:34
================================================================================
[2026-04-11T11:18:34.642+0000] {manager.py:878} INFO - 
================================================================================
DAG File Processing Stats

File Path                      PID  Runtime      # DAGs    # Errors  Last Runtime    Last Run
---------------------------  -----  ---------  --------  ----------  --------------  -------------------
/opt/airflow/dags/ingest.py    289  0.00s             1           0  0.23s           2026-04-11T11:18:04
================================================================================
[2026-04-11T11:19:05.142+0000] {manager.py:878} INFO - 
================================================================================
DAG File Processing Stats

File Path                      PID  Runtime      # DAGs    # Errors  Last Runtime    Last Run
---------------------------  -----  ---------  --------  ----------  --------------  -------------------
/opt/airflow/dags/ingest.py    294  0.01s             1           0  0.17s           2026-04-11T11:18:34
================================================================================
[2026-04-11T11:19:35.759+0000] {manager.py:878} INFO - 
================================================================================
DAG File Processing Stats

File Path                    PID    Runtime      # DAGs    # Errors  Last Runtime    Last Run
---------------------------  -----  ---------  --------  ----------  --------------  -------------------
/opt/airflow/dags/ingest.py                           1           0  0.38s           2026-04-11T11:19:26
================================================================================
[2026-04-11T11:20:06.188+0000] {manager.py:878} INFO - 
================================================================================
DAG File Processing Stats

File Path                    PID    Runtime      # DAGs    # Errors  Last Runtime    Last Run
---------------------------  -----  ---------  --------  ----------  --------------  -------------------
/opt/airflow/dags/ingest.py                           1           0  0.18s           2026-04-11T11:19:57
================================================================================
[2026-04-11T11:20:32.541+0000] {manager.py:737} INFO - Searching for files in /opt/airflow/dags
[2026-04-11T11:20:32.643+0000] {manager.py:740} INFO - There are 2 files in /opt/airflow/dags
[2026-04-11T11:20:36.857+0000] {manager.py:878} INFO - 
================================================================================
DAG File Processing Stats

File Path                             PID    Runtime      # DAGs    # Errors  Last Runtime    Last Run
------------------------------------  -----  ---------  --------  ----------  --------------  -------------------
/opt/airflow/dags/ingest.py                                    1           0  0.25s           2026-04-11T11:20:27
/opt/airflow/dags/chaos_generator.py                           0           0  0.16s           2026-04-11T11:20:32
================================================================================
[2026-04-11T11:21:07.553+0000] {manager.py:878} INFO - 
================================================================================
DAG File Processing Stats

File Path                             PID    Runtime      # DAGs    # Errors  Last Runtime    Last Run
------------------------------------  -----  ---------  --------  ----------  --------------  -------------------
/opt/airflow/dags/ingest.py                                    1           0  0.20s           2026-04-11T11:20:58
/opt/airflow/dags/chaos_generator.py                           0           0  0.16s           2026-04-11T11:21:03
================================================================================
[2026-04-11T11:21:38.113+0000] {manager.py:878} INFO - 
================================================================================
DAG File Processing Stats

File Path                             PID    Runtime      # DAGs    # Errors  Last Runtime    Last Run
------------------------------------  -----  ---------  --------  ----------  --------------  -------------------
/opt/airflow/dags/ingest.py                                    1           0  0.20s           2026-04-11T11:21:29
/opt/airflow/dags/chaos_generator.py                           0           0  0.09s           2026-04-11T11:21:34
================================================================================
[2026-04-11T11:22:08.724+0000] {manager.py:878} INFO - 
================================================================================
DAG File Processing Stats

File Path                             PID    Runtime      # DAGs    # Errors  Last Runtime    Last Run
------------------------------------  -----  ---------  --------  ----------  --------------  -------------------
/opt/airflow/dags/ingest.py                                    1           0  0.26s           2026-04-11T11:21:59
/opt/airflow/dags/chaos_generator.py                           0           0  0.10s           2026-04-11T11:22:04
================================================================================
[2026-04-11T11:22:39.320+0000] {manager.py:878} INFO - 
================================================================================
DAG File Processing Stats

File Path                             PID    Runtime      # DAGs    # Errors  Last Runtime    Last Run
------------------------------------  -----  ---------  --------  ----------  --------------  -------------------
/opt/airflow/dags/ingest.py                                    1           0  0.29s           2026-04-11T11:22:30
/opt/airflow/dags/chaos_generator.py                           0           0  0.15s           2026-04-11T11:22:35
================================================================================
[2026-04-11T11:23:09.978+0000] {manager.py:878} INFO - 
================================================================================
DAG File Processing Stats

File Path                             PID    Runtime      # DAGs    # Errors  Last Runtime    Last Run
------------------------------------  -----  ---------  --------  ----------  --------------  -------------------
/opt/airflow/dags/ingest.py                                    1           0  0.18s           2026-04-11T11:23:00
/opt/airflow/dags/chaos_generator.py                           0           0  0.14s           2026-04-11T11:23:06
================================================================================
[2026-04-11T11:23:40.523+0000] {manager.py:878} INFO - 
================================================================================
DAG File Processing Stats

File Path                             PID    Runtime      # DAGs    # Errors  Last Runtime    Last Run
------------------------------------  -----  ---------  --------  ----------  --------------  -------------------
/opt/airflow/dags/ingest.py                                    1           0  0.28s           2026-04-11T11:23:31
/opt/airflow/dags/chaos_generator.py                           0           0  0.09s           2026-04-11T11:23:36
================================================================================
[2026-04-11T11:24:13.345+0000] {manager.py:470} INFO - Processing files using up to 2 processes at a time 
[2026-04-11T11:24:13.347+0000] {manager.py:471} INFO - Process each file at most once every 30 seconds
[2026-04-11T11:24:13.349+0000] {manager.py:472} INFO - Checking for new files in /opt/airflow/dags every 300 seconds
[2026-04-11T11:24:13.350+0000] {manager.py:737} INFO - Searching for files in /opt/airflow/dags
[2026-04-11T11:24:13.413+0000] {manager.py:740} INFO - There are 2 files in /opt/airflow/dags
[2026-04-11T11:24:13.555+0000] {manager.py:878} INFO - 
================================================================================
DAG File Processing Stats

File Path                               PID  Runtime      # DAGs    # Errors  Last Runtime    Last Run
------------------------------------  -----  ---------  --------  ----------  --------------  ----------
/opt/airflow/dags/chaos_generator.py    229  0.04s             0           0
/opt/airflow/dags/ingest.py             226  0.06s             0           0
================================================================================
[2026-04-11T11:24:44.219+0000] {manager.py:878} INFO - 
================================================================================
DAG File Processing Stats

File Path                               PID  Runtime      # DAGs    # Errors  Last Runtime    Last Run
------------------------------------  -----  ---------  --------  ----------  --------------  -------------------
/opt/airflow/dags/ingest.py             267  0.12s             1           0  0.32s           2026-04-11T11:24:13
/opt/airflow/dags/chaos_generator.py    270  0.00s             0           0  0.09s           2026-04-11T11:24:13
================================================================================
[2026-04-11T11:25:14.877+0000] {manager.py:878} INFO - 
================================================================================
DAG File Processing Stats

File Path                               PID  Runtime      # DAGs    # Errors  Last Runtime    Last Run
------------------------------------  -----  ---------  --------  ----------  --------------  -------------------
/opt/airflow/dags/ingest.py             277  0.07s             1           0  0.31s           2026-04-11T11:24:44
/opt/airflow/dags/chaos_generator.py    280  0.01s             0           0  0.12s           2026-04-11T11:24:44
================================================================================
[2026-04-11T11:25:45.554+0000] {manager.py:878} INFO - 
================================================================================
DAG File Processing Stats

File Path                               PID  Runtime      # DAGs    # Errors  Last Runtime    Last Run
------------------------------------  -----  ---------  --------  ----------  --------------  -------------------
/opt/airflow/dags/ingest.py             288  0.04s             1           0  0.28s           2026-04-11T11:25:15
/opt/airflow/dags/chaos_generator.py    291  0.01s             0           0  0.15s           2026-04-11T11:25:15
================================================================================
[2026-04-11T11:26:16.166+0000] {manager.py:878} INFO - 
================================================================================
DAG File Processing Stats

File Path                               PID  Runtime      # DAGs    # Errors  Last Runtime    Last Run
------------------------------------  -----  ---------  --------  ----------  --------------  -------------------
/opt/airflow/dags/ingest.py             302  0.02s             1           0  0.21s           2026-04-11T11:25:45
/opt/airflow/dags/chaos_generator.py    305  0.00s             0           0  0.11s           2026-04-11T11:25:45
================================================================================
[2026-04-11T11:26:46.710+0000] {manager.py:878} INFO - 
================================================================================
DAG File Processing Stats

File Path                               PID  Runtime      # DAGs    # Errors  Last Runtime    Last Run
------------------------------------  -----  ---------  --------  ----------  --------------  -------------------
/opt/airflow/dags/ingest.py             312  0.04s             1           0  0.15s           2026-04-11T11:26:16
/opt/airflow/dags/chaos_generator.py    315  0.01s             0           0  0.07s           2026-04-11T11:26:16
================================================================================
[2026-04-11T11:27:17.312+0000] {manager.py:878} INFO - 
================================================================================
DAG File Processing Stats

File Path                               PID  Runtime      # DAGs    # Errors  Last Runtime    Last Run
------------------------------------  -----  ---------  --------  ----------  --------------  -------------------
/opt/airflow/dags/ingest.py             322  0.03s             1           0  0.20s           2026-04-11T11:26:46
/opt/airflow/dags/chaos_generator.py    325  0.00s             0           0  0.07s           2026-04-11T11:26:46
================================================================================
[2026-04-11T11:27:47.858+0000] {manager.py:878} INFO - 
================================================================================
DAG File Processing Stats

File Path                               PID  Runtime      # DAGs    # Errors  Last Runtime    Last Run
------------------------------------  -----  ---------  --------  ----------  --------------  -------------------
/opt/airflow/dags/ingest.py             332  0.02s             1           0  0.17s           2026-04-11T11:27:17
/opt/airflow/dags/chaos_generator.py    335  0.00s             0           0  0.08s           2026-04-11T11:27:17
================================================================================
[2026-04-11T11:28:18.452+0000] {manager.py:878} INFO - 
================================================================================
DAG File Processing Stats

File Path                               PID  Runtime      # DAGs    # Errors  Last Runtime    Last Run
------------------------------------  -----  ---------  --------  ----------  --------------  -------------------
/opt/airflow/dags/ingest.py             360  0.03s             1           0  0.13s           2026-04-11T11:27:47
/opt/airflow/dags/chaos_generator.py    363  0.00s             0           0  0.06s           2026-04-11T11:27:47
================================================================================
[2026-04-11T11:28:49.112+0000] {manager.py:878} INFO - 
================================================================================
DAG File Processing Stats

File Path                               PID  Runtime      # DAGs    # Errors  Last Runtime    Last Run
------------------------------------  -----  ---------  --------  ----------  --------------  -------------------
/opt/airflow/dags/ingest.py             370  0.04s             1           0  0.17s           2026-04-11T11:28:18
/opt/airflow/dags/chaos_generator.py    373  0.01s             0           0  0.09s           2026-04-11T11:28:18
================================================================================
[2026-04-11T11:29:13.593+0000] {manager.py:737} INFO - Searching for files in /opt/airflow/dags
[2026-04-11T11:29:13.729+0000] {manager.py:740} INFO - There are 2 files in /opt/airflow/dags
[2026-04-11T11:29:19.915+0000] {manager.py:878} INFO - 
================================================================================
DAG File Processing Stats

File Path                               PID  Runtime      # DAGs    # Errors  Last Runtime    Last Run
------------------------------------  -----  ---------  --------  ----------  --------------  -------------------
/opt/airflow/dags/ingest.py             380  0.03s             1           0  0.20s           2026-04-11T11:28:49
/opt/airflow/dags/chaos_generator.py    383  0.01s             0           0  0.08s           2026-04-11T11:28:49
================================================================================
[2026-04-11T11:29:50.540+0000] {manager.py:878} INFO - 
================================================================================
DAG File Processing Stats

File Path                               PID  Runtime      # DAGs    # Errors  Last Runtime    Last Run
------------------------------------  -----  ---------  --------  ----------  --------------  -------------------
/opt/airflow/dags/ingest.py             390  0.03s             1           0  0.17s           2026-04-11T11:29:20
/opt/airflow/dags/chaos_generator.py    393  0.00s             0           0  0.07s           2026-04-11T11:29:19
================================================================================
[2026-04-11T11:30:21.186+0000] {manager.py:878} INFO - 
================================================================================
DAG File Processing Stats

File Path                               PID  Runtime      # DAGs    # Errors  Last Runtime    Last Run
------------------------------------  -----  ---------  --------  ----------  --------------  -------------------
/opt/airflow/dags/ingest.py             400  0.03s             1           0  0.18s           2026-04-11T11:29:50
/opt/airflow/dags/chaos_generator.py    403  0.00s             0           0  0.09s           2026-04-11T11:29:50
================================================================================
[2026-04-11T11:30:51.745+0000] {manager.py:878} INFO - 
================================================================================
DAG File Processing Stats

File Path                               PID  Runtime      # DAGs    # Errors  Last Runtime    Last Run
------------------------------------  -----  ---------  --------  ----------  --------------  -------------------
/opt/airflow/dags/ingest.py             416  0.03s             1           0  0.19s           2026-04-11T11:30:21
/opt/airflow/dags/chaos_generator.py    419  0.00s             0           0  0.06s           2026-04-11T11:30:21
================================================================================
[2026-04-11T11:31:22.358+0000] {manager.py:878} INFO - 
================================================================================
DAG File Processing Stats

File Path                               PID  Runtime      # DAGs    # Errors  Last Runtime    Last Run
------------------------------------  -----  ---------  --------  ----------  --------------  -------------------
/opt/airflow/dags/ingest.py             432  0.04s             1           0  0.16s           2026-04-11T11:30:51
/opt/airflow/dags/chaos_generator.py    435  0.01s             0           0  0.07s           2026-04-11T11:30:51
================================================================================
[2026-04-11T11:31:52.860+0000] {manager.py:878} INFO - 
================================================================================
DAG File Processing Stats

File Path                               PID  Runtime      # DAGs    # Errors  Last Runtime    Last Run
------------------------------------  -----  ---------  --------  ----------  --------------  -------------------
/opt/airflow/dags/ingest.py             442  0.02s             1           0  0.20s           2026-04-11T11:31:22
/opt/airflow/dags/chaos_generator.py    445  0.00s             0           0  0.07s           2026-04-11T11:31:22
================================================================================
[2026-04-11T11:32:23.469+0000] {manager.py:878} INFO - 
================================================================================
DAG File Processing Stats

File Path                               PID  Runtime      # DAGs    # Errors  Last Runtime    Last Run
------------------------------------  -----  ---------  --------  ----------  --------------  -------------------
/opt/airflow/dags/ingest.py             458  0.02s             1           0  0.21s           2026-04-11T11:31:53
/opt/airflow/dags/chaos_generator.py    461  0.00s             0           0  0.11s           2026-04-11T11:31:52
================================================================================
[2026-04-11T11:32:54.388+0000] {manager.py:878} INFO - 
================================================================================
DAG File Processing Stats

File Path                               PID  Runtime      # DAGs    # Errors  Last Runtime    Last Run
------------------------------------  -----  ---------  --------  ----------  --------------  -------------------
/opt/airflow/dags/ingest.py             478  0.03s             0           1  0.20s           2026-04-11T11:32:52
/opt/airflow/dags/chaos_generator.py    481  0.01s             0           0  0.08s           2026-04-11T11:32:23
================================================================================
[2026-04-11T11:33:25.148+0000] {manager.py:878} INFO - 
================================================================================
DAG File Processing Stats

File Path                               PID  Runtime      # DAGs    # Errors  Last Runtime    Last Run
------------------------------------  -----  ---------  --------  ----------  --------------  -------------------
/opt/airflow/dags/ingest.py                                    1           0  0.26s           2026-04-11T11:33:00
/opt/airflow/dags/chaos_generator.py    498  0.01s             0           0  0.07s           2026-04-11T11:32:54
================================================================================
[2026-04-11T11:34:13.528+0000] {manager.py:470} INFO - Processing files using up to 2 processes at a time 
[2026-04-11T11:34:13.531+0000] {manager.py:471} INFO - Process each file at most once every 30 seconds
[2026-04-11T11:34:13.534+0000] {manager.py:472} INFO - Checking for new files in /opt/airflow/dags every 300 seconds
[2026-04-11T11:34:13.536+0000] {manager.py:737} INFO - Searching for files in /opt/airflow/dags
[2026-04-11T11:34:13.602+0000] {manager.py:740} INFO - There are 2 files in /opt/airflow/dags
[2026-04-11T11:34:13.729+0000] {manager.py:878} INFO - 
================================================================================
DAG File Processing Stats

File Path                               PID  Runtime      # DAGs    # Errors  Last Runtime    Last Run
------------------------------------  -----  ---------  --------  ----------  --------------  ----------
/opt/airflow/dags/chaos_generator.py    229  0.04s             0           0
/opt/airflow/dags/ingest.py             226  0.05s             0           0
================================================================================
[2026-04-11T11:34:44.323+0000] {manager.py:878} INFO - 
================================================================================
DAG File Processing Stats

File Path                               PID  Runtime      # DAGs    # Errors  Last Runtime    Last Run
------------------------------------  -----  ---------  --------  ----------  --------------  -------------------
/opt/airflow/dags/ingest.py                                    1           0  0.22s           2026-04-11T11:34:15
/opt/airflow/dags/chaos_generator.py    272  0.01s             0           0  0.08s           2026-04-11T11:34:13
================================================================================
[2026-04-11T11:35:14.924+0000] {manager.py:878} INFO - 
================================================================================
DAG File Processing Stats

File Path                               PID  Runtime      # DAGs    # Errors  Last Runtime    Last Run
------------------------------------  -----  ---------  --------  ----------  --------------  -------------------
/opt/airflow/dags/ingest.py                                    1           0  0.23s           2026-04-11T11:34:45
/opt/airflow/dags/chaos_generator.py    282  0.01s             0           0  0.14s           2026-04-11T11:34:44
================================================================================
[2026-04-11T11:35:45.516+0000] {manager.py:878} INFO - 
================================================================================
DAG File Processing Stats

File Path                               PID  Runtime      # DAGs    # Errors  Last Runtime    Last Run
------------------------------------  -----  ---------  --------  ----------  --------------  -------------------
/opt/airflow/dags/ingest.py                                    1           0  0.20s           2026-04-11T11:35:16
/opt/airflow/dags/chaos_generator.py    301  0.00s             0           0  0.13s           2026-04-11T11:35:15
================================================================================
[2026-04-11T11:36:16.089+0000] {manager.py:878} INFO - 
================================================================================
DAG File Processing Stats

File Path                               PID  Runtime      # DAGs    # Errors  Last Runtime    Last Run
------------------------------------  -----  ---------  --------  ----------  --------------  -------------------
/opt/airflow/dags/ingest.py                                    1           0  0.22s           2026-04-11T11:35:46
/opt/airflow/dags/chaos_generator.py    311  0.00s             0           0  0.11s           2026-04-11T11:35:45
================================================================================
[2026-04-11T11:36:46.577+0000] {manager.py:878} INFO - 
================================================================================
DAG File Processing Stats

File Path                               PID  Runtime      # DAGs    # Errors  Last Runtime    Last Run
------------------------------------  -----  ---------  --------  ----------  --------------  -------------------
/opt/airflow/dags/ingest.py                                    1           0  0.18s           2026-04-11T11:36:17
/opt/airflow/dags/chaos_generator.py    321  0.01s             0           0  0.08s           2026-04-11T11:36:16
================================================================================
[2026-04-11T11:37:17.193+0000] {manager.py:878} INFO - 
================================================================================
DAG File Processing Stats

File Path                               PID  Runtime      # DAGs    # Errors  Last Runtime    Last Run
------------------------------------  -----  ---------  --------  ----------  --------------  -------------------
/opt/airflow/dags/ingest.py                                    1           0  0.20s           2026-04-11T11:36:47
/opt/airflow/dags/chaos_generator.py    331  0.00s             0           0  0.11s           2026-04-11T11:36:46
================================================================================
[2026-04-11T11:37:47.777+0000] {manager.py:878} INFO - 
================================================================================
DAG File Processing Stats

File Path                               PID  Runtime      # DAGs    # Errors  Last Runtime    Last Run
------------------------------------  -----  ---------  --------  ----------  --------------  -------------------
/opt/airflow/dags/ingest.py                                    1           0  0.22s           2026-04-11T11:37:18
/opt/airflow/dags/chaos_generator.py    341  0.01s             0           0  0.08s           2026-04-11T11:37:17
================================================================================
[2026-04-11T11:38:18.422+0000] {manager.py:878} INFO - 
================================================================================
DAG File Processing Stats

File Path                               PID  Runtime      # DAGs    # Errors  Last Runtime    Last Run
------------------------------------  -----  ---------  --------  ----------  --------------  -------------------
/opt/airflow/dags/ingest.py                                    1           0  0.21s           2026-04-11T11:37:49
/opt/airflow/dags/chaos_generator.py    351  0.01s             0           0  0.14s           2026-04-11T11:37:47
================================================================================
[2026-04-11T11:38:49.096+0000] {manager.py:878} INFO - 
================================================================================
DAG File Processing Stats

File Path                               PID  Runtime      # DAGs    # Errors  Last Runtime    Last Run
------------------------------------  -----  ---------  --------  ----------  --------------  -------------------
/opt/airflow/dags/ingest.py                                    1           0  0.27s           2026-04-11T11:38:19
/opt/airflow/dags/chaos_generator.py    361  0.00s             0           0  0.14s           2026-04-11T11:38:18
================================================================================
[2026-04-11T11:39:13.541+0000] {manager.py:737} INFO - Searching for files in /opt/airflow/dags
[2026-04-11T11:39:13.602+0000] {manager.py:740} INFO - There are 2 files in /opt/airflow/dags
[2026-04-11T11:39:19.722+0000] {manager.py:878} INFO - 
================================================================================
DAG File Processing Stats

File Path                               PID  Runtime      # DAGs    # Errors  Last Runtime    Last Run
------------------------------------  -----  ---------  --------  ----------  --------------  -------------------
/opt/airflow/dags/ingest.py                                    1           0  0.23s           2026-04-11T11:38:50
/opt/airflow/dags/chaos_generator.py    371  0.01s             0           0  0.12s           2026-04-11T11:38:49
================================================================================
[2026-04-11T11:39:50.309+0000] {manager.py:878} INFO - 
================================================================================
DAG File Processing Stats

File Path                               PID  Runtime      # DAGs    # Errors  Last Runtime    Last Run
------------------------------------  -----  ---------  --------  ----------  --------------  -------------------
/opt/airflow/dags/ingest.py                                    1           0  0.20s           2026-04-11T11:39:20
/opt/airflow/dags/chaos_generator.py    381  0.00s             0           0  0.09s           2026-04-11T11:39:19
================================================================================
[2026-04-11T11:40:20.885+0000] {manager.py:878} INFO - 
================================================================================
DAG File Processing Stats

File Path                               PID  Runtime      # DAGs    # Errors  Last Runtime    Last Run
------------------------------------  -----  ---------  --------  ----------  --------------  -------------------
/opt/airflow/dags/ingest.py                                    1           0  0.21s           2026-04-11T11:39:51
/opt/airflow/dags/chaos_generator.py    391  0.01s             0           0  0.11s           2026-04-11T11:39:50
================================================================================
[2026-04-11T11:40:51.471+0000] {manager.py:878} INFO - 
================================================================================
DAG File Processing Stats

File Path                               PID  Runtime      # DAGs    # Errors  Last Runtime    Last Run
------------------------------------  -----  ---------  --------  ----------  --------------  -------------------
/opt/airflow/dags/ingest.py                                    1           0  0.24s           2026-04-11T11:40:22
/opt/airflow/dags/chaos_generator.py    401  0.01s             0           0  0.11s           2026-04-11T11:40:20
================================================================================
[2026-04-11T11:41:22.147+0000] {manager.py:878} INFO - 
================================================================================
DAG File Processing Stats

File Path                               PID  Runtime      # DAGs    # Errors  Last Runtime    Last Run
------------------------------------  -----  ---------  --------  ----------  --------------  -------------------
/opt/airflow/dags/ingest.py                                    1           0  0.23s           2026-04-11T11:40:52
/opt/airflow/dags/chaos_generator.py    411  0.01s             0           0  0.16s           2026-04-11T11:40:51
================================================================================
[2026-04-11T11:41:52.850+0000] {manager.py:878} INFO - 
================================================================================
DAG File Processing Stats

File Path                               PID  Runtime      # DAGs    # Errors  Last Runtime    Last Run
------------------------------------  -----  ---------  --------  ----------  --------------  -------------------
/opt/airflow/dags/ingest.py                                    1           0  0.20s           2026-04-11T11:41:23
/opt/airflow/dags/chaos_generator.py    421  0.01s             0           0  0.17s           2026-04-11T11:41:22
================================================================================
