[2026-04-11T11:20:32.750+0000] {processor.py:161} INFO - Started process (PID=322) to work on /opt/airflow/dags/chaos_generator.py
[2026-04-11T11:20:32.752+0000] {processor.py:830} INFO - Processing file /opt/airflow/dags/chaos_generator.py for tasks to queue
[2026-04-11T11:20:32.754+0000] {logging_mixin.py:188} INFO - [2026-04-11T11:20:32.754+0000] {dagbag.py:545} INFO - Filling up the DagBag from /opt/airflow/dags/chaos_generator.py
[2026-04-11T11:20:32.805+0000] {processor.py:842} WARNING - No viable dags retrieved from /opt/airflow/dags/chaos_generator.py
[2026-04-11T11:20:32.826+0000] {processor.py:183} INFO - Processing /opt/airflow/dags/chaos_generator.py took 0.082 seconds
[2026-04-11T11:21:03.403+0000] {processor.py:161} INFO - Started process (PID=332) to work on /opt/airflow/dags/chaos_generator.py
[2026-04-11T11:21:03.405+0000] {processor.py:830} INFO - Processing file /opt/airflow/dags/chaos_generator.py for tasks to queue
[2026-04-11T11:21:03.409+0000] {logging_mixin.py:188} INFO - [2026-04-11T11:21:03.409+0000] {dagbag.py:545} INFO - Filling up the DagBag from /opt/airflow/dags/chaos_generator.py
[2026-04-11T11:21:03.458+0000] {processor.py:842} WARNING - No viable dags retrieved from /opt/airflow/dags/chaos_generator.py
[2026-04-11T11:21:03.489+0000] {processor.py:183} INFO - Processing /opt/airflow/dags/chaos_generator.py took 0.097 seconds
[2026-04-11T11:21:34.051+0000] {processor.py:161} INFO - Started process (PID=342) to work on /opt/airflow/dags/chaos_generator.py
[2026-04-11T11:21:34.053+0000] {processor.py:830} INFO - Processing file /opt/airflow/dags/chaos_generator.py for tasks to queue
[2026-04-11T11:21:34.056+0000] {logging_mixin.py:188} INFO - [2026-04-11T11:21:34.055+0000] {dagbag.py:545} INFO - Filling up the DagBag from /opt/airflow/dags/chaos_generator.py
[2026-04-11T11:21:34.080+0000] {processor.py:842} WARNING - No viable dags retrieved from /opt/airflow/dags/chaos_generator.py
[2026-04-11T11:21:34.098+0000] {processor.py:183} INFO - Processing /opt/airflow/dags/chaos_generator.py took 0.055 seconds
[2026-04-11T11:22:04.706+0000] {processor.py:161} INFO - Started process (PID=352) to work on /opt/airflow/dags/chaos_generator.py
[2026-04-11T11:22:04.708+0000] {processor.py:830} INFO - Processing file /opt/airflow/dags/chaos_generator.py for tasks to queue
[2026-04-11T11:22:04.712+0000] {logging_mixin.py:188} INFO - [2026-04-11T11:22:04.712+0000] {dagbag.py:545} INFO - Filling up the DagBag from /opt/airflow/dags/chaos_generator.py
[2026-04-11T11:22:04.740+0000] {processor.py:842} WARNING - No viable dags retrieved from /opt/airflow/dags/chaos_generator.py
[2026-04-11T11:22:04.762+0000] {processor.py:183} INFO - Processing /opt/airflow/dags/chaos_generator.py took 0.067 seconds
[2026-04-11T11:22:35.297+0000] {processor.py:161} INFO - Started process (PID=362) to work on /opt/airflow/dags/chaos_generator.py
[2026-04-11T11:22:35.299+0000] {processor.py:830} INFO - Processing file /opt/airflow/dags/chaos_generator.py for tasks to queue
[2026-04-11T11:22:35.304+0000] {logging_mixin.py:188} INFO - [2026-04-11T11:22:35.303+0000] {dagbag.py:545} INFO - Filling up the DagBag from /opt/airflow/dags/chaos_generator.py
[2026-04-11T11:22:35.346+0000] {processor.py:842} WARNING - No viable dags retrieved from /opt/airflow/dags/chaos_generator.py
[2026-04-11T11:22:35.384+0000] {processor.py:183} INFO - Processing /opt/airflow/dags/chaos_generator.py took 0.096 seconds
[2026-04-11T11:23:05.946+0000] {processor.py:161} INFO - Started process (PID=372) to work on /opt/airflow/dags/chaos_generator.py
[2026-04-11T11:23:05.947+0000] {processor.py:830} INFO - Processing file /opt/airflow/dags/chaos_generator.py for tasks to queue
[2026-04-11T11:23:05.950+0000] {logging_mixin.py:188} INFO - [2026-04-11T11:23:05.950+0000] {dagbag.py:545} INFO - Filling up the DagBag from /opt/airflow/dags/chaos_generator.py
[2026-04-11T11:23:05.982+0000] {processor.py:842} WARNING - No viable dags retrieved from /opt/airflow/dags/chaos_generator.py
[2026-04-11T11:23:06.012+0000] {processor.py:183} INFO - Processing /opt/airflow/dags/chaos_generator.py took 0.078 seconds
[2026-04-11T11:23:36.475+0000] {processor.py:161} INFO - Started process (PID=382) to work on /opt/airflow/dags/chaos_generator.py
[2026-04-11T11:23:36.477+0000] {processor.py:830} INFO - Processing file /opt/airflow/dags/chaos_generator.py for tasks to queue
[2026-04-11T11:23:36.480+0000] {logging_mixin.py:188} INFO - [2026-04-11T11:23:36.479+0000] {dagbag.py:545} INFO - Filling up the DagBag from /opt/airflow/dags/chaos_generator.py
[2026-04-11T11:23:36.503+0000] {processor.py:842} WARNING - No viable dags retrieved from /opt/airflow/dags/chaos_generator.py
[2026-04-11T11:23:36.525+0000] {processor.py:183} INFO - Processing /opt/airflow/dags/chaos_generator.py took 0.057 seconds
[2026-04-11T11:24:13.545+0000] {processor.py:161} INFO - Started process (PID=229) to work on /opt/airflow/dags/chaos_generator.py
[2026-04-11T11:24:13.546+0000] {processor.py:830} INFO - Processing file /opt/airflow/dags/chaos_generator.py for tasks to queue
[2026-04-11T11:24:13.549+0000] {logging_mixin.py:188} INFO - [2026-04-11T11:24:13.548+0000] {dagbag.py:545} INFO - Filling up the DagBag from /opt/airflow/dags/chaos_generator.py
[2026-04-11T11:24:13.575+0000] {processor.py:842} WARNING - No viable dags retrieved from /opt/airflow/dags/chaos_generator.py
[2026-04-11T11:24:13.596+0000] {processor.py:183} INFO - Processing /opt/airflow/dags/chaos_generator.py took 0.057 seconds
[2026-04-11T11:24:44.261+0000] {processor.py:161} INFO - Started process (PID=270) to work on /opt/airflow/dags/chaos_generator.py
[2026-04-11T11:24:44.263+0000] {processor.py:830} INFO - Processing file /opt/airflow/dags/chaos_generator.py for tasks to queue
[2026-04-11T11:24:44.265+0000] {logging_mixin.py:188} INFO - [2026-04-11T11:24:44.265+0000] {dagbag.py:545} INFO - Filling up the DagBag from /opt/airflow/dags/chaos_generator.py
[2026-04-11T11:24:44.295+0000] {processor.py:842} WARNING - No viable dags retrieved from /opt/airflow/dags/chaos_generator.py
[2026-04-11T11:24:44.323+0000] {processor.py:183} INFO - Processing /opt/airflow/dags/chaos_generator.py took 0.069 seconds
[2026-04-11T11:25:14.942+0000] {processor.py:161} INFO - Started process (PID=280) to work on /opt/airflow/dags/chaos_generator.py
[2026-04-11T11:25:14.944+0000] {processor.py:830} INFO - Processing file /opt/airflow/dags/chaos_generator.py for tasks to queue
[2026-04-11T11:25:14.948+0000] {logging_mixin.py:188} INFO - [2026-04-11T11:25:14.947+0000] {dagbag.py:545} INFO - Filling up the DagBag from /opt/airflow/dags/chaos_generator.py
[2026-04-11T11:25:14.989+0000] {processor.py:842} WARNING - No viable dags retrieved from /opt/airflow/dags/chaos_generator.py
[2026-04-11T11:25:15.010+0000] {processor.py:183} INFO - Processing /opt/airflow/dags/chaos_generator.py took 0.079 seconds
[2026-04-11T11:25:45.593+0000] {processor.py:161} INFO - Started process (PID=291) to work on /opt/airflow/dags/chaos_generator.py
[2026-04-11T11:25:45.594+0000] {processor.py:830} INFO - Processing file /opt/airflow/dags/chaos_generator.py for tasks to queue
[2026-04-11T11:25:45.597+0000] {logging_mixin.py:188} INFO - [2026-04-11T11:25:45.597+0000] {dagbag.py:545} INFO - Filling up the DagBag from /opt/airflow/dags/chaos_generator.py
[2026-04-11T11:25:45.626+0000] {processor.py:842} WARNING - No viable dags retrieved from /opt/airflow/dags/chaos_generator.py
[2026-04-11T11:25:45.646+0000] {processor.py:183} INFO - Processing /opt/airflow/dags/chaos_generator.py took 0.063 seconds
[2026-04-11T11:26:16.187+0000] {processor.py:161} INFO - Started process (PID=305) to work on /opt/airflow/dags/chaos_generator.py
[2026-04-11T11:26:16.188+0000] {processor.py:830} INFO - Processing file /opt/airflow/dags/chaos_generator.py for tasks to queue
[2026-04-11T11:26:16.191+0000] {logging_mixin.py:188} INFO - [2026-04-11T11:26:16.190+0000] {dagbag.py:545} INFO - Filling up the DagBag from /opt/airflow/dags/chaos_generator.py
[2026-04-11T11:26:16.206+0000] {processor.py:842} WARNING - No viable dags retrieved from /opt/airflow/dags/chaos_generator.py
[2026-04-11T11:26:16.226+0000] {processor.py:183} INFO - Processing /opt/airflow/dags/chaos_generator.py took 0.045 seconds
[2026-04-11T11:26:46.731+0000] {processor.py:161} INFO - Started process (PID=315) to work on /opt/airflow/dags/chaos_generator.py
[2026-04-11T11:26:46.732+0000] {processor.py:830} INFO - Processing file /opt/airflow/dags/chaos_generator.py for tasks to queue
[2026-04-11T11:26:46.734+0000] {logging_mixin.py:188} INFO - [2026-04-11T11:26:46.734+0000] {dagbag.py:545} INFO - Filling up the DagBag from /opt/airflow/dags/chaos_generator.py
[2026-04-11T11:26:46.746+0000] {processor.py:842} WARNING - No viable dags retrieved from /opt/airflow/dags/chaos_generator.py
[2026-04-11T11:26:46.763+0000] {processor.py:183} INFO - Processing /opt/airflow/dags/chaos_generator.py took 0.039 seconds
[2026-04-11T11:27:17.335+0000] {processor.py:161} INFO - Started process (PID=325) to work on /opt/airflow/dags/chaos_generator.py
[2026-04-11T11:27:17.336+0000] {processor.py:830} INFO - Processing file /opt/airflow/dags/chaos_generator.py for tasks to queue
[2026-04-11T11:27:17.338+0000] {logging_mixin.py:188} INFO - [2026-04-11T11:27:17.338+0000] {dagbag.py:545} INFO - Filling up the DagBag from /opt/airflow/dags/chaos_generator.py
[2026-04-11T11:27:17.359+0000] {processor.py:842} WARNING - No viable dags retrieved from /opt/airflow/dags/chaos_generator.py
[2026-04-11T11:27:17.378+0000] {processor.py:183} INFO - Processing /opt/airflow/dags/chaos_generator.py took 0.049 seconds
[2026-04-11T11:27:47.872+0000] {processor.py:161} INFO - Started process (PID=335) to work on /opt/airflow/dags/chaos_generator.py
[2026-04-11T11:27:47.873+0000] {processor.py:830} INFO - Processing file /opt/airflow/dags/chaos_generator.py for tasks to queue
[2026-04-11T11:27:47.875+0000] {logging_mixin.py:188} INFO - [2026-04-11T11:27:47.875+0000] {dagbag.py:545} INFO - Filling up the DagBag from /opt/airflow/dags/chaos_generator.py
[2026-04-11T11:27:47.888+0000] {processor.py:842} WARNING - No viable dags retrieved from /opt/airflow/dags/chaos_generator.py
[2026-04-11T11:27:47.906+0000] {processor.py:183} INFO - Processing /opt/airflow/dags/chaos_generator.py took 0.039 seconds
[2026-04-11T11:28:18.483+0000] {processor.py:161} INFO - Started process (PID=363) to work on /opt/airflow/dags/chaos_generator.py
[2026-04-11T11:28:18.485+0000] {processor.py:830} INFO - Processing file /opt/airflow/dags/chaos_generator.py for tasks to queue
[2026-04-11T11:28:18.487+0000] {logging_mixin.py:188} INFO - [2026-04-11T11:28:18.487+0000] {dagbag.py:545} INFO - Filling up the DagBag from /opt/airflow/dags/chaos_generator.py
[2026-04-11T11:28:18.509+0000] {processor.py:842} WARNING - No viable dags retrieved from /opt/airflow/dags/chaos_generator.py
[2026-04-11T11:28:18.527+0000] {processor.py:183} INFO - Processing /opt/airflow/dags/chaos_generator.py took 0.050 seconds
[2026-04-11T11:28:49.140+0000] {processor.py:161} INFO - Started process (PID=373) to work on /opt/airflow/dags/chaos_generator.py
[2026-04-11T11:28:49.141+0000] {processor.py:830} INFO - Processing file /opt/airflow/dags/chaos_generator.py for tasks to queue
[2026-04-11T11:28:49.143+0000] {logging_mixin.py:188} INFO - [2026-04-11T11:28:49.143+0000] {dagbag.py:545} INFO - Filling up the DagBag from /opt/airflow/dags/chaos_generator.py
[2026-04-11T11:28:49.160+0000] {processor.py:842} WARNING - No viable dags retrieved from /opt/airflow/dags/chaos_generator.py
[2026-04-11T11:28:49.179+0000] {processor.py:183} INFO - Processing /opt/airflow/dags/chaos_generator.py took 0.045 seconds
[2026-04-11T11:29:19.935+0000] {processor.py:161} INFO - Started process (PID=383) to work on /opt/airflow/dags/chaos_generator.py
[2026-04-11T11:29:19.936+0000] {processor.py:830} INFO - Processing file /opt/airflow/dags/chaos_generator.py for tasks to queue
[2026-04-11T11:29:19.939+0000] {logging_mixin.py:188} INFO - [2026-04-11T11:29:19.939+0000] {dagbag.py:545} INFO - Filling up the DagBag from /opt/airflow/dags/chaos_generator.py
[2026-04-11T11:29:19.955+0000] {processor.py:842} WARNING - No viable dags retrieved from /opt/airflow/dags/chaos_generator.py
[2026-04-11T11:29:19.974+0000] {processor.py:183} INFO - Processing /opt/airflow/dags/chaos_generator.py took 0.045 seconds
[2026-04-11T11:29:50.563+0000] {processor.py:161} INFO - Started process (PID=393) to work on /opt/airflow/dags/chaos_generator.py
[2026-04-11T11:29:50.564+0000] {processor.py:830} INFO - Processing file /opt/airflow/dags/chaos_generator.py for tasks to queue
[2026-04-11T11:29:50.567+0000] {logging_mixin.py:188} INFO - [2026-04-11T11:29:50.566+0000] {dagbag.py:545} INFO - Filling up the DagBag from /opt/airflow/dags/chaos_generator.py
[2026-04-11T11:29:50.596+0000] {processor.py:842} WARNING - No viable dags retrieved from /opt/airflow/dags/chaos_generator.py
[2026-04-11T11:29:50.616+0000] {processor.py:183} INFO - Processing /opt/airflow/dags/chaos_generator.py took 0.060 seconds
[2026-04-11T11:30:21.204+0000] {processor.py:161} INFO - Started process (PID=403) to work on /opt/airflow/dags/chaos_generator.py
[2026-04-11T11:30:21.205+0000] {processor.py:830} INFO - Processing file /opt/airflow/dags/chaos_generator.py for tasks to queue
[2026-04-11T11:30:21.207+0000] {logging_mixin.py:188} INFO - [2026-04-11T11:30:21.207+0000] {dagbag.py:545} INFO - Filling up the DagBag from /opt/airflow/dags/chaos_generator.py
[2026-04-11T11:30:21.220+0000] {processor.py:842} WARNING - No viable dags retrieved from /opt/airflow/dags/chaos_generator.py
[2026-04-11T11:30:21.237+0000] {processor.py:183} INFO - Processing /opt/airflow/dags/chaos_generator.py took 0.038 seconds
[2026-04-11T11:30:51.764+0000] {processor.py:161} INFO - Started process (PID=419) to work on /opt/airflow/dags/chaos_generator.py
[2026-04-11T11:30:51.765+0000] {processor.py:830} INFO - Processing file /opt/airflow/dags/chaos_generator.py for tasks to queue
[2026-04-11T11:30:51.769+0000] {logging_mixin.py:188} INFO - [2026-04-11T11:30:51.768+0000] {dagbag.py:545} INFO - Filling up the DagBag from /opt/airflow/dags/chaos_generator.py
[2026-04-11T11:30:51.786+0000] {processor.py:842} WARNING - No viable dags retrieved from /opt/airflow/dags/chaos_generator.py
[2026-04-11T11:30:51.803+0000] {processor.py:183} INFO - Processing /opt/airflow/dags/chaos_generator.py took 0.044 seconds
[2026-04-11T11:31:22.381+0000] {processor.py:161} INFO - Started process (PID=435) to work on /opt/airflow/dags/chaos_generator.py
[2026-04-11T11:31:22.382+0000] {processor.py:830} INFO - Processing file /opt/airflow/dags/chaos_generator.py for tasks to queue
[2026-04-11T11:31:22.384+0000] {logging_mixin.py:188} INFO - [2026-04-11T11:31:22.384+0000] {dagbag.py:545} INFO - Filling up the DagBag from /opt/airflow/dags/chaos_generator.py
[2026-04-11T11:31:22.399+0000] {processor.py:842} WARNING - No viable dags retrieved from /opt/airflow/dags/chaos_generator.py
[2026-04-11T11:31:22.417+0000] {processor.py:183} INFO - Processing /opt/airflow/dags/chaos_generator.py took 0.044 seconds
[2026-04-11T11:31:52.878+0000] {processor.py:161} INFO - Started process (PID=445) to work on /opt/airflow/dags/chaos_generator.py
[2026-04-11T11:31:52.880+0000] {processor.py:830} INFO - Processing file /opt/airflow/dags/chaos_generator.py for tasks to queue
[2026-04-11T11:31:52.883+0000] {logging_mixin.py:188} INFO - [2026-04-11T11:31:52.883+0000] {dagbag.py:545} INFO - Filling up the DagBag from /opt/airflow/dags/chaos_generator.py
[2026-04-11T11:31:52.930+0000] {processor.py:842} WARNING - No viable dags retrieved from /opt/airflow/dags/chaos_generator.py
[2026-04-11T11:31:52.953+0000] {processor.py:183} INFO - Processing /opt/airflow/dags/chaos_generator.py took 0.080 seconds
[2026-04-11T11:32:23.486+0000] {processor.py:161} INFO - Started process (PID=461) to work on /opt/airflow/dags/chaos_generator.py
[2026-04-11T11:32:23.487+0000] {processor.py:830} INFO - Processing file /opt/airflow/dags/chaos_generator.py for tasks to queue
[2026-04-11T11:32:23.489+0000] {logging_mixin.py:188} INFO - [2026-04-11T11:32:23.489+0000] {dagbag.py:545} INFO - Filling up the DagBag from /opt/airflow/dags/chaos_generator.py
[2026-04-11T11:32:23.518+0000] {processor.py:842} WARNING - No viable dags retrieved from /opt/airflow/dags/chaos_generator.py
[2026-04-11T11:32:23.536+0000] {processor.py:183} INFO - Processing /opt/airflow/dags/chaos_generator.py took 0.057 seconds
[2026-04-11T11:32:54.408+0000] {processor.py:161} INFO - Started process (PID=481) to work on /opt/airflow/dags/chaos_generator.py
[2026-04-11T11:32:54.409+0000] {processor.py:830} INFO - Processing file /opt/airflow/dags/chaos_generator.py for tasks to queue
[2026-04-11T11:32:54.411+0000] {logging_mixin.py:188} INFO - [2026-04-11T11:32:54.411+0000] {dagbag.py:545} INFO - Filling up the DagBag from /opt/airflow/dags/chaos_generator.py
[2026-04-11T11:32:54.427+0000] {processor.py:842} WARNING - No viable dags retrieved from /opt/airflow/dags/chaos_generator.py
[2026-04-11T11:32:54.445+0000] {processor.py:183} INFO - Processing /opt/airflow/dags/chaos_generator.py took 0.044 seconds
[2026-04-11T11:33:25.177+0000] {processor.py:161} INFO - Started process (PID=498) to work on /opt/airflow/dags/chaos_generator.py
[2026-04-11T11:33:25.178+0000] {processor.py:830} INFO - Processing file /opt/airflow/dags/chaos_generator.py for tasks to queue
[2026-04-11T11:33:25.180+0000] {logging_mixin.py:188} INFO - [2026-04-11T11:33:25.180+0000] {dagbag.py:545} INFO - Filling up the DagBag from /opt/airflow/dags/chaos_generator.py
[2026-04-11T11:33:25.195+0000] {processor.py:842} WARNING - No viable dags retrieved from /opt/airflow/dags/chaos_generator.py
[2026-04-11T11:33:25.212+0000] {processor.py:183} INFO - Processing /opt/airflow/dags/chaos_generator.py took 0.041 seconds
[2026-04-11T11:34:13.712+0000] {processor.py:161} INFO - Started process (PID=229) to work on /opt/airflow/dags/chaos_generator.py
[2026-04-11T11:34:13.713+0000] {processor.py:830} INFO - Processing file /opt/airflow/dags/chaos_generator.py for tasks to queue
[2026-04-11T11:34:13.716+0000] {logging_mixin.py:188} INFO - [2026-04-11T11:34:13.715+0000] {dagbag.py:545} INFO - Filling up the DagBag from /opt/airflow/dags/chaos_generator.py
[2026-04-11T11:34:13.742+0000] {processor.py:842} WARNING - No viable dags retrieved from /opt/airflow/dags/chaos_generator.py
[2026-04-11T11:34:13.760+0000] {processor.py:183} INFO - Processing /opt/airflow/dags/chaos_generator.py took 0.054 seconds
[2026-04-11T11:34:44.364+0000] {processor.py:161} INFO - Started process (PID=272) to work on /opt/airflow/dags/chaos_generator.py
[2026-04-11T11:34:44.366+0000] {processor.py:830} INFO - Processing file /opt/airflow/dags/chaos_generator.py for tasks to queue
[2026-04-11T11:34:44.370+0000] {logging_mixin.py:188} INFO - [2026-04-11T11:34:44.369+0000] {dagbag.py:545} INFO - Filling up the DagBag from /opt/airflow/dags/chaos_generator.py
[2026-04-11T11:34:44.409+0000] {processor.py:842} WARNING - No viable dags retrieved from /opt/airflow/dags/chaos_generator.py
[2026-04-11T11:34:44.436+0000] {processor.py:183} INFO - Processing /opt/airflow/dags/chaos_generator.py took 0.081 seconds
[2026-04-11T11:35:14.969+0000] {processor.py:161} INFO - Started process (PID=282) to work on /opt/airflow/dags/chaos_generator.py
[2026-04-11T11:35:14.970+0000] {processor.py:830} INFO - Processing file /opt/airflow/dags/chaos_generator.py for tasks to queue
[2026-04-11T11:35:14.973+0000] {logging_mixin.py:188} INFO - [2026-04-11T11:35:14.972+0000] {dagbag.py:545} INFO - Filling up the DagBag from /opt/airflow/dags/chaos_generator.py
[2026-04-11T11:35:15.013+0000] {processor.py:842} WARNING - No viable dags retrieved from /opt/airflow/dags/chaos_generator.py
[2026-04-11T11:35:15.034+0000] {processor.py:183} INFO - Processing /opt/airflow/dags/chaos_generator.py took 0.074 seconds
[2026-04-11T11:35:45.560+0000] {processor.py:161} INFO - Started process (PID=301) to work on /opt/airflow/dags/chaos_generator.py
[2026-04-11T11:35:45.561+0000] {processor.py:830} INFO - Processing file /opt/airflow/dags/chaos_generator.py for tasks to queue
[2026-04-11T11:35:45.563+0000] {logging_mixin.py:188} INFO - [2026-04-11T11:35:45.563+0000] {dagbag.py:545} INFO - Filling up the DagBag from /opt/airflow/dags/chaos_generator.py
[2026-04-11T11:35:45.602+0000] {processor.py:842} WARNING - No viable dags retrieved from /opt/airflow/dags/chaos_generator.py
[2026-04-11T11:35:45.619+0000] {processor.py:183} INFO - Processing /opt/airflow/dags/chaos_generator.py took 0.065 seconds
[2026-04-11T11:36:16.109+0000] {processor.py:161} INFO - Started process (PID=311) to work on /opt/airflow/dags/chaos_generator.py
[2026-04-11T11:36:16.110+0000] {processor.py:830} INFO - Processing file /opt/airflow/dags/chaos_generator.py for tasks to queue
[2026-04-11T11:36:16.112+0000] {logging_mixin.py:188} INFO - [2026-04-11T11:36:16.111+0000] {dagbag.py:545} INFO - Filling up the DagBag from /opt/airflow/dags/chaos_generator.py
[2026-04-11T11:36:16.125+0000] {processor.py:842} WARNING - No viable dags retrieved from /opt/airflow/dags/chaos_generator.py
[2026-04-11T11:36:16.142+0000] {processor.py:183} INFO - Processing /opt/airflow/dags/chaos_generator.py took 0.039 seconds
[2026-04-11T11:36:46.615+0000] {processor.py:161} INFO - Started process (PID=321) to work on /opt/airflow/dags/chaos_generator.py
[2026-04-11T11:36:46.616+0000] {processor.py:830} INFO - Processing file /opt/airflow/dags/chaos_generator.py for tasks to queue
[2026-04-11T11:36:46.619+0000] {logging_mixin.py:188} INFO - [2026-04-11T11:36:46.619+0000] {dagbag.py:545} INFO - Filling up the DagBag from /opt/airflow/dags/chaos_generator.py
[2026-04-11T11:36:46.648+0000] {processor.py:842} WARNING - No viable dags retrieved from /opt/airflow/dags/chaos_generator.py
[2026-04-11T11:36:46.675+0000] {processor.py:183} INFO - Processing /opt/airflow/dags/chaos_generator.py took 0.067 seconds
[2026-04-11T11:37:17.217+0000] {processor.py:161} INFO - Started process (PID=331) to work on /opt/airflow/dags/chaos_generator.py
[2026-04-11T11:37:17.218+0000] {processor.py:830} INFO - Processing file /opt/airflow/dags/chaos_generator.py for tasks to queue
[2026-04-11T11:37:17.220+0000] {logging_mixin.py:188} INFO - [2026-04-11T11:37:17.220+0000] {dagbag.py:545} INFO - Filling up the DagBag from /opt/airflow/dags/chaos_generator.py
[2026-04-11T11:37:17.242+0000] {processor.py:842} WARNING - No viable dags retrieved from /opt/airflow/dags/chaos_generator.py
[2026-04-11T11:37:17.259+0000] {processor.py:183} INFO - Processing /opt/airflow/dags/chaos_generator.py took 0.048 seconds
[2026-04-11T11:37:47.830+0000] {processor.py:161} INFO - Started process (PID=341) to work on /opt/airflow/dags/chaos_generator.py
[2026-04-11T11:37:47.831+0000] {processor.py:830} INFO - Processing file /opt/airflow/dags/chaos_generator.py for tasks to queue
[2026-04-11T11:37:47.834+0000] {logging_mixin.py:188} INFO - [2026-04-11T11:37:47.834+0000] {dagbag.py:545} INFO - Filling up the DagBag from /opt/airflow/dags/chaos_generator.py
[2026-04-11T11:37:47.872+0000] {processor.py:842} WARNING - No viable dags retrieved from /opt/airflow/dags/chaos_generator.py
[2026-04-11T11:37:47.898+0000] {processor.py:183} INFO - Processing /opt/airflow/dags/chaos_generator.py took 0.079 seconds
[2026-04-11T11:38:18.470+0000] {processor.py:161} INFO - Started process (PID=351) to work on /opt/airflow/dags/chaos_generator.py
[2026-04-11T11:38:18.471+0000] {processor.py:830} INFO - Processing file /opt/airflow/dags/chaos_generator.py for tasks to queue
[2026-04-11T11:38:18.475+0000] {logging_mixin.py:188} INFO - [2026-04-11T11:38:18.474+0000] {dagbag.py:545} INFO - Filling up the DagBag from /opt/airflow/dags/chaos_generator.py
[2026-04-11T11:38:18.516+0000] {processor.py:842} WARNING - No viable dags retrieved from /opt/airflow/dags/chaos_generator.py
[2026-04-11T11:38:18.543+0000] {processor.py:183} INFO - Processing /opt/airflow/dags/chaos_generator.py took 0.084 seconds
[2026-04-11T11:38:49.143+0000] {processor.py:161} INFO - Started process (PID=361) to work on /opt/airflow/dags/chaos_generator.py
[2026-04-11T11:38:49.145+0000] {processor.py:830} INFO - Processing file /opt/airflow/dags/chaos_generator.py for tasks to queue
[2026-04-11T11:38:49.148+0000] {logging_mixin.py:188} INFO - [2026-04-11T11:38:49.147+0000] {dagbag.py:545} INFO - Filling up the DagBag from /opt/airflow/dags/chaos_generator.py
[2026-04-11T11:38:49.177+0000] {processor.py:842} WARNING - No viable dags retrieved from /opt/airflow/dags/chaos_generator.py
[2026-04-11T11:38:49.201+0000] {processor.py:183} INFO - Processing /opt/airflow/dags/chaos_generator.py took 0.069 seconds
[2026-04-11T11:39:19.751+0000] {processor.py:161} INFO - Started process (PID=371) to work on /opt/airflow/dags/chaos_generator.py
[2026-04-11T11:39:19.752+0000] {processor.py:830} INFO - Processing file /opt/airflow/dags/chaos_generator.py for tasks to queue
[2026-04-11T11:39:19.755+0000] {logging_mixin.py:188} INFO - [2026-04-11T11:39:19.754+0000] {dagbag.py:545} INFO - Filling up the DagBag from /opt/airflow/dags/chaos_generator.py
[2026-04-11T11:39:19.780+0000] {processor.py:842} WARNING - No viable dags retrieved from /opt/airflow/dags/chaos_generator.py
[2026-04-11T11:39:19.799+0000] {processor.py:183} INFO - Processing /opt/airflow/dags/chaos_generator.py took 0.055 seconds
[2026-04-11T11:39:50.350+0000] {processor.py:161} INFO - Started process (PID=381) to work on /opt/airflow/dags/chaos_generator.py
[2026-04-11T11:39:50.352+0000] {processor.py:830} INFO - Processing file /opt/airflow/dags/chaos_generator.py for tasks to queue
[2026-04-11T11:39:50.355+0000] {logging_mixin.py:188} INFO - [2026-04-11T11:39:50.355+0000] {dagbag.py:545} INFO - Filling up the DagBag from /opt/airflow/dags/chaos_generator.py
[2026-04-11T11:39:50.382+0000] {processor.py:842} WARNING - No viable dags retrieved from /opt/airflow/dags/chaos_generator.py
[2026-04-11T11:39:50.408+0000] {processor.py:183} INFO - Processing /opt/airflow/dags/chaos_generator.py took 0.066 seconds
[2026-04-11T11:40:20.921+0000] {processor.py:161} INFO - Started process (PID=391) to work on /opt/airflow/dags/chaos_generator.py
[2026-04-11T11:40:20.923+0000] {processor.py:830} INFO - Processing file /opt/airflow/dags/chaos_generator.py for tasks to queue
[2026-04-11T11:40:20.926+0000] {logging_mixin.py:188} INFO - [2026-04-11T11:40:20.926+0000] {dagbag.py:545} INFO - Filling up the DagBag from /opt/airflow/dags/chaos_generator.py
[2026-04-11T11:40:20.956+0000] {processor.py:842} WARNING - No viable dags retrieved from /opt/airflow/dags/chaos_generator.py
[2026-04-11T11:40:20.984+0000] {processor.py:183} INFO - Processing /opt/airflow/dags/chaos_generator.py took 0.072 seconds
[2026-04-11T11:40:51.522+0000] {processor.py:161} INFO - Started process (PID=401) to work on /opt/airflow/dags/chaos_generator.py
[2026-04-11T11:40:51.524+0000] {processor.py:830} INFO - Processing file /opt/airflow/dags/chaos_generator.py for tasks to queue
[2026-04-11T11:40:51.529+0000] {logging_mixin.py:188} INFO - [2026-04-11T11:40:51.528+0000] {dagbag.py:545} INFO - Filling up the DagBag from /opt/airflow/dags/chaos_generator.py
[2026-04-11T11:40:51.575+0000] {processor.py:842} WARNING - No viable dags retrieved from /opt/airflow/dags/chaos_generator.py
[2026-04-11T11:40:51.611+0000] {processor.py:183} INFO - Processing /opt/airflow/dags/chaos_generator.py took 0.099 seconds
[2026-04-11T11:41:22.201+0000] {processor.py:161} INFO - Started process (PID=411) to work on /opt/airflow/dags/chaos_generator.py
[2026-04-11T11:41:22.203+0000] {processor.py:830} INFO - Processing file /opt/airflow/dags/chaos_generator.py for tasks to queue
[2026-04-11T11:41:22.208+0000] {logging_mixin.py:188} INFO - [2026-04-11T11:41:22.208+0000] {dagbag.py:545} INFO - Filling up the DagBag from /opt/airflow/dags/chaos_generator.py
[2026-04-11T11:41:22.260+0000] {processor.py:842} WARNING - No viable dags retrieved from /opt/airflow/dags/chaos_generator.py
[2026-04-11T11:41:22.291+0000] {processor.py:183} INFO - Processing /opt/airflow/dags/chaos_generator.py took 0.098 seconds
[2026-04-11T11:41:52.899+0000] {processor.py:161} INFO - Started process (PID=421) to work on /opt/airflow/dags/chaos_generator.py
[2026-04-11T11:41:52.900+0000] {processor.py:830} INFO - Processing file /opt/airflow/dags/chaos_generator.py for tasks to queue
[2026-04-11T11:41:52.903+0000] {logging_mixin.py:188} INFO - [2026-04-11T11:41:52.903+0000] {dagbag.py:545} INFO - Filling up the DagBag from /opt/airflow/dags/chaos_generator.py
[2026-04-11T11:41:52.936+0000] {processor.py:842} WARNING - No viable dags retrieved from /opt/airflow/dags/chaos_generator.py
[2026-04-11T11:41:52.967+0000] {processor.py:183} INFO - Processing /opt/airflow/dags/chaos_generator.py took 0.077 seconds
[2026-04-11T11:42:23.541+0000] {processor.py:161} INFO - Started process (PID=431) to work on /opt/airflow/dags/chaos_generator.py
[2026-04-11T11:42:23.545+0000] {processor.py:830} INFO - Processing file /opt/airflow/dags/chaos_generator.py for tasks to queue
[2026-04-11T11:42:23.549+0000] {logging_mixin.py:188} INFO - [2026-04-11T11:42:23.548+0000] {dagbag.py:545} INFO - Filling up the DagBag from /opt/airflow/dags/chaos_generator.py
[2026-04-11T11:42:23.599+0000] {processor.py:842} WARNING - No viable dags retrieved from /opt/airflow/dags/chaos_generator.py
[2026-04-11T11:42:23.634+0000] {processor.py:183} INFO - Processing /opt/airflow/dags/chaos_generator.py took 0.103 seconds
