[2026-04-25T11:26:58.538+0000] {processor.py:161} INFO - Started process (PID=338) to work on /opt/airflow/dags/chaos_generator.py
[2026-04-25T11:26:58.539+0000] {processor.py:830} INFO - Processing file /opt/airflow/dags/chaos_generator.py for tasks to queue
[2026-04-25T11:26:58.542+0000] {logging_mixin.py:188} INFO - [2026-04-25T11:26:58.541+0000] {dagbag.py:545} INFO - Filling up the DagBag from /opt/airflow/dags/chaos_generator.py
[2026-04-25T11:26:58.562+0000] {processor.py:842} WARNING - No viable dags retrieved from /opt/airflow/dags/chaos_generator.py
[2026-04-25T11:26:58.583+0000] {processor.py:183} INFO - Processing /opt/airflow/dags/chaos_generator.py took 0.052 seconds
[2026-04-25T11:27:29.084+0000] {processor.py:161} INFO - Started process (PID=379) to work on /opt/airflow/dags/chaos_generator.py
[2026-04-25T11:27:29.085+0000] {processor.py:830} INFO - Processing file /opt/airflow/dags/chaos_generator.py for tasks to queue
[2026-04-25T11:27:29.088+0000] {logging_mixin.py:188} INFO - [2026-04-25T11:27:29.087+0000] {dagbag.py:545} INFO - Filling up the DagBag from /opt/airflow/dags/chaos_generator.py
[2026-04-25T11:27:29.116+0000] {processor.py:842} WARNING - No viable dags retrieved from /opt/airflow/dags/chaos_generator.py
[2026-04-25T11:27:29.136+0000] {processor.py:183} INFO - Processing /opt/airflow/dags/chaos_generator.py took 0.059 seconds
[2026-04-25T11:27:59.624+0000] {processor.py:161} INFO - Started process (PID=389) to work on /opt/airflow/dags/chaos_generator.py
[2026-04-25T11:27:59.625+0000] {processor.py:830} INFO - Processing file /opt/airflow/dags/chaos_generator.py for tasks to queue
[2026-04-25T11:27:59.627+0000] {logging_mixin.py:188} INFO - [2026-04-25T11:27:59.626+0000] {dagbag.py:545} INFO - Filling up the DagBag from /opt/airflow/dags/chaos_generator.py
[2026-04-25T11:27:59.654+0000] {processor.py:842} WARNING - No viable dags retrieved from /opt/airflow/dags/chaos_generator.py
[2026-04-25T11:27:59.671+0000] {processor.py:183} INFO - Processing /opt/airflow/dags/chaos_generator.py took 0.053 seconds
[2026-04-25T11:28:30.425+0000] {processor.py:161} INFO - Started process (PID=399) to work on /opt/airflow/dags/chaos_generator.py
[2026-04-25T11:28:30.426+0000] {processor.py:830} INFO - Processing file /opt/airflow/dags/chaos_generator.py for tasks to queue
[2026-04-25T11:28:30.428+0000] {logging_mixin.py:188} INFO - [2026-04-25T11:28:30.428+0000] {dagbag.py:545} INFO - Filling up the DagBag from /opt/airflow/dags/chaos_generator.py
[2026-04-25T11:28:30.448+0000] {processor.py:842} WARNING - No viable dags retrieved from /opt/airflow/dags/chaos_generator.py
[2026-04-25T11:28:30.463+0000] {processor.py:183} INFO - Processing /opt/airflow/dags/chaos_generator.py took 0.043 seconds
[2026-04-25T11:29:01.060+0000] {processor.py:161} INFO - Started process (PID=409) to work on /opt/airflow/dags/chaos_generator.py
[2026-04-25T11:29:01.061+0000] {processor.py:830} INFO - Processing file /opt/airflow/dags/chaos_generator.py for tasks to queue
[2026-04-25T11:29:01.064+0000] {logging_mixin.py:188} INFO - [2026-04-25T11:29:01.063+0000] {dagbag.py:545} INFO - Filling up the DagBag from /opt/airflow/dags/chaos_generator.py
[2026-04-25T11:29:01.080+0000] {processor.py:842} WARNING - No viable dags retrieved from /opt/airflow/dags/chaos_generator.py
[2026-04-25T11:29:01.096+0000] {processor.py:183} INFO - Processing /opt/airflow/dags/chaos_generator.py took 0.042 seconds
[2026-04-25T11:29:31.712+0000] {processor.py:161} INFO - Started process (PID=419) to work on /opt/airflow/dags/chaos_generator.py
[2026-04-25T11:29:31.714+0000] {processor.py:830} INFO - Processing file /opt/airflow/dags/chaos_generator.py for tasks to queue
[2026-04-25T11:29:31.717+0000] {logging_mixin.py:188} INFO - [2026-04-25T11:29:31.717+0000] {dagbag.py:545} INFO - Filling up the DagBag from /opt/airflow/dags/chaos_generator.py
[2026-04-25T11:29:31.750+0000] {processor.py:842} WARNING - No viable dags retrieved from /opt/airflow/dags/chaos_generator.py
[2026-04-25T11:29:31.779+0000] {processor.py:183} INFO - Processing /opt/airflow/dags/chaos_generator.py took 0.080 seconds
[2026-04-25T11:30:02.413+0000] {processor.py:161} INFO - Started process (PID=429) to work on /opt/airflow/dags/chaos_generator.py
[2026-04-25T11:30:02.414+0000] {processor.py:830} INFO - Processing file /opt/airflow/dags/chaos_generator.py for tasks to queue
[2026-04-25T11:30:02.416+0000] {logging_mixin.py:188} INFO - [2026-04-25T11:30:02.416+0000] {dagbag.py:545} INFO - Filling up the DagBag from /opt/airflow/dags/chaos_generator.py
[2026-04-25T11:30:02.430+0000] {processor.py:842} WARNING - No viable dags retrieved from /opt/airflow/dags/chaos_generator.py
[2026-04-25T11:30:02.445+0000] {processor.py:183} INFO - Processing /opt/airflow/dags/chaos_generator.py took 0.037 seconds
[2026-04-25T11:30:32.957+0000] {processor.py:161} INFO - Started process (PID=439) to work on /opt/airflow/dags/chaos_generator.py
[2026-04-25T11:30:32.958+0000] {processor.py:830} INFO - Processing file /opt/airflow/dags/chaos_generator.py for tasks to queue
[2026-04-25T11:30:32.960+0000] {logging_mixin.py:188} INFO - [2026-04-25T11:30:32.960+0000] {dagbag.py:545} INFO - Filling up the DagBag from /opt/airflow/dags/chaos_generator.py
[2026-04-25T11:30:32.971+0000] {processor.py:842} WARNING - No viable dags retrieved from /opt/airflow/dags/chaos_generator.py
[2026-04-25T11:30:32.987+0000] {processor.py:183} INFO - Processing /opt/airflow/dags/chaos_generator.py took 0.036 seconds
[2026-04-25T11:31:03.535+0000] {processor.py:161} INFO - Started process (PID=449) to work on /opt/airflow/dags/chaos_generator.py
[2026-04-25T11:31:03.535+0000] {processor.py:830} INFO - Processing file /opt/airflow/dags/chaos_generator.py for tasks to queue
[2026-04-25T11:31:03.537+0000] {logging_mixin.py:188} INFO - [2026-04-25T11:31:03.537+0000] {dagbag.py:545} INFO - Filling up the DagBag from /opt/airflow/dags/chaos_generator.py
[2026-04-25T11:31:03.548+0000] {processor.py:842} WARNING - No viable dags retrieved from /opt/airflow/dags/chaos_generator.py
[2026-04-25T11:31:03.562+0000] {processor.py:183} INFO - Processing /opt/airflow/dags/chaos_generator.py took 0.034 seconds
[2026-04-25T11:31:34.120+0000] {processor.py:161} INFO - Started process (PID=459) to work on /opt/airflow/dags/chaos_generator.py
[2026-04-25T11:31:34.121+0000] {processor.py:830} INFO - Processing file /opt/airflow/dags/chaos_generator.py for tasks to queue
[2026-04-25T11:31:34.124+0000] {logging_mixin.py:188} INFO - [2026-04-25T11:31:34.123+0000] {dagbag.py:545} INFO - Filling up the DagBag from /opt/airflow/dags/chaos_generator.py
[2026-04-25T11:31:34.163+0000] {processor.py:842} WARNING - No viable dags retrieved from /opt/airflow/dags/chaos_generator.py
[2026-04-25T11:31:34.181+0000] {processor.py:183} INFO - Processing /opt/airflow/dags/chaos_generator.py took 0.068 seconds
[2026-04-25T11:32:04.841+0000] {processor.py:161} INFO - Started process (PID=469) to work on /opt/airflow/dags/chaos_generator.py
[2026-04-25T11:32:04.842+0000] {processor.py:830} INFO - Processing file /opt/airflow/dags/chaos_generator.py for tasks to queue
[2026-04-25T11:32:04.843+0000] {logging_mixin.py:188} INFO - [2026-04-25T11:32:04.843+0000] {dagbag.py:545} INFO - Filling up the DagBag from /opt/airflow/dags/chaos_generator.py
[2026-04-25T11:32:04.870+0000] {processor.py:842} WARNING - No viable dags retrieved from /opt/airflow/dags/chaos_generator.py
[2026-04-25T11:32:04.893+0000] {processor.py:183} INFO - Processing /opt/airflow/dags/chaos_generator.py took 0.057 seconds
[2026-04-25T11:32:35.474+0000] {processor.py:161} INFO - Started process (PID=479) to work on /opt/airflow/dags/chaos_generator.py
[2026-04-25T11:32:35.475+0000] {processor.py:830} INFO - Processing file /opt/airflow/dags/chaos_generator.py for tasks to queue
[2026-04-25T11:32:35.477+0000] {logging_mixin.py:188} INFO - [2026-04-25T11:32:35.477+0000] {dagbag.py:545} INFO - Filling up the DagBag from /opt/airflow/dags/chaos_generator.py
[2026-04-25T11:32:35.488+0000] {processor.py:842} WARNING - No viable dags retrieved from /opt/airflow/dags/chaos_generator.py
[2026-04-25T11:32:35.502+0000] {processor.py:183} INFO - Processing /opt/airflow/dags/chaos_generator.py took 0.034 seconds
[2026-04-25T11:33:06.301+0000] {processor.py:161} INFO - Started process (PID=489) to work on /opt/airflow/dags/chaos_generator.py
[2026-04-25T11:33:06.302+0000] {processor.py:830} INFO - Processing file /opt/airflow/dags/chaos_generator.py for tasks to queue
[2026-04-25T11:33:06.304+0000] {logging_mixin.py:188} INFO - [2026-04-25T11:33:06.304+0000] {dagbag.py:545} INFO - Filling up the DagBag from /opt/airflow/dags/chaos_generator.py
[2026-04-25T11:33:06.317+0000] {processor.py:842} WARNING - No viable dags retrieved from /opt/airflow/dags/chaos_generator.py
[2026-04-25T11:33:06.331+0000] {processor.py:183} INFO - Processing /opt/airflow/dags/chaos_generator.py took 0.036 seconds
[2026-04-25T11:33:37.089+0000] {processor.py:161} INFO - Started process (PID=499) to work on /opt/airflow/dags/chaos_generator.py
[2026-04-25T11:33:37.090+0000] {processor.py:830} INFO - Processing file /opt/airflow/dags/chaos_generator.py for tasks to queue
[2026-04-25T11:33:37.093+0000] {logging_mixin.py:188} INFO - [2026-04-25T11:33:37.092+0000] {dagbag.py:545} INFO - Filling up the DagBag from /opt/airflow/dags/chaos_generator.py
[2026-04-25T11:33:37.113+0000] {processor.py:842} WARNING - No viable dags retrieved from /opt/airflow/dags/chaos_generator.py
[2026-04-25T11:33:37.142+0000] {processor.py:183} INFO - Processing /opt/airflow/dags/chaos_generator.py took 0.058 seconds
[2026-04-25T11:34:07.798+0000] {processor.py:161} INFO - Started process (PID=509) to work on /opt/airflow/dags/chaos_generator.py
[2026-04-25T11:34:07.799+0000] {processor.py:830} INFO - Processing file /opt/airflow/dags/chaos_generator.py for tasks to queue
[2026-04-25T11:34:07.801+0000] {logging_mixin.py:188} INFO - [2026-04-25T11:34:07.801+0000] {dagbag.py:545} INFO - Filling up the DagBag from /opt/airflow/dags/chaos_generator.py
[2026-04-25T11:34:07.817+0000] {processor.py:842} WARNING - No viable dags retrieved from /opt/airflow/dags/chaos_generator.py
[2026-04-25T11:34:07.832+0000] {processor.py:183} INFO - Processing /opt/airflow/dags/chaos_generator.py took 0.040 seconds
[2026-04-25T11:34:38.367+0000] {processor.py:161} INFO - Started process (PID=519) to work on /opt/airflow/dags/chaos_generator.py
[2026-04-25T11:34:38.368+0000] {processor.py:830} INFO - Processing file /opt/airflow/dags/chaos_generator.py for tasks to queue
[2026-04-25T11:34:38.371+0000] {logging_mixin.py:188} INFO - [2026-04-25T11:34:38.371+0000] {dagbag.py:545} INFO - Filling up the DagBag from /opt/airflow/dags/chaos_generator.py
[2026-04-25T11:34:38.393+0000] {processor.py:842} WARNING - No viable dags retrieved from /opt/airflow/dags/chaos_generator.py
[2026-04-25T11:34:38.410+0000] {processor.py:183} INFO - Processing /opt/airflow/dags/chaos_generator.py took 0.049 seconds
[2026-04-25T11:35:08.940+0000] {processor.py:161} INFO - Started process (PID=529) to work on /opt/airflow/dags/chaos_generator.py
[2026-04-25T11:35:08.941+0000] {processor.py:830} INFO - Processing file /opt/airflow/dags/chaos_generator.py for tasks to queue
[2026-04-25T11:35:08.944+0000] {logging_mixin.py:188} INFO - [2026-04-25T11:35:08.943+0000] {dagbag.py:545} INFO - Filling up the DagBag from /opt/airflow/dags/chaos_generator.py
[2026-04-25T11:35:08.962+0000] {processor.py:842} WARNING - No viable dags retrieved from /opt/airflow/dags/chaos_generator.py
[2026-04-25T11:35:08.981+0000] {processor.py:183} INFO - Processing /opt/airflow/dags/chaos_generator.py took 0.048 seconds
[2026-04-25T11:35:39.427+0000] {processor.py:161} INFO - Started process (PID=548) to work on /opt/airflow/dags/chaos_generator.py
[2026-04-25T11:35:39.433+0000] {processor.py:830} INFO - Processing file /opt/airflow/dags/chaos_generator.py for tasks to queue
[2026-04-25T11:35:39.437+0000] {logging_mixin.py:188} INFO - [2026-04-25T11:35:39.436+0000] {dagbag.py:545} INFO - Filling up the DagBag from /opt/airflow/dags/chaos_generator.py
[2026-04-25T11:35:39.466+0000] {processor.py:842} WARNING - No viable dags retrieved from /opt/airflow/dags/chaos_generator.py
[2026-04-25T11:35:39.494+0000] {processor.py:183} INFO - Processing /opt/airflow/dags/chaos_generator.py took 0.079 seconds
[2026-04-25T11:36:09.928+0000] {processor.py:161} INFO - Started process (PID=562) to work on /opt/airflow/dags/chaos_generator.py
[2026-04-25T11:36:09.929+0000] {processor.py:830} INFO - Processing file /opt/airflow/dags/chaos_generator.py for tasks to queue
[2026-04-25T11:36:09.931+0000] {logging_mixin.py:188} INFO - [2026-04-25T11:36:09.930+0000] {dagbag.py:545} INFO - Filling up the DagBag from /opt/airflow/dags/chaos_generator.py
[2026-04-25T11:36:09.942+0000] {processor.py:842} WARNING - No viable dags retrieved from /opt/airflow/dags/chaos_generator.py
[2026-04-25T11:36:09.957+0000] {processor.py:183} INFO - Processing /opt/airflow/dags/chaos_generator.py took 0.035 seconds
[2026-04-25T11:36:40.517+0000] {processor.py:161} INFO - Started process (PID=572) to work on /opt/airflow/dags/chaos_generator.py
[2026-04-25T11:36:40.518+0000] {processor.py:830} INFO - Processing file /opt/airflow/dags/chaos_generator.py for tasks to queue
[2026-04-25T11:36:40.521+0000] {logging_mixin.py:188} INFO - [2026-04-25T11:36:40.520+0000] {dagbag.py:545} INFO - Filling up the DagBag from /opt/airflow/dags/chaos_generator.py
[2026-04-25T11:36:40.538+0000] {processor.py:842} WARNING - No viable dags retrieved from /opt/airflow/dags/chaos_generator.py
[2026-04-25T11:36:40.556+0000] {processor.py:183} INFO - Processing /opt/airflow/dags/chaos_generator.py took 0.046 seconds
[2026-04-25T11:37:11.199+0000] {processor.py:161} INFO - Started process (PID=598) to work on /opt/airflow/dags/chaos_generator.py
[2026-04-25T11:37:11.200+0000] {processor.py:830} INFO - Processing file /opt/airflow/dags/chaos_generator.py for tasks to queue
[2026-04-25T11:37:11.202+0000] {logging_mixin.py:188} INFO - [2026-04-25T11:37:11.202+0000] {dagbag.py:545} INFO - Filling up the DagBag from /opt/airflow/dags/chaos_generator.py
[2026-04-25T11:37:11.230+0000] {processor.py:842} WARNING - No viable dags retrieved from /opt/airflow/dags/chaos_generator.py
[2026-04-25T11:37:11.261+0000] {processor.py:183} INFO - Processing /opt/airflow/dags/chaos_generator.py took 0.068 seconds
[2026-04-25T11:37:41.851+0000] {processor.py:161} INFO - Started process (PID=608) to work on /opt/airflow/dags/chaos_generator.py
[2026-04-25T11:37:41.852+0000] {processor.py:830} INFO - Processing file /opt/airflow/dags/chaos_generator.py for tasks to queue
[2026-04-25T11:37:41.854+0000] {logging_mixin.py:188} INFO - [2026-04-25T11:37:41.854+0000] {dagbag.py:545} INFO - Filling up the DagBag from /opt/airflow/dags/chaos_generator.py
[2026-04-25T11:37:41.866+0000] {processor.py:842} WARNING - No viable dags retrieved from /opt/airflow/dags/chaos_generator.py
[2026-04-25T11:37:41.882+0000] {processor.py:183} INFO - Processing /opt/airflow/dags/chaos_generator.py took 0.037 seconds
[2026-04-25T11:38:12.408+0000] {processor.py:161} INFO - Started process (PID=618) to work on /opt/airflow/dags/chaos_generator.py
[2026-04-25T11:38:12.409+0000] {processor.py:830} INFO - Processing file /opt/airflow/dags/chaos_generator.py for tasks to queue
[2026-04-25T11:38:12.412+0000] {logging_mixin.py:188} INFO - [2026-04-25T11:38:12.411+0000] {dagbag.py:545} INFO - Filling up the DagBag from /opt/airflow/dags/chaos_generator.py
[2026-04-25T11:38:12.425+0000] {processor.py:842} WARNING - No viable dags retrieved from /opt/airflow/dags/chaos_generator.py
[2026-04-25T11:38:12.441+0000] {processor.py:183} INFO - Processing /opt/airflow/dags/chaos_generator.py took 0.039 seconds
[2026-04-25T11:38:42.995+0000] {processor.py:161} INFO - Started process (PID=628) to work on /opt/airflow/dags/chaos_generator.py
[2026-04-25T11:38:42.996+0000] {processor.py:830} INFO - Processing file /opt/airflow/dags/chaos_generator.py for tasks to queue
[2026-04-25T11:38:42.998+0000] {logging_mixin.py:188} INFO - [2026-04-25T11:38:42.998+0000] {dagbag.py:545} INFO - Filling up the DagBag from /opt/airflow/dags/chaos_generator.py
[2026-04-25T11:38:43.012+0000] {processor.py:842} WARNING - No viable dags retrieved from /opt/airflow/dags/chaos_generator.py
[2026-04-25T11:38:43.033+0000] {processor.py:183} INFO - Processing /opt/airflow/dags/chaos_generator.py took 0.047 seconds
[2026-04-25T11:39:13.420+0000] {processor.py:161} INFO - Started process (PID=638) to work on /opt/airflow/dags/chaos_generator.py
[2026-04-25T11:39:13.421+0000] {processor.py:830} INFO - Processing file /opt/airflow/dags/chaos_generator.py for tasks to queue
[2026-04-25T11:39:13.424+0000] {logging_mixin.py:188} INFO - [2026-04-25T11:39:13.423+0000] {dagbag.py:545} INFO - Filling up the DagBag from /opt/airflow/dags/chaos_generator.py
[2026-04-25T11:39:13.437+0000] {processor.py:842} WARNING - No viable dags retrieved from /opt/airflow/dags/chaos_generator.py
[2026-04-25T11:39:13.461+0000] {processor.py:183} INFO - Processing /opt/airflow/dags/chaos_generator.py took 0.048 seconds
[2026-04-25T11:39:44.011+0000] {processor.py:161} INFO - Started process (PID=648) to work on /opt/airflow/dags/chaos_generator.py
[2026-04-25T11:39:44.012+0000] {processor.py:830} INFO - Processing file /opt/airflow/dags/chaos_generator.py for tasks to queue
[2026-04-25T11:39:44.014+0000] {logging_mixin.py:188} INFO - [2026-04-25T11:39:44.014+0000] {dagbag.py:545} INFO - Filling up the DagBag from /opt/airflow/dags/chaos_generator.py
[2026-04-25T11:39:44.028+0000] {processor.py:842} WARNING - No viable dags retrieved from /opt/airflow/dags/chaos_generator.py
[2026-04-25T11:39:44.047+0000] {processor.py:183} INFO - Processing /opt/airflow/dags/chaos_generator.py took 0.042 seconds
[2026-04-25T11:40:14.545+0000] {processor.py:161} INFO - Started process (PID=658) to work on /opt/airflow/dags/chaos_generator.py
[2026-04-25T11:40:14.546+0000] {processor.py:830} INFO - Processing file /opt/airflow/dags/chaos_generator.py for tasks to queue
[2026-04-25T11:40:14.548+0000] {logging_mixin.py:188} INFO - [2026-04-25T11:40:14.548+0000] {dagbag.py:545} INFO - Filling up the DagBag from /opt/airflow/dags/chaos_generator.py
[2026-04-25T11:40:14.562+0000] {processor.py:842} WARNING - No viable dags retrieved from /opt/airflow/dags/chaos_generator.py
[2026-04-25T11:40:14.579+0000] {processor.py:183} INFO - Processing /opt/airflow/dags/chaos_generator.py took 0.040 seconds
[2026-04-25T11:40:45.203+0000] {processor.py:161} INFO - Started process (PID=675) to work on /opt/airflow/dags/chaos_generator.py
[2026-04-25T11:40:45.204+0000] {processor.py:830} INFO - Processing file /opt/airflow/dags/chaos_generator.py for tasks to queue
[2026-04-25T11:40:45.207+0000] {logging_mixin.py:188} INFO - [2026-04-25T11:40:45.207+0000] {dagbag.py:545} INFO - Filling up the DagBag from /opt/airflow/dags/chaos_generator.py
[2026-04-25T11:40:45.240+0000] {processor.py:842} WARNING - No viable dags retrieved from /opt/airflow/dags/chaos_generator.py
[2026-04-25T11:40:45.261+0000] {processor.py:183} INFO - Processing /opt/airflow/dags/chaos_generator.py took 0.064 seconds
[2026-04-25T11:41:15.788+0000] {processor.py:161} INFO - Started process (PID=685) to work on /opt/airflow/dags/chaos_generator.py
[2026-04-25T11:41:15.789+0000] {processor.py:830} INFO - Processing file /opt/airflow/dags/chaos_generator.py for tasks to queue
[2026-04-25T11:41:15.791+0000] {logging_mixin.py:188} INFO - [2026-04-25T11:41:15.791+0000] {dagbag.py:545} INFO - Filling up the DagBag from /opt/airflow/dags/chaos_generator.py
[2026-04-25T11:41:15.804+0000] {processor.py:842} WARNING - No viable dags retrieved from /opt/airflow/dags/chaos_generator.py
[2026-04-25T11:41:15.821+0000] {processor.py:183} INFO - Processing /opt/airflow/dags/chaos_generator.py took 0.039 seconds
[2026-04-25T11:41:46.267+0000] {processor.py:161} INFO - Started process (PID=695) to work on /opt/airflow/dags/chaos_generator.py
[2026-04-25T11:41:46.268+0000] {processor.py:830} INFO - Processing file /opt/airflow/dags/chaos_generator.py for tasks to queue
[2026-04-25T11:41:46.270+0000] {logging_mixin.py:188} INFO - [2026-04-25T11:41:46.270+0000] {dagbag.py:545} INFO - Filling up the DagBag from /opt/airflow/dags/chaos_generator.py
[2026-04-25T11:41:46.287+0000] {processor.py:842} WARNING - No viable dags retrieved from /opt/airflow/dags/chaos_generator.py
[2026-04-25T11:41:46.303+0000] {processor.py:183} INFO - Processing /opt/airflow/dags/chaos_generator.py took 0.042 seconds
[2026-04-25T11:42:16.918+0000] {processor.py:161} INFO - Started process (PID=711) to work on /opt/airflow/dags/chaos_generator.py
[2026-04-25T11:42:16.919+0000] {processor.py:830} INFO - Processing file /opt/airflow/dags/chaos_generator.py for tasks to queue
[2026-04-25T11:42:16.921+0000] {logging_mixin.py:188} INFO - [2026-04-25T11:42:16.921+0000] {dagbag.py:545} INFO - Filling up the DagBag from /opt/airflow/dags/chaos_generator.py
[2026-04-25T11:42:16.952+0000] {processor.py:842} WARNING - No viable dags retrieved from /opt/airflow/dags/chaos_generator.py
[2026-04-25T11:42:16.966+0000] {processor.py:183} INFO - Processing /opt/airflow/dags/chaos_generator.py took 0.055 seconds
[2026-04-25T11:42:47.457+0000] {processor.py:161} INFO - Started process (PID=721) to work on /opt/airflow/dags/chaos_generator.py
[2026-04-25T11:42:47.458+0000] {processor.py:830} INFO - Processing file /opt/airflow/dags/chaos_generator.py for tasks to queue
[2026-04-25T11:42:47.460+0000] {logging_mixin.py:188} INFO - [2026-04-25T11:42:47.460+0000] {dagbag.py:545} INFO - Filling up the DagBag from /opt/airflow/dags/chaos_generator.py
[2026-04-25T11:42:47.472+0000] {processor.py:842} WARNING - No viable dags retrieved from /opt/airflow/dags/chaos_generator.py
[2026-04-25T11:42:47.488+0000] {processor.py:183} INFO - Processing /opt/airflow/dags/chaos_generator.py took 0.037 seconds
[2026-04-25T11:43:18.106+0000] {processor.py:161} INFO - Started process (PID=731) to work on /opt/airflow/dags/chaos_generator.py
[2026-04-25T11:43:18.108+0000] {processor.py:830} INFO - Processing file /opt/airflow/dags/chaos_generator.py for tasks to queue
[2026-04-25T11:43:18.111+0000] {logging_mixin.py:188} INFO - [2026-04-25T11:43:18.111+0000] {dagbag.py:545} INFO - Filling up the DagBag from /opt/airflow/dags/chaos_generator.py
[2026-04-25T11:43:18.145+0000] {processor.py:842} WARNING - No viable dags retrieved from /opt/airflow/dags/chaos_generator.py
[2026-04-25T11:43:18.167+0000] {processor.py:183} INFO - Processing /opt/airflow/dags/chaos_generator.py took 0.070 seconds
[2026-04-25T11:43:48.664+0000] {processor.py:161} INFO - Started process (PID=741) to work on /opt/airflow/dags/chaos_generator.py
[2026-04-25T11:43:48.666+0000] {processor.py:830} INFO - Processing file /opt/airflow/dags/chaos_generator.py for tasks to queue
[2026-04-25T11:43:48.670+0000] {logging_mixin.py:188} INFO - [2026-04-25T11:43:48.669+0000] {dagbag.py:545} INFO - Filling up the DagBag from /opt/airflow/dags/chaos_generator.py
[2026-04-25T11:43:48.687+0000] {processor.py:842} WARNING - No viable dags retrieved from /opt/airflow/dags/chaos_generator.py
[2026-04-25T11:43:48.709+0000] {processor.py:183} INFO - Processing /opt/airflow/dags/chaos_generator.py took 0.051 seconds
[2026-04-25T11:44:19.324+0000] {processor.py:161} INFO - Started process (PID=751) to work on /opt/airflow/dags/chaos_generator.py
[2026-04-25T11:44:19.325+0000] {processor.py:830} INFO - Processing file /opt/airflow/dags/chaos_generator.py for tasks to queue
[2026-04-25T11:44:19.327+0000] {logging_mixin.py:188} INFO - [2026-04-25T11:44:19.327+0000] {dagbag.py:545} INFO - Filling up the DagBag from /opt/airflow/dags/chaos_generator.py
[2026-04-25T11:44:19.344+0000] {processor.py:842} WARNING - No viable dags retrieved from /opt/airflow/dags/chaos_generator.py
[2026-04-25T11:44:19.362+0000] {processor.py:183} INFO - Processing /opt/airflow/dags/chaos_generator.py took 0.045 seconds
[2026-04-25T11:44:49.783+0000] {processor.py:161} INFO - Started process (PID=761) to work on /opt/airflow/dags/chaos_generator.py
[2026-04-25T11:44:49.785+0000] {processor.py:830} INFO - Processing file /opt/airflow/dags/chaos_generator.py for tasks to queue
[2026-04-25T11:44:49.788+0000] {logging_mixin.py:188} INFO - [2026-04-25T11:44:49.787+0000] {dagbag.py:545} INFO - Filling up the DagBag from /opt/airflow/dags/chaos_generator.py
[2026-04-25T11:44:49.805+0000] {processor.py:842} WARNING - No viable dags retrieved from /opt/airflow/dags/chaos_generator.py
[2026-04-25T11:44:49.823+0000] {processor.py:183} INFO - Processing /opt/airflow/dags/chaos_generator.py took 0.046 seconds
[2026-04-25T11:45:20.409+0000] {processor.py:161} INFO - Started process (PID=771) to work on /opt/airflow/dags/chaos_generator.py
[2026-04-25T11:45:20.410+0000] {processor.py:830} INFO - Processing file /opt/airflow/dags/chaos_generator.py for tasks to queue
[2026-04-25T11:45:20.412+0000] {logging_mixin.py:188} INFO - [2026-04-25T11:45:20.412+0000] {dagbag.py:545} INFO - Filling up the DagBag from /opt/airflow/dags/chaos_generator.py
[2026-04-25T11:45:20.433+0000] {processor.py:842} WARNING - No viable dags retrieved from /opt/airflow/dags/chaos_generator.py
[2026-04-25T11:45:20.452+0000] {processor.py:183} INFO - Processing /opt/airflow/dags/chaos_generator.py took 0.049 seconds
[2026-04-25T11:45:50.874+0000] {processor.py:161} INFO - Started process (PID=781) to work on /opt/airflow/dags/chaos_generator.py
[2026-04-25T11:45:50.878+0000] {processor.py:830} INFO - Processing file /opt/airflow/dags/chaos_generator.py for tasks to queue
[2026-04-25T11:45:50.883+0000] {logging_mixin.py:188} INFO - [2026-04-25T11:45:50.882+0000] {dagbag.py:545} INFO - Filling up the DagBag from /opt/airflow/dags/chaos_generator.py
[2026-04-25T11:45:50.903+0000] {processor.py:842} WARNING - No viable dags retrieved from /opt/airflow/dags/chaos_generator.py
[2026-04-25T11:45:50.938+0000] {processor.py:183} INFO - Processing /opt/airflow/dags/chaos_generator.py took 0.082 seconds
[2026-04-25T11:46:21.420+0000] {processor.py:161} INFO - Started process (PID=791) to work on /opt/airflow/dags/chaos_generator.py
[2026-04-25T11:46:21.422+0000] {processor.py:830} INFO - Processing file /opt/airflow/dags/chaos_generator.py for tasks to queue
[2026-04-25T11:46:21.426+0000] {logging_mixin.py:188} INFO - [2026-04-25T11:46:21.425+0000] {dagbag.py:545} INFO - Filling up the DagBag from /opt/airflow/dags/chaos_generator.py
[2026-04-25T11:46:21.450+0000] {processor.py:842} WARNING - No viable dags retrieved from /opt/airflow/dags/chaos_generator.py
[2026-04-25T11:46:21.479+0000] {processor.py:183} INFO - Processing /opt/airflow/dags/chaos_generator.py took 0.066 seconds
[2026-04-25T11:46:52.037+0000] {processor.py:161} INFO - Started process (PID=801) to work on /opt/airflow/dags/chaos_generator.py
[2026-04-25T11:46:52.038+0000] {processor.py:830} INFO - Processing file /opt/airflow/dags/chaos_generator.py for tasks to queue
[2026-04-25T11:46:52.041+0000] {logging_mixin.py:188} INFO - [2026-04-25T11:46:52.040+0000] {dagbag.py:545} INFO - Filling up the DagBag from /opt/airflow/dags/chaos_generator.py
[2026-04-25T11:46:52.054+0000] {processor.py:842} WARNING - No viable dags retrieved from /opt/airflow/dags/chaos_generator.py
[2026-04-25T11:46:52.086+0000] {processor.py:183} INFO - Processing /opt/airflow/dags/chaos_generator.py took 0.054 seconds
[2026-04-25T11:47:22.613+0000] {processor.py:161} INFO - Started process (PID=811) to work on /opt/airflow/dags/chaos_generator.py
[2026-04-25T11:47:22.614+0000] {processor.py:830} INFO - Processing file /opt/airflow/dags/chaos_generator.py for tasks to queue
[2026-04-25T11:47:22.616+0000] {logging_mixin.py:188} INFO - [2026-04-25T11:47:22.616+0000] {dagbag.py:545} INFO - Filling up the DagBag from /opt/airflow/dags/chaos_generator.py
[2026-04-25T11:47:22.634+0000] {processor.py:842} WARNING - No viable dags retrieved from /opt/airflow/dags/chaos_generator.py
[2026-04-25T11:47:22.652+0000] {processor.py:183} INFO - Processing /opt/airflow/dags/chaos_generator.py took 0.044 seconds
[2026-04-25T11:47:53.197+0000] {processor.py:161} INFO - Started process (PID=821) to work on /opt/airflow/dags/chaos_generator.py
[2026-04-25T11:47:53.199+0000] {processor.py:830} INFO - Processing file /opt/airflow/dags/chaos_generator.py for tasks to queue
[2026-04-25T11:47:53.203+0000] {logging_mixin.py:188} INFO - [2026-04-25T11:47:53.202+0000] {dagbag.py:545} INFO - Filling up the DagBag from /opt/airflow/dags/chaos_generator.py
[2026-04-25T11:47:53.230+0000] {processor.py:842} WARNING - No viable dags retrieved from /opt/airflow/dags/chaos_generator.py
[2026-04-25T11:47:53.253+0000] {processor.py:183} INFO - Processing /opt/airflow/dags/chaos_generator.py took 0.064 seconds
[2026-04-25T11:48:23.798+0000] {processor.py:161} INFO - Started process (PID=838) to work on /opt/airflow/dags/chaos_generator.py
[2026-04-25T11:48:23.799+0000] {processor.py:830} INFO - Processing file /opt/airflow/dags/chaos_generator.py for tasks to queue
[2026-04-25T11:48:23.801+0000] {logging_mixin.py:188} INFO - [2026-04-25T11:48:23.801+0000] {dagbag.py:545} INFO - Filling up the DagBag from /opt/airflow/dags/chaos_generator.py
[2026-04-25T11:48:23.819+0000] {processor.py:842} WARNING - No viable dags retrieved from /opt/airflow/dags/chaos_generator.py
[2026-04-25T11:48:23.844+0000] {processor.py:183} INFO - Processing /opt/airflow/dags/chaos_generator.py took 0.053 seconds
[2026-04-25T11:48:54.322+0000] {processor.py:161} INFO - Started process (PID=848) to work on /opt/airflow/dags/chaos_generator.py
[2026-04-25T11:48:54.323+0000] {processor.py:830} INFO - Processing file /opt/airflow/dags/chaos_generator.py for tasks to queue
[2026-04-25T11:48:54.326+0000] {logging_mixin.py:188} INFO - [2026-04-25T11:48:54.326+0000] {dagbag.py:545} INFO - Filling up the DagBag from /opt/airflow/dags/chaos_generator.py
[2026-04-25T11:48:54.339+0000] {processor.py:842} WARNING - No viable dags retrieved from /opt/airflow/dags/chaos_generator.py
[2026-04-25T11:48:54.354+0000] {processor.py:183} INFO - Processing /opt/airflow/dags/chaos_generator.py took 0.036 seconds
[2026-04-25T11:49:24.943+0000] {processor.py:161} INFO - Started process (PID=858) to work on /opt/airflow/dags/chaos_generator.py
[2026-04-25T11:49:24.945+0000] {processor.py:830} INFO - Processing file /opt/airflow/dags/chaos_generator.py for tasks to queue
[2026-04-25T11:49:24.948+0000] {logging_mixin.py:188} INFO - [2026-04-25T11:49:24.948+0000] {dagbag.py:545} INFO - Filling up the DagBag from /opt/airflow/dags/chaos_generator.py
[2026-04-25T11:49:24.969+0000] {processor.py:842} WARNING - No viable dags retrieved from /opt/airflow/dags/chaos_generator.py
[2026-04-25T11:49:24.992+0000] {processor.py:183} INFO - Processing /opt/airflow/dags/chaos_generator.py took 0.057 seconds
[2026-04-25T11:49:55.661+0000] {processor.py:161} INFO - Started process (PID=868) to work on /opt/airflow/dags/chaos_generator.py
[2026-04-25T11:49:55.663+0000] {processor.py:830} INFO - Processing file /opt/airflow/dags/chaos_generator.py for tasks to queue
[2026-04-25T11:49:55.667+0000] {logging_mixin.py:188} INFO - [2026-04-25T11:49:55.666+0000] {dagbag.py:545} INFO - Filling up the DagBag from /opt/airflow/dags/chaos_generator.py
[2026-04-25T11:49:55.695+0000] {processor.py:842} WARNING - No viable dags retrieved from /opt/airflow/dags/chaos_generator.py
[2026-04-25T11:49:55.721+0000] {processor.py:183} INFO - Processing /opt/airflow/dags/chaos_generator.py took 0.068 seconds
[2026-04-25T11:50:26.184+0000] {processor.py:161} INFO - Started process (PID=878) to work on /opt/airflow/dags/chaos_generator.py
[2026-04-25T11:50:26.187+0000] {processor.py:830} INFO - Processing file /opt/airflow/dags/chaos_generator.py for tasks to queue
[2026-04-25T11:50:26.190+0000] {logging_mixin.py:188} INFO - [2026-04-25T11:50:26.190+0000] {dagbag.py:545} INFO - Filling up the DagBag from /opt/airflow/dags/chaos_generator.py
[2026-04-25T11:50:26.210+0000] {processor.py:842} WARNING - No viable dags retrieved from /opt/airflow/dags/chaos_generator.py
[2026-04-25T11:50:26.228+0000] {processor.py:183} INFO - Processing /opt/airflow/dags/chaos_generator.py took 0.054 seconds
[2026-04-25T11:50:56.755+0000] {processor.py:161} INFO - Started process (PID=892) to work on /opt/airflow/dags/chaos_generator.py
[2026-04-25T11:50:56.757+0000] {processor.py:830} INFO - Processing file /opt/airflow/dags/chaos_generator.py for tasks to queue
[2026-04-25T11:50:56.760+0000] {logging_mixin.py:188} INFO - [2026-04-25T11:50:56.759+0000] {dagbag.py:545} INFO - Filling up the DagBag from /opt/airflow/dags/chaos_generator.py
[2026-04-25T11:50:56.775+0000] {processor.py:842} WARNING - No viable dags retrieved from /opt/airflow/dags/chaos_generator.py
[2026-04-25T11:50:56.793+0000] {processor.py:183} INFO - Processing /opt/airflow/dags/chaos_generator.py took 0.045 seconds
[2026-04-25T11:51:27.273+0000] {processor.py:161} INFO - Started process (PID=902) to work on /opt/airflow/dags/chaos_generator.py
[2026-04-25T11:51:27.274+0000] {processor.py:830} INFO - Processing file /opt/airflow/dags/chaos_generator.py for tasks to queue
[2026-04-25T11:51:27.279+0000] {logging_mixin.py:188} INFO - [2026-04-25T11:51:27.278+0000] {dagbag.py:545} INFO - Filling up the DagBag from /opt/airflow/dags/chaos_generator.py
[2026-04-25T11:51:27.334+0000] {processor.py:842} WARNING - No viable dags retrieved from /opt/airflow/dags/chaos_generator.py
[2026-04-25T11:51:27.356+0000] {processor.py:183} INFO - Processing /opt/airflow/dags/chaos_generator.py took 0.092 seconds
[2026-04-25T11:51:57.960+0000] {processor.py:161} INFO - Started process (PID=912) to work on /opt/airflow/dags/chaos_generator.py
[2026-04-25T11:51:57.962+0000] {processor.py:830} INFO - Processing file /opt/airflow/dags/chaos_generator.py for tasks to queue
[2026-04-25T11:51:57.966+0000] {logging_mixin.py:188} INFO - [2026-04-25T11:51:57.965+0000] {dagbag.py:545} INFO - Filling up the DagBag from /opt/airflow/dags/chaos_generator.py
[2026-04-25T11:51:58.002+0000] {processor.py:842} WARNING - No viable dags retrieved from /opt/airflow/dags/chaos_generator.py
[2026-04-25T11:51:58.031+0000] {processor.py:183} INFO - Processing /opt/airflow/dags/chaos_generator.py took 0.080 seconds
[2026-04-25T11:52:28.599+0000] {processor.py:161} INFO - Started process (PID=938) to work on /opt/airflow/dags/chaos_generator.py
[2026-04-25T11:52:28.606+0000] {processor.py:830} INFO - Processing file /opt/airflow/dags/chaos_generator.py for tasks to queue
[2026-04-25T11:52:28.610+0000] {logging_mixin.py:188} INFO - [2026-04-25T11:52:28.609+0000] {dagbag.py:545} INFO - Filling up the DagBag from /opt/airflow/dags/chaos_generator.py
[2026-04-25T11:52:28.632+0000] {processor.py:842} WARNING - No viable dags retrieved from /opt/airflow/dags/chaos_generator.py
[2026-04-25T11:52:28.654+0000] {processor.py:183} INFO - Processing /opt/airflow/dags/chaos_generator.py took 0.065 seconds
[2026-04-25T11:52:59.200+0000] {processor.py:161} INFO - Started process (PID=948) to work on /opt/airflow/dags/chaos_generator.py
[2026-04-25T11:52:59.202+0000] {processor.py:830} INFO - Processing file /opt/airflow/dags/chaos_generator.py for tasks to queue
[2026-04-25T11:52:59.206+0000] {logging_mixin.py:188} INFO - [2026-04-25T11:52:59.205+0000] {dagbag.py:545} INFO - Filling up the DagBag from /opt/airflow/dags/chaos_generator.py
[2026-04-25T11:52:59.244+0000] {processor.py:842} WARNING - No viable dags retrieved from /opt/airflow/dags/chaos_generator.py
[2026-04-25T11:52:59.263+0000] {processor.py:183} INFO - Processing /opt/airflow/dags/chaos_generator.py took 0.078 seconds
[2026-04-25T11:53:29.704+0000] {processor.py:161} INFO - Started process (PID=958) to work on /opt/airflow/dags/chaos_generator.py
[2026-04-25T11:53:29.706+0000] {processor.py:830} INFO - Processing file /opt/airflow/dags/chaos_generator.py for tasks to queue
[2026-04-25T11:53:29.712+0000] {logging_mixin.py:188} INFO - [2026-04-25T11:53:29.711+0000] {dagbag.py:545} INFO - Filling up the DagBag from /opt/airflow/dags/chaos_generator.py
[2026-04-25T11:53:29.732+0000] {processor.py:842} WARNING - No viable dags retrieved from /opt/airflow/dags/chaos_generator.py
[2026-04-25T11:53:29.754+0000] {processor.py:183} INFO - Processing /opt/airflow/dags/chaos_generator.py took 0.057 seconds
[2026-04-25T11:54:00.193+0000] {processor.py:161} INFO - Started process (PID=980) to work on /opt/airflow/dags/chaos_generator.py
[2026-04-25T11:54:00.194+0000] {processor.py:830} INFO - Processing file /opt/airflow/dags/chaos_generator.py for tasks to queue
[2026-04-25T11:54:00.197+0000] {logging_mixin.py:188} INFO - [2026-04-25T11:54:00.196+0000] {dagbag.py:545} INFO - Filling up the DagBag from /opt/airflow/dags/chaos_generator.py
[2026-04-25T11:54:00.224+0000] {processor.py:842} WARNING - No viable dags retrieved from /opt/airflow/dags/chaos_generator.py
[2026-04-25T11:54:00.247+0000] {processor.py:183} INFO - Processing /opt/airflow/dags/chaos_generator.py took 0.065 seconds
[2026-04-25T11:54:30.851+0000] {processor.py:161} INFO - Started process (PID=990) to work on /opt/airflow/dags/chaos_generator.py
[2026-04-25T11:54:30.852+0000] {processor.py:830} INFO - Processing file /opt/airflow/dags/chaos_generator.py for tasks to queue
[2026-04-25T11:54:30.854+0000] {logging_mixin.py:188} INFO - [2026-04-25T11:54:30.854+0000] {dagbag.py:545} INFO - Filling up the DagBag from /opt/airflow/dags/chaos_generator.py
[2026-04-25T11:54:30.866+0000] {processor.py:842} WARNING - No viable dags retrieved from /opt/airflow/dags/chaos_generator.py
[2026-04-25T11:54:30.880+0000] {processor.py:183} INFO - Processing /opt/airflow/dags/chaos_generator.py took 0.035 seconds
[2026-04-25T11:55:01.477+0000] {processor.py:161} INFO - Started process (PID=1000) to work on /opt/airflow/dags/chaos_generator.py
[2026-04-25T11:55:01.479+0000] {processor.py:830} INFO - Processing file /opt/airflow/dags/chaos_generator.py for tasks to queue
[2026-04-25T11:55:01.482+0000] {logging_mixin.py:188} INFO - [2026-04-25T11:55:01.481+0000] {dagbag.py:545} INFO - Filling up the DagBag from /opt/airflow/dags/chaos_generator.py
[2026-04-25T11:55:01.495+0000] {processor.py:842} WARNING - No viable dags retrieved from /opt/airflow/dags/chaos_generator.py
[2026-04-25T11:55:01.510+0000] {processor.py:183} INFO - Processing /opt/airflow/dags/chaos_generator.py took 0.039 seconds
[2026-04-25T11:55:32.081+0000] {processor.py:161} INFO - Started process (PID=1010) to work on /opt/airflow/dags/chaos_generator.py
[2026-04-25T11:55:32.083+0000] {processor.py:830} INFO - Processing file /opt/airflow/dags/chaos_generator.py for tasks to queue
[2026-04-25T11:55:32.085+0000] {logging_mixin.py:188} INFO - [2026-04-25T11:55:32.085+0000] {dagbag.py:545} INFO - Filling up the DagBag from /opt/airflow/dags/chaos_generator.py
[2026-04-25T11:55:32.106+0000] {processor.py:842} WARNING - No viable dags retrieved from /opt/airflow/dags/chaos_generator.py
[2026-04-25T11:55:32.133+0000] {processor.py:183} INFO - Processing /opt/airflow/dags/chaos_generator.py took 0.061 seconds
[2026-04-25T11:56:02.739+0000] {processor.py:161} INFO - Started process (PID=1020) to work on /opt/airflow/dags/chaos_generator.py
[2026-04-25T11:56:02.741+0000] {processor.py:830} INFO - Processing file /opt/airflow/dags/chaos_generator.py for tasks to queue
[2026-04-25T11:56:02.743+0000] {logging_mixin.py:188} INFO - [2026-04-25T11:56:02.742+0000] {dagbag.py:545} INFO - Filling up the DagBag from /opt/airflow/dags/chaos_generator.py
[2026-04-25T11:56:02.760+0000] {processor.py:842} WARNING - No viable dags retrieved from /opt/airflow/dags/chaos_generator.py
[2026-04-25T11:56:02.777+0000] {processor.py:183} INFO - Processing /opt/airflow/dags/chaos_generator.py took 0.044 seconds
[2026-04-25T11:56:33.386+0000] {processor.py:161} INFO - Started process (PID=1030) to work on /opt/airflow/dags/chaos_generator.py
[2026-04-25T11:56:33.388+0000] {processor.py:830} INFO - Processing file /opt/airflow/dags/chaos_generator.py for tasks to queue
[2026-04-25T11:56:33.391+0000] {logging_mixin.py:188} INFO - [2026-04-25T11:56:33.390+0000] {dagbag.py:545} INFO - Filling up the DagBag from /opt/airflow/dags/chaos_generator.py
[2026-04-25T11:56:33.421+0000] {processor.py:842} WARNING - No viable dags retrieved from /opt/airflow/dags/chaos_generator.py
[2026-04-25T11:56:33.441+0000] {processor.py:183} INFO - Processing /opt/airflow/dags/chaos_generator.py took 0.065 seconds
[2026-04-25T11:57:04.148+0000] {processor.py:161} INFO - Started process (PID=1046) to work on /opt/airflow/dags/chaos_generator.py
[2026-04-25T11:57:04.150+0000] {processor.py:830} INFO - Processing file /opt/airflow/dags/chaos_generator.py for tasks to queue
[2026-04-25T11:57:04.153+0000] {logging_mixin.py:188} INFO - [2026-04-25T11:57:04.153+0000] {dagbag.py:545} INFO - Filling up the DagBag from /opt/airflow/dags/chaos_generator.py
[2026-04-25T11:57:04.181+0000] {processor.py:842} WARNING - No viable dags retrieved from /opt/airflow/dags/chaos_generator.py
[2026-04-25T11:57:04.207+0000] {processor.py:183} INFO - Processing /opt/airflow/dags/chaos_generator.py took 0.068 seconds
[2026-04-25T11:57:34.785+0000] {processor.py:161} INFO - Started process (PID=1056) to work on /opt/airflow/dags/chaos_generator.py
[2026-04-25T11:57:34.786+0000] {processor.py:830} INFO - Processing file /opt/airflow/dags/chaos_generator.py for tasks to queue
[2026-04-25T11:57:34.789+0000] {logging_mixin.py:188} INFO - [2026-04-25T11:57:34.789+0000] {dagbag.py:545} INFO - Filling up the DagBag from /opt/airflow/dags/chaos_generator.py
[2026-04-25T11:57:34.811+0000] {processor.py:842} WARNING - No viable dags retrieved from /opt/airflow/dags/chaos_generator.py
[2026-04-25T11:57:34.829+0000] {processor.py:183} INFO - Processing /opt/airflow/dags/chaos_generator.py took 0.052 seconds
[2026-04-25T11:58:05.317+0000] {processor.py:161} INFO - Started process (PID=1066) to work on /opt/airflow/dags/chaos_generator.py
[2026-04-25T11:58:05.318+0000] {processor.py:830} INFO - Processing file /opt/airflow/dags/chaos_generator.py for tasks to queue
[2026-04-25T11:58:05.321+0000] {logging_mixin.py:188} INFO - [2026-04-25T11:58:05.320+0000] {dagbag.py:545} INFO - Filling up the DagBag from /opt/airflow/dags/chaos_generator.py
[2026-04-25T11:58:05.339+0000] {processor.py:842} WARNING - No viable dags retrieved from /opt/airflow/dags/chaos_generator.py
[2026-04-25T11:58:05.358+0000] {processor.py:183} INFO - Processing /opt/airflow/dags/chaos_generator.py took 0.048 seconds
[2026-04-25T11:58:35.926+0000] {processor.py:161} INFO - Started process (PID=1076) to work on /opt/airflow/dags/chaos_generator.py
[2026-04-25T11:58:35.927+0000] {processor.py:830} INFO - Processing file /opt/airflow/dags/chaos_generator.py for tasks to queue
[2026-04-25T11:58:35.930+0000] {logging_mixin.py:188} INFO - [2026-04-25T11:58:35.929+0000] {dagbag.py:545} INFO - Filling up the DagBag from /opt/airflow/dags/chaos_generator.py
[2026-04-25T11:58:35.949+0000] {processor.py:842} WARNING - No viable dags retrieved from /opt/airflow/dags/chaos_generator.py
[2026-04-25T11:58:35.965+0000] {processor.py:183} INFO - Processing /opt/airflow/dags/chaos_generator.py took 0.044 seconds
[2026-04-25T11:59:06.472+0000] {processor.py:161} INFO - Started process (PID=1086) to work on /opt/airflow/dags/chaos_generator.py
[2026-04-25T11:59:06.473+0000] {processor.py:830} INFO - Processing file /opt/airflow/dags/chaos_generator.py for tasks to queue
[2026-04-25T11:59:06.475+0000] {logging_mixin.py:188} INFO - [2026-04-25T11:59:06.475+0000] {dagbag.py:545} INFO - Filling up the DagBag from /opt/airflow/dags/chaos_generator.py
[2026-04-25T11:59:06.495+0000] {processor.py:842} WARNING - No viable dags retrieved from /opt/airflow/dags/chaos_generator.py
[2026-04-25T11:59:06.512+0000] {processor.py:183} INFO - Processing /opt/airflow/dags/chaos_generator.py took 0.047 seconds
[2026-04-25T11:59:36.976+0000] {processor.py:161} INFO - Started process (PID=1096) to work on /opt/airflow/dags/chaos_generator.py
[2026-04-25T11:59:36.978+0000] {processor.py:830} INFO - Processing file /opt/airflow/dags/chaos_generator.py for tasks to queue
[2026-04-25T11:59:36.982+0000] {logging_mixin.py:188} INFO - [2026-04-25T11:59:36.981+0000] {dagbag.py:545} INFO - Filling up the DagBag from /opt/airflow/dags/chaos_generator.py
[2026-04-25T11:59:37.021+0000] {processor.py:842} WARNING - No viable dags retrieved from /opt/airflow/dags/chaos_generator.py
[2026-04-25T11:59:37.047+0000] {processor.py:183} INFO - Processing /opt/airflow/dags/chaos_generator.py took 0.082 seconds
[2026-04-25T12:00:07.585+0000] {processor.py:161} INFO - Started process (PID=1106) to work on /opt/airflow/dags/chaos_generator.py
[2026-04-25T12:00:07.586+0000] {processor.py:830} INFO - Processing file /opt/airflow/dags/chaos_generator.py for tasks to queue
[2026-04-25T12:00:07.589+0000] {logging_mixin.py:188} INFO - [2026-04-25T12:00:07.589+0000] {dagbag.py:545} INFO - Filling up the DagBag from /opt/airflow/dags/chaos_generator.py
[2026-04-25T12:00:07.610+0000] {processor.py:842} WARNING - No viable dags retrieved from /opt/airflow/dags/chaos_generator.py
[2026-04-25T12:00:07.631+0000] {processor.py:183} INFO - Processing /opt/airflow/dags/chaos_generator.py took 0.053 seconds
[2026-04-25T12:00:38.169+0000] {processor.py:161} INFO - Started process (PID=1116) to work on /opt/airflow/dags/chaos_generator.py
[2026-04-25T12:00:38.171+0000] {processor.py:830} INFO - Processing file /opt/airflow/dags/chaos_generator.py for tasks to queue
[2026-04-25T12:00:38.175+0000] {logging_mixin.py:188} INFO - [2026-04-25T12:00:38.174+0000] {dagbag.py:545} INFO - Filling up the DagBag from /opt/airflow/dags/chaos_generator.py
[2026-04-25T12:00:38.197+0000] {processor.py:842} WARNING - No viable dags retrieved from /opt/airflow/dags/chaos_generator.py
[2026-04-25T12:00:38.216+0000] {processor.py:183} INFO - Processing /opt/airflow/dags/chaos_generator.py took 0.054 seconds
[2026-04-25T12:01:08.780+0000] {processor.py:161} INFO - Started process (PID=1126) to work on /opt/airflow/dags/chaos_generator.py
[2026-04-25T12:01:08.782+0000] {processor.py:830} INFO - Processing file /opt/airflow/dags/chaos_generator.py for tasks to queue
[2026-04-25T12:01:08.786+0000] {logging_mixin.py:188} INFO - [2026-04-25T12:01:08.786+0000] {dagbag.py:545} INFO - Filling up the DagBag from /opt/airflow/dags/chaos_generator.py
[2026-04-25T12:01:08.832+0000] {processor.py:842} WARNING - No viable dags retrieved from /opt/airflow/dags/chaos_generator.py
[2026-04-25T12:01:08.866+0000] {processor.py:183} INFO - Processing /opt/airflow/dags/chaos_generator.py took 0.097 seconds
[2026-04-25T12:01:39.386+0000] {processor.py:161} INFO - Started process (PID=1136) to work on /opt/airflow/dags/chaos_generator.py
[2026-04-25T12:01:39.387+0000] {processor.py:830} INFO - Processing file /opt/airflow/dags/chaos_generator.py for tasks to queue
[2026-04-25T12:01:39.390+0000] {logging_mixin.py:188} INFO - [2026-04-25T12:01:39.390+0000] {dagbag.py:545} INFO - Filling up the DagBag from /opt/airflow/dags/chaos_generator.py
[2026-04-25T12:01:39.411+0000] {processor.py:842} WARNING - No viable dags retrieved from /opt/airflow/dags/chaos_generator.py
[2026-04-25T12:01:39.430+0000] {processor.py:183} INFO - Processing /opt/airflow/dags/chaos_generator.py took 0.056 seconds
[2026-04-25T12:02:10.083+0000] {processor.py:161} INFO - Started process (PID=1146) to work on /opt/airflow/dags/chaos_generator.py
[2026-04-25T12:02:10.085+0000] {processor.py:830} INFO - Processing file /opt/airflow/dags/chaos_generator.py for tasks to queue
[2026-04-25T12:02:10.087+0000] {logging_mixin.py:188} INFO - [2026-04-25T12:02:10.087+0000] {dagbag.py:545} INFO - Filling up the DagBag from /opt/airflow/dags/chaos_generator.py
[2026-04-25T12:02:10.117+0000] {processor.py:842} WARNING - No viable dags retrieved from /opt/airflow/dags/chaos_generator.py
[2026-04-25T12:02:10.135+0000] {processor.py:183} INFO - Processing /opt/airflow/dags/chaos_generator.py took 0.058 seconds
[2026-04-25T12:02:40.772+0000] {processor.py:161} INFO - Started process (PID=1156) to work on /opt/airflow/dags/chaos_generator.py
[2026-04-25T12:02:40.773+0000] {processor.py:830} INFO - Processing file /opt/airflow/dags/chaos_generator.py for tasks to queue
[2026-04-25T12:02:40.775+0000] {logging_mixin.py:188} INFO - [2026-04-25T12:02:40.774+0000] {dagbag.py:545} INFO - Filling up the DagBag from /opt/airflow/dags/chaos_generator.py
[2026-04-25T12:02:40.788+0000] {processor.py:842} WARNING - No viable dags retrieved from /opt/airflow/dags/chaos_generator.py
[2026-04-25T12:02:40.804+0000] {processor.py:183} INFO - Processing /opt/airflow/dags/chaos_generator.py took 0.037 seconds
[2026-04-25T12:03:11.218+0000] {processor.py:161} INFO - Started process (PID=1166) to work on /opt/airflow/dags/chaos_generator.py
[2026-04-25T12:03:11.219+0000] {processor.py:830} INFO - Processing file /opt/airflow/dags/chaos_generator.py for tasks to queue
[2026-04-25T12:03:11.221+0000] {logging_mixin.py:188} INFO - [2026-04-25T12:03:11.221+0000] {dagbag.py:545} INFO - Filling up the DagBag from /opt/airflow/dags/chaos_generator.py
[2026-04-25T12:03:11.233+0000] {processor.py:842} WARNING - No viable dags retrieved from /opt/airflow/dags/chaos_generator.py
[2026-04-25T12:03:11.248+0000] {processor.py:183} INFO - Processing /opt/airflow/dags/chaos_generator.py took 0.035 seconds
[2026-04-25T12:03:57.439+0000] {processor.py:161} INFO - Started process (PID=1179) to work on /opt/airflow/dags/chaos_generator.py
[2026-04-25T12:03:57.442+0000] {processor.py:830} INFO - Processing file /opt/airflow/dags/chaos_generator.py for tasks to queue
[2026-04-25T12:03:57.445+0000] {logging_mixin.py:188} INFO - [2026-04-25T12:03:57.445+0000] {dagbag.py:545} INFO - Filling up the DagBag from /opt/airflow/dags/chaos_generator.py
[2026-04-25T12:03:57.484+0000] {processor.py:842} WARNING - No viable dags retrieved from /opt/airflow/dags/chaos_generator.py
[2026-04-25T12:03:57.520+0000] {processor.py:183} INFO - Processing /opt/airflow/dags/chaos_generator.py took 0.091 seconds
[2026-04-25T12:22:39.686+0000] {processor.py:161} INFO - Started process (PID=1189) to work on /opt/airflow/dags/chaos_generator.py
[2026-04-25T12:22:39.687+0000] {processor.py:830} INFO - Processing file /opt/airflow/dags/chaos_generator.py for tasks to queue
[2026-04-25T12:22:39.690+0000] {logging_mixin.py:188} INFO - [2026-04-25T12:22:39.690+0000] {dagbag.py:545} INFO - Filling up the DagBag from /opt/airflow/dags/chaos_generator.py
[2026-04-25T12:22:39.800+0000] {processor.py:842} WARNING - No viable dags retrieved from /opt/airflow/dags/chaos_generator.py
[2026-04-25T12:22:39.818+0000] {processor.py:183} INFO - Processing /opt/airflow/dags/chaos_generator.py took 0.139 seconds
[2026-04-25T12:23:10.204+0000] {processor.py:161} INFO - Started process (PID=1199) to work on /opt/airflow/dags/chaos_generator.py
[2026-04-25T12:23:10.206+0000] {processor.py:830} INFO - Processing file /opt/airflow/dags/chaos_generator.py for tasks to queue
[2026-04-25T12:23:10.209+0000] {logging_mixin.py:188} INFO - [2026-04-25T12:23:10.208+0000] {dagbag.py:545} INFO - Filling up the DagBag from /opt/airflow/dags/chaos_generator.py
[2026-04-25T12:23:10.224+0000] {processor.py:842} WARNING - No viable dags retrieved from /opt/airflow/dags/chaos_generator.py
[2026-04-25T12:23:10.250+0000] {processor.py:183} INFO - Processing /opt/airflow/dags/chaos_generator.py took 0.058 seconds
