[2026-04-25T11:26:58.533+0000] {processor.py:161} INFO - Started process (PID=335) to work on /opt/airflow/dags/ingest.py
[2026-04-25T11:26:58.534+0000] {processor.py:830} INFO - Processing file /opt/airflow/dags/ingest.py for tasks to queue
[2026-04-25T11:26:58.537+0000] {logging_mixin.py:188} INFO - [2026-04-25T11:26:58.537+0000] {dagbag.py:545} INFO - Filling up the DagBag from /opt/airflow/dags/ingest.py
[2026-04-25T11:26:58.591+0000] {processor.py:840} INFO - DAG(s) 'ingest_pipeline' retrieved from /opt/airflow/dags/ingest.py
[2026-04-25T11:26:58.746+0000] {logging_mixin.py:188} INFO - [2026-04-25T11:26:58.746+0000] {override.py:1829} INFO - Created Permission View: can delete on DAG:ingest_pipeline
[2026-04-25T11:26:58.761+0000] {logging_mixin.py:188} INFO - [2026-04-25T11:26:58.760+0000] {override.py:1829} INFO - Created Permission View: can read on DAG:ingest_pipeline
[2026-04-25T11:26:58.771+0000] {logging_mixin.py:188} INFO - [2026-04-25T11:26:58.770+0000] {override.py:1829} INFO - Created Permission View: can edit on DAG:ingest_pipeline
[2026-04-25T11:26:58.772+0000] {logging_mixin.py:188} INFO - [2026-04-25T11:26:58.771+0000] {dag.py:3096} INFO - Sync 1 DAGs
[2026-04-25T11:26:58.783+0000] {logging_mixin.py:188} INFO - [2026-04-25T11:26:58.783+0000] {dag.py:3118} INFO - Creating ORM DAG for ingest_pipeline
[2026-04-25T11:26:58.796+0000] {logging_mixin.py:188} INFO - [2026-04-25T11:26:58.796+0000] {dag.py:3954} INFO - Setting next_dagrun for ingest_pipeline to 2026-04-24 00:00:00+00:00, run_after=2026-04-25 00:00:00+00:00
[2026-04-25T11:26:58.817+0000] {processor.py:183} INFO - Processing /opt/airflow/dags/ingest.py took 0.290 seconds
[2026-04-25T11:27:29.065+0000] {processor.py:161} INFO - Started process (PID=376) to work on /opt/airflow/dags/ingest.py
[2026-04-25T11:27:29.067+0000] {processor.py:830} INFO - Processing file /opt/airflow/dags/ingest.py for tasks to queue
[2026-04-25T11:27:29.070+0000] {logging_mixin.py:188} INFO - [2026-04-25T11:27:29.069+0000] {dagbag.py:545} INFO - Filling up the DagBag from /opt/airflow/dags/ingest.py
[2026-04-25T11:27:29.097+0000] {processor.py:840} INFO - DAG(s) 'ingest_pipeline' retrieved from /opt/airflow/dags/ingest.py
[2026-04-25T11:27:29.135+0000] {logging_mixin.py:188} INFO - [2026-04-25T11:27:29.134+0000] {dag.py:3096} INFO - Sync 1 DAGs
[2026-04-25T11:27:29.159+0000] {logging_mixin.py:188} INFO - [2026-04-25T11:27:29.159+0000] {dag.py:3954} INFO - Setting next_dagrun for ingest_pipeline to 2026-04-24 00:00:00+00:00, run_after=2026-04-25 00:00:00+00:00
[2026-04-25T11:27:29.181+0000] {processor.py:183} INFO - Processing /opt/airflow/dags/ingest.py took 0.135 seconds
[2026-04-25T11:27:59.617+0000] {processor.py:161} INFO - Started process (PID=386) to work on /opt/airflow/dags/ingest.py
[2026-04-25T11:27:59.618+0000] {processor.py:830} INFO - Processing file /opt/airflow/dags/ingest.py for tasks to queue
[2026-04-25T11:27:59.621+0000] {logging_mixin.py:188} INFO - [2026-04-25T11:27:59.620+0000] {dagbag.py:545} INFO - Filling up the DagBag from /opt/airflow/dags/ingest.py
[2026-04-25T11:27:59.661+0000] {processor.py:840} INFO - DAG(s) 'ingest_pipeline' retrieved from /opt/airflow/dags/ingest.py
[2026-04-25T11:27:59.690+0000] {logging_mixin.py:188} INFO - [2026-04-25T11:27:59.689+0000] {dag.py:3096} INFO - Sync 1 DAGs
[2026-04-25T11:27:59.710+0000] {logging_mixin.py:188} INFO - [2026-04-25T11:27:59.710+0000] {dag.py:3954} INFO - Setting next_dagrun for ingest_pipeline to 2026-04-24 00:00:00+00:00, run_after=2026-04-25 00:00:00+00:00
[2026-04-25T11:27:59.734+0000] {processor.py:183} INFO - Processing /opt/airflow/dags/ingest.py took 0.123 seconds
[2026-04-25T11:28:30.413+0000] {processor.py:161} INFO - Started process (PID=396) to work on /opt/airflow/dags/ingest.py
[2026-04-25T11:28:30.414+0000] {processor.py:830} INFO - Processing file /opt/airflow/dags/ingest.py for tasks to queue
[2026-04-25T11:28:30.416+0000] {logging_mixin.py:188} INFO - [2026-04-25T11:28:30.416+0000] {dagbag.py:545} INFO - Filling up the DagBag from /opt/airflow/dags/ingest.py
[2026-04-25T11:28:30.437+0000] {processor.py:840} INFO - DAG(s) 'ingest_pipeline' retrieved from /opt/airflow/dags/ingest.py
[2026-04-25T11:28:30.467+0000] {logging_mixin.py:188} INFO - [2026-04-25T11:28:30.467+0000] {dag.py:3096} INFO - Sync 1 DAGs
[2026-04-25T11:28:30.491+0000] {logging_mixin.py:188} INFO - [2026-04-25T11:28:30.490+0000] {dag.py:3954} INFO - Setting next_dagrun for ingest_pipeline to 2026-04-24 00:00:00+00:00, run_after=2026-04-25 00:00:00+00:00
[2026-04-25T11:28:30.522+0000] {processor.py:183} INFO - Processing /opt/airflow/dags/ingest.py took 0.115 seconds
[2026-04-25T11:29:01.059+0000] {processor.py:161} INFO - Started process (PID=406) to work on /opt/airflow/dags/ingest.py
[2026-04-25T11:29:01.061+0000] {processor.py:830} INFO - Processing file /opt/airflow/dags/ingest.py for tasks to queue
[2026-04-25T11:29:01.063+0000] {logging_mixin.py:188} INFO - [2026-04-25T11:29:01.063+0000] {dagbag.py:545} INFO - Filling up the DagBag from /opt/airflow/dags/ingest.py
[2026-04-25T11:29:01.090+0000] {processor.py:840} INFO - DAG(s) 'ingest_pipeline' retrieved from /opt/airflow/dags/ingest.py
[2026-04-25T11:29:01.116+0000] {logging_mixin.py:188} INFO - [2026-04-25T11:29:01.116+0000] {dag.py:3096} INFO - Sync 1 DAGs
[2026-04-25T11:29:01.136+0000] {logging_mixin.py:188} INFO - [2026-04-25T11:29:01.136+0000] {dag.py:3954} INFO - Setting next_dagrun for ingest_pipeline to 2026-04-24 00:00:00+00:00, run_after=2026-04-25 00:00:00+00:00
[2026-04-25T11:29:01.158+0000] {processor.py:183} INFO - Processing /opt/airflow/dags/ingest.py took 0.104 seconds
[2026-04-25T11:29:31.690+0000] {processor.py:161} INFO - Started process (PID=416) to work on /opt/airflow/dags/ingest.py
[2026-04-25T11:29:31.693+0000] {processor.py:830} INFO - Processing file /opt/airflow/dags/ingest.py for tasks to queue
[2026-04-25T11:29:31.699+0000] {logging_mixin.py:188} INFO - [2026-04-25T11:29:31.698+0000] {dagbag.py:545} INFO - Filling up the DagBag from /opt/airflow/dags/ingest.py
[2026-04-25T11:29:31.742+0000] {processor.py:840} INFO - DAG(s) 'ingest_pipeline' retrieved from /opt/airflow/dags/ingest.py
[2026-04-25T11:29:31.806+0000] {logging_mixin.py:188} INFO - [2026-04-25T11:29:31.806+0000] {dag.py:3096} INFO - Sync 1 DAGs
[2026-04-25T11:29:31.839+0000] {logging_mixin.py:188} INFO - [2026-04-25T11:29:31.839+0000] {dag.py:3954} INFO - Setting next_dagrun for ingest_pipeline to 2026-04-24 00:00:00+00:00, run_after=2026-04-25 00:00:00+00:00
[2026-04-25T11:29:31.871+0000] {processor.py:183} INFO - Processing /opt/airflow/dags/ingest.py took 0.188 seconds
[2026-04-25T11:30:02.408+0000] {processor.py:161} INFO - Started process (PID=426) to work on /opt/airflow/dags/ingest.py
[2026-04-25T11:30:02.409+0000] {processor.py:830} INFO - Processing file /opt/airflow/dags/ingest.py for tasks to queue
[2026-04-25T11:30:02.411+0000] {logging_mixin.py:188} INFO - [2026-04-25T11:30:02.411+0000] {dagbag.py:545} INFO - Filling up the DagBag from /opt/airflow/dags/ingest.py
[2026-04-25T11:30:02.435+0000] {processor.py:840} INFO - DAG(s) 'ingest_pipeline' retrieved from /opt/airflow/dags/ingest.py
[2026-04-25T11:30:02.461+0000] {logging_mixin.py:188} INFO - [2026-04-25T11:30:02.461+0000] {dag.py:3096} INFO - Sync 1 DAGs
[2026-04-25T11:30:02.481+0000] {logging_mixin.py:188} INFO - [2026-04-25T11:30:02.481+0000] {dag.py:3954} INFO - Setting next_dagrun for ingest_pipeline to 2026-04-24 00:00:00+00:00, run_after=2026-04-25 00:00:00+00:00
[2026-04-25T11:30:02.502+0000] {processor.py:183} INFO - Processing /opt/airflow/dags/ingest.py took 0.100 seconds
[2026-04-25T11:30:32.951+0000] {processor.py:161} INFO - Started process (PID=436) to work on /opt/airflow/dags/ingest.py
[2026-04-25T11:30:32.954+0000] {processor.py:830} INFO - Processing file /opt/airflow/dags/ingest.py for tasks to queue
[2026-04-25T11:30:32.956+0000] {logging_mixin.py:188} INFO - [2026-04-25T11:30:32.956+0000] {dagbag.py:545} INFO - Filling up the DagBag from /opt/airflow/dags/ingest.py
[2026-04-25T11:30:32.978+0000] {processor.py:840} INFO - DAG(s) 'ingest_pipeline' retrieved from /opt/airflow/dags/ingest.py
[2026-04-25T11:30:33.003+0000] {logging_mixin.py:188} INFO - [2026-04-25T11:30:33.003+0000] {dag.py:3096} INFO - Sync 1 DAGs
[2026-04-25T11:30:33.024+0000] {logging_mixin.py:188} INFO - [2026-04-25T11:30:33.024+0000] {dag.py:3954} INFO - Setting next_dagrun for ingest_pipeline to 2026-04-24 00:00:00+00:00, run_after=2026-04-25 00:00:00+00:00
[2026-04-25T11:30:33.066+0000] {processor.py:183} INFO - Processing /opt/airflow/dags/ingest.py took 0.121 seconds
[2026-04-25T11:31:03.521+0000] {processor.py:161} INFO - Started process (PID=446) to work on /opt/airflow/dags/ingest.py
[2026-04-25T11:31:03.522+0000] {processor.py:830} INFO - Processing file /opt/airflow/dags/ingest.py for tasks to queue
[2026-04-25T11:31:03.524+0000] {logging_mixin.py:188} INFO - [2026-04-25T11:31:03.524+0000] {dagbag.py:545} INFO - Filling up the DagBag from /opt/airflow/dags/ingest.py
[2026-04-25T11:31:03.548+0000] {processor.py:840} INFO - DAG(s) 'ingest_pipeline' retrieved from /opt/airflow/dags/ingest.py
[2026-04-25T11:31:03.578+0000] {logging_mixin.py:188} INFO - [2026-04-25T11:31:03.577+0000] {dag.py:3096} INFO - Sync 1 DAGs
[2026-04-25T11:31:03.597+0000] {logging_mixin.py:188} INFO - [2026-04-25T11:31:03.597+0000] {dag.py:3954} INFO - Setting next_dagrun for ingest_pipeline to 2026-04-24 00:00:00+00:00, run_after=2026-04-25 00:00:00+00:00
[2026-04-25T11:31:03.620+0000] {processor.py:183} INFO - Processing /opt/airflow/dags/ingest.py took 0.105 seconds
[2026-04-25T11:31:34.105+0000] {processor.py:161} INFO - Started process (PID=456) to work on /opt/airflow/dags/ingest.py
[2026-04-25T11:31:34.107+0000] {processor.py:830} INFO - Processing file /opt/airflow/dags/ingest.py for tasks to queue
[2026-04-25T11:31:34.110+0000] {logging_mixin.py:188} INFO - [2026-04-25T11:31:34.110+0000] {dagbag.py:545} INFO - Filling up the DagBag from /opt/airflow/dags/ingest.py
[2026-04-25T11:31:34.161+0000] {processor.py:840} INFO - DAG(s) 'ingest_pipeline' retrieved from /opt/airflow/dags/ingest.py
[2026-04-25T11:31:34.191+0000] {logging_mixin.py:188} INFO - [2026-04-25T11:31:34.191+0000] {dag.py:3096} INFO - Sync 1 DAGs
[2026-04-25T11:31:34.211+0000] {logging_mixin.py:188} INFO - [2026-04-25T11:31:34.211+0000] {dag.py:3954} INFO - Setting next_dagrun for ingest_pipeline to 2026-04-24 00:00:00+00:00, run_after=2026-04-25 00:00:00+00:00
[2026-04-25T11:31:34.253+0000] {processor.py:183} INFO - Processing /opt/airflow/dags/ingest.py took 0.156 seconds
[2026-04-25T11:32:04.831+0000] {processor.py:161} INFO - Started process (PID=466) to work on /opt/airflow/dags/ingest.py
[2026-04-25T11:32:04.833+0000] {processor.py:830} INFO - Processing file /opt/airflow/dags/ingest.py for tasks to queue
[2026-04-25T11:32:04.835+0000] {logging_mixin.py:188} INFO - [2026-04-25T11:32:04.834+0000] {dagbag.py:545} INFO - Filling up the DagBag from /opt/airflow/dags/ingest.py
[2026-04-25T11:32:04.875+0000] {processor.py:840} INFO - DAG(s) 'ingest_pipeline' retrieved from /opt/airflow/dags/ingest.py
[2026-04-25T11:32:04.913+0000] {logging_mixin.py:188} INFO - [2026-04-25T11:32:04.913+0000] {dag.py:3096} INFO - Sync 1 DAGs
[2026-04-25T11:32:04.960+0000] {logging_mixin.py:188} INFO - [2026-04-25T11:32:04.960+0000] {dag.py:3954} INFO - Setting next_dagrun for ingest_pipeline to 2026-04-24 00:00:00+00:00, run_after=2026-04-25 00:00:00+00:00
[2026-04-25T11:32:05.011+0000] {processor.py:183} INFO - Processing /opt/airflow/dags/ingest.py took 0.186 seconds
[2026-04-25T11:32:35.469+0000] {processor.py:161} INFO - Started process (PID=476) to work on /opt/airflow/dags/ingest.py
[2026-04-25T11:32:35.471+0000] {processor.py:830} INFO - Processing file /opt/airflow/dags/ingest.py for tasks to queue
[2026-04-25T11:32:35.473+0000] {logging_mixin.py:188} INFO - [2026-04-25T11:32:35.473+0000] {dagbag.py:545} INFO - Filling up the DagBag from /opt/airflow/dags/ingest.py
[2026-04-25T11:32:35.495+0000] {processor.py:840} INFO - DAG(s) 'ingest_pipeline' retrieved from /opt/airflow/dags/ingest.py
[2026-04-25T11:32:35.522+0000] {logging_mixin.py:188} INFO - [2026-04-25T11:32:35.522+0000] {dag.py:3096} INFO - Sync 1 DAGs
[2026-04-25T11:32:35.543+0000] {logging_mixin.py:188} INFO - [2026-04-25T11:32:35.543+0000] {dag.py:3954} INFO - Setting next_dagrun for ingest_pipeline to 2026-04-24 00:00:00+00:00, run_after=2026-04-25 00:00:00+00:00
[2026-04-25T11:32:35.563+0000] {processor.py:183} INFO - Processing /opt/airflow/dags/ingest.py took 0.100 seconds
[2026-04-25T11:33:06.295+0000] {processor.py:161} INFO - Started process (PID=486) to work on /opt/airflow/dags/ingest.py
[2026-04-25T11:33:06.296+0000] {processor.py:830} INFO - Processing file /opt/airflow/dags/ingest.py for tasks to queue
[2026-04-25T11:33:06.299+0000] {logging_mixin.py:188} INFO - [2026-04-25T11:33:06.298+0000] {dagbag.py:545} INFO - Filling up the DagBag from /opt/airflow/dags/ingest.py
[2026-04-25T11:33:06.320+0000] {processor.py:840} INFO - DAG(s) 'ingest_pipeline' retrieved from /opt/airflow/dags/ingest.py
[2026-04-25T11:33:06.346+0000] {logging_mixin.py:188} INFO - [2026-04-25T11:33:06.346+0000] {dag.py:3096} INFO - Sync 1 DAGs
[2026-04-25T11:33:06.366+0000] {logging_mixin.py:188} INFO - [2026-04-25T11:33:06.366+0000] {dag.py:3954} INFO - Setting next_dagrun for ingest_pipeline to 2026-04-24 00:00:00+00:00, run_after=2026-04-25 00:00:00+00:00
[2026-04-25T11:33:06.408+0000] {processor.py:183} INFO - Processing /opt/airflow/dags/ingest.py took 0.118 seconds
[2026-04-25T11:33:37.075+0000] {processor.py:161} INFO - Started process (PID=496) to work on /opt/airflow/dags/ingest.py
[2026-04-25T11:33:37.077+0000] {processor.py:830} INFO - Processing file /opt/airflow/dags/ingest.py for tasks to queue
[2026-04-25T11:33:37.079+0000] {logging_mixin.py:188} INFO - [2026-04-25T11:33:37.079+0000] {dagbag.py:545} INFO - Filling up the DagBag from /opt/airflow/dags/ingest.py
[2026-04-25T11:33:37.112+0000] {processor.py:840} INFO - DAG(s) 'ingest_pipeline' retrieved from /opt/airflow/dags/ingest.py
[2026-04-25T11:33:37.154+0000] {logging_mixin.py:188} INFO - [2026-04-25T11:33:37.153+0000] {dag.py:3096} INFO - Sync 1 DAGs
[2026-04-25T11:33:37.175+0000] {logging_mixin.py:188} INFO - [2026-04-25T11:33:37.175+0000] {dag.py:3954} INFO - Setting next_dagrun for ingest_pipeline to 2026-04-24 00:00:00+00:00, run_after=2026-04-25 00:00:00+00:00
[2026-04-25T11:33:37.199+0000] {processor.py:183} INFO - Processing /opt/airflow/dags/ingest.py took 0.132 seconds
[2026-04-25T11:34:07.791+0000] {processor.py:161} INFO - Started process (PID=506) to work on /opt/airflow/dags/ingest.py
[2026-04-25T11:34:07.793+0000] {processor.py:830} INFO - Processing file /opt/airflow/dags/ingest.py for tasks to queue
[2026-04-25T11:34:07.796+0000] {logging_mixin.py:188} INFO - [2026-04-25T11:34:07.796+0000] {dagbag.py:545} INFO - Filling up the DagBag from /opt/airflow/dags/ingest.py
[2026-04-25T11:34:07.822+0000] {processor.py:840} INFO - DAG(s) 'ingest_pipeline' retrieved from /opt/airflow/dags/ingest.py
[2026-04-25T11:34:07.848+0000] {logging_mixin.py:188} INFO - [2026-04-25T11:34:07.847+0000] {dag.py:3096} INFO - Sync 1 DAGs
[2026-04-25T11:34:07.868+0000] {logging_mixin.py:188} INFO - [2026-04-25T11:34:07.868+0000] {dag.py:3954} INFO - Setting next_dagrun for ingest_pipeline to 2026-04-24 00:00:00+00:00, run_after=2026-04-25 00:00:00+00:00
[2026-04-25T11:34:07.894+0000] {processor.py:183} INFO - Processing /opt/airflow/dags/ingest.py took 0.108 seconds
[2026-04-25T11:34:38.360+0000] {processor.py:161} INFO - Started process (PID=516) to work on /opt/airflow/dags/ingest.py
[2026-04-25T11:34:38.365+0000] {processor.py:830} INFO - Processing file /opt/airflow/dags/ingest.py for tasks to queue
[2026-04-25T11:34:38.367+0000] {logging_mixin.py:188} INFO - [2026-04-25T11:34:38.367+0000] {dagbag.py:545} INFO - Filling up the DagBag from /opt/airflow/dags/ingest.py
[2026-04-25T11:34:38.401+0000] {processor.py:840} INFO - DAG(s) 'ingest_pipeline' retrieved from /opt/airflow/dags/ingest.py
[2026-04-25T11:34:38.430+0000] {logging_mixin.py:188} INFO - [2026-04-25T11:34:38.429+0000] {dag.py:3096} INFO - Sync 1 DAGs
[2026-04-25T11:34:38.450+0000] {logging_mixin.py:188} INFO - [2026-04-25T11:34:38.450+0000] {dag.py:3954} INFO - Setting next_dagrun for ingest_pipeline to 2026-04-24 00:00:00+00:00, run_after=2026-04-25 00:00:00+00:00
[2026-04-25T11:34:38.469+0000] {processor.py:183} INFO - Processing /opt/airflow/dags/ingest.py took 0.115 seconds
[2026-04-25T11:35:08.933+0000] {processor.py:161} INFO - Started process (PID=526) to work on /opt/airflow/dags/ingest.py
[2026-04-25T11:35:08.935+0000] {processor.py:830} INFO - Processing file /opt/airflow/dags/ingest.py for tasks to queue
[2026-04-25T11:35:08.937+0000] {logging_mixin.py:188} INFO - [2026-04-25T11:35:08.937+0000] {dagbag.py:545} INFO - Filling up the DagBag from /opt/airflow/dags/ingest.py
[2026-04-25T11:35:08.966+0000] {processor.py:840} INFO - DAG(s) 'ingest_pipeline' retrieved from /opt/airflow/dags/ingest.py
[2026-04-25T11:35:08.997+0000] {logging_mixin.py:188} INFO - [2026-04-25T11:35:08.997+0000] {dag.py:3096} INFO - Sync 1 DAGs
[2026-04-25T11:35:09.018+0000] {logging_mixin.py:188} INFO - [2026-04-25T11:35:09.018+0000] {dag.py:3954} INFO - Setting next_dagrun for ingest_pipeline to 2026-04-24 00:00:00+00:00, run_after=2026-04-25 00:00:00+00:00
[2026-04-25T11:35:09.038+0000] {processor.py:183} INFO - Processing /opt/airflow/dags/ingest.py took 0.113 seconds
[2026-04-25T11:35:39.418+0000] {processor.py:161} INFO - Started process (PID=545) to work on /opt/airflow/dags/ingest.py
[2026-04-25T11:35:39.424+0000] {processor.py:830} INFO - Processing file /opt/airflow/dags/ingest.py for tasks to queue
[2026-04-25T11:35:39.428+0000] {logging_mixin.py:188} INFO - [2026-04-25T11:35:39.428+0000] {dagbag.py:545} INFO - Filling up the DagBag from /opt/airflow/dags/ingest.py
[2026-04-25T11:35:39.471+0000] {processor.py:840} INFO - DAG(s) 'ingest_pipeline' retrieved from /opt/airflow/dags/ingest.py
[2026-04-25T11:35:39.513+0000] {logging_mixin.py:188} INFO - [2026-04-25T11:35:39.512+0000] {dag.py:3096} INFO - Sync 1 DAGs
[2026-04-25T11:35:39.542+0000] {logging_mixin.py:188} INFO - [2026-04-25T11:35:39.541+0000] {dag.py:3954} INFO - Setting next_dagrun for ingest_pipeline to 2026-04-25 00:00:00+00:00, run_after=2026-04-26 00:00:00+00:00
[2026-04-25T11:35:39.583+0000] {processor.py:183} INFO - Processing /opt/airflow/dags/ingest.py took 0.179 seconds
[2026-04-25T11:36:09.927+0000] {processor.py:161} INFO - Started process (PID=559) to work on /opt/airflow/dags/ingest.py
[2026-04-25T11:36:09.928+0000] {processor.py:830} INFO - Processing file /opt/airflow/dags/ingest.py for tasks to queue
[2026-04-25T11:36:09.930+0000] {logging_mixin.py:188} INFO - [2026-04-25T11:36:09.929+0000] {dagbag.py:545} INFO - Filling up the DagBag from /opt/airflow/dags/ingest.py
[2026-04-25T11:36:09.950+0000] {processor.py:840} INFO - DAG(s) 'ingest_pipeline' retrieved from /opt/airflow/dags/ingest.py
[2026-04-25T11:36:09.977+0000] {logging_mixin.py:188} INFO - [2026-04-25T11:36:09.977+0000] {dag.py:3096} INFO - Sync 1 DAGs
[2026-04-25T11:36:10.000+0000] {logging_mixin.py:188} INFO - [2026-04-25T11:36:10.000+0000] {dag.py:3954} INFO - Setting next_dagrun for ingest_pipeline to 2026-04-25 00:00:00+00:00, run_after=2026-04-26 00:00:00+00:00
[2026-04-25T11:36:10.022+0000] {processor.py:183} INFO - Processing /opt/airflow/dags/ingest.py took 0.101 seconds
[2026-04-25T11:36:40.506+0000] {processor.py:161} INFO - Started process (PID=569) to work on /opt/airflow/dags/ingest.py
[2026-04-25T11:36:40.507+0000] {processor.py:830} INFO - Processing file /opt/airflow/dags/ingest.py for tasks to queue
[2026-04-25T11:36:40.509+0000] {logging_mixin.py:188} INFO - [2026-04-25T11:36:40.509+0000] {dagbag.py:545} INFO - Filling up the DagBag from /opt/airflow/dags/ingest.py
[2026-04-25T11:36:40.539+0000] {processor.py:840} INFO - DAG(s) 'ingest_pipeline' retrieved from /opt/airflow/dags/ingest.py
[2026-04-25T11:36:40.576+0000] {logging_mixin.py:188} INFO - [2026-04-25T11:36:40.576+0000] {dag.py:3096} INFO - Sync 1 DAGs
[2026-04-25T11:36:40.602+0000] {logging_mixin.py:188} INFO - [2026-04-25T11:36:40.602+0000] {dag.py:3954} INFO - Setting next_dagrun for ingest_pipeline to 2026-04-25 00:00:00+00:00, run_after=2026-04-26 00:00:00+00:00
[2026-04-25T11:36:40.634+0000] {processor.py:183} INFO - Processing /opt/airflow/dags/ingest.py took 0.136 seconds
[2026-04-25T11:37:11.191+0000] {processor.py:161} INFO - Started process (PID=595) to work on /opt/airflow/dags/ingest.py
[2026-04-25T11:37:11.193+0000] {processor.py:830} INFO - Processing file /opt/airflow/dags/ingest.py for tasks to queue
[2026-04-25T11:37:11.195+0000] {logging_mixin.py:188} INFO - [2026-04-25T11:37:11.195+0000] {dagbag.py:545} INFO - Filling up the DagBag from /opt/airflow/dags/ingest.py
[2026-04-25T11:37:11.236+0000] {processor.py:840} INFO - DAG(s) 'ingest_pipeline' retrieved from /opt/airflow/dags/ingest.py
[2026-04-25T11:37:11.294+0000] {logging_mixin.py:188} INFO - [2026-04-25T11:37:11.294+0000] {dag.py:3096} INFO - Sync 1 DAGs
[2026-04-25T11:37:11.321+0000] {logging_mixin.py:188} INFO - [2026-04-25T11:37:11.321+0000] {dag.py:3954} INFO - Setting next_dagrun for ingest_pipeline to 2026-04-25 00:00:00+00:00, run_after=2026-04-26 00:00:00+00:00
[2026-04-25T11:37:11.351+0000] {processor.py:183} INFO - Processing /opt/airflow/dags/ingest.py took 0.168 seconds
[2026-04-25T11:37:41.837+0000] {processor.py:161} INFO - Started process (PID=605) to work on /opt/airflow/dags/ingest.py
[2026-04-25T11:37:41.838+0000] {processor.py:830} INFO - Processing file /opt/airflow/dags/ingest.py for tasks to queue
[2026-04-25T11:37:41.841+0000] {logging_mixin.py:188} INFO - [2026-04-25T11:37:41.840+0000] {dagbag.py:545} INFO - Filling up the DagBag from /opt/airflow/dags/ingest.py
[2026-04-25T11:37:41.872+0000] {processor.py:840} INFO - DAG(s) 'ingest_pipeline' retrieved from /opt/airflow/dags/ingest.py
[2026-04-25T11:37:41.900+0000] {logging_mixin.py:188} INFO - [2026-04-25T11:37:41.899+0000] {dag.py:3096} INFO - Sync 1 DAGs
[2026-04-25T11:37:41.921+0000] {logging_mixin.py:188} INFO - [2026-04-25T11:37:41.921+0000] {dag.py:3954} INFO - Setting next_dagrun for ingest_pipeline to 2026-04-25 00:00:00+00:00, run_after=2026-04-26 00:00:00+00:00
[2026-04-25T11:37:41.941+0000] {processor.py:183} INFO - Processing /opt/airflow/dags/ingest.py took 0.111 seconds
[2026-04-25T11:38:12.402+0000] {processor.py:161} INFO - Started process (PID=615) to work on /opt/airflow/dags/ingest.py
[2026-04-25T11:38:12.404+0000] {processor.py:830} INFO - Processing file /opt/airflow/dags/ingest.py for tasks to queue
[2026-04-25T11:38:12.406+0000] {logging_mixin.py:188} INFO - [2026-04-25T11:38:12.406+0000] {dagbag.py:545} INFO - Filling up the DagBag from /opt/airflow/dags/ingest.py
[2026-04-25T11:38:12.433+0000] {processor.py:840} INFO - DAG(s) 'ingest_pipeline' retrieved from /opt/airflow/dags/ingest.py
[2026-04-25T11:38:12.460+0000] {logging_mixin.py:188} INFO - [2026-04-25T11:38:12.460+0000] {dag.py:3096} INFO - Sync 1 DAGs
[2026-04-25T11:38:12.480+0000] {logging_mixin.py:188} INFO - [2026-04-25T11:38:12.480+0000] {dag.py:3954} INFO - Setting next_dagrun for ingest_pipeline to 2026-04-25 00:00:00+00:00, run_after=2026-04-26 00:00:00+00:00
[2026-04-25T11:38:12.498+0000] {processor.py:183} INFO - Processing /opt/airflow/dags/ingest.py took 0.103 seconds
[2026-04-25T11:38:42.990+0000] {processor.py:161} INFO - Started process (PID=625) to work on /opt/airflow/dags/ingest.py
[2026-04-25T11:38:42.993+0000] {processor.py:830} INFO - Processing file /opt/airflow/dags/ingest.py for tasks to queue
[2026-04-25T11:38:42.995+0000] {logging_mixin.py:188} INFO - [2026-04-25T11:38:42.995+0000] {dagbag.py:545} INFO - Filling up the DagBag from /opt/airflow/dags/ingest.py
[2026-04-25T11:38:43.023+0000] {processor.py:840} INFO - DAG(s) 'ingest_pipeline' retrieved from /opt/airflow/dags/ingest.py
[2026-04-25T11:38:43.057+0000] {logging_mixin.py:188} INFO - [2026-04-25T11:38:43.057+0000] {dag.py:3096} INFO - Sync 1 DAGs
[2026-04-25T11:38:43.083+0000] {logging_mixin.py:188} INFO - [2026-04-25T11:38:43.082+0000] {dag.py:3954} INFO - Setting next_dagrun for ingest_pipeline to 2026-04-25 00:00:00+00:00, run_after=2026-04-26 00:00:00+00:00
[2026-04-25T11:38:43.113+0000] {processor.py:183} INFO - Processing /opt/airflow/dags/ingest.py took 0.131 seconds
[2026-04-25T11:39:13.410+0000] {processor.py:161} INFO - Started process (PID=635) to work on /opt/airflow/dags/ingest.py
[2026-04-25T11:39:13.411+0000] {processor.py:830} INFO - Processing file /opt/airflow/dags/ingest.py for tasks to queue
[2026-04-25T11:39:13.413+0000] {logging_mixin.py:188} INFO - [2026-04-25T11:39:13.413+0000] {dagbag.py:545} INFO - Filling up the DagBag from /opt/airflow/dags/ingest.py
[2026-04-25T11:39:13.441+0000] {processor.py:840} INFO - DAG(s) 'ingest_pipeline' retrieved from /opt/airflow/dags/ingest.py
[2026-04-25T11:39:13.477+0000] {logging_mixin.py:188} INFO - [2026-04-25T11:39:13.477+0000] {dag.py:3096} INFO - Sync 1 DAGs
[2026-04-25T11:39:13.499+0000] {logging_mixin.py:188} INFO - [2026-04-25T11:39:13.499+0000] {dag.py:3954} INFO - Setting next_dagrun for ingest_pipeline to 2026-04-25 00:00:00+00:00, run_after=2026-04-26 00:00:00+00:00
[2026-04-25T11:39:13.520+0000] {processor.py:183} INFO - Processing /opt/airflow/dags/ingest.py took 0.116 seconds
[2026-04-25T11:39:44.007+0000] {processor.py:161} INFO - Started process (PID=645) to work on /opt/airflow/dags/ingest.py
[2026-04-25T11:39:44.008+0000] {processor.py:830} INFO - Processing file /opt/airflow/dags/ingest.py for tasks to queue
[2026-04-25T11:39:44.010+0000] {logging_mixin.py:188} INFO - [2026-04-25T11:39:44.010+0000] {dagbag.py:545} INFO - Filling up the DagBag from /opt/airflow/dags/ingest.py
[2026-04-25T11:39:44.038+0000] {processor.py:840} INFO - DAG(s) 'ingest_pipeline' retrieved from /opt/airflow/dags/ingest.py
[2026-04-25T11:39:44.068+0000] {logging_mixin.py:188} INFO - [2026-04-25T11:39:44.068+0000] {dag.py:3096} INFO - Sync 1 DAGs
[2026-04-25T11:39:44.091+0000] {logging_mixin.py:188} INFO - [2026-04-25T11:39:44.091+0000] {dag.py:3954} INFO - Setting next_dagrun for ingest_pipeline to 2026-04-25 00:00:00+00:00, run_after=2026-04-26 00:00:00+00:00
[2026-04-25T11:39:44.114+0000] {processor.py:183} INFO - Processing /opt/airflow/dags/ingest.py took 0.112 seconds
[2026-04-25T11:40:14.537+0000] {processor.py:161} INFO - Started process (PID=655) to work on /opt/airflow/dags/ingest.py
[2026-04-25T11:40:14.538+0000] {processor.py:830} INFO - Processing file /opt/airflow/dags/ingest.py for tasks to queue
[2026-04-25T11:40:14.540+0000] {logging_mixin.py:188} INFO - [2026-04-25T11:40:14.540+0000] {dagbag.py:545} INFO - Filling up the DagBag from /opt/airflow/dags/ingest.py
[2026-04-25T11:40:14.568+0000] {processor.py:840} INFO - DAG(s) 'ingest_pipeline' retrieved from /opt/airflow/dags/ingest.py
[2026-04-25T11:40:14.597+0000] {logging_mixin.py:188} INFO - [2026-04-25T11:40:14.596+0000] {dag.py:3096} INFO - Sync 1 DAGs
[2026-04-25T11:40:14.619+0000] {logging_mixin.py:188} INFO - [2026-04-25T11:40:14.618+0000] {dag.py:3954} INFO - Setting next_dagrun for ingest_pipeline to 2026-04-25 00:00:00+00:00, run_after=2026-04-26 00:00:00+00:00
[2026-04-25T11:40:14.643+0000] {processor.py:183} INFO - Processing /opt/airflow/dags/ingest.py took 0.113 seconds
[2026-04-25T11:40:45.193+0000] {processor.py:161} INFO - Started process (PID=672) to work on /opt/airflow/dags/ingest.py
[2026-04-25T11:40:45.195+0000] {processor.py:830} INFO - Processing file /opt/airflow/dags/ingest.py for tasks to queue
[2026-04-25T11:40:45.198+0000] {logging_mixin.py:188} INFO - [2026-04-25T11:40:45.197+0000] {dagbag.py:545} INFO - Filling up the DagBag from /opt/airflow/dags/ingest.py
[2026-04-25T11:40:45.245+0000] {processor.py:840} INFO - DAG(s) 'ingest_pipeline' retrieved from /opt/airflow/dags/ingest.py
[2026-04-25T11:40:45.277+0000] {logging_mixin.py:188} INFO - [2026-04-25T11:40:45.277+0000] {dag.py:3096} INFO - Sync 1 DAGs
[2026-04-25T11:40:45.309+0000] {logging_mixin.py:188} INFO - [2026-04-25T11:40:45.308+0000] {dag.py:3954} INFO - Setting next_dagrun for ingest_pipeline to 2026-04-25 00:00:00+00:00, run_after=2026-04-26 00:00:00+00:00
[2026-04-25T11:40:45.350+0000] {processor.py:183} INFO - Processing /opt/airflow/dags/ingest.py took 0.164 seconds
[2026-04-25T11:41:15.781+0000] {processor.py:161} INFO - Started process (PID=682) to work on /opt/airflow/dags/ingest.py
[2026-04-25T11:41:15.782+0000] {processor.py:830} INFO - Processing file /opt/airflow/dags/ingest.py for tasks to queue
[2026-04-25T11:41:15.784+0000] {logging_mixin.py:188} INFO - [2026-04-25T11:41:15.784+0000] {dagbag.py:545} INFO - Filling up the DagBag from /opt/airflow/dags/ingest.py
[2026-04-25T11:41:15.812+0000] {processor.py:840} INFO - DAG(s) 'ingest_pipeline' retrieved from /opt/airflow/dags/ingest.py
[2026-04-25T11:41:15.838+0000] {logging_mixin.py:188} INFO - [2026-04-25T11:41:15.838+0000] {dag.py:3096} INFO - Sync 1 DAGs
[2026-04-25T11:41:15.860+0000] {logging_mixin.py:188} INFO - [2026-04-25T11:41:15.860+0000] {dag.py:3954} INFO - Setting next_dagrun for ingest_pipeline to 2026-04-25 00:00:00+00:00, run_after=2026-04-26 00:00:00+00:00
[2026-04-25T11:41:15.883+0000] {processor.py:183} INFO - Processing /opt/airflow/dags/ingest.py took 0.109 seconds
[2026-04-25T11:41:46.266+0000] {processor.py:161} INFO - Started process (PID=692) to work on /opt/airflow/dags/ingest.py
[2026-04-25T11:41:46.268+0000] {processor.py:830} INFO - Processing file /opt/airflow/dags/ingest.py for tasks to queue
[2026-04-25T11:41:46.270+0000] {logging_mixin.py:188} INFO - [2026-04-25T11:41:46.270+0000] {dagbag.py:545} INFO - Filling up the DagBag from /opt/airflow/dags/ingest.py
[2026-04-25T11:41:46.297+0000] {processor.py:840} INFO - DAG(s) 'ingest_pipeline' retrieved from /opt/airflow/dags/ingest.py
[2026-04-25T11:41:46.324+0000] {logging_mixin.py:188} INFO - [2026-04-25T11:41:46.324+0000] {dag.py:3096} INFO - Sync 1 DAGs
[2026-04-25T11:41:46.345+0000] {logging_mixin.py:188} INFO - [2026-04-25T11:41:46.345+0000] {dag.py:3954} INFO - Setting next_dagrun for ingest_pipeline to 2026-04-25 00:00:00+00:00, run_after=2026-04-26 00:00:00+00:00
[2026-04-25T11:41:46.368+0000] {processor.py:183} INFO - Processing /opt/airflow/dags/ingest.py took 0.108 seconds
[2026-04-25T11:42:16.914+0000] {processor.py:161} INFO - Started process (PID=708) to work on /opt/airflow/dags/ingest.py
[2026-04-25T11:42:16.915+0000] {processor.py:830} INFO - Processing file /opt/airflow/dags/ingest.py for tasks to queue
[2026-04-25T11:42:16.918+0000] {logging_mixin.py:188} INFO - [2026-04-25T11:42:16.917+0000] {dagbag.py:545} INFO - Filling up the DagBag from /opt/airflow/dags/ingest.py
[2026-04-25T11:42:16.949+0000] {processor.py:840} INFO - DAG(s) 'ingest_pipeline' retrieved from /opt/airflow/dags/ingest.py
[2026-04-25T11:42:16.977+0000] {logging_mixin.py:188} INFO - [2026-04-25T11:42:16.977+0000] {dag.py:3096} INFO - Sync 1 DAGs
[2026-04-25T11:42:16.998+0000] {logging_mixin.py:188} INFO - [2026-04-25T11:42:16.998+0000] {dag.py:3954} INFO - Setting next_dagrun for ingest_pipeline to 2026-04-25 00:00:00+00:00, run_after=2026-04-26 00:00:00+00:00
[2026-04-25T11:42:17.017+0000] {processor.py:183} INFO - Processing /opt/airflow/dags/ingest.py took 0.109 seconds
[2026-04-25T11:42:47.451+0000] {processor.py:161} INFO - Started process (PID=718) to work on /opt/airflow/dags/ingest.py
[2026-04-25T11:42:47.452+0000] {processor.py:830} INFO - Processing file /opt/airflow/dags/ingest.py for tasks to queue
[2026-04-25T11:42:47.455+0000] {logging_mixin.py:188} INFO - [2026-04-25T11:42:47.454+0000] {dagbag.py:545} INFO - Filling up the DagBag from /opt/airflow/dags/ingest.py
[2026-04-25T11:42:47.476+0000] {processor.py:840} INFO - DAG(s) 'ingest_pipeline' retrieved from /opt/airflow/dags/ingest.py
[2026-04-25T11:42:47.503+0000] {logging_mixin.py:188} INFO - [2026-04-25T11:42:47.503+0000] {dag.py:3096} INFO - Sync 1 DAGs
[2026-04-25T11:42:47.523+0000] {logging_mixin.py:188} INFO - [2026-04-25T11:42:47.523+0000] {dag.py:3954} INFO - Setting next_dagrun for ingest_pipeline to 2026-04-25 00:00:00+00:00, run_after=2026-04-26 00:00:00+00:00
[2026-04-25T11:42:47.546+0000] {processor.py:183} INFO - Processing /opt/airflow/dags/ingest.py took 0.100 seconds
[2026-04-25T11:43:18.093+0000] {processor.py:161} INFO - Started process (PID=728) to work on /opt/airflow/dags/ingest.py
[2026-04-25T11:43:18.094+0000] {processor.py:830} INFO - Processing file /opt/airflow/dags/ingest.py for tasks to queue
[2026-04-25T11:43:18.100+0000] {logging_mixin.py:188} INFO - [2026-04-25T11:43:18.099+0000] {dagbag.py:545} INFO - Filling up the DagBag from /opt/airflow/dags/ingest.py
[2026-04-25T11:43:18.149+0000] {processor.py:840} INFO - DAG(s) 'ingest_pipeline' retrieved from /opt/airflow/dags/ingest.py
[2026-04-25T11:43:18.192+0000] {logging_mixin.py:188} INFO - [2026-04-25T11:43:18.192+0000] {dag.py:3096} INFO - Sync 1 DAGs
[2026-04-25T11:43:18.232+0000] {logging_mixin.py:188} INFO - [2026-04-25T11:43:18.232+0000] {dag.py:3954} INFO - Setting next_dagrun for ingest_pipeline to 2026-04-25 00:00:00+00:00, run_after=2026-04-26 00:00:00+00:00
[2026-04-25T11:43:18.257+0000] {processor.py:183} INFO - Processing /opt/airflow/dags/ingest.py took 0.173 seconds
[2026-04-25T11:43:48.664+0000] {processor.py:161} INFO - Started process (PID=738) to work on /opt/airflow/dags/ingest.py
[2026-04-25T11:43:48.666+0000] {processor.py:830} INFO - Processing file /opt/airflow/dags/ingest.py for tasks to queue
[2026-04-25T11:43:48.670+0000] {logging_mixin.py:188} INFO - [2026-04-25T11:43:48.669+0000] {dagbag.py:545} INFO - Filling up the DagBag from /opt/airflow/dags/ingest.py
[2026-04-25T11:43:48.704+0000] {processor.py:840} INFO - DAG(s) 'ingest_pipeline' retrieved from /opt/airflow/dags/ingest.py
[2026-04-25T11:43:48.743+0000] {logging_mixin.py:188} INFO - [2026-04-25T11:43:48.743+0000] {dag.py:3096} INFO - Sync 1 DAGs
[2026-04-25T11:43:48.768+0000] {logging_mixin.py:188} INFO - [2026-04-25T11:43:48.768+0000] {dag.py:3954} INFO - Setting next_dagrun for ingest_pipeline to 2026-04-25 00:00:00+00:00, run_after=2026-04-26 00:00:00+00:00
[2026-04-25T11:43:48.810+0000] {processor.py:183} INFO - Processing /opt/airflow/dags/ingest.py took 0.155 seconds
[2026-04-25T11:44:19.317+0000] {processor.py:161} INFO - Started process (PID=748) to work on /opt/airflow/dags/ingest.py
[2026-04-25T11:44:19.318+0000] {processor.py:830} INFO - Processing file /opt/airflow/dags/ingest.py for tasks to queue
[2026-04-25T11:44:19.321+0000] {logging_mixin.py:188} INFO - [2026-04-25T11:44:19.320+0000] {dagbag.py:545} INFO - Filling up the DagBag from /opt/airflow/dags/ingest.py
[2026-04-25T11:44:19.350+0000] {processor.py:840} INFO - DAG(s) 'ingest_pipeline' retrieved from /opt/airflow/dags/ingest.py
[2026-04-25T11:44:19.377+0000] {logging_mixin.py:188} INFO - [2026-04-25T11:44:19.377+0000] {dag.py:3096} INFO - Sync 1 DAGs
[2026-04-25T11:44:19.396+0000] {logging_mixin.py:188} INFO - [2026-04-25T11:44:19.396+0000] {dag.py:3954} INFO - Setting next_dagrun for ingest_pipeline to 2026-04-25 00:00:00+00:00, run_after=2026-04-26 00:00:00+00:00
[2026-04-25T11:44:19.417+0000] {processor.py:183} INFO - Processing /opt/airflow/dags/ingest.py took 0.106 seconds
[2026-04-25T11:44:49.777+0000] {processor.py:161} INFO - Started process (PID=758) to work on /opt/airflow/dags/ingest.py
[2026-04-25T11:44:49.778+0000] {processor.py:830} INFO - Processing file /opt/airflow/dags/ingest.py for tasks to queue
[2026-04-25T11:44:49.781+0000] {logging_mixin.py:188} INFO - [2026-04-25T11:44:49.780+0000] {dagbag.py:545} INFO - Filling up the DagBag from /opt/airflow/dags/ingest.py
[2026-04-25T11:44:49.816+0000] {processor.py:840} INFO - DAG(s) 'ingest_pipeline' retrieved from /opt/airflow/dags/ingest.py
[2026-04-25T11:44:49.847+0000] {logging_mixin.py:188} INFO - [2026-04-25T11:44:49.846+0000] {dag.py:3096} INFO - Sync 1 DAGs
[2026-04-25T11:44:49.868+0000] {logging_mixin.py:188} INFO - [2026-04-25T11:44:49.868+0000] {dag.py:3954} INFO - Setting next_dagrun for ingest_pipeline to 2026-04-25 00:00:00+00:00, run_after=2026-04-26 00:00:00+00:00
[2026-04-25T11:44:49.889+0000] {processor.py:183} INFO - Processing /opt/airflow/dags/ingest.py took 0.118 seconds
[2026-04-25T11:45:20.396+0000] {processor.py:161} INFO - Started process (PID=768) to work on /opt/airflow/dags/ingest.py
[2026-04-25T11:45:20.398+0000] {processor.py:830} INFO - Processing file /opt/airflow/dags/ingest.py for tasks to queue
[2026-04-25T11:45:20.400+0000] {logging_mixin.py:188} INFO - [2026-04-25T11:45:20.400+0000] {dagbag.py:545} INFO - Filling up the DagBag from /opt/airflow/dags/ingest.py
[2026-04-25T11:45:20.433+0000] {processor.py:840} INFO - DAG(s) 'ingest_pipeline' retrieved from /opt/airflow/dags/ingest.py
[2026-04-25T11:45:20.464+0000] {logging_mixin.py:188} INFO - [2026-04-25T11:45:20.464+0000] {dag.py:3096} INFO - Sync 1 DAGs
[2026-04-25T11:45:20.485+0000] {logging_mixin.py:188} INFO - [2026-04-25T11:45:20.484+0000] {dag.py:3954} INFO - Setting next_dagrun for ingest_pipeline to 2026-04-25 00:00:00+00:00, run_after=2026-04-26 00:00:00+00:00
[2026-04-25T11:45:20.504+0000] {processor.py:183} INFO - Processing /opt/airflow/dags/ingest.py took 0.115 seconds
[2026-04-25T11:45:50.874+0000] {processor.py:161} INFO - Started process (PID=778) to work on /opt/airflow/dags/ingest.py
[2026-04-25T11:45:50.878+0000] {processor.py:830} INFO - Processing file /opt/airflow/dags/ingest.py for tasks to queue
[2026-04-25T11:45:50.882+0000] {logging_mixin.py:188} INFO - [2026-04-25T11:45:50.882+0000] {dagbag.py:545} INFO - Filling up the DagBag from /opt/airflow/dags/ingest.py
[2026-04-25T11:45:50.930+0000] {processor.py:840} INFO - DAG(s) 'ingest_pipeline' retrieved from /opt/airflow/dags/ingest.py
[2026-04-25T11:45:50.974+0000] {logging_mixin.py:188} INFO - [2026-04-25T11:45:50.974+0000] {dag.py:3096} INFO - Sync 1 DAGs
[2026-04-25T11:45:50.998+0000] {logging_mixin.py:188} INFO - [2026-04-25T11:45:50.998+0000] {dag.py:3954} INFO - Setting next_dagrun for ingest_pipeline to 2026-04-25 00:00:00+00:00, run_after=2026-04-26 00:00:00+00:00
[2026-04-25T11:45:51.020+0000] {processor.py:183} INFO - Processing /opt/airflow/dags/ingest.py took 0.174 seconds
[2026-04-25T11:46:21.412+0000] {processor.py:161} INFO - Started process (PID=788) to work on /opt/airflow/dags/ingest.py
[2026-04-25T11:46:21.413+0000] {processor.py:830} INFO - Processing file /opt/airflow/dags/ingest.py for tasks to queue
[2026-04-25T11:46:21.415+0000] {logging_mixin.py:188} INFO - [2026-04-25T11:46:21.415+0000] {dagbag.py:545} INFO - Filling up the DagBag from /opt/airflow/dags/ingest.py
[2026-04-25T11:46:21.459+0000] {processor.py:840} INFO - DAG(s) 'ingest_pipeline' retrieved from /opt/airflow/dags/ingest.py
[2026-04-25T11:46:21.498+0000] {logging_mixin.py:188} INFO - [2026-04-25T11:46:21.498+0000] {dag.py:3096} INFO - Sync 1 DAGs
[2026-04-25T11:46:21.523+0000] {logging_mixin.py:188} INFO - [2026-04-25T11:46:21.523+0000] {dag.py:3954} INFO - Setting next_dagrun for ingest_pipeline to 2026-04-25 00:00:00+00:00, run_after=2026-04-26 00:00:00+00:00
[2026-04-25T11:46:21.548+0000] {processor.py:183} INFO - Processing /opt/airflow/dags/ingest.py took 0.144 seconds
[2026-04-25T11:46:52.031+0000] {processor.py:161} INFO - Started process (PID=798) to work on /opt/airflow/dags/ingest.py
[2026-04-25T11:46:52.033+0000] {processor.py:830} INFO - Processing file /opt/airflow/dags/ingest.py for tasks to queue
[2026-04-25T11:46:52.034+0000] {logging_mixin.py:188} INFO - [2026-04-25T11:46:52.034+0000] {dagbag.py:545} INFO - Filling up the DagBag from /opt/airflow/dags/ingest.py
[2026-04-25T11:46:52.061+0000] {processor.py:840} INFO - DAG(s) 'ingest_pipeline' retrieved from /opt/airflow/dags/ingest.py
[2026-04-25T11:46:52.098+0000] {logging_mixin.py:188} INFO - [2026-04-25T11:46:52.098+0000] {dag.py:3096} INFO - Sync 1 DAGs
[2026-04-25T11:46:52.119+0000] {logging_mixin.py:188} INFO - [2026-04-25T11:46:52.119+0000] {dag.py:3954} INFO - Setting next_dagrun for ingest_pipeline to 2026-04-25 00:00:00+00:00, run_after=2026-04-26 00:00:00+00:00
[2026-04-25T11:46:52.139+0000] {processor.py:183} INFO - Processing /opt/airflow/dags/ingest.py took 0.114 seconds
[2026-04-25T11:47:22.606+0000] {processor.py:161} INFO - Started process (PID=808) to work on /opt/airflow/dags/ingest.py
[2026-04-25T11:47:22.607+0000] {processor.py:830} INFO - Processing file /opt/airflow/dags/ingest.py for tasks to queue
[2026-04-25T11:47:22.609+0000] {logging_mixin.py:188} INFO - [2026-04-25T11:47:22.609+0000] {dagbag.py:545} INFO - Filling up the DagBag from /opt/airflow/dags/ingest.py
[2026-04-25T11:47:22.635+0000] {processor.py:840} INFO - DAG(s) 'ingest_pipeline' retrieved from /opt/airflow/dags/ingest.py
[2026-04-25T11:47:22.669+0000] {logging_mixin.py:188} INFO - [2026-04-25T11:47:22.668+0000] {dag.py:3096} INFO - Sync 1 DAGs
[2026-04-25T11:47:22.692+0000] {logging_mixin.py:188} INFO - [2026-04-25T11:47:22.692+0000] {dag.py:3954} INFO - Setting next_dagrun for ingest_pipeline to 2026-04-25 00:00:00+00:00, run_after=2026-04-26 00:00:00+00:00
[2026-04-25T11:47:22.726+0000] {processor.py:183} INFO - Processing /opt/airflow/dags/ingest.py took 0.126 seconds
[2026-04-25T11:47:53.191+0000] {processor.py:161} INFO - Started process (PID=818) to work on /opt/airflow/dags/ingest.py
[2026-04-25T11:47:53.193+0000] {processor.py:830} INFO - Processing file /opt/airflow/dags/ingest.py for tasks to queue
[2026-04-25T11:47:53.197+0000] {logging_mixin.py:188} INFO - [2026-04-25T11:47:53.196+0000] {dagbag.py:545} INFO - Filling up the DagBag from /opt/airflow/dags/ingest.py
[2026-04-25T11:47:53.243+0000] {processor.py:840} INFO - DAG(s) 'ingest_pipeline' retrieved from /opt/airflow/dags/ingest.py
[2026-04-25T11:47:53.279+0000] {logging_mixin.py:188} INFO - [2026-04-25T11:47:53.279+0000] {dag.py:3096} INFO - Sync 1 DAGs
[2026-04-25T11:47:53.306+0000] {logging_mixin.py:188} INFO - [2026-04-25T11:47:53.306+0000] {dag.py:3954} INFO - Setting next_dagrun for ingest_pipeline to 2026-04-25 00:00:00+00:00, run_after=2026-04-26 00:00:00+00:00
[2026-04-25T11:47:53.328+0000] {processor.py:183} INFO - Processing /opt/airflow/dags/ingest.py took 0.153 seconds
[2026-04-25T11:48:01.468+0000] {processor.py:161} INFO - Started process (PID=828) to work on /opt/airflow/dags/ingest.py
[2026-04-25T11:48:01.470+0000] {processor.py:830} INFO - Processing file /opt/airflow/dags/ingest.py for tasks to queue
[2026-04-25T11:48:01.472+0000] {logging_mixin.py:188} INFO - [2026-04-25T11:48:01.472+0000] {dagbag.py:545} INFO - Filling up the DagBag from /opt/airflow/dags/ingest.py
[2026-04-25T11:48:01.569+0000] {processor.py:840} INFO - DAG(s) 'ingest_pipeline' retrieved from /opt/airflow/dags/ingest.py
[2026-04-25T11:48:01.605+0000] {logging_mixin.py:188} INFO - [2026-04-25T11:48:01.605+0000] {dag.py:3096} INFO - Sync 1 DAGs
[2026-04-25T11:48:01.635+0000] {logging_mixin.py:188} INFO - [2026-04-25T11:48:01.634+0000] {dag.py:3954} INFO - Setting next_dagrun for ingest_pipeline to 2026-04-25 00:00:00+00:00, run_after=2026-04-26 00:00:00+00:00
[2026-04-25T11:48:01.697+0000] {processor.py:183} INFO - Processing /opt/airflow/dags/ingest.py took 0.238 seconds
[2026-04-25T11:48:05.552+0000] {processor.py:161} INFO - Started process (PID=833) to work on /opt/airflow/dags/ingest.py
[2026-04-25T11:48:05.554+0000] {processor.py:830} INFO - Processing file /opt/airflow/dags/ingest.py for tasks to queue
[2026-04-25T11:48:05.556+0000] {logging_mixin.py:188} INFO - [2026-04-25T11:48:05.556+0000] {dagbag.py:545} INFO - Filling up the DagBag from /opt/airflow/dags/ingest.py
[2026-04-25T11:48:05.643+0000] {processor.py:840} INFO - DAG(s) 'ingest_pipeline' retrieved from /opt/airflow/dags/ingest.py
[2026-04-25T11:48:05.682+0000] {logging_mixin.py:188} INFO - [2026-04-25T11:48:05.682+0000] {dag.py:3096} INFO - Sync 1 DAGs
[2026-04-25T11:48:05.708+0000] {logging_mixin.py:188} INFO - [2026-04-25T11:48:05.708+0000] {dag.py:3954} INFO - Setting next_dagrun for ingest_pipeline to 2026-04-25 00:00:00+00:00, run_after=2026-04-26 00:00:00+00:00
[2026-04-25T11:48:05.745+0000] {processor.py:183} INFO - Processing /opt/airflow/dags/ingest.py took 0.203 seconds
[2026-04-25T11:48:35.972+0000] {processor.py:161} INFO - Started process (PID=843) to work on /opt/airflow/dags/ingest.py
[2026-04-25T11:48:35.973+0000] {processor.py:830} INFO - Processing file /opt/airflow/dags/ingest.py for tasks to queue
[2026-04-25T11:48:35.975+0000] {logging_mixin.py:188} INFO - [2026-04-25T11:48:35.975+0000] {dagbag.py:545} INFO - Filling up the DagBag from /opt/airflow/dags/ingest.py
[2026-04-25T11:48:35.993+0000] {processor.py:840} INFO - DAG(s) 'ingest_pipeline' retrieved from /opt/airflow/dags/ingest.py
[2026-04-25T11:48:36.024+0000] {logging_mixin.py:188} INFO - [2026-04-25T11:48:36.023+0000] {dag.py:3096} INFO - Sync 1 DAGs
[2026-04-25T11:48:36.047+0000] {logging_mixin.py:188} INFO - [2026-04-25T11:48:36.047+0000] {dag.py:3954} INFO - Setting next_dagrun for ingest_pipeline to 2026-04-25 00:00:00+00:00, run_after=2026-04-26 00:00:00+00:00
[2026-04-25T11:48:36.094+0000] {processor.py:183} INFO - Processing /opt/airflow/dags/ingest.py took 0.127 seconds
[2026-04-25T11:49:06.631+0000] {processor.py:161} INFO - Started process (PID=853) to work on /opt/airflow/dags/ingest.py
[2026-04-25T11:49:06.632+0000] {processor.py:830} INFO - Processing file /opt/airflow/dags/ingest.py for tasks to queue
[2026-04-25T11:49:06.634+0000] {logging_mixin.py:188} INFO - [2026-04-25T11:49:06.634+0000] {dagbag.py:545} INFO - Filling up the DagBag from /opt/airflow/dags/ingest.py
[2026-04-25T11:49:06.753+0000] {processor.py:840} INFO - DAG(s) 'ingest_pipeline' retrieved from /opt/airflow/dags/ingest.py
[2026-04-25T11:49:06.810+0000] {logging_mixin.py:188} INFO - [2026-04-25T11:49:06.810+0000] {dag.py:3096} INFO - Sync 1 DAGs
[2026-04-25T11:49:06.845+0000] {logging_mixin.py:188} INFO - [2026-04-25T11:49:06.845+0000] {dag.py:3954} INFO - Setting next_dagrun for ingest_pipeline to 2026-04-25 00:00:00+00:00, run_after=2026-04-26 00:00:00+00:00
[2026-04-25T11:49:06.893+0000] {processor.py:183} INFO - Processing /opt/airflow/dags/ingest.py took 0.267 seconds
[2026-04-25T11:49:37.109+0000] {processor.py:161} INFO - Started process (PID=863) to work on /opt/airflow/dags/ingest.py
[2026-04-25T11:49:37.110+0000] {processor.py:830} INFO - Processing file /opt/airflow/dags/ingest.py for tasks to queue
[2026-04-25T11:49:37.112+0000] {logging_mixin.py:188} INFO - [2026-04-25T11:49:37.112+0000] {dagbag.py:545} INFO - Filling up the DagBag from /opt/airflow/dags/ingest.py
[2026-04-25T11:49:37.132+0000] {processor.py:840} INFO - DAG(s) 'ingest_pipeline' retrieved from /opt/airflow/dags/ingest.py
[2026-04-25T11:49:37.163+0000] {logging_mixin.py:188} INFO - [2026-04-25T11:49:37.163+0000] {dag.py:3096} INFO - Sync 1 DAGs
[2026-04-25T11:49:37.189+0000] {logging_mixin.py:188} INFO - [2026-04-25T11:49:37.188+0000] {dag.py:3954} INFO - Setting next_dagrun for ingest_pipeline to 2026-04-25 00:00:00+00:00, run_after=2026-04-26 00:00:00+00:00
[2026-04-25T11:49:37.226+0000] {processor.py:183} INFO - Processing /opt/airflow/dags/ingest.py took 0.123 seconds
[2026-04-25T11:50:07.892+0000] {processor.py:161} INFO - Started process (PID=873) to work on /opt/airflow/dags/ingest.py
[2026-04-25T11:50:07.894+0000] {processor.py:830} INFO - Processing file /opt/airflow/dags/ingest.py for tasks to queue
[2026-04-25T11:50:07.896+0000] {logging_mixin.py:188} INFO - [2026-04-25T11:50:07.896+0000] {dagbag.py:545} INFO - Filling up the DagBag from /opt/airflow/dags/ingest.py
[2026-04-25T11:50:07.958+0000] {processor.py:840} INFO - DAG(s) 'ingest_pipeline' retrieved from /opt/airflow/dags/ingest.py
[2026-04-25T11:50:07.994+0000] {logging_mixin.py:188} INFO - [2026-04-25T11:50:07.994+0000] {dag.py:3096} INFO - Sync 1 DAGs
[2026-04-25T11:50:08.018+0000] {logging_mixin.py:188} INFO - [2026-04-25T11:50:08.018+0000] {dag.py:3954} INFO - Setting next_dagrun for ingest_pipeline to 2026-04-25 00:00:00+00:00, run_after=2026-04-26 00:00:00+00:00
[2026-04-25T11:50:08.042+0000] {processor.py:183} INFO - Processing /opt/airflow/dags/ingest.py took 0.157 seconds
[2026-04-25T11:50:38.423+0000] {processor.py:161} INFO - Started process (PID=883) to work on /opt/airflow/dags/ingest.py
[2026-04-25T11:50:38.424+0000] {processor.py:830} INFO - Processing file /opt/airflow/dags/ingest.py for tasks to queue
[2026-04-25T11:50:38.426+0000] {logging_mixin.py:188} INFO - [2026-04-25T11:50:38.426+0000] {dagbag.py:545} INFO - Filling up the DagBag from /opt/airflow/dags/ingest.py
[2026-04-25T11:50:38.453+0000] {processor.py:840} INFO - DAG(s) 'ingest_pipeline' retrieved from /opt/airflow/dags/ingest.py
[2026-04-25T11:50:38.482+0000] {logging_mixin.py:188} INFO - [2026-04-25T11:50:38.482+0000] {dag.py:3096} INFO - Sync 1 DAGs
[2026-04-25T11:50:38.504+0000] {logging_mixin.py:188} INFO - [2026-04-25T11:50:38.504+0000] {dag.py:3954} INFO - Setting next_dagrun for ingest_pipeline to 2026-04-25 00:00:00+00:00, run_after=2026-04-26 00:00:00+00:00
[2026-04-25T11:50:38.551+0000] {processor.py:183} INFO - Processing /opt/airflow/dags/ingest.py took 0.134 seconds
[2026-04-25T11:51:08.951+0000] {processor.py:161} INFO - Started process (PID=897) to work on /opt/airflow/dags/ingest.py
[2026-04-25T11:51:08.955+0000] {processor.py:830} INFO - Processing file /opt/airflow/dags/ingest.py for tasks to queue
[2026-04-25T11:51:08.959+0000] {logging_mixin.py:188} INFO - [2026-04-25T11:51:08.959+0000] {dagbag.py:545} INFO - Filling up the DagBag from /opt/airflow/dags/ingest.py
[2026-04-25T11:51:09.018+0000] {processor.py:840} INFO - DAG(s) 'ingest_pipeline' retrieved from /opt/airflow/dags/ingest.py
[2026-04-25T11:51:09.055+0000] {logging_mixin.py:188} INFO - [2026-04-25T11:51:09.055+0000] {dag.py:3096} INFO - Sync 1 DAGs
[2026-04-25T11:51:09.087+0000] {logging_mixin.py:188} INFO - [2026-04-25T11:51:09.087+0000] {dag.py:3954} INFO - Setting next_dagrun for ingest_pipeline to 2026-04-25 00:00:00+00:00, run_after=2026-04-26 00:00:00+00:00
[2026-04-25T11:51:09.120+0000] {processor.py:183} INFO - Processing /opt/airflow/dags/ingest.py took 0.175 seconds
[2026-04-25T11:51:39.495+0000] {processor.py:161} INFO - Started process (PID=907) to work on /opt/airflow/dags/ingest.py
[2026-04-25T11:51:39.496+0000] {processor.py:830} INFO - Processing file /opt/airflow/dags/ingest.py for tasks to queue
[2026-04-25T11:51:39.499+0000] {logging_mixin.py:188} INFO - [2026-04-25T11:51:39.498+0000] {dagbag.py:545} INFO - Filling up the DagBag from /opt/airflow/dags/ingest.py
[2026-04-25T11:51:39.566+0000] {processor.py:840} INFO - DAG(s) 'ingest_pipeline' retrieved from /opt/airflow/dags/ingest.py
[2026-04-25T11:51:39.611+0000] {logging_mixin.py:188} INFO - [2026-04-25T11:51:39.611+0000] {dag.py:3096} INFO - Sync 1 DAGs
[2026-04-25T11:51:39.636+0000] {logging_mixin.py:188} INFO - [2026-04-25T11:51:39.635+0000] {dag.py:3954} INFO - Setting next_dagrun for ingest_pipeline to 2026-04-25 00:00:00+00:00, run_after=2026-04-26 00:00:00+00:00
[2026-04-25T11:51:39.657+0000] {processor.py:183} INFO - Processing /opt/airflow/dags/ingest.py took 0.188 seconds
[2026-04-25T11:52:10.229+0000] {processor.py:161} INFO - Started process (PID=921) to work on /opt/airflow/dags/ingest.py
[2026-04-25T11:52:10.230+0000] {processor.py:830} INFO - Processing file /opt/airflow/dags/ingest.py for tasks to queue
[2026-04-25T11:52:10.232+0000] {logging_mixin.py:188} INFO - [2026-04-25T11:52:10.232+0000] {dagbag.py:545} INFO - Filling up the DagBag from /opt/airflow/dags/ingest.py
[2026-04-25T11:52:10.274+0000] {processor.py:840} INFO - DAG(s) 'ingest_pipeline' retrieved from /opt/airflow/dags/ingest.py
[2026-04-25T11:52:10.304+0000] {logging_mixin.py:188} INFO - [2026-04-25T11:52:10.304+0000] {dag.py:3096} INFO - Sync 1 DAGs
[2026-04-25T11:52:10.325+0000] {logging_mixin.py:188} INFO - [2026-04-25T11:52:10.324+0000] {dag.py:3954} INFO - Setting next_dagrun for ingest_pipeline to 2026-04-25 00:00:00+00:00, run_after=2026-04-26 00:00:00+00:00
[2026-04-25T11:52:10.346+0000] {processor.py:183} INFO - Processing /opt/airflow/dags/ingest.py took 0.122 seconds
[2026-04-25T11:52:40.825+0000] {processor.py:161} INFO - Started process (PID=943) to work on /opt/airflow/dags/ingest.py
[2026-04-25T11:52:40.828+0000] {processor.py:830} INFO - Processing file /opt/airflow/dags/ingest.py for tasks to queue
[2026-04-25T11:52:40.832+0000] {logging_mixin.py:188} INFO - [2026-04-25T11:52:40.831+0000] {dagbag.py:545} INFO - Filling up the DagBag from /opt/airflow/dags/ingest.py
[2026-04-25T11:52:40.894+0000] {processor.py:840} INFO - DAG(s) 'ingest_pipeline' retrieved from /opt/airflow/dags/ingest.py
[2026-04-25T11:52:40.932+0000] {logging_mixin.py:188} INFO - [2026-04-25T11:52:40.932+0000] {dag.py:3096} INFO - Sync 1 DAGs
[2026-04-25T11:52:40.961+0000] {logging_mixin.py:188} INFO - [2026-04-25T11:52:40.961+0000] {dag.py:3954} INFO - Setting next_dagrun for ingest_pipeline to 2026-04-25 00:00:00+00:00, run_after=2026-04-26 00:00:00+00:00
[2026-04-25T11:52:41.010+0000] {processor.py:183} INFO - Processing /opt/airflow/dags/ingest.py took 0.194 seconds
[2026-04-25T11:53:11.498+0000] {processor.py:161} INFO - Started process (PID=953) to work on /opt/airflow/dags/ingest.py
[2026-04-25T11:53:11.501+0000] {processor.py:830} INFO - Processing file /opt/airflow/dags/ingest.py for tasks to queue
[2026-04-25T11:53:11.504+0000] {logging_mixin.py:188} INFO - [2026-04-25T11:53:11.504+0000] {dagbag.py:545} INFO - Filling up the DagBag from /opt/airflow/dags/ingest.py
[2026-04-25T11:53:11.599+0000] {processor.py:840} INFO - DAG(s) 'ingest_pipeline' retrieved from /opt/airflow/dags/ingest.py
[2026-04-25T11:53:11.646+0000] {logging_mixin.py:188} INFO - [2026-04-25T11:53:11.646+0000] {dag.py:3096} INFO - Sync 1 DAGs
[2026-04-25T11:53:11.692+0000] {logging_mixin.py:188} INFO - [2026-04-25T11:53:11.691+0000] {dag.py:3954} INFO - Setting next_dagrun for ingest_pipeline to 2026-04-25 00:00:00+00:00, run_after=2026-04-26 00:00:00+00:00
[2026-04-25T11:53:11.738+0000] {processor.py:183} INFO - Processing /opt/airflow/dags/ingest.py took 0.255 seconds
[2026-04-25T11:53:41.841+0000] {processor.py:161} INFO - Started process (PID=969) to work on /opt/airflow/dags/ingest.py
[2026-04-25T11:53:41.843+0000] {processor.py:830} INFO - Processing file /opt/airflow/dags/ingest.py for tasks to queue
[2026-04-25T11:53:41.846+0000] {logging_mixin.py:188} INFO - [2026-04-25T11:53:41.845+0000] {dagbag.py:545} INFO - Filling up the DagBag from /opt/airflow/dags/ingest.py
[2026-04-25T11:53:41.915+0000] {processor.py:840} INFO - DAG(s) 'ingest_pipeline' retrieved from /opt/airflow/dags/ingest.py
[2026-04-25T11:53:41.958+0000] {logging_mixin.py:188} INFO - [2026-04-25T11:53:41.958+0000] {dag.py:3096} INFO - Sync 1 DAGs
[2026-04-25T11:53:41.981+0000] {logging_mixin.py:188} INFO - [2026-04-25T11:53:41.981+0000] {dag.py:3954} INFO - Setting next_dagrun for ingest_pipeline to 2026-04-25 00:00:00+00:00, run_after=2026-04-26 00:00:00+00:00
[2026-04-25T11:53:42.005+0000] {processor.py:183} INFO - Processing /opt/airflow/dags/ingest.py took 0.170 seconds
[2026-04-25T11:54:12.507+0000] {processor.py:161} INFO - Started process (PID=985) to work on /opt/airflow/dags/ingest.py
[2026-04-25T11:54:12.508+0000] {processor.py:830} INFO - Processing file /opt/airflow/dags/ingest.py for tasks to queue
[2026-04-25T11:54:12.511+0000] {logging_mixin.py:188} INFO - [2026-04-25T11:54:12.510+0000] {dagbag.py:545} INFO - Filling up the DagBag from /opt/airflow/dags/ingest.py
[2026-04-25T11:54:12.547+0000] {processor.py:840} INFO - DAG(s) 'ingest_pipeline' retrieved from /opt/airflow/dags/ingest.py
[2026-04-25T11:54:12.581+0000] {logging_mixin.py:188} INFO - [2026-04-25T11:54:12.581+0000] {dag.py:3096} INFO - Sync 1 DAGs
[2026-04-25T11:54:12.611+0000] {logging_mixin.py:188} INFO - [2026-04-25T11:54:12.611+0000] {dag.py:3954} INFO - Setting next_dagrun for ingest_pipeline to 2026-04-25 00:00:00+00:00, run_after=2026-04-26 00:00:00+00:00
[2026-04-25T11:54:12.643+0000] {processor.py:183} INFO - Processing /opt/airflow/dags/ingest.py took 0.145 seconds
[2026-04-25T11:54:43.121+0000] {processor.py:161} INFO - Started process (PID=995) to work on /opt/airflow/dags/ingest.py
[2026-04-25T11:54:43.122+0000] {processor.py:830} INFO - Processing file /opt/airflow/dags/ingest.py for tasks to queue
[2026-04-25T11:54:43.124+0000] {logging_mixin.py:188} INFO - [2026-04-25T11:54:43.123+0000] {dagbag.py:545} INFO - Filling up the DagBag from /opt/airflow/dags/ingest.py
[2026-04-25T11:54:43.146+0000] {processor.py:840} INFO - DAG(s) 'ingest_pipeline' retrieved from /opt/airflow/dags/ingest.py
[2026-04-25T11:54:43.180+0000] {logging_mixin.py:188} INFO - [2026-04-25T11:54:43.179+0000] {dag.py:3096} INFO - Sync 1 DAGs
[2026-04-25T11:54:43.203+0000] {logging_mixin.py:188} INFO - [2026-04-25T11:54:43.203+0000] {dag.py:3954} INFO - Setting next_dagrun for ingest_pipeline to 2026-04-25 00:00:00+00:00, run_after=2026-04-26 00:00:00+00:00
[2026-04-25T11:54:43.234+0000] {processor.py:183} INFO - Processing /opt/airflow/dags/ingest.py took 0.118 seconds
[2026-04-25T11:55:13.666+0000] {processor.py:161} INFO - Started process (PID=1005) to work on /opt/airflow/dags/ingest.py
[2026-04-25T11:55:13.668+0000] {processor.py:830} INFO - Processing file /opt/airflow/dags/ingest.py for tasks to queue
[2026-04-25T11:55:13.671+0000] {logging_mixin.py:188} INFO - [2026-04-25T11:55:13.670+0000] {dagbag.py:545} INFO - Filling up the DagBag from /opt/airflow/dags/ingest.py
[2026-04-25T11:55:13.706+0000] {processor.py:840} INFO - DAG(s) 'ingest_pipeline' retrieved from /opt/airflow/dags/ingest.py
[2026-04-25T11:55:13.739+0000] {logging_mixin.py:188} INFO - [2026-04-25T11:55:13.738+0000] {dag.py:3096} INFO - Sync 1 DAGs
[2026-04-25T11:55:13.762+0000] {logging_mixin.py:188} INFO - [2026-04-25T11:55:13.761+0000] {dag.py:3954} INFO - Setting next_dagrun for ingest_pipeline to 2026-04-25 00:00:00+00:00, run_after=2026-04-26 00:00:00+00:00
[2026-04-25T11:55:13.807+0000] {processor.py:183} INFO - Processing /opt/airflow/dags/ingest.py took 0.150 seconds
[2026-04-25T11:55:44.411+0000] {processor.py:161} INFO - Started process (PID=1015) to work on /opt/airflow/dags/ingest.py
[2026-04-25T11:55:44.412+0000] {processor.py:830} INFO - Processing file /opt/airflow/dags/ingest.py for tasks to queue
[2026-04-25T11:55:44.414+0000] {logging_mixin.py:188} INFO - [2026-04-25T11:55:44.413+0000] {dagbag.py:545} INFO - Filling up the DagBag from /opt/airflow/dags/ingest.py
[2026-04-25T11:55:44.434+0000] {processor.py:840} INFO - DAG(s) 'ingest_pipeline' retrieved from /opt/airflow/dags/ingest.py
[2026-04-25T11:55:44.465+0000] {logging_mixin.py:188} INFO - [2026-04-25T11:55:44.465+0000] {dag.py:3096} INFO - Sync 1 DAGs
[2026-04-25T11:55:44.489+0000] {logging_mixin.py:188} INFO - [2026-04-25T11:55:44.488+0000] {dag.py:3954} INFO - Setting next_dagrun for ingest_pipeline to 2026-04-25 00:00:00+00:00, run_after=2026-04-26 00:00:00+00:00
[2026-04-25T11:55:44.511+0000] {processor.py:183} INFO - Processing /opt/airflow/dags/ingest.py took 0.105 seconds
[2026-04-25T11:56:15.090+0000] {processor.py:161} INFO - Started process (PID=1025) to work on /opt/airflow/dags/ingest.py
[2026-04-25T11:56:15.092+0000] {processor.py:830} INFO - Processing file /opt/airflow/dags/ingest.py for tasks to queue
[2026-04-25T11:56:15.096+0000] {logging_mixin.py:188} INFO - [2026-04-25T11:56:15.095+0000] {dagbag.py:545} INFO - Filling up the DagBag from /opt/airflow/dags/ingest.py
[2026-04-25T11:56:15.161+0000] {processor.py:840} INFO - DAG(s) 'ingest_pipeline' retrieved from /opt/airflow/dags/ingest.py
[2026-04-25T11:56:15.194+0000] {logging_mixin.py:188} INFO - [2026-04-25T11:56:15.194+0000] {dag.py:3096} INFO - Sync 1 DAGs
[2026-04-25T11:56:15.218+0000] {logging_mixin.py:188} INFO - [2026-04-25T11:56:15.218+0000] {dag.py:3954} INFO - Setting next_dagrun for ingest_pipeline to 2026-04-25 00:00:00+00:00, run_after=2026-04-26 00:00:00+00:00
[2026-04-25T11:56:15.244+0000] {processor.py:183} INFO - Processing /opt/airflow/dags/ingest.py took 0.163 seconds
[2026-04-25T11:56:45.567+0000] {processor.py:161} INFO - Started process (PID=1035) to work on /opt/airflow/dags/ingest.py
[2026-04-25T11:56:45.568+0000] {processor.py:830} INFO - Processing file /opt/airflow/dags/ingest.py for tasks to queue
[2026-04-25T11:56:45.570+0000] {logging_mixin.py:188} INFO - [2026-04-25T11:56:45.570+0000] {dagbag.py:545} INFO - Filling up the DagBag from /opt/airflow/dags/ingest.py
[2026-04-25T11:56:45.599+0000] {processor.py:840} INFO - DAG(s) 'ingest_pipeline' retrieved from /opt/airflow/dags/ingest.py
[2026-04-25T11:56:45.631+0000] {logging_mixin.py:188} INFO - [2026-04-25T11:56:45.631+0000] {dag.py:3096} INFO - Sync 1 DAGs
[2026-04-25T11:56:45.663+0000] {logging_mixin.py:188} INFO - [2026-04-25T11:56:45.662+0000] {dag.py:3954} INFO - Setting next_dagrun for ingest_pipeline to 2026-04-25 00:00:00+00:00, run_after=2026-04-26 00:00:00+00:00
[2026-04-25T11:56:45.686+0000] {processor.py:183} INFO - Processing /opt/airflow/dags/ingest.py took 0.125 seconds
[2026-04-25T11:57:16.371+0000] {processor.py:161} INFO - Started process (PID=1051) to work on /opt/airflow/dags/ingest.py
[2026-04-25T11:57:16.373+0000] {processor.py:830} INFO - Processing file /opt/airflow/dags/ingest.py for tasks to queue
[2026-04-25T11:57:16.379+0000] {logging_mixin.py:188} INFO - [2026-04-25T11:57:16.377+0000] {dagbag.py:545} INFO - Filling up the DagBag from /opt/airflow/dags/ingest.py
[2026-04-25T11:57:16.432+0000] {processor.py:840} INFO - DAG(s) 'ingest_pipeline' retrieved from /opt/airflow/dags/ingest.py
[2026-04-25T11:57:16.474+0000] {logging_mixin.py:188} INFO - [2026-04-25T11:57:16.474+0000] {dag.py:3096} INFO - Sync 1 DAGs
[2026-04-25T11:57:16.502+0000] {logging_mixin.py:188} INFO - [2026-04-25T11:57:16.501+0000] {dag.py:3954} INFO - Setting next_dagrun for ingest_pipeline to 2026-04-25 00:00:00+00:00, run_after=2026-04-26 00:00:00+00:00
[2026-04-25T11:57:16.531+0000] {processor.py:183} INFO - Processing /opt/airflow/dags/ingest.py took 0.168 seconds
[2026-04-25T11:57:47.012+0000] {processor.py:161} INFO - Started process (PID=1061) to work on /opt/airflow/dags/ingest.py
[2026-04-25T11:57:47.014+0000] {processor.py:830} INFO - Processing file /opt/airflow/dags/ingest.py for tasks to queue
[2026-04-25T11:57:47.016+0000] {logging_mixin.py:188} INFO - [2026-04-25T11:57:47.015+0000] {dagbag.py:545} INFO - Filling up the DagBag from /opt/airflow/dags/ingest.py
[2026-04-25T11:57:47.044+0000] {processor.py:840} INFO - DAG(s) 'ingest_pipeline' retrieved from /opt/airflow/dags/ingest.py
[2026-04-25T11:57:47.077+0000] {logging_mixin.py:188} INFO - [2026-04-25T11:57:47.077+0000] {dag.py:3096} INFO - Sync 1 DAGs
[2026-04-25T11:57:47.102+0000] {logging_mixin.py:188} INFO - [2026-04-25T11:57:47.102+0000] {dag.py:3954} INFO - Setting next_dagrun for ingest_pipeline to 2026-04-25 00:00:00+00:00, run_after=2026-04-26 00:00:00+00:00
[2026-04-25T11:57:47.142+0000] {processor.py:183} INFO - Processing /opt/airflow/dags/ingest.py took 0.135 seconds
[2026-04-25T11:58:17.558+0000] {processor.py:161} INFO - Started process (PID=1071) to work on /opt/airflow/dags/ingest.py
[2026-04-25T11:58:17.560+0000] {processor.py:830} INFO - Processing file /opt/airflow/dags/ingest.py for tasks to queue
[2026-04-25T11:58:17.562+0000] {logging_mixin.py:188} INFO - [2026-04-25T11:58:17.562+0000] {dagbag.py:545} INFO - Filling up the DagBag from /opt/airflow/dags/ingest.py
[2026-04-25T11:58:17.587+0000] {processor.py:840} INFO - DAG(s) 'ingest_pipeline' retrieved from /opt/airflow/dags/ingest.py
[2026-04-25T11:58:17.620+0000] {logging_mixin.py:188} INFO - [2026-04-25T11:58:17.620+0000] {dag.py:3096} INFO - Sync 1 DAGs
[2026-04-25T11:58:17.644+0000] {logging_mixin.py:188} INFO - [2026-04-25T11:58:17.644+0000] {dag.py:3954} INFO - Setting next_dagrun for ingest_pipeline to 2026-04-25 00:00:00+00:00, run_after=2026-04-26 00:00:00+00:00
[2026-04-25T11:58:17.695+0000] {processor.py:183} INFO - Processing /opt/airflow/dags/ingest.py took 0.143 seconds
[2026-04-25T11:58:48.189+0000] {processor.py:161} INFO - Started process (PID=1081) to work on /opt/airflow/dags/ingest.py
[2026-04-25T11:58:48.191+0000] {processor.py:830} INFO - Processing file /opt/airflow/dags/ingest.py for tasks to queue
[2026-04-25T11:58:48.194+0000] {logging_mixin.py:188} INFO - [2026-04-25T11:58:48.193+0000] {dagbag.py:545} INFO - Filling up the DagBag from /opt/airflow/dags/ingest.py
[2026-04-25T11:58:48.238+0000] {processor.py:840} INFO - DAG(s) 'ingest_pipeline' retrieved from /opt/airflow/dags/ingest.py
[2026-04-25T11:58:48.274+0000] {logging_mixin.py:188} INFO - [2026-04-25T11:58:48.274+0000] {dag.py:3096} INFO - Sync 1 DAGs
[2026-04-25T11:58:48.298+0000] {logging_mixin.py:188} INFO - [2026-04-25T11:58:48.298+0000] {dag.py:3954} INFO - Setting next_dagrun for ingest_pipeline to 2026-04-25 00:00:00+00:00, run_after=2026-04-26 00:00:00+00:00
[2026-04-25T11:58:48.331+0000] {processor.py:183} INFO - Processing /opt/airflow/dags/ingest.py took 0.152 seconds
[2026-04-25T11:59:18.687+0000] {processor.py:161} INFO - Started process (PID=1091) to work on /opt/airflow/dags/ingest.py
[2026-04-25T11:59:18.688+0000] {processor.py:830} INFO - Processing file /opt/airflow/dags/ingest.py for tasks to queue
[2026-04-25T11:59:18.691+0000] {logging_mixin.py:188} INFO - [2026-04-25T11:59:18.690+0000] {dagbag.py:545} INFO - Filling up the DagBag from /opt/airflow/dags/ingest.py
[2026-04-25T11:59:18.731+0000] {processor.py:840} INFO - DAG(s) 'ingest_pipeline' retrieved from /opt/airflow/dags/ingest.py
[2026-04-25T11:59:18.768+0000] {logging_mixin.py:188} INFO - [2026-04-25T11:59:18.767+0000] {dag.py:3096} INFO - Sync 1 DAGs
[2026-04-25T11:59:18.793+0000] {logging_mixin.py:188} INFO - [2026-04-25T11:59:18.792+0000] {dag.py:3954} INFO - Setting next_dagrun for ingest_pipeline to 2026-04-25 00:00:00+00:00, run_after=2026-04-26 00:00:00+00:00
[2026-04-25T11:59:18.827+0000] {processor.py:183} INFO - Processing /opt/airflow/dags/ingest.py took 0.148 seconds
[2026-04-25T11:59:49.307+0000] {processor.py:161} INFO - Started process (PID=1101) to work on /opt/airflow/dags/ingest.py
[2026-04-25T11:59:49.311+0000] {processor.py:830} INFO - Processing file /opt/airflow/dags/ingest.py for tasks to queue
[2026-04-25T11:59:49.316+0000] {logging_mixin.py:188} INFO - [2026-04-25T11:59:49.315+0000] {dagbag.py:545} INFO - Filling up the DagBag from /opt/airflow/dags/ingest.py
[2026-04-25T11:59:49.593+0000] {processor.py:840} INFO - DAG(s) 'ingest_pipeline' retrieved from /opt/airflow/dags/ingest.py
[2026-04-25T11:59:49.633+0000] {logging_mixin.py:188} INFO - [2026-04-25T11:59:49.633+0000] {dag.py:3096} INFO - Sync 1 DAGs
[2026-04-25T11:59:49.658+0000] {logging_mixin.py:188} INFO - [2026-04-25T11:59:49.658+0000] {dag.py:3954} INFO - Setting next_dagrun for ingest_pipeline to 2026-04-25 00:00:00+00:00, run_after=2026-04-26 00:00:00+00:00
[2026-04-25T11:59:49.686+0000] {processor.py:183} INFO - Processing /opt/airflow/dags/ingest.py took 0.385 seconds
[2026-04-25T12:00:19.911+0000] {processor.py:161} INFO - Started process (PID=1111) to work on /opt/airflow/dags/ingest.py
[2026-04-25T12:00:19.913+0000] {processor.py:830} INFO - Processing file /opt/airflow/dags/ingest.py for tasks to queue
[2026-04-25T12:00:19.916+0000] {logging_mixin.py:188} INFO - [2026-04-25T12:00:19.916+0000] {dagbag.py:545} INFO - Filling up the DagBag from /opt/airflow/dags/ingest.py
[2026-04-25T12:00:19.963+0000] {processor.py:840} INFO - DAG(s) 'ingest_pipeline' retrieved from /opt/airflow/dags/ingest.py
[2026-04-25T12:00:19.997+0000] {logging_mixin.py:188} INFO - [2026-04-25T12:00:19.996+0000] {dag.py:3096} INFO - Sync 1 DAGs
[2026-04-25T12:00:20.021+0000] {logging_mixin.py:188} INFO - [2026-04-25T12:00:20.021+0000] {dag.py:3954} INFO - Setting next_dagrun for ingest_pipeline to 2026-04-25 00:00:00+00:00, run_after=2026-04-26 00:00:00+00:00
[2026-04-25T12:00:20.043+0000] {processor.py:183} INFO - Processing /opt/airflow/dags/ingest.py took 0.138 seconds
[2026-04-25T12:00:50.424+0000] {processor.py:161} INFO - Started process (PID=1121) to work on /opt/airflow/dags/ingest.py
[2026-04-25T12:00:50.426+0000] {processor.py:830} INFO - Processing file /opt/airflow/dags/ingest.py for tasks to queue
[2026-04-25T12:00:50.428+0000] {logging_mixin.py:188} INFO - [2026-04-25T12:00:50.427+0000] {dagbag.py:545} INFO - Filling up the DagBag from /opt/airflow/dags/ingest.py
[2026-04-25T12:00:50.460+0000] {processor.py:840} INFO - DAG(s) 'ingest_pipeline' retrieved from /opt/airflow/dags/ingest.py
[2026-04-25T12:00:50.495+0000] {logging_mixin.py:188} INFO - [2026-04-25T12:00:50.495+0000] {dag.py:3096} INFO - Sync 1 DAGs
[2026-04-25T12:00:50.519+0000] {logging_mixin.py:188} INFO - [2026-04-25T12:00:50.519+0000] {dag.py:3954} INFO - Setting next_dagrun for ingest_pipeline to 2026-04-25 00:00:00+00:00, run_after=2026-04-26 00:00:00+00:00
[2026-04-25T12:00:50.544+0000] {processor.py:183} INFO - Processing /opt/airflow/dags/ingest.py took 0.125 seconds
[2026-04-25T12:01:20.974+0000] {processor.py:161} INFO - Started process (PID=1131) to work on /opt/airflow/dags/ingest.py
[2026-04-25T12:01:20.976+0000] {processor.py:830} INFO - Processing file /opt/airflow/dags/ingest.py for tasks to queue
[2026-04-25T12:01:20.981+0000] {logging_mixin.py:188} INFO - [2026-04-25T12:01:20.980+0000] {dagbag.py:545} INFO - Filling up the DagBag from /opt/airflow/dags/ingest.py
[2026-04-25T12:01:21.030+0000] {processor.py:840} INFO - DAG(s) 'ingest_pipeline' retrieved from /opt/airflow/dags/ingest.py
[2026-04-25T12:01:21.066+0000] {logging_mixin.py:188} INFO - [2026-04-25T12:01:21.066+0000] {dag.py:3096} INFO - Sync 1 DAGs
[2026-04-25T12:01:21.091+0000] {logging_mixin.py:188} INFO - [2026-04-25T12:01:21.090+0000] {dag.py:3954} INFO - Setting next_dagrun for ingest_pipeline to 2026-04-25 00:00:00+00:00, run_after=2026-04-26 00:00:00+00:00
[2026-04-25T12:01:21.119+0000] {processor.py:183} INFO - Processing /opt/airflow/dags/ingest.py took 0.153 seconds
[2026-04-25T12:01:51.564+0000] {processor.py:161} INFO - Started process (PID=1141) to work on /opt/airflow/dags/ingest.py
[2026-04-25T12:01:51.565+0000] {processor.py:830} INFO - Processing file /opt/airflow/dags/ingest.py for tasks to queue
[2026-04-25T12:01:51.567+0000] {logging_mixin.py:188} INFO - [2026-04-25T12:01:51.567+0000] {dagbag.py:545} INFO - Filling up the DagBag from /opt/airflow/dags/ingest.py
[2026-04-25T12:01:51.600+0000] {processor.py:840} INFO - DAG(s) 'ingest_pipeline' retrieved from /opt/airflow/dags/ingest.py
[2026-04-25T12:01:51.637+0000] {logging_mixin.py:188} INFO - [2026-04-25T12:01:51.636+0000] {dag.py:3096} INFO - Sync 1 DAGs
[2026-04-25T12:01:51.663+0000] {logging_mixin.py:188} INFO - [2026-04-25T12:01:51.663+0000] {dag.py:3954} INFO - Setting next_dagrun for ingest_pipeline to 2026-04-25 00:00:00+00:00, run_after=2026-04-26 00:00:00+00:00
[2026-04-25T12:01:51.689+0000] {processor.py:183} INFO - Processing /opt/airflow/dags/ingest.py took 0.132 seconds
[2026-04-25T12:02:22.298+0000] {processor.py:161} INFO - Started process (PID=1151) to work on /opt/airflow/dags/ingest.py
[2026-04-25T12:02:22.299+0000] {processor.py:830} INFO - Processing file /opt/airflow/dags/ingest.py for tasks to queue
[2026-04-25T12:02:22.300+0000] {logging_mixin.py:188} INFO - [2026-04-25T12:02:22.300+0000] {dagbag.py:545} INFO - Filling up the DagBag from /opt/airflow/dags/ingest.py
[2026-04-25T12:02:22.328+0000] {processor.py:840} INFO - DAG(s) 'ingest_pipeline' retrieved from /opt/airflow/dags/ingest.py
[2026-04-25T12:02:22.358+0000] {logging_mixin.py:188} INFO - [2026-04-25T12:02:22.357+0000] {dag.py:3096} INFO - Sync 1 DAGs
[2026-04-25T12:02:22.381+0000] {logging_mixin.py:188} INFO - [2026-04-25T12:02:22.380+0000] {dag.py:3954} INFO - Setting next_dagrun for ingest_pipeline to 2026-04-25 00:00:00+00:00, run_after=2026-04-26 00:00:00+00:00
[2026-04-25T12:02:22.402+0000] {processor.py:183} INFO - Processing /opt/airflow/dags/ingest.py took 0.110 seconds
[2026-04-25T12:02:52.937+0000] {processor.py:161} INFO - Started process (PID=1161) to work on /opt/airflow/dags/ingest.py
[2026-04-25T12:02:52.939+0000] {processor.py:830} INFO - Processing file /opt/airflow/dags/ingest.py for tasks to queue
[2026-04-25T12:02:52.941+0000] {logging_mixin.py:188} INFO - [2026-04-25T12:02:52.940+0000] {dagbag.py:545} INFO - Filling up the DagBag from /opt/airflow/dags/ingest.py
[2026-04-25T12:02:52.964+0000] {processor.py:840} INFO - DAG(s) 'ingest_pipeline' retrieved from /opt/airflow/dags/ingest.py
[2026-04-25T12:02:52.995+0000] {logging_mixin.py:188} INFO - [2026-04-25T12:02:52.995+0000] {dag.py:3096} INFO - Sync 1 DAGs
[2026-04-25T12:02:53.019+0000] {logging_mixin.py:188} INFO - [2026-04-25T12:02:53.019+0000] {dag.py:3954} INFO - Setting next_dagrun for ingest_pipeline to 2026-04-25 00:00:00+00:00, run_after=2026-04-26 00:00:00+00:00
[2026-04-25T12:02:53.046+0000] {processor.py:183} INFO - Processing /opt/airflow/dags/ingest.py took 0.114 seconds
[2026-04-25T12:03:23.281+0000] {processor.py:161} INFO - Started process (PID=1171) to work on /opt/airflow/dags/ingest.py
[2026-04-25T12:03:23.284+0000] {processor.py:830} INFO - Processing file /opt/airflow/dags/ingest.py for tasks to queue
[2026-04-25T12:03:23.287+0000] {logging_mixin.py:188} INFO - [2026-04-25T12:03:23.287+0000] {dagbag.py:545} INFO - Filling up the DagBag from /opt/airflow/dags/ingest.py
[2026-04-25T12:03:23.336+0000] {processor.py:840} INFO - DAG(s) 'ingest_pipeline' retrieved from /opt/airflow/dags/ingest.py
[2026-04-25T12:03:23.371+0000] {logging_mixin.py:188} INFO - [2026-04-25T12:03:23.370+0000] {dag.py:3096} INFO - Sync 1 DAGs
[2026-04-25T12:03:23.397+0000] {logging_mixin.py:188} INFO - [2026-04-25T12:03:23.397+0000] {dag.py:3954} INFO - Setting next_dagrun for ingest_pipeline to 2026-04-25 00:00:00+00:00, run_after=2026-04-26 00:00:00+00:00
[2026-04-25T12:03:23.434+0000] {processor.py:183} INFO - Processing /opt/airflow/dags/ingest.py took 0.164 seconds
[2026-04-25T12:03:57.426+0000] {processor.py:161} INFO - Started process (PID=1176) to work on /opt/airflow/dags/ingest.py
[2026-04-25T12:03:57.429+0000] {processor.py:830} INFO - Processing file /opt/airflow/dags/ingest.py for tasks to queue
[2026-04-25T12:03:57.434+0000] {logging_mixin.py:188} INFO - [2026-04-25T12:03:57.433+0000] {dagbag.py:545} INFO - Filling up the DagBag from /opt/airflow/dags/ingest.py
[2026-04-25T12:03:57.493+0000] {processor.py:840} INFO - DAG(s) 'ingest_pipeline' retrieved from /opt/airflow/dags/ingest.py
[2026-04-25T12:03:57.542+0000] {logging_mixin.py:188} INFO - [2026-04-25T12:03:57.541+0000] {dag.py:3096} INFO - Sync 1 DAGs
[2026-04-25T12:03:57.585+0000] {logging_mixin.py:188} INFO - [2026-04-25T12:03:57.585+0000] {dag.py:3954} INFO - Setting next_dagrun for ingest_pipeline to 2026-04-25 00:00:00+00:00, run_after=2026-04-26 00:00:00+00:00
[2026-04-25T12:03:57.618+0000] {processor.py:183} INFO - Processing /opt/airflow/dags/ingest.py took 0.201 seconds
[2026-04-25T12:22:39.679+0000] {processor.py:161} INFO - Started process (PID=1186) to work on /opt/airflow/dags/ingest.py
[2026-04-25T12:22:39.680+0000] {processor.py:830} INFO - Processing file /opt/airflow/dags/ingest.py for tasks to queue
[2026-04-25T12:22:39.683+0000] {logging_mixin.py:188} INFO - [2026-04-25T12:22:39.682+0000] {dagbag.py:545} INFO - Filling up the DagBag from /opt/airflow/dags/ingest.py
[2026-04-25T12:22:39.808+0000] {processor.py:840} INFO - DAG(s) 'ingest_pipeline' retrieved from /opt/airflow/dags/ingest.py
[2026-04-25T12:22:39.838+0000] {logging_mixin.py:188} INFO - [2026-04-25T12:22:39.837+0000] {dag.py:3096} INFO - Sync 1 DAGs
[2026-04-25T12:22:39.858+0000] {logging_mixin.py:188} INFO - [2026-04-25T12:22:39.858+0000] {dag.py:3954} INFO - Setting next_dagrun for ingest_pipeline to 2026-04-25 00:00:00+00:00, run_after=2026-04-26 00:00:00+00:00
[2026-04-25T12:22:39.881+0000] {processor.py:183} INFO - Processing /opt/airflow/dags/ingest.py took 0.209 seconds
[2026-04-25T12:23:10.204+0000] {processor.py:161} INFO - Started process (PID=1196) to work on /opt/airflow/dags/ingest.py
[2026-04-25T12:23:10.206+0000] {processor.py:830} INFO - Processing file /opt/airflow/dags/ingest.py for tasks to queue
[2026-04-25T12:23:10.209+0000] {logging_mixin.py:188} INFO - [2026-04-25T12:23:10.208+0000] {dagbag.py:545} INFO - Filling up the DagBag from /opt/airflow/dags/ingest.py
[2026-04-25T12:23:10.248+0000] {processor.py:840} INFO - DAG(s) 'ingest_pipeline' retrieved from /opt/airflow/dags/ingest.py
[2026-04-25T12:23:10.286+0000] {logging_mixin.py:188} INFO - [2026-04-25T12:23:10.285+0000] {dag.py:3096} INFO - Sync 1 DAGs
[2026-04-25T12:23:10.304+0000] {logging_mixin.py:188} INFO - [2026-04-25T12:23:10.304+0000] {dag.py:3954} INFO - Setting next_dagrun for ingest_pipeline to 2026-04-25 00:00:00+00:00, run_after=2026-04-26 00:00:00+00:00
[2026-04-25T12:23:10.323+0000] {processor.py:183} INFO - Processing /opt/airflow/dags/ingest.py took 0.139 seconds
