[2026-04-11T11:19:47.995+0000] {local_task_job_runner.py:120} INFO - ::group::Pre task execution logs
[2026-04-11T11:19:48.040+0000] {taskinstance.py:2076} INFO - Dependencies all met for dep_context=non-requeueable deps ti=<TaskInstance: ingest_pipeline.generate_data scheduled__2026-04-10T00:00:00+00:00 [queued]>
[2026-04-11T11:19:48.054+0000] {taskinstance.py:2076} INFO - Dependencies all met for dep_context=requeueable deps ti=<TaskInstance: ingest_pipeline.generate_data scheduled__2026-04-10T00:00:00+00:00 [queued]>
[2026-04-11T11:19:48.055+0000] {taskinstance.py:2306} INFO - Starting attempt 1 of 1
[2026-04-11T11:19:48.072+0000] {taskinstance.py:2330} INFO - Executing <Task(PythonOperator): generate_data> on 2026-04-10 00:00:00+00:00
[2026-04-11T11:19:48.080+0000] {standard_task_runner.py:90} INFO - Running: ['***', 'tasks', 'run', 'ingest_pipeline', 'generate_data', 'scheduled__2026-04-10T00:00:00+00:00', '--job-id', '3', '--raw', '--subdir', 'DAGS_FOLDER/ingest.py', '--cfg-path', '/tmp/tmpoqwqihwe']
[2026-04-11T11:19:48.084+0000] {logging_mixin.py:188} WARNING - /home/***/.local/lib/python3.12/site-packages/***/task/task_runner/standard_task_runner.py:61 DeprecationWarning: This process (pid=304) is multi-threaded, use of fork() may lead to deadlocks in the child.
[2026-04-11T11:19:48.085+0000] {standard_task_runner.py:91} INFO - Job 3: Subtask generate_data
[2026-04-11T11:19:48.085+0000] {standard_task_runner.py:63} INFO - Started process 305 to run task
[2026-04-11T11:19:48.156+0000] {task_command.py:426} INFO - Running <TaskInstance: ingest_pipeline.generate_data scheduled__2026-04-10T00:00:00+00:00 [running]> on host 215f6234d659
[2026-04-11T11:19:48.246+0000] {taskinstance.py:2648} INFO - Exporting env vars: AIRFLOW_CTX_DAG_OWNER='***' AIRFLOW_CTX_DAG_ID='ingest_pipeline' AIRFLOW_CTX_TASK_ID='generate_data' AIRFLOW_CTX_EXECUTION_DATE='2026-04-10T00:00:00+00:00' AIRFLOW_CTX_TRY_NUMBER='1' AIRFLOW_CTX_DAG_RUN_ID='scheduled__2026-04-10T00:00:00+00:00'
[2026-04-11T11:19:48.247+0000] {taskinstance.py:430} INFO - ::endgroup::
[2026-04-11T11:19:48.294+0000] {taskinstance.py:441} INFO - ::group::Post task execution logs
[2026-04-11T11:19:48.295+0000] {taskinstance.py:2905} ERROR - Task failed with exception
Traceback (most recent call last):
  File "/home/airflow/.local/lib/python3.12/site-packages/airflow/models/taskinstance.py", line 465, in _execute_task
    result = _execute_callable(context=context, **execute_callable_kwargs)
             ^^^^^^^^^^^^^^^^^^^^^^^^^^^^^^^^^^^^^^^^^^^^^^^^^^^^^^^^^^^^^
  File "/home/airflow/.local/lib/python3.12/site-packages/airflow/models/taskinstance.py", line 432, in _execute_callable
    return execute_callable(context=context, **execute_callable_kwargs)
           ^^^^^^^^^^^^^^^^^^^^^^^^^^^^^^^^^^^^^^^^^^^^^^^^^^^^^^^^^^^^
  File "/home/airflow/.local/lib/python3.12/site-packages/airflow/models/baseoperator.py", line 400, in wrapper
    return func(self, *args, **kwargs)
           ^^^^^^^^^^^^^^^^^^^^^^^^^^^
  File "/home/airflow/.local/lib/python3.12/site-packages/airflow/operators/python.py", line 235, in execute
    return_value = self.execute_callable()
                   ^^^^^^^^^^^^^^^^^^^^^^^
  File "/home/airflow/.local/lib/python3.12/site-packages/airflow/operators/python.py", line 252, in execute_callable
    return self.python_callable(*self.op_args, **self.op_kwargs)
           ^^^^^^^^^^^^^^^^^^^^^^^^^^^^^^^^^^^^^^^^^^^^^^^^^^^^^
  File "/opt/airflow/dags/ingest.py", line 10, in generate
    from dags.chaos_generator import generate_data
ModuleNotFoundError: No module named 'dags'
[2026-04-11T11:19:48.325+0000] {taskinstance.py:1206} INFO - Marking task as FAILED. dag_id=ingest_pipeline, task_id=generate_data, run_id=scheduled__2026-04-10T00:00:00+00:00, execution_date=20260410T000000, start_date=20260411T111948, end_date=20260411T111948
[2026-04-11T11:19:48.337+0000] {standard_task_runner.py:110} ERROR - Failed to execute job 3 for task generate_data (No module named 'dags'; 305)
[2026-04-11T11:19:48.381+0000] {local_task_job_runner.py:240} INFO - Task exited with return code 1
[2026-04-11T11:19:48.412+0000] {taskinstance.py:3498} INFO - 0 downstream tasks scheduled from follow-on schedule check
[2026-04-11T11:19:48.418+0000] {local_task_job_runner.py:222} INFO - ::endgroup::
[2026-04-11T11:25:52.208+0000] {local_task_job_runner.py:120} INFO - ::group::Pre task execution logs
[2026-04-11T11:25:52.249+0000] {taskinstance.py:2076} INFO - Dependencies all met for dep_context=non-requeueable deps ti=<TaskInstance: ingest_pipeline.generate_data scheduled__2026-04-10T00:00:00+00:00 [queued]>
[2026-04-11T11:25:52.260+0000] {taskinstance.py:2076} INFO - Dependencies all met for dep_context=requeueable deps ti=<TaskInstance: ingest_pipeline.generate_data scheduled__2026-04-10T00:00:00+00:00 [queued]>
[2026-04-11T11:25:52.261+0000] {taskinstance.py:2306} INFO - Starting attempt 1 of 1
[2026-04-11T11:25:52.280+0000] {taskinstance.py:2330} INFO - Executing <Task(PythonOperator): generate_data> on 2026-04-10 00:00:00+00:00
[2026-04-11T11:25:52.292+0000] {standard_task_runner.py:90} INFO - Running: ['***', 'tasks', 'run', 'ingest_pipeline', 'generate_data', 'scheduled__2026-04-10T00:00:00+00:00', '--job-id', '3', '--raw', '--subdir', 'DAGS_FOLDER/ingest.py', '--cfg-path', '/tmp/tmpi2b72cxb']
[2026-04-11T11:25:52.295+0000] {logging_mixin.py:188} WARNING - /home/***/.local/lib/python3.12/site-packages/***/task/task_runner/standard_task_runner.py:61 DeprecationWarning: This process (pid=298) is multi-threaded, use of fork() may lead to deadlocks in the child.
[2026-04-11T11:25:52.297+0000] {standard_task_runner.py:91} INFO - Job 3: Subtask generate_data
[2026-04-11T11:25:52.298+0000] {standard_task_runner.py:63} INFO - Started process 300 to run task
[2026-04-11T11:25:52.390+0000] {task_command.py:426} INFO - Running <TaskInstance: ingest_pipeline.generate_data scheduled__2026-04-10T00:00:00+00:00 [running]> on host c474dad22224
[2026-04-11T11:25:52.479+0000] {taskinstance.py:2648} INFO - Exporting env vars: AIRFLOW_CTX_DAG_OWNER='***' AIRFLOW_CTX_DAG_ID='ingest_pipeline' AIRFLOW_CTX_TASK_ID='generate_data' AIRFLOW_CTX_EXECUTION_DATE='2026-04-10T00:00:00+00:00' AIRFLOW_CTX_TRY_NUMBER='1' AIRFLOW_CTX_DAG_RUN_ID='scheduled__2026-04-10T00:00:00+00:00'
[2026-04-11T11:25:52.480+0000] {taskinstance.py:430} INFO - ::endgroup::
[2026-04-11T11:25:52.510+0000] {taskinstance.py:441} INFO - ::group::Post task execution logs
[2026-04-11T11:25:52.510+0000] {taskinstance.py:2905} ERROR - Task failed with exception
Traceback (most recent call last):
  File "/home/airflow/.local/lib/python3.12/site-packages/airflow/models/taskinstance.py", line 465, in _execute_task
    result = _execute_callable(context=context, **execute_callable_kwargs)
             ^^^^^^^^^^^^^^^^^^^^^^^^^^^^^^^^^^^^^^^^^^^^^^^^^^^^^^^^^^^^^
  File "/home/airflow/.local/lib/python3.12/site-packages/airflow/models/taskinstance.py", line 432, in _execute_callable
    return execute_callable(context=context, **execute_callable_kwargs)
           ^^^^^^^^^^^^^^^^^^^^^^^^^^^^^^^^^^^^^^^^^^^^^^^^^^^^^^^^^^^^
  File "/home/airflow/.local/lib/python3.12/site-packages/airflow/models/baseoperator.py", line 400, in wrapper
    return func(self, *args, **kwargs)
           ^^^^^^^^^^^^^^^^^^^^^^^^^^^
  File "/home/airflow/.local/lib/python3.12/site-packages/airflow/operators/python.py", line 235, in execute
    return_value = self.execute_callable()
                   ^^^^^^^^^^^^^^^^^^^^^^^
  File "/home/airflow/.local/lib/python3.12/site-packages/airflow/operators/python.py", line 252, in execute_callable
    return self.python_callable(*self.op_args, **self.op_kwargs)
           ^^^^^^^^^^^^^^^^^^^^^^^^^^^^^^^^^^^^^^^^^^^^^^^^^^^^^
  File "/opt/airflow/dags/ingest.py", line 10, in generate
    from dags.chaos_generator import generate_data
ModuleNotFoundError: No module named 'dags'
[2026-04-11T11:25:52.525+0000] {taskinstance.py:1206} INFO - Marking task as FAILED. dag_id=ingest_pipeline, task_id=generate_data, run_id=scheduled__2026-04-10T00:00:00+00:00, execution_date=20260410T000000, start_date=20260411T112552, end_date=20260411T112552
[2026-04-11T11:25:52.536+0000] {standard_task_runner.py:110} ERROR - Failed to execute job 3 for task generate_data (No module named 'dags'; 300)
[2026-04-11T11:25:52.556+0000] {local_task_job_runner.py:240} INFO - Task exited with return code 1
[2026-04-11T11:25:52.582+0000] {taskinstance.py:3498} INFO - 0 downstream tasks scheduled from follow-on schedule check
[2026-04-11T11:25:52.589+0000] {local_task_job_runner.py:222} INFO - ::endgroup::
[2026-04-11T11:35:34.156+0000] {local_task_job_runner.py:120} INFO - ::group::Pre task execution logs
[2026-04-11T11:35:34.216+0000] {taskinstance.py:2076} INFO - Dependencies all met for dep_context=non-requeueable deps ti=<TaskInstance: ingest_pipeline.generate_data scheduled__2026-04-10T00:00:00+00:00 [queued]>
[2026-04-11T11:35:34.231+0000] {taskinstance.py:2076} INFO - Dependencies all met for dep_context=requeueable deps ti=<TaskInstance: ingest_pipeline.generate_data scheduled__2026-04-10T00:00:00+00:00 [queued]>
[2026-04-11T11:35:34.232+0000] {taskinstance.py:2306} INFO - Starting attempt 1 of 1
[2026-04-11T11:35:34.263+0000] {taskinstance.py:2330} INFO - Executing <Task(PythonOperator): generate_data> on 2026-04-10 00:00:00+00:00
[2026-04-11T11:35:34.283+0000] {standard_task_runner.py:90} INFO - Running: ['***', 'tasks', 'run', 'ingest_pipeline', 'generate_data', 'scheduled__2026-04-10T00:00:00+00:00', '--job-id', '3', '--raw', '--subdir', 'DAGS_FOLDER/ingest.py', '--cfg-path', '/tmp/tmpccu14wfh']
[2026-04-11T11:35:34.289+0000] {logging_mixin.py:188} WARNING - /home/***/.local/lib/python3.12/site-packages/***/task/task_runner/standard_task_runner.py:61 DeprecationWarning: This process (pid=293) is multi-threaded, use of fork() may lead to deadlocks in the child.
[2026-04-11T11:35:34.290+0000] {standard_task_runner.py:91} INFO - Job 3: Subtask generate_data
[2026-04-11T11:35:34.290+0000] {standard_task_runner.py:63} INFO - Started process 296 to run task
[2026-04-11T11:35:34.459+0000] {task_command.py:426} INFO - Running <TaskInstance: ingest_pipeline.generate_data scheduled__2026-04-10T00:00:00+00:00 [running]> on host 2472c3e4cf34
[2026-04-11T11:35:34.588+0000] {taskinstance.py:2648} INFO - Exporting env vars: AIRFLOW_CTX_DAG_OWNER='***' AIRFLOW_CTX_DAG_ID='ingest_pipeline' AIRFLOW_CTX_TASK_ID='generate_data' AIRFLOW_CTX_EXECUTION_DATE='2026-04-10T00:00:00+00:00' AIRFLOW_CTX_TRY_NUMBER='1' AIRFLOW_CTX_DAG_RUN_ID='scheduled__2026-04-10T00:00:00+00:00'
[2026-04-11T11:35:34.591+0000] {taskinstance.py:430} INFO - ::endgroup::
[2026-04-11T11:35:34.615+0000] {logging_mixin.py:188} INFO - Data written. Chaos mode: True
[2026-04-11T11:35:34.616+0000] {python.py:237} INFO - Done. Returned value was: None
[2026-04-11T11:35:34.617+0000] {taskinstance.py:441} INFO - ::group::Post task execution logs
[2026-04-11T11:35:34.627+0000] {taskinstance.py:1206} INFO - Marking task as SUCCESS. dag_id=ingest_pipeline, task_id=generate_data, run_id=scheduled__2026-04-10T00:00:00+00:00, execution_date=20260410T000000, start_date=20260411T113534, end_date=20260411T113534
[2026-04-11T11:35:34.667+0000] {local_task_job_runner.py:240} INFO - Task exited with return code 0
[2026-04-11T11:35:34.707+0000] {taskinstance.py:3498} INFO - 1 downstream tasks scheduled from follow-on schedule check
[2026-04-11T11:35:34.713+0000] {local_task_job_runner.py:222} INFO - ::endgroup::
