[2026-04-10T11:43:11.785+0000] {local_task_job_runner.py:120} INFO - ::group::Pre task execution logs
[2026-04-10T11:43:11.824+0000] {taskinstance.py:2076} INFO - Dependencies all met for dep_context=non-requeueable deps ti=<TaskInstance: ingest_pipeline.ingest_data manual__2026-04-10T11:43:10.535028+00:00 [queued]>
[2026-04-10T11:43:11.834+0000] {taskinstance.py:2076} INFO - Dependencies all met for dep_context=requeueable deps ti=<TaskInstance: ingest_pipeline.ingest_data manual__2026-04-10T11:43:10.535028+00:00 [queued]>
[2026-04-10T11:43:11.836+0000] {taskinstance.py:2306} INFO - Starting attempt 1 of 1
[2026-04-10T11:43:11.857+0000] {taskinstance.py:2330} INFO - Executing <Task(PythonOperator): ingest_data> on 2026-04-10 11:43:10.535028+00:00
[2026-04-10T11:43:11.866+0000] {standard_task_runner.py:90} INFO - Running: ['***', 'tasks', 'run', 'ingest_pipeline', 'ingest_data', 'manual__2026-04-10T11:43:10.535028+00:00', '--job-id', '3', '--raw', '--subdir', 'DAGS_FOLDER/ingest.py', '--cfg-path', '/tmp/tmp9hx5hyr3']
[2026-04-10T11:43:11.868+0000] {logging_mixin.py:188} WARNING - /home/***/.local/lib/python3.12/site-packages/***/task/task_runner/standard_task_runner.py:61 DeprecationWarning: This process (pid=275) is multi-threaded, use of fork() may lead to deadlocks in the child.
[2026-04-10T11:43:11.870+0000] {standard_task_runner.py:91} INFO - Job 3: Subtask ingest_data
[2026-04-10T11:43:11.870+0000] {standard_task_runner.py:63} INFO - Started process 278 to run task
[2026-04-10T11:43:12.016+0000] {task_command.py:426} INFO - Running <TaskInstance: ingest_pipeline.ingest_data manual__2026-04-10T11:43:10.535028+00:00 [running]> on host 9b3329aa6dc3
[2026-04-10T11:43:12.129+0000] {taskinstance.py:2648} INFO - Exporting env vars: AIRFLOW_CTX_DAG_OWNER='***' AIRFLOW_CTX_DAG_ID='ingest_pipeline' AIRFLOW_CTX_TASK_ID='ingest_data' AIRFLOW_CTX_EXECUTION_DATE='2026-04-10T11:43:10.535028+00:00' AIRFLOW_CTX_TRY_NUMBER='1' AIRFLOW_CTX_DAG_RUN_ID='manual__2026-04-10T11:43:10.535028+00:00'
[2026-04-10T11:43:12.131+0000] {taskinstance.py:430} INFO - ::endgroup::
[2026-04-10T11:43:12.171+0000] {logging_mixin.py:188} INFO - Pipeline is running!
[2026-04-10T11:43:12.172+0000] {logging_mixin.py:188} INFO - Ingested: {'name': 'Alice', 'age': 30}
[2026-04-10T11:43:12.173+0000] {python.py:237} INFO - Done. Returned value was: None
[2026-04-10T11:43:12.174+0000] {taskinstance.py:441} INFO - ::group::Post task execution logs
[2026-04-10T11:43:12.186+0000] {taskinstance.py:1206} INFO - Marking task as SUCCESS. dag_id=ingest_pipeline, task_id=ingest_data, run_id=manual__2026-04-10T11:43:10.535028+00:00, execution_date=20260410T114310, start_date=20260410T114311, end_date=20260410T114312
[2026-04-10T11:43:12.246+0000] {local_task_job_runner.py:240} INFO - Task exited with return code 0
[2026-04-10T11:43:12.268+0000] {taskinstance.py:3498} INFO - 0 downstream tasks scheduled from follow-on schedule check
[2026-04-10T11:43:12.273+0000] {local_task_job_runner.py:222} INFO - ::endgroup::
