[2026-04-17T04:06:10.490+0000] {local_task_job_runner.py:120} INFO - ::group::Pre task execution logs
[2026-04-17T04:06:10.521+0000] {taskinstance.py:2076} INFO - Dependencies all met for dep_context=non-requeueable deps ti=<TaskInstance: ingest_pipeline.transform_data manual__2026-04-17T04:06:06.183288+00:00 [queued]>
[2026-04-17T04:06:10.532+0000] {taskinstance.py:2076} INFO - Dependencies all met for dep_context=requeueable deps ti=<TaskInstance: ingest_pipeline.transform_data manual__2026-04-17T04:06:06.183288+00:00 [queued]>
[2026-04-17T04:06:10.534+0000] {taskinstance.py:2306} INFO - Starting attempt 1 of 1
[2026-04-17T04:06:10.549+0000] {taskinstance.py:2330} INFO - Executing <Task(PythonOperator): transform_data> on 2026-04-17 04:06:06.183288+00:00
[2026-04-17T04:06:10.556+0000] {logging_mixin.py:188} WARNING - /home/***/.local/lib/python3.12/site-packages/***/task/task_runner/standard_task_runner.py:61 DeprecationWarning: This process (pid=754) is multi-threaded, use of fork() may lead to deadlocks in the child.
[2026-04-17T04:06:10.557+0000] {standard_task_runner.py:63} INFO - Started process 755 to run task
[2026-04-17T04:06:10.556+0000] {standard_task_runner.py:90} INFO - Running: ['***', 'tasks', 'run', 'ingest_pipeline', 'transform_data', 'manual__2026-04-17T04:06:06.183288+00:00', '--job-id', '36', '--raw', '--subdir', 'DAGS_FOLDER/ingest.py', '--cfg-path', '/tmp/tmp05c26igi']
[2026-04-17T04:06:10.557+0000] {standard_task_runner.py:91} INFO - Job 36: Subtask transform_data
[2026-04-17T04:06:10.619+0000] {task_command.py:426} INFO - Running <TaskInstance: ingest_pipeline.transform_data manual__2026-04-17T04:06:06.183288+00:00 [running]> on host 415e2d7d9f96
[2026-04-17T04:06:10.697+0000] {taskinstance.py:2648} INFO - Exporting env vars: AIRFLOW_CTX_DAG_OWNER='***' AIRFLOW_CTX_DAG_ID='ingest_pipeline' AIRFLOW_CTX_TASK_ID='transform_data' AIRFLOW_CTX_EXECUTION_DATE='2026-04-17T04:06:06.183288+00:00' AIRFLOW_CTX_TRY_NUMBER='1' AIRFLOW_CTX_DAG_RUN_ID='manual__2026-04-17T04:06:06.183288+00:00'
[2026-04-17T04:06:10.698+0000] {taskinstance.py:430} INFO - ::endgroup::
[2026-04-17T04:06:13.824+0000] {taskinstance.py:441} INFO - ::group::Post task execution logs
[2026-04-17T04:06:13.826+0000] {taskinstance.py:2905} ERROR - Task failed with exception
Traceback (most recent call last):
  File "/home/airflow/.local/lib/python3.12/site-packages/airflow/models/taskinstance.py", line 465, in _execute_task
    result = _execute_callable(context=context, **execute_callable_kwargs)
             ^^^^^^^^^^^^^^^^^^^^^^^^^^^^^^^^^^^^^^^^^^^^^^^^^^^^^^^^^^^^^
  File "/home/airflow/.local/lib/python3.12/site-packages/airflow/models/taskinstance.py", line 432, in _execute_callable
    return execute_callable(context=context, **execute_callable_kwargs)
           ^^^^^^^^^^^^^^^^^^^^^^^^^^^^^^^^^^^^^^^^^^^^^^^^^^^^^^^^^^^^
  File "/home/airflow/.local/lib/python3.12/site-packages/airflow/models/baseoperator.py", line 400, in wrapper
    return func(self, *args, **kwargs)
           ^^^^^^^^^^^^^^^^^^^^^^^^^^^
  File "/home/airflow/.local/lib/python3.12/site-packages/airflow/operators/python.py", line 235, in execute
    return_value = self.execute_callable()
                   ^^^^^^^^^^^^^^^^^^^^^^^
  File "/home/airflow/.local/lib/python3.12/site-packages/airflow/operators/python.py", line 252, in execute_callable
    return self.python_callable(*self.op_args, **self.op_kwargs)
           ^^^^^^^^^^^^^^^^^^^^^^^^^^^^^^^^^^^^^^^^^^^^^^^^^^^^^
  File "/opt/airflow/dags/ingest.py", line 79, in run_dbt
    raise Exception(result.stderr)
Exception: Usage: dbt run [OPTIONS]
Try 'dbt run -h' for help.

Error: Invalid value for '--project-dir': Path '/opt/***/dbt_project' does not exist.

[2026-04-17T04:06:13.855+0000] {taskinstance.py:1206} INFO - Marking task as FAILED. dag_id=ingest_pipeline, task_id=transform_data, run_id=manual__2026-04-17T04:06:06.183288+00:00, execution_date=20260417T040606, start_date=20260417T040610, end_date=20260417T040613
[2026-04-17T04:06:13.890+0000] {standard_task_runner.py:110} ERROR - Failed to execute job 36 for task transform_data (Usage: dbt run [OPTIONS]
Try 'dbt run -h' for help.

Error: Invalid value for '--project-dir': Path '/opt/***/dbt_project' does not exist.
; 755)
[2026-04-17T04:06:13.910+0000] {local_task_job_runner.py:240} INFO - Task exited with return code 1
[2026-04-17T04:06:13.947+0000] {taskinstance.py:3498} INFO - 0 downstream tasks scheduled from follow-on schedule check
[2026-04-17T04:06:13.954+0000] {local_task_job_runner.py:222} INFO - ::endgroup::
