[2026-04-27T09:36:54.002+0000] {local_task_job_runner.py:120} INFO - ::group::Pre task execution logs
[2026-04-27T09:36:54.066+0000] {taskinstance.py:2076} INFO - Dependencies all met for dep_context=non-requeueable deps ti=<TaskInstance: ingest_pipeline.generate_data manual__2026-04-27T09:36:53.563330+00:00 [queued]>
[2026-04-27T09:36:54.086+0000] {taskinstance.py:2076} INFO - Dependencies all met for dep_context=requeueable deps ti=<TaskInstance: ingest_pipeline.generate_data manual__2026-04-27T09:36:53.563330+00:00 [queued]>
[2026-04-27T09:36:54.087+0000] {taskinstance.py:2306} INFO - Starting attempt 1 of 1
[2026-04-27T09:36:54.106+0000] {taskinstance.py:2330} INFO - Executing <Task(PythonOperator): generate_data> on 2026-04-27 09:36:53.563330+00:00
[2026-04-27T09:36:54.118+0000] {logging_mixin.py:188} WARNING - /home/***/.local/lib/python3.12/site-packages/***/task/task_runner/standard_task_runner.py:61 DeprecationWarning: This process (pid=2130) is multi-threaded, use of fork() may lead to deadlocks in the child.
[2026-04-27T09:36:54.117+0000] {standard_task_runner.py:90} INFO - Running: ['***', 'tasks', 'run', 'ingest_pipeline', 'generate_data', 'manual__2026-04-27T09:36:53.563330+00:00', '--job-id', '170', '--raw', '--subdir', 'DAGS_FOLDER/ingest.py', '--cfg-path', '/tmp/tmp7g_8rbmc']
[2026-04-27T09:36:54.120+0000] {standard_task_runner.py:63} INFO - Started process 2131 to run task
[2026-04-27T09:36:54.121+0000] {standard_task_runner.py:91} INFO - Job 170: Subtask generate_data
[2026-04-27T09:36:54.234+0000] {task_command.py:426} INFO - Running <TaskInstance: ingest_pipeline.generate_data manual__2026-04-27T09:36:53.563330+00:00 [running]> on host c170d7ed2ddb
[2026-04-27T09:36:54.363+0000] {taskinstance.py:2648} INFO - Exporting env vars: AIRFLOW_CTX_DAG_OWNER='***' AIRFLOW_CTX_DAG_ID='ingest_pipeline' AIRFLOW_CTX_TASK_ID='generate_data' AIRFLOW_CTX_EXECUTION_DATE='2026-04-27T09:36:53.563330+00:00' AIRFLOW_CTX_TRY_NUMBER='1' AIRFLOW_CTX_DAG_RUN_ID='manual__2026-04-27T09:36:53.563330+00:00'
[2026-04-27T09:36:54.365+0000] {taskinstance.py:430} INFO - ::endgroup::
[2026-04-27T09:36:54.427+0000] {taskinstance.py:441} INFO - ::group::Post task execution logs
[2026-04-27T09:36:54.429+0000] {taskinstance.py:2905} ERROR - Task failed with exception
Traceback (most recent call last):
  File "/home/airflow/.local/lib/python3.12/site-packages/airflow/models/taskinstance.py", line 465, in _execute_task
    result = _execute_callable(context=context, **execute_callable_kwargs)
             ^^^^^^^^^^^^^^^^^^^^^^^^^^^^^^^^^^^^^^^^^^^^^^^^^^^^^^^^^^^^^
  File "/home/airflow/.local/lib/python3.12/site-packages/airflow/models/taskinstance.py", line 432, in _execute_callable
    return execute_callable(context=context, **execute_callable_kwargs)
           ^^^^^^^^^^^^^^^^^^^^^^^^^^^^^^^^^^^^^^^^^^^^^^^^^^^^^^^^^^^^
  File "/home/airflow/.local/lib/python3.12/site-packages/airflow/models/baseoperator.py", line 400, in wrapper
    return func(self, *args, **kwargs)
           ^^^^^^^^^^^^^^^^^^^^^^^^^^^
  File "/home/airflow/.local/lib/python3.12/site-packages/airflow/operators/python.py", line 235, in execute
    return_value = self.execute_callable()
                   ^^^^^^^^^^^^^^^^^^^^^^^
  File "/home/airflow/.local/lib/python3.12/site-packages/airflow/operators/python.py", line 252, in execute_callable
    return self.python_callable(*self.op_args, **self.op_kwargs)
           ^^^^^^^^^^^^^^^^^^^^^^^^^^^^^^^^^^^^^^^^^^^^^^^^^^^^^
  File "/opt/airflow/dags/ingest.py", line 23, in generate
    generate_data(chaos=chaos)
  File "/opt/airflow/dags/chaos_generator.py", line 29, in generate_data
    raise ValueError("File write failed — empty file!")
ValueError: File write failed — empty file!
[2026-04-27T09:36:54.470+0000] {taskinstance.py:1206} INFO - Marking task as FAILED. dag_id=ingest_pipeline, task_id=generate_data, run_id=manual__2026-04-27T09:36:53.563330+00:00, execution_date=20260427T093653, start_date=20260427T093654, end_date=20260427T093654
[2026-04-27T09:36:54.490+0000] {standard_task_runner.py:110} ERROR - Failed to execute job 170 for task generate_data (File write failed — empty file!; 2131)
[2026-04-27T09:36:54.499+0000] {local_task_job_runner.py:240} INFO - Task exited with return code 1
[2026-04-27T09:36:54.527+0000] {taskinstance.py:3498} INFO - 0 downstream tasks scheduled from follow-on schedule check
[2026-04-27T09:36:54.536+0000] {local_task_job_runner.py:222} INFO - ::endgroup::
