[2026-04-27T09:12:09.114+0000] {local_task_job_runner.py:120} INFO - ::group::Pre task execution logs
[2026-04-27T09:12:09.144+0000] {taskinstance.py:2076} INFO - Dependencies all met for dep_context=non-requeueable deps ti=<TaskInstance: ingest_pipeline.transform_data manual__2026-04-27T09:06:21.477379+00:00 [queued]>
[2026-04-27T09:12:09.153+0000] {taskinstance.py:2076} INFO - Dependencies all met for dep_context=requeueable deps ti=<TaskInstance: ingest_pipeline.transform_data manual__2026-04-27T09:06:21.477379+00:00 [queued]>
[2026-04-27T09:12:09.155+0000] {taskinstance.py:2306} INFO - Starting attempt 1 of 1
[2026-04-27T09:12:09.169+0000] {taskinstance.py:2330} INFO - Executing <Task(PythonOperator): transform_data> on 2026-04-27 09:06:21.477379+00:00
[2026-04-27T09:12:09.175+0000] {logging_mixin.py:188} WARNING - /home/***/.local/lib/python3.12/site-packages/***/task/task_runner/standard_task_runner.py:61 DeprecationWarning: This process (pid=1013) is multi-threaded, use of fork() may lead to deadlocks in the child.
[2026-04-27T09:12:09.175+0000] {standard_task_runner.py:90} INFO - Running: ['***', 'tasks', 'run', 'ingest_pipeline', 'transform_data', 'manual__2026-04-27T09:06:21.477379+00:00', '--job-id', '41', '--raw', '--subdir', 'DAGS_FOLDER/ingest.py', '--cfg-path', '/tmp/tmpgdflnh2i']
[2026-04-27T09:12:09.177+0000] {standard_task_runner.py:63} INFO - Started process 1014 to run task
[2026-04-27T09:12:09.177+0000] {standard_task_runner.py:91} INFO - Job 41: Subtask transform_data
[2026-04-27T09:12:09.245+0000] {task_command.py:426} INFO - Running <TaskInstance: ingest_pipeline.transform_data manual__2026-04-27T09:06:21.477379+00:00 [running]> on host c170d7ed2ddb
[2026-04-27T09:12:09.331+0000] {taskinstance.py:2648} INFO - Exporting env vars: AIRFLOW_CTX_DAG_OWNER='***' AIRFLOW_CTX_DAG_ID='ingest_pipeline' AIRFLOW_CTX_TASK_ID='transform_data' AIRFLOW_CTX_EXECUTION_DATE='2026-04-27T09:06:21.477379+00:00' AIRFLOW_CTX_TRY_NUMBER='1' AIRFLOW_CTX_DAG_RUN_ID='manual__2026-04-27T09:06:21.477379+00:00'
[2026-04-27T09:12:09.333+0000] {taskinstance.py:430} INFO - ::endgroup::
[2026-04-27T09:12:15.705+0000] {logging_mixin.py:188} INFO - 09:12:12  Running with dbt=1.7.0
09:12:12  Registered adapter: postgres=1.7.0
09:12:12  Found 2 models, 0 sources, 0 exposures, 0 metrics, 401 macros, 0 groups, 0 semantic models
09:12:12  
09:12:12  Concurrency: 1 threads (target='dev')
09:12:12  
09:12:12  1 of 2 START sql incremental model public.cleaned_users ........................ [RUN]
09:12:13  1 of 2 OK created sql incremental model public.cleaned_users ................... [INSERT 0 24 in 0.33s]
09:12:13  2 of 2 START sql incremental model public.city_summary ......................... [RUN]
09:12:13  2 of 2 OK created sql incremental model public.city_summary .................... [INSERT 0 3 in 0.18s]
09:12:13  
09:12:13  Finished running 2 incremental models in 0 hours 0 minutes and 0.77 seconds (0.77s).
09:12:13  
09:12:13  Completed successfully
09:12:13  
09:12:13  Done. PASS=2 WARN=0 ERROR=0 SKIP=0 TOTAL=2
[2026-04-27T09:12:15.707+0000] {python.py:237} INFO - Done. Returned value was: None
[2026-04-27T09:12:15.708+0000] {taskinstance.py:441} INFO - ::group::Post task execution logs
[2026-04-27T09:12:15.718+0000] {taskinstance.py:1206} INFO - Marking task as SUCCESS. dag_id=ingest_pipeline, task_id=transform_data, run_id=manual__2026-04-27T09:06:21.477379+00:00, execution_date=20260427T090621, start_date=20260427T091209, end_date=20260427T091215
[2026-04-27T09:12:15.734+0000] {local_task_job_runner.py:240} INFO - Task exited with return code 0
[2026-04-27T09:12:15.748+0000] {taskinstance.py:3498} INFO - 0 downstream tasks scheduled from follow-on schedule check
[2026-04-27T09:12:15.752+0000] {local_task_job_runner.py:222} INFO - ::endgroup::
