[2026-04-19T13:06:41.068+0000] {processor.py:161} INFO - Started process (PID=337) to work on /opt/airflow/dags/chaos_generator.py
[2026-04-19T13:06:41.069+0000] {processor.py:830} INFO - Processing file /opt/airflow/dags/chaos_generator.py for tasks to queue
[2026-04-19T13:06:41.071+0000] {logging_mixin.py:188} INFO - [2026-04-19T13:06:41.071+0000] {dagbag.py:545} INFO - Filling up the DagBag from /opt/airflow/dags/chaos_generator.py
[2026-04-19T13:06:41.098+0000] {processor.py:842} WARNING - No viable dags retrieved from /opt/airflow/dags/chaos_generator.py
[2026-04-19T13:06:41.117+0000] {processor.py:183} INFO - Processing /opt/airflow/dags/chaos_generator.py took 0.055 seconds
[2026-04-19T13:07:11.476+0000] {processor.py:161} INFO - Started process (PID=378) to work on /opt/airflow/dags/chaos_generator.py
[2026-04-19T13:07:11.477+0000] {processor.py:830} INFO - Processing file /opt/airflow/dags/chaos_generator.py for tasks to queue
[2026-04-19T13:07:11.479+0000] {logging_mixin.py:188} INFO - [2026-04-19T13:07:11.478+0000] {dagbag.py:545} INFO - Filling up the DagBag from /opt/airflow/dags/chaos_generator.py
[2026-04-19T13:07:11.491+0000] {processor.py:842} WARNING - No viable dags retrieved from /opt/airflow/dags/chaos_generator.py
[2026-04-19T13:07:11.508+0000] {processor.py:183} INFO - Processing /opt/airflow/dags/chaos_generator.py took 0.038 seconds
[2026-04-19T13:07:42.074+0000] {processor.py:161} INFO - Started process (PID=388) to work on /opt/airflow/dags/chaos_generator.py
[2026-04-19T13:07:42.075+0000] {processor.py:830} INFO - Processing file /opt/airflow/dags/chaos_generator.py for tasks to queue
[2026-04-19T13:07:42.077+0000] {logging_mixin.py:188} INFO - [2026-04-19T13:07:42.077+0000] {dagbag.py:545} INFO - Filling up the DagBag from /opt/airflow/dags/chaos_generator.py
[2026-04-19T13:07:42.090+0000] {processor.py:842} WARNING - No viable dags retrieved from /opt/airflow/dags/chaos_generator.py
[2026-04-19T13:07:42.106+0000] {processor.py:183} INFO - Processing /opt/airflow/dags/chaos_generator.py took 0.038 seconds
[2026-04-19T13:08:12.742+0000] {processor.py:161} INFO - Started process (PID=398) to work on /opt/airflow/dags/chaos_generator.py
[2026-04-19T13:08:12.744+0000] {processor.py:830} INFO - Processing file /opt/airflow/dags/chaos_generator.py for tasks to queue
[2026-04-19T13:08:12.748+0000] {logging_mixin.py:188} INFO - [2026-04-19T13:08:12.748+0000] {dagbag.py:545} INFO - Filling up the DagBag from /opt/airflow/dags/chaos_generator.py
[2026-04-19T13:08:12.793+0000] {processor.py:842} WARNING - No viable dags retrieved from /opt/airflow/dags/chaos_generator.py
[2026-04-19T13:08:12.822+0000] {processor.py:183} INFO - Processing /opt/airflow/dags/chaos_generator.py took 0.091 seconds
[2026-04-19T13:08:43.333+0000] {processor.py:161} INFO - Started process (PID=408) to work on /opt/airflow/dags/chaos_generator.py
[2026-04-19T13:08:43.334+0000] {processor.py:830} INFO - Processing file /opt/airflow/dags/chaos_generator.py for tasks to queue
[2026-04-19T13:08:43.336+0000] {logging_mixin.py:188} INFO - [2026-04-19T13:08:43.336+0000] {dagbag.py:545} INFO - Filling up the DagBag from /opt/airflow/dags/chaos_generator.py
[2026-04-19T13:08:43.357+0000] {processor.py:842} WARNING - No viable dags retrieved from /opt/airflow/dags/chaos_generator.py
[2026-04-19T13:08:43.371+0000] {processor.py:183} INFO - Processing /opt/airflow/dags/chaos_generator.py took 0.044 seconds
[2026-04-19T13:09:14.036+0000] {processor.py:161} INFO - Started process (PID=418) to work on /opt/airflow/dags/chaos_generator.py
[2026-04-19T13:09:14.038+0000] {processor.py:830} INFO - Processing file /opt/airflow/dags/chaos_generator.py for tasks to queue
[2026-04-19T13:09:14.041+0000] {logging_mixin.py:188} INFO - [2026-04-19T13:09:14.041+0000] {dagbag.py:545} INFO - Filling up the DagBag from /opt/airflow/dags/chaos_generator.py
[2026-04-19T13:09:14.080+0000] {processor.py:842} WARNING - No viable dags retrieved from /opt/airflow/dags/chaos_generator.py
[2026-04-19T13:09:14.105+0000] {processor.py:183} INFO - Processing /opt/airflow/dags/chaos_generator.py took 0.079 seconds
[2026-04-19T13:09:44.625+0000] {processor.py:161} INFO - Started process (PID=428) to work on /opt/airflow/dags/chaos_generator.py
[2026-04-19T13:09:44.626+0000] {processor.py:830} INFO - Processing file /opt/airflow/dags/chaos_generator.py for tasks to queue
[2026-04-19T13:09:44.628+0000] {logging_mixin.py:188} INFO - [2026-04-19T13:09:44.628+0000] {dagbag.py:545} INFO - Filling up the DagBag from /opt/airflow/dags/chaos_generator.py
[2026-04-19T13:09:44.642+0000] {processor.py:842} WARNING - No viable dags retrieved from /opt/airflow/dags/chaos_generator.py
[2026-04-19T13:09:44.656+0000] {processor.py:183} INFO - Processing /opt/airflow/dags/chaos_generator.py took 0.039 seconds
[2026-04-19T13:10:15.180+0000] {processor.py:161} INFO - Started process (PID=471) to work on /opt/airflow/dags/chaos_generator.py
[2026-04-19T13:10:15.181+0000] {processor.py:830} INFO - Processing file /opt/airflow/dags/chaos_generator.py for tasks to queue
[2026-04-19T13:10:15.183+0000] {logging_mixin.py:188} INFO - [2026-04-19T13:10:15.183+0000] {dagbag.py:545} INFO - Filling up the DagBag from /opt/airflow/dags/chaos_generator.py
[2026-04-19T13:10:15.199+0000] {processor.py:842} WARNING - No viable dags retrieved from /opt/airflow/dags/chaos_generator.py
[2026-04-19T13:10:15.217+0000] {processor.py:183} INFO - Processing /opt/airflow/dags/chaos_generator.py took 0.042 seconds
[2026-04-19T13:10:45.727+0000] {processor.py:161} INFO - Started process (PID=481) to work on /opt/airflow/dags/chaos_generator.py
[2026-04-19T13:10:45.729+0000] {processor.py:830} INFO - Processing file /opt/airflow/dags/chaos_generator.py for tasks to queue
[2026-04-19T13:10:45.732+0000] {logging_mixin.py:188} INFO - [2026-04-19T13:10:45.731+0000] {dagbag.py:545} INFO - Filling up the DagBag from /opt/airflow/dags/chaos_generator.py
[2026-04-19T13:10:45.753+0000] {processor.py:842} WARNING - No viable dags retrieved from /opt/airflow/dags/chaos_generator.py
[2026-04-19T13:10:45.771+0000] {processor.py:183} INFO - Processing /opt/airflow/dags/chaos_generator.py took 0.052 seconds
[2026-04-19T13:11:16.242+0000] {processor.py:161} INFO - Started process (PID=505) to work on /opt/airflow/dags/chaos_generator.py
[2026-04-19T13:11:16.243+0000] {processor.py:830} INFO - Processing file /opt/airflow/dags/chaos_generator.py for tasks to queue
[2026-04-19T13:11:16.245+0000] {logging_mixin.py:188} INFO - [2026-04-19T13:11:16.245+0000] {dagbag.py:545} INFO - Filling up the DagBag from /opt/airflow/dags/chaos_generator.py
[2026-04-19T13:11:16.257+0000] {processor.py:842} WARNING - No viable dags retrieved from /opt/airflow/dags/chaos_generator.py
[2026-04-19T13:11:16.274+0000] {processor.py:183} INFO - Processing /opt/airflow/dags/chaos_generator.py took 0.038 seconds
[2026-04-19T13:11:46.822+0000] {processor.py:161} INFO - Started process (PID=515) to work on /opt/airflow/dags/chaos_generator.py
[2026-04-19T13:11:46.823+0000] {processor.py:830} INFO - Processing file /opt/airflow/dags/chaos_generator.py for tasks to queue
[2026-04-19T13:11:46.828+0000] {logging_mixin.py:188} INFO - [2026-04-19T13:11:46.827+0000] {dagbag.py:545} INFO - Filling up the DagBag from /opt/airflow/dags/chaos_generator.py
[2026-04-19T13:11:46.862+0000] {processor.py:842} WARNING - No viable dags retrieved from /opt/airflow/dags/chaos_generator.py
[2026-04-19T13:11:46.904+0000] {processor.py:183} INFO - Processing /opt/airflow/dags/chaos_generator.py took 0.096 seconds
[2026-04-19T13:12:17.394+0000] {processor.py:161} INFO - Started process (PID=546) to work on /opt/airflow/dags/chaos_generator.py
[2026-04-19T13:12:17.395+0000] {processor.py:830} INFO - Processing file /opt/airflow/dags/chaos_generator.py for tasks to queue
[2026-04-19T13:12:17.397+0000] {logging_mixin.py:188} INFO - [2026-04-19T13:12:17.397+0000] {dagbag.py:545} INFO - Filling up the DagBag from /opt/airflow/dags/chaos_generator.py
[2026-04-19T13:12:17.430+0000] {processor.py:842} WARNING - No viable dags retrieved from /opt/airflow/dags/chaos_generator.py
[2026-04-19T13:12:17.454+0000] {processor.py:183} INFO - Processing /opt/airflow/dags/chaos_generator.py took 0.069 seconds
[2026-04-19T13:12:47.919+0000] {processor.py:161} INFO - Started process (PID=563) to work on /opt/airflow/dags/chaos_generator.py
[2026-04-19T13:12:47.920+0000] {processor.py:830} INFO - Processing file /opt/airflow/dags/chaos_generator.py for tasks to queue
[2026-04-19T13:12:47.923+0000] {logging_mixin.py:188} INFO - [2026-04-19T13:12:47.923+0000] {dagbag.py:545} INFO - Filling up the DagBag from /opt/airflow/dags/chaos_generator.py
[2026-04-19T13:12:47.956+0000] {processor.py:842} WARNING - No viable dags retrieved from /opt/airflow/dags/chaos_generator.py
[2026-04-19T13:12:47.979+0000] {processor.py:183} INFO - Processing /opt/airflow/dags/chaos_generator.py took 0.067 seconds
[2026-04-19T13:13:18.533+0000] {processor.py:161} INFO - Started process (PID=573) to work on /opt/airflow/dags/chaos_generator.py
[2026-04-19T13:13:18.534+0000] {processor.py:830} INFO - Processing file /opt/airflow/dags/chaos_generator.py for tasks to queue
[2026-04-19T13:13:18.536+0000] {logging_mixin.py:188} INFO - [2026-04-19T13:13:18.536+0000] {dagbag.py:545} INFO - Filling up the DagBag from /opt/airflow/dags/chaos_generator.py
[2026-04-19T13:13:18.550+0000] {processor.py:842} WARNING - No viable dags retrieved from /opt/airflow/dags/chaos_generator.py
[2026-04-19T13:13:18.567+0000] {processor.py:183} INFO - Processing /opt/airflow/dags/chaos_generator.py took 0.040 seconds
[2026-04-19T13:13:49.114+0000] {processor.py:161} INFO - Started process (PID=608) to work on /opt/airflow/dags/chaos_generator.py
[2026-04-19T13:13:49.115+0000] {processor.py:830} INFO - Processing file /opt/airflow/dags/chaos_generator.py for tasks to queue
[2026-04-19T13:13:49.117+0000] {logging_mixin.py:188} INFO - [2026-04-19T13:13:49.117+0000] {dagbag.py:545} INFO - Filling up the DagBag from /opt/airflow/dags/chaos_generator.py
[2026-04-19T13:13:49.129+0000] {processor.py:842} WARNING - No viable dags retrieved from /opt/airflow/dags/chaos_generator.py
[2026-04-19T13:13:49.143+0000] {processor.py:183} INFO - Processing /opt/airflow/dags/chaos_generator.py took 0.034 seconds
[2026-04-19T13:14:19.666+0000] {processor.py:161} INFO - Started process (PID=650) to work on /opt/airflow/dags/chaos_generator.py
[2026-04-19T13:14:19.668+0000] {processor.py:830} INFO - Processing file /opt/airflow/dags/chaos_generator.py for tasks to queue
[2026-04-19T13:14:19.673+0000] {logging_mixin.py:188} INFO - [2026-04-19T13:14:19.672+0000] {dagbag.py:545} INFO - Filling up the DagBag from /opt/airflow/dags/chaos_generator.py
[2026-04-19T13:14:19.704+0000] {processor.py:842} WARNING - No viable dags retrieved from /opt/airflow/dags/chaos_generator.py
[2026-04-19T13:14:19.728+0000] {processor.py:183} INFO - Processing /opt/airflow/dags/chaos_generator.py took 0.070 seconds
[2026-04-19T13:14:50.167+0000] {processor.py:161} INFO - Started process (PID=671) to work on /opt/airflow/dags/chaos_generator.py
[2026-04-19T13:14:50.168+0000] {processor.py:830} INFO - Processing file /opt/airflow/dags/chaos_generator.py for tasks to queue
[2026-04-19T13:14:50.170+0000] {logging_mixin.py:188} INFO - [2026-04-19T13:14:50.170+0000] {dagbag.py:545} INFO - Filling up the DagBag from /opt/airflow/dags/chaos_generator.py
[2026-04-19T13:14:50.183+0000] {processor.py:842} WARNING - No viable dags retrieved from /opt/airflow/dags/chaos_generator.py
[2026-04-19T13:14:50.198+0000] {processor.py:183} INFO - Processing /opt/airflow/dags/chaos_generator.py took 0.037 seconds
[2026-04-19T13:15:20.663+0000] {processor.py:161} INFO - Started process (PID=681) to work on /opt/airflow/dags/chaos_generator.py
[2026-04-19T13:15:20.664+0000] {processor.py:830} INFO - Processing file /opt/airflow/dags/chaos_generator.py for tasks to queue
[2026-04-19T13:15:20.667+0000] {logging_mixin.py:188} INFO - [2026-04-19T13:15:20.666+0000] {dagbag.py:545} INFO - Filling up the DagBag from /opt/airflow/dags/chaos_generator.py
[2026-04-19T13:15:20.680+0000] {processor.py:842} WARNING - No viable dags retrieved from /opt/airflow/dags/chaos_generator.py
[2026-04-19T13:15:20.698+0000] {processor.py:183} INFO - Processing /opt/airflow/dags/chaos_generator.py took 0.041 seconds
[2026-04-19T13:15:51.164+0000] {processor.py:161} INFO - Started process (PID=691) to work on /opt/airflow/dags/chaos_generator.py
[2026-04-19T13:15:51.165+0000] {processor.py:830} INFO - Processing file /opt/airflow/dags/chaos_generator.py for tasks to queue
[2026-04-19T13:15:51.168+0000] {logging_mixin.py:188} INFO - [2026-04-19T13:15:51.167+0000] {dagbag.py:545} INFO - Filling up the DagBag from /opt/airflow/dags/chaos_generator.py
[2026-04-19T13:15:51.183+0000] {processor.py:842} WARNING - No viable dags retrieved from /opt/airflow/dags/chaos_generator.py
[2026-04-19T13:15:51.201+0000] {processor.py:183} INFO - Processing /opt/airflow/dags/chaos_generator.py took 0.043 seconds
[2026-04-19T13:16:21.817+0000] {processor.py:161} INFO - Started process (PID=701) to work on /opt/airflow/dags/chaos_generator.py
[2026-04-19T13:16:21.818+0000] {processor.py:830} INFO - Processing file /opt/airflow/dags/chaos_generator.py for tasks to queue
[2026-04-19T13:16:21.820+0000] {logging_mixin.py:188} INFO - [2026-04-19T13:16:21.820+0000] {dagbag.py:545} INFO - Filling up the DagBag from /opt/airflow/dags/chaos_generator.py
[2026-04-19T13:16:21.856+0000] {processor.py:842} WARNING - No viable dags retrieved from /opt/airflow/dags/chaos_generator.py
[2026-04-19T13:16:21.875+0000] {processor.py:183} INFO - Processing /opt/airflow/dags/chaos_generator.py took 0.065 seconds
[2026-04-19T13:16:52.764+0000] {processor.py:161} INFO - Started process (PID=711) to work on /opt/airflow/dags/chaos_generator.py
[2026-04-19T13:16:52.765+0000] {processor.py:830} INFO - Processing file /opt/airflow/dags/chaos_generator.py for tasks to queue
[2026-04-19T13:16:52.768+0000] {logging_mixin.py:188} INFO - [2026-04-19T13:16:52.767+0000] {dagbag.py:545} INFO - Filling up the DagBag from /opt/airflow/dags/chaos_generator.py
[2026-04-19T13:16:52.803+0000] {processor.py:842} WARNING - No viable dags retrieved from /opt/airflow/dags/chaos_generator.py
[2026-04-19T13:16:52.822+0000] {processor.py:183} INFO - Processing /opt/airflow/dags/chaos_generator.py took 0.065 seconds
