[2026-04-19T13:06:41.051+0000] {processor.py:161} INFO - Started process (PID=334) to work on /opt/airflow/dags/ingest.py
[2026-04-19T13:06:41.058+0000] {processor.py:830} INFO - Processing file /opt/airflow/dags/ingest.py for tasks to queue
[2026-04-19T13:06:41.060+0000] {logging_mixin.py:188} INFO - [2026-04-19T13:06:41.060+0000] {dagbag.py:545} INFO - Filling up the DagBag from /opt/airflow/dags/ingest.py
[2026-04-19T13:06:41.122+0000] {processor.py:840} INFO - DAG(s) 'ingest_pipeline' retrieved from /opt/airflow/dags/ingest.py
[2026-04-19T13:06:41.264+0000] {logging_mixin.py:188} INFO - [2026-04-19T13:06:41.263+0000] {override.py:1829} INFO - Created Permission View: can read on DAG:ingest_pipeline
[2026-04-19T13:06:41.276+0000] {logging_mixin.py:188} INFO - [2026-04-19T13:06:41.275+0000] {override.py:1829} INFO - Created Permission View: can edit on DAG:ingest_pipeline
[2026-04-19T13:06:41.283+0000] {logging_mixin.py:188} INFO - [2026-04-19T13:06:41.283+0000] {override.py:1829} INFO - Created Permission View: can delete on DAG:ingest_pipeline
[2026-04-19T13:06:41.284+0000] {logging_mixin.py:188} INFO - [2026-04-19T13:06:41.284+0000] {dag.py:3096} INFO - Sync 1 DAGs
[2026-04-19T13:06:41.293+0000] {logging_mixin.py:188} INFO - [2026-04-19T13:06:41.293+0000] {dag.py:3118} INFO - Creating ORM DAG for ingest_pipeline
[2026-04-19T13:06:41.302+0000] {logging_mixin.py:188} INFO - [2026-04-19T13:06:41.302+0000] {dag.py:3954} INFO - Setting next_dagrun for ingest_pipeline to 2026-04-18 00:00:00+00:00, run_after=2026-04-19 00:00:00+00:00
[2026-04-19T13:06:41.329+0000] {processor.py:183} INFO - Processing /opt/airflow/dags/ingest.py took 0.285 seconds
[2026-04-19T13:07:11.468+0000] {processor.py:161} INFO - Started process (PID=375) to work on /opt/airflow/dags/ingest.py
[2026-04-19T13:07:11.469+0000] {processor.py:830} INFO - Processing file /opt/airflow/dags/ingest.py for tasks to queue
[2026-04-19T13:07:11.471+0000] {logging_mixin.py:188} INFO - [2026-04-19T13:07:11.471+0000] {dagbag.py:545} INFO - Filling up the DagBag from /opt/airflow/dags/ingest.py
[2026-04-19T13:07:11.493+0000] {processor.py:840} INFO - DAG(s) 'ingest_pipeline' retrieved from /opt/airflow/dags/ingest.py
[2026-04-19T13:07:11.525+0000] {logging_mixin.py:188} INFO - [2026-04-19T13:07:11.525+0000] {dag.py:3096} INFO - Sync 1 DAGs
[2026-04-19T13:07:11.549+0000] {logging_mixin.py:188} INFO - [2026-04-19T13:07:11.549+0000] {dag.py:3954} INFO - Setting next_dagrun for ingest_pipeline to 2026-04-18 00:00:00+00:00, run_after=2026-04-19 00:00:00+00:00
[2026-04-19T13:07:11.593+0000] {processor.py:183} INFO - Processing /opt/airflow/dags/ingest.py took 0.131 seconds
[2026-04-19T13:07:42.065+0000] {processor.py:161} INFO - Started process (PID=385) to work on /opt/airflow/dags/ingest.py
[2026-04-19T13:07:42.066+0000] {processor.py:830} INFO - Processing file /opt/airflow/dags/ingest.py for tasks to queue
[2026-04-19T13:07:42.068+0000] {logging_mixin.py:188} INFO - [2026-04-19T13:07:42.068+0000] {dagbag.py:545} INFO - Filling up the DagBag from /opt/airflow/dags/ingest.py
[2026-04-19T13:07:42.092+0000] {processor.py:840} INFO - DAG(s) 'ingest_pipeline' retrieved from /opt/airflow/dags/ingest.py
[2026-04-19T13:07:42.122+0000] {logging_mixin.py:188} INFO - [2026-04-19T13:07:42.122+0000] {dag.py:3096} INFO - Sync 1 DAGs
[2026-04-19T13:07:42.142+0000] {logging_mixin.py:188} INFO - [2026-04-19T13:07:42.142+0000] {dag.py:3954} INFO - Setting next_dagrun for ingest_pipeline to 2026-04-18 00:00:00+00:00, run_after=2026-04-19 00:00:00+00:00
[2026-04-19T13:07:42.181+0000] {processor.py:183} INFO - Processing /opt/airflow/dags/ingest.py took 0.124 seconds
[2026-04-19T13:08:12.725+0000] {processor.py:161} INFO - Started process (PID=395) to work on /opt/airflow/dags/ingest.py
[2026-04-19T13:08:12.729+0000] {processor.py:830} INFO - Processing file /opt/airflow/dags/ingest.py for tasks to queue
[2026-04-19T13:08:12.733+0000] {logging_mixin.py:188} INFO - [2026-04-19T13:08:12.733+0000] {dagbag.py:545} INFO - Filling up the DagBag from /opt/airflow/dags/ingest.py
[2026-04-19T13:08:12.807+0000] {processor.py:840} INFO - DAG(s) 'ingest_pipeline' retrieved from /opt/airflow/dags/ingest.py
[2026-04-19T13:08:12.843+0000] {logging_mixin.py:188} INFO - [2026-04-19T13:08:12.843+0000] {dag.py:3096} INFO - Sync 1 DAGs
[2026-04-19T13:08:12.864+0000] {logging_mixin.py:188} INFO - [2026-04-19T13:08:12.863+0000] {dag.py:3954} INFO - Setting next_dagrun for ingest_pipeline to 2026-04-18 00:00:00+00:00, run_after=2026-04-19 00:00:00+00:00
[2026-04-19T13:08:12.907+0000] {processor.py:183} INFO - Processing /opt/airflow/dags/ingest.py took 0.196 seconds
[2026-04-19T13:08:43.318+0000] {processor.py:161} INFO - Started process (PID=405) to work on /opt/airflow/dags/ingest.py
[2026-04-19T13:08:43.320+0000] {processor.py:830} INFO - Processing file /opt/airflow/dags/ingest.py for tasks to queue
[2026-04-19T13:08:43.322+0000] {logging_mixin.py:188} INFO - [2026-04-19T13:08:43.322+0000] {dagbag.py:545} INFO - Filling up the DagBag from /opt/airflow/dags/ingest.py
[2026-04-19T13:08:43.346+0000] {processor.py:840} INFO - DAG(s) 'ingest_pipeline' retrieved from /opt/airflow/dags/ingest.py
[2026-04-19T13:08:43.376+0000] {logging_mixin.py:188} INFO - [2026-04-19T13:08:43.375+0000] {dag.py:3096} INFO - Sync 1 DAGs
[2026-04-19T13:08:43.396+0000] {logging_mixin.py:188} INFO - [2026-04-19T13:08:43.395+0000] {dag.py:3954} INFO - Setting next_dagrun for ingest_pipeline to 2026-04-18 00:00:00+00:00, run_after=2026-04-19 00:00:00+00:00
[2026-04-19T13:08:43.415+0000] {processor.py:183} INFO - Processing /opt/airflow/dags/ingest.py took 0.103 seconds
[2026-04-19T13:09:14.017+0000] {processor.py:161} INFO - Started process (PID=415) to work on /opt/airflow/dags/ingest.py
[2026-04-19T13:09:14.019+0000] {processor.py:830} INFO - Processing file /opt/airflow/dags/ingest.py for tasks to queue
[2026-04-19T13:09:14.022+0000] {logging_mixin.py:188} INFO - [2026-04-19T13:09:14.022+0000] {dagbag.py:545} INFO - Filling up the DagBag from /opt/airflow/dags/ingest.py
[2026-04-19T13:09:14.084+0000] {processor.py:840} INFO - DAG(s) 'ingest_pipeline' retrieved from /opt/airflow/dags/ingest.py
[2026-04-19T13:09:14.119+0000] {logging_mixin.py:188} INFO - [2026-04-19T13:09:14.118+0000] {dag.py:3096} INFO - Sync 1 DAGs
[2026-04-19T13:09:14.139+0000] {logging_mixin.py:188} INFO - [2026-04-19T13:09:14.139+0000] {dag.py:3954} INFO - Setting next_dagrun for ingest_pipeline to 2026-04-18 00:00:00+00:00, run_after=2026-04-19 00:00:00+00:00
[2026-04-19T13:09:14.188+0000] {processor.py:183} INFO - Processing /opt/airflow/dags/ingest.py took 0.183 seconds
[2026-04-19T13:09:44.623+0000] {processor.py:161} INFO - Started process (PID=425) to work on /opt/airflow/dags/ingest.py
[2026-04-19T13:09:44.624+0000] {processor.py:830} INFO - Processing file /opt/airflow/dags/ingest.py for tasks to queue
[2026-04-19T13:09:44.627+0000] {logging_mixin.py:188} INFO - [2026-04-19T13:09:44.626+0000] {dagbag.py:545} INFO - Filling up the DagBag from /opt/airflow/dags/ingest.py
[2026-04-19T13:09:44.651+0000] {processor.py:840} INFO - DAG(s) 'ingest_pipeline' retrieved from /opt/airflow/dags/ingest.py
[2026-04-19T13:09:44.678+0000] {logging_mixin.py:188} INFO - [2026-04-19T13:09:44.678+0000] {dag.py:3096} INFO - Sync 1 DAGs
[2026-04-19T13:09:44.699+0000] {logging_mixin.py:188} INFO - [2026-04-19T13:09:44.699+0000] {dag.py:3954} INFO - Setting next_dagrun for ingest_pipeline to 2026-04-18 00:00:00+00:00, run_after=2026-04-19 00:00:00+00:00
[2026-04-19T13:09:44.720+0000] {processor.py:183} INFO - Processing /opt/airflow/dags/ingest.py took 0.103 seconds
[2026-04-19T13:10:15.173+0000] {processor.py:161} INFO - Started process (PID=468) to work on /opt/airflow/dags/ingest.py
[2026-04-19T13:10:15.174+0000] {processor.py:830} INFO - Processing file /opt/airflow/dags/ingest.py for tasks to queue
[2026-04-19T13:10:15.176+0000] {logging_mixin.py:188} INFO - [2026-04-19T13:10:15.176+0000] {dagbag.py:545} INFO - Filling up the DagBag from /opt/airflow/dags/ingest.py
[2026-04-19T13:10:15.204+0000] {processor.py:840} INFO - DAG(s) 'ingest_pipeline' retrieved from /opt/airflow/dags/ingest.py
[2026-04-19T13:10:15.235+0000] {logging_mixin.py:188} INFO - [2026-04-19T13:10:15.235+0000] {dag.py:3096} INFO - Sync 1 DAGs
[2026-04-19T13:10:15.258+0000] {logging_mixin.py:188} INFO - [2026-04-19T13:10:15.258+0000] {dag.py:3954} INFO - Setting next_dagrun for ingest_pipeline to 2026-04-18 00:00:00+00:00, run_after=2026-04-19 00:00:00+00:00
[2026-04-19T13:10:15.279+0000] {processor.py:183} INFO - Processing /opt/airflow/dags/ingest.py took 0.113 seconds
[2026-04-19T13:10:45.720+0000] {processor.py:161} INFO - Started process (PID=478) to work on /opt/airflow/dags/ingest.py
[2026-04-19T13:10:45.722+0000] {processor.py:830} INFO - Processing file /opt/airflow/dags/ingest.py for tasks to queue
[2026-04-19T13:10:45.725+0000] {logging_mixin.py:188} INFO - [2026-04-19T13:10:45.725+0000] {dagbag.py:545} INFO - Filling up the DagBag from /opt/airflow/dags/ingest.py
[2026-04-19T13:10:45.759+0000] {processor.py:840} INFO - DAG(s) 'ingest_pipeline' retrieved from /opt/airflow/dags/ingest.py
[2026-04-19T13:10:45.790+0000] {logging_mixin.py:188} INFO - [2026-04-19T13:10:45.790+0000] {dag.py:3096} INFO - Sync 1 DAGs
[2026-04-19T13:10:45.812+0000] {logging_mixin.py:188} INFO - [2026-04-19T13:10:45.812+0000] {dag.py:3954} INFO - Setting next_dagrun for ingest_pipeline to 2026-04-18 00:00:00+00:00, run_after=2026-04-19 00:00:00+00:00
[2026-04-19T13:10:45.834+0000] {processor.py:183} INFO - Processing /opt/airflow/dags/ingest.py took 0.123 seconds
[2026-04-19T13:11:16.233+0000] {processor.py:161} INFO - Started process (PID=502) to work on /opt/airflow/dags/ingest.py
[2026-04-19T13:11:16.235+0000] {processor.py:830} INFO - Processing file /opt/airflow/dags/ingest.py for tasks to queue
[2026-04-19T13:11:16.237+0000] {logging_mixin.py:188} INFO - [2026-04-19T13:11:16.237+0000] {dagbag.py:545} INFO - Filling up the DagBag from /opt/airflow/dags/ingest.py
[2026-04-19T13:11:16.262+0000] {processor.py:840} INFO - DAG(s) 'ingest_pipeline' retrieved from /opt/airflow/dags/ingest.py
[2026-04-19T13:11:16.290+0000] {logging_mixin.py:188} INFO - [2026-04-19T13:11:16.290+0000] {dag.py:3096} INFO - Sync 1 DAGs
[2026-04-19T13:11:16.312+0000] {logging_mixin.py:188} INFO - [2026-04-19T13:11:16.312+0000] {dag.py:3954} INFO - Setting next_dagrun for ingest_pipeline to 2026-04-18 00:00:00+00:00, run_after=2026-04-19 00:00:00+00:00
[2026-04-19T13:11:16.336+0000] {processor.py:183} INFO - Processing /opt/airflow/dags/ingest.py took 0.111 seconds
[2026-04-19T13:11:46.806+0000] {processor.py:161} INFO - Started process (PID=512) to work on /opt/airflow/dags/ingest.py
[2026-04-19T13:11:46.808+0000] {processor.py:830} INFO - Processing file /opt/airflow/dags/ingest.py for tasks to queue
[2026-04-19T13:11:46.817+0000] {logging_mixin.py:188} INFO - [2026-04-19T13:11:46.814+0000] {dagbag.py:545} INFO - Filling up the DagBag from /opt/airflow/dags/ingest.py
[2026-04-19T13:11:46.875+0000] {processor.py:840} INFO - DAG(s) 'ingest_pipeline' retrieved from /opt/airflow/dags/ingest.py
[2026-04-19T13:11:46.945+0000] {logging_mixin.py:188} INFO - [2026-04-19T13:11:46.944+0000] {dag.py:3096} INFO - Sync 1 DAGs
[2026-04-19T13:11:46.993+0000] {logging_mixin.py:188} INFO - [2026-04-19T13:11:46.993+0000] {dag.py:3954} INFO - Setting next_dagrun for ingest_pipeline to 2026-04-19 00:00:00+00:00, run_after=2026-04-20 00:00:00+00:00
[2026-04-19T13:11:47.028+0000] {processor.py:183} INFO - Processing /opt/airflow/dags/ingest.py took 0.241 seconds
[2026-04-19T13:12:17.379+0000] {processor.py:161} INFO - Started process (PID=543) to work on /opt/airflow/dags/ingest.py
[2026-04-19T13:12:17.383+0000] {processor.py:830} INFO - Processing file /opt/airflow/dags/ingest.py for tasks to queue
[2026-04-19T13:12:17.386+0000] {logging_mixin.py:188} INFO - [2026-04-19T13:12:17.386+0000] {dagbag.py:545} INFO - Filling up the DagBag from /opt/airflow/dags/ingest.py
[2026-04-19T13:12:17.436+0000] {processor.py:840} INFO - DAG(s) 'ingest_pipeline' retrieved from /opt/airflow/dags/ingest.py
[2026-04-19T13:12:17.483+0000] {logging_mixin.py:188} INFO - [2026-04-19T13:12:17.483+0000] {dag.py:3096} INFO - Sync 1 DAGs
[2026-04-19T13:12:17.518+0000] {logging_mixin.py:188} INFO - [2026-04-19T13:12:17.518+0000] {dag.py:3954} INFO - Setting next_dagrun for ingest_pipeline to 2026-04-19 00:00:00+00:00, run_after=2026-04-20 00:00:00+00:00
[2026-04-19T13:12:17.554+0000] {processor.py:183} INFO - Processing /opt/airflow/dags/ingest.py took 0.182 seconds
[2026-04-19T13:12:47.915+0000] {processor.py:161} INFO - Started process (PID=560) to work on /opt/airflow/dags/ingest.py
[2026-04-19T13:12:47.916+0000] {processor.py:830} INFO - Processing file /opt/airflow/dags/ingest.py for tasks to queue
[2026-04-19T13:12:47.919+0000] {logging_mixin.py:188} INFO - [2026-04-19T13:12:47.919+0000] {dagbag.py:545} INFO - Filling up the DagBag from /opt/airflow/dags/ingest.py
[2026-04-19T13:12:47.969+0000] {processor.py:840} INFO - DAG(s) 'ingest_pipeline' retrieved from /opt/airflow/dags/ingest.py
[2026-04-19T13:12:48.001+0000] {logging_mixin.py:188} INFO - [2026-04-19T13:12:48.001+0000] {dag.py:3096} INFO - Sync 1 DAGs
[2026-04-19T13:12:48.024+0000] {logging_mixin.py:188} INFO - [2026-04-19T13:12:48.024+0000] {dag.py:3954} INFO - Setting next_dagrun for ingest_pipeline to 2026-04-19 00:00:00+00:00, run_after=2026-04-20 00:00:00+00:00
[2026-04-19T13:12:48.047+0000] {processor.py:183} INFO - Processing /opt/airflow/dags/ingest.py took 0.140 seconds
[2026-04-19T13:13:18.523+0000] {processor.py:161} INFO - Started process (PID=570) to work on /opt/airflow/dags/ingest.py
[2026-04-19T13:13:18.524+0000] {processor.py:830} INFO - Processing file /opt/airflow/dags/ingest.py for tasks to queue
[2026-04-19T13:13:18.527+0000] {logging_mixin.py:188} INFO - [2026-04-19T13:13:18.526+0000] {dagbag.py:545} INFO - Filling up the DagBag from /opt/airflow/dags/ingest.py
[2026-04-19T13:13:18.556+0000] {processor.py:840} INFO - DAG(s) 'ingest_pipeline' retrieved from /opt/airflow/dags/ingest.py
[2026-04-19T13:13:18.587+0000] {logging_mixin.py:188} INFO - [2026-04-19T13:13:18.586+0000] {dag.py:3096} INFO - Sync 1 DAGs
[2026-04-19T13:13:18.609+0000] {logging_mixin.py:188} INFO - [2026-04-19T13:13:18.609+0000] {dag.py:3954} INFO - Setting next_dagrun for ingest_pipeline to 2026-04-19 00:00:00+00:00, run_after=2026-04-20 00:00:00+00:00
[2026-04-19T13:13:18.651+0000] {processor.py:183} INFO - Processing /opt/airflow/dags/ingest.py took 0.135 seconds
[2026-04-19T13:13:49.111+0000] {processor.py:161} INFO - Started process (PID=605) to work on /opt/airflow/dags/ingest.py
[2026-04-19T13:13:49.112+0000] {processor.py:830} INFO - Processing file /opt/airflow/dags/ingest.py for tasks to queue
[2026-04-19T13:13:49.114+0000] {logging_mixin.py:188} INFO - [2026-04-19T13:13:49.113+0000] {dagbag.py:545} INFO - Filling up the DagBag from /opt/airflow/dags/ingest.py
[2026-04-19T13:13:49.135+0000] {processor.py:840} INFO - DAG(s) 'ingest_pipeline' retrieved from /opt/airflow/dags/ingest.py
[2026-04-19T13:13:49.160+0000] {logging_mixin.py:188} INFO - [2026-04-19T13:13:49.160+0000] {dag.py:3096} INFO - Sync 1 DAGs
[2026-04-19T13:13:49.180+0000] {logging_mixin.py:188} INFO - [2026-04-19T13:13:49.180+0000] {dag.py:3954} INFO - Setting next_dagrun for ingest_pipeline to 2026-04-19 00:00:00+00:00, run_after=2026-04-20 00:00:00+00:00
[2026-04-19T13:13:49.201+0000] {processor.py:183} INFO - Processing /opt/airflow/dags/ingest.py took 0.096 seconds
[2026-04-19T13:14:19.652+0000] {processor.py:161} INFO - Started process (PID=647) to work on /opt/airflow/dags/ingest.py
[2026-04-19T13:14:19.654+0000] {processor.py:830} INFO - Processing file /opt/airflow/dags/ingest.py for tasks to queue
[2026-04-19T13:14:19.657+0000] {logging_mixin.py:188} INFO - [2026-04-19T13:14:19.656+0000] {dagbag.py:545} INFO - Filling up the DagBag from /opt/airflow/dags/ingest.py
[2026-04-19T13:14:19.705+0000] {processor.py:840} INFO - DAG(s) 'ingest_pipeline' retrieved from /opt/airflow/dags/ingest.py
[2026-04-19T13:14:19.745+0000] {logging_mixin.py:188} INFO - [2026-04-19T13:14:19.745+0000] {dag.py:3096} INFO - Sync 1 DAGs
[2026-04-19T13:14:19.776+0000] {logging_mixin.py:188} INFO - [2026-04-19T13:14:19.776+0000] {dag.py:3954} INFO - Setting next_dagrun for ingest_pipeline to 2026-04-19 00:00:00+00:00, run_after=2026-04-20 00:00:00+00:00
[2026-04-19T13:14:19.808+0000] {processor.py:183} INFO - Processing /opt/airflow/dags/ingest.py took 0.169 seconds
[2026-04-19T13:14:50.160+0000] {processor.py:161} INFO - Started process (PID=668) to work on /opt/airflow/dags/ingest.py
[2026-04-19T13:14:50.161+0000] {processor.py:830} INFO - Processing file /opt/airflow/dags/ingest.py for tasks to queue
[2026-04-19T13:14:50.163+0000] {logging_mixin.py:188} INFO - [2026-04-19T13:14:50.163+0000] {dagbag.py:545} INFO - Filling up the DagBag from /opt/airflow/dags/ingest.py
[2026-04-19T13:14:50.186+0000] {processor.py:840} INFO - DAG(s) 'ingest_pipeline' retrieved from /opt/airflow/dags/ingest.py
[2026-04-19T13:14:50.213+0000] {logging_mixin.py:188} INFO - [2026-04-19T13:14:50.213+0000] {dag.py:3096} INFO - Sync 1 DAGs
[2026-04-19T13:14:50.234+0000] {logging_mixin.py:188} INFO - [2026-04-19T13:14:50.234+0000] {dag.py:3954} INFO - Setting next_dagrun for ingest_pipeline to 2026-04-19 00:00:00+00:00, run_after=2026-04-20 00:00:00+00:00
[2026-04-19T13:14:50.255+0000] {processor.py:183} INFO - Processing /opt/airflow/dags/ingest.py took 0.101 seconds
[2026-04-19T13:15:20.656+0000] {processor.py:161} INFO - Started process (PID=678) to work on /opt/airflow/dags/ingest.py
[2026-04-19T13:15:20.657+0000] {processor.py:830} INFO - Processing file /opt/airflow/dags/ingest.py for tasks to queue
[2026-04-19T13:15:20.659+0000] {logging_mixin.py:188} INFO - [2026-04-19T13:15:20.659+0000] {dagbag.py:545} INFO - Filling up the DagBag from /opt/airflow/dags/ingest.py
[2026-04-19T13:15:20.684+0000] {processor.py:840} INFO - DAG(s) 'ingest_pipeline' retrieved from /opt/airflow/dags/ingest.py
[2026-04-19T13:15:20.712+0000] {logging_mixin.py:188} INFO - [2026-04-19T13:15:20.712+0000] {dag.py:3096} INFO - Sync 1 DAGs
[2026-04-19T13:15:20.733+0000] {logging_mixin.py:188} INFO - [2026-04-19T13:15:20.733+0000] {dag.py:3954} INFO - Setting next_dagrun for ingest_pipeline to 2026-04-19 00:00:00+00:00, run_after=2026-04-20 00:00:00+00:00
[2026-04-19T13:15:20.757+0000] {processor.py:183} INFO - Processing /opt/airflow/dags/ingest.py took 0.108 seconds
[2026-04-19T13:15:51.152+0000] {processor.py:161} INFO - Started process (PID=688) to work on /opt/airflow/dags/ingest.py
[2026-04-19T13:15:51.154+0000] {processor.py:830} INFO - Processing file /opt/airflow/dags/ingest.py for tasks to queue
[2026-04-19T13:15:51.157+0000] {logging_mixin.py:188} INFO - [2026-04-19T13:15:51.156+0000] {dagbag.py:545} INFO - Filling up the DagBag from /opt/airflow/dags/ingest.py
[2026-04-19T13:15:51.188+0000] {processor.py:840} INFO - DAG(s) 'ingest_pipeline' retrieved from /opt/airflow/dags/ingest.py
[2026-04-19T13:15:51.217+0000] {logging_mixin.py:188} INFO - [2026-04-19T13:15:51.217+0000] {dag.py:3096} INFO - Sync 1 DAGs
[2026-04-19T13:15:51.240+0000] {logging_mixin.py:188} INFO - [2026-04-19T13:15:51.240+0000] {dag.py:3954} INFO - Setting next_dagrun for ingest_pipeline to 2026-04-19 00:00:00+00:00, run_after=2026-04-20 00:00:00+00:00
[2026-04-19T13:15:51.262+0000] {processor.py:183} INFO - Processing /opt/airflow/dags/ingest.py took 0.117 seconds
