[2026-05-02T17:27:46.316+0000] {local_task_job_runner.py:120} INFO - ::group::Pre task execution logs
[2026-05-02T17:27:46.427+0000] {taskinstance.py:2076} INFO - Dependencies all met for dep_context=non-requeueable deps ti=<TaskInstance: ingest_pipeline.ingest_data manual__2026-05-02T17:27:45.082012+00:00 [queued]>
[2026-05-02T17:27:46.451+0000] {taskinstance.py:2076} INFO - Dependencies all met for dep_context=requeueable deps ti=<TaskInstance: ingest_pipeline.ingest_data manual__2026-05-02T17:27:45.082012+00:00 [queued]>
[2026-05-02T17:27:46.459+0000] {taskinstance.py:2306} INFO - Starting attempt 1 of 1
[2026-05-02T17:27:46.492+0000] {taskinstance.py:2330} INFO - Executing <Task(PythonOperator): ingest_data> on 2026-05-02 17:27:45.082012+00:00
[2026-05-02T17:27:46.520+0000] {logging_mixin.py:188} WARNING - /home/***/.local/lib/python3.12/site-packages/***/task/task_runner/standard_task_runner.py:61 DeprecationWarning: This process (pid=619) is multi-threaded, use of fork() may lead to deadlocks in the child.
[2026-05-02T17:27:46.511+0000] {standard_task_runner.py:90} INFO - Running: ['***', 'tasks', 'run', 'ingest_pipeline', 'ingest_data', 'manual__2026-05-02T17:27:45.082012+00:00', '--job-id', '3', '--raw', '--subdir', 'DAGS_FOLDER/ingest.py', '--cfg-path', '/tmp/tmpao_mrqvb']
[2026-05-02T17:27:46.522+0000] {standard_task_runner.py:63} INFO - Started process 633 to run task
[2026-05-02T17:27:46.523+0000] {standard_task_runner.py:91} INFO - Job 3: Subtask ingest_data
[2026-05-02T17:27:46.668+0000] {task_command.py:426} INFO - Running <TaskInstance: ingest_pipeline.ingest_data manual__2026-05-02T17:27:45.082012+00:00 [running]> on host 5e0a28a878ef
[2026-05-02T17:27:46.845+0000] {taskinstance.py:2648} INFO - Exporting env vars: AIRFLOW_CTX_DAG_OWNER='***' AIRFLOW_CTX_DAG_ID='ingest_pipeline' AIRFLOW_CTX_TASK_ID='ingest_data' AIRFLOW_CTX_EXECUTION_DATE='2026-05-02T17:27:45.082012+00:00' AIRFLOW_CTX_TRY_NUMBER='1' AIRFLOW_CTX_DAG_RUN_ID='manual__2026-05-02T17:27:45.082012+00:00'
[2026-05-02T17:27:46.848+0000] {taskinstance.py:430} INFO - ::endgroup::
[2026-05-02T17:27:46.938+0000] {taskinstance.py:441} INFO - ::group::Post task execution logs
[2026-05-02T17:27:46.943+0000] {taskinstance.py:2905} ERROR - Task failed with exception
Traceback (most recent call last):
  File "/home/airflow/.local/lib/python3.12/site-packages/airflow/models/taskinstance.py", line 465, in _execute_task
    result = _execute_callable(context=context, **execute_callable_kwargs)
             ^^^^^^^^^^^^^^^^^^^^^^^^^^^^^^^^^^^^^^^^^^^^^^^^^^^^^^^^^^^^^
  File "/home/airflow/.local/lib/python3.12/site-packages/airflow/models/taskinstance.py", line 432, in _execute_callable
    return execute_callable(context=context, **execute_callable_kwargs)
           ^^^^^^^^^^^^^^^^^^^^^^^^^^^^^^^^^^^^^^^^^^^^^^^^^^^^^^^^^^^^
  File "/home/airflow/.local/lib/python3.12/site-packages/airflow/models/baseoperator.py", line 400, in wrapper
    return func(self, *args, **kwargs)
           ^^^^^^^^^^^^^^^^^^^^^^^^^^^
  File "/home/airflow/.local/lib/python3.12/site-packages/airflow/operators/python.py", line 235, in execute
    return_value = self.execute_callable()
                   ^^^^^^^^^^^^^^^^^^^^^^^
  File "/home/airflow/.local/lib/python3.12/site-packages/airflow/operators/python.py", line 252, in execute_callable
    return self.python_callable(*self.op_args, **self.op_kwargs)
           ^^^^^^^^^^^^^^^^^^^^^^^^^^^^^^^^^^^^^^^^^^^^^^^^^^^^^
  File "/opt/airflow/dags/ingest.py", line 118, in ingest
    raise e
  File "/opt/airflow/dags/ingest.py", line 79, in ingest
    cur.execute("""
psycopg2.errors.UniqueViolation: duplicate key value violates unique constraint "pg_class_relname_nsp_index"
DETAIL:  Key (relname, relnamespace)=(raw_users_id_seq, 2200) already exists.

[2026-05-02T17:27:46.979+0000] {taskinstance.py:1206} INFO - Marking task as FAILED. dag_id=ingest_pipeline, task_id=ingest_data, run_id=manual__2026-05-02T17:27:45.082012+00:00, execution_date=20260502T172745, start_date=20260502T172746, end_date=20260502T172746
[2026-05-02T17:27:47.002+0000] {standard_task_runner.py:110} ERROR - Failed to execute job 3 for task ingest_data (duplicate key value violates unique constraint "pg_class_relname_nsp_index"
DETAIL:  Key (relname, relnamespace)=(raw_users_id_seq, 2200) already exists.
; 633)
[2026-05-02T17:27:47.014+0000] {local_task_job_runner.py:240} INFO - Task exited with return code 1
[2026-05-02T17:27:47.048+0000] {taskinstance.py:3498} INFO - 0 downstream tasks scheduled from follow-on schedule check
[2026-05-02T17:27:47.053+0000] {local_task_job_runner.py:222} INFO - ::endgroup::
